on cpu
loading data ... from src/model/gnn/dataset/cmt-conference/cmt_conference_Ontology_Node_Embeddings.txt
src/model/gnn/dataset/cmt-conference/cmt_conference_Ontology_Edge_List.txt
src/model/gnn/dataset/cmt-conference/prog_seed_pairs.txt
src/model/gnn/dataset/cmt-conference/pos_neg_pairs.txt
done
Epoch 0099 | Eval Loss 0.6172 | Precision 1.0000 | Recall 1.0000 | F1 1.0000 | AUC 1.0000 | time 0.0016
ITER=0, #Train=5, #HeldOut=2998, #Test=3003
Test Set Loss 1.1832 | Precision 0.0052 | Recall 1.0000 | F1 0.0104 | AUC 0.7320 | trainTime 0.4190 | exSelTime 0.0000 | testTime 0.0020 | numPos -1.0000 | numNeg -1.0000
Epoch 0099 | Eval Loss 0.6667 | Precision 1.0000 | Recall 1.0000 | F1 1.0000 | AUC 1.0000 | time 0.0015
ITER=1, #Train=43, #HeldOut=2960, #Test=3003
Test Set Loss 1.0895 | Precision 0.0064 | Recall 0.9333 | F1 0.0126 | AUC 0.6915 | trainTime 0.4190 | exSelTime 0.2860 | testTime 0.0022 | numPos 3.0000 | numNeg 40.0000
Epoch 0099 | Eval Loss 0.6746 | Precision 1.0000 | Recall 1.0000 | F1 1.0000 | AUC 1.0000 | time 0.0015
ITER=2, #Train=81, #HeldOut=2922, #Test=3003
Test Set Loss 0.9636 | Precision 0.0088 | Recall 0.8667 | F1 0.0174 | AUC 0.7595 | trainTime 0.4190 | exSelTime 0.2856 | testTime 0.0025 | numPos 4.0000 | numNeg 77.0000
Epoch 0099 | Eval Loss 0.6833 | Precision 1.0000 | Recall 1.0000 | F1 1.0000 | AUC 1.0000 | time 0.0015
ITER=3, #Train=119, #HeldOut=2884, #Test=3003
Test Set Loss 0.9673 | Precision 0.0081 | Recall 0.8667 | F1 0.0160 | AUC 0.7529 | trainTime 0.4190 | exSelTime 0.2806 | testTime 0.0020 | numPos 4.0000 | numNeg 115.0000
Epoch 0099 | Eval Loss 0.6847 | Precision 1.0000 | Recall 1.0000 | F1 1.0000 | AUC 1.0000 | time 0.0016
ITER=4, #Train=157, #HeldOut=2846, #Test=3003
Test Set Loss 0.9415 | Precision 0.0090 | Recall 0.8667 | F1 0.0177 | AUC 0.7833 | trainTime 0.4190 | exSelTime 0.2726 | testTime 0.0021 | numPos 5.0000 | numNeg 152.0000
Epoch 0099 | Eval Loss 0.6823 | Precision 1.0000 | Recall 1.0000 | F1 1.0000 | AUC 1.0000 | time 0.0015
ITER=5, #Train=195, #HeldOut=2808, #Test=3003
Test Set Loss 0.8980 | Precision 0.0115 | Recall 0.8667 | F1 0.0226 | AUC 0.8471 | trainTime 0.4190 | exSelTime 0.2857 | testTime 0.0021 | numPos 6.0000 | numNeg 189.0000
Epoch 0099 | Eval Loss 0.6843 | Precision 1.0000 | Recall 1.0000 | F1 1.0000 | AUC 1.0000 | time 0.0017
ITER=6, #Train=233, #HeldOut=2770, #Test=3003
Test Set Loss 0.8484 | Precision 0.0167 | Recall 0.8667 | F1 0.0328 | AUC 0.8743 | trainTime 0.4190 | exSelTime 0.2699 | testTime 0.0020 | numPos 6.0000 | numNeg 227.0000
Epoch 0099 | Eval Loss 0.6855 | Precision 1.0000 | Recall 1.0000 | F1 1.0000 | AUC 1.0000 | time 0.0015
ITER=7, #Train=271, #HeldOut=2732, #Test=3003
Test Set Loss 0.8138 | Precision 0.0224 | Recall 0.9333 | F1 0.0438 | AUC 0.8982 | trainTime 0.4190 | exSelTime 0.2605 | testTime 0.0022 | numPos 6.0000 | numNeg 265.0000
Epoch 0099 | Eval Loss 0.6867 | Precision 1.0000 | Recall 1.0000 | F1 1.0000 | AUC 1.0000 | time 0.0015
ITER=8, #Train=309, #HeldOut=2694, #Test=3003
Test Set Loss 0.7795 | Precision 0.0325 | Recall 0.8667 | F1 0.0627 | AUC 0.9004 | trainTime 0.4190 | exSelTime 0.2605 | testTime 0.0019 | numPos 7.0000 | numNeg 302.0000
Epoch 0099 | Eval Loss 0.6881 | Precision 1.0000 | Recall 1.0000 | F1 1.0000 | AUC 1.0000 | time 0.0016
ITER=9, #Train=347, #HeldOut=2656, #Test=3003
Test Set Loss 0.7486 | Precision 0.0609 | Recall 0.8000 | F1 0.1132 | AUC 0.9106 | trainTime 0.4190 | exSelTime 0.2622 | testTime 0.0022 | numPos 8.0000 | numNeg 339.0000
Epoch 0099 | Eval Loss 0.6865 | Precision 1.0000 | Recall 1.0000 | F1 1.0000 | AUC 1.0000 | time 0.0015
ITER=10, #Train=385, #HeldOut=2618, #Test=3003
Test Set Loss 0.7529 | Precision 0.0410 | Recall 0.8000 | F1 0.0779 | AUC 0.9131 | trainTime 0.4190 | exSelTime 0.2515 | testTime 0.0020 | numPos 8.0000 | numNeg 377.0000
Epoch 0099 | Eval Loss 0.6906 | Precision 0.9000 | Recall 1.0000 | F1 0.9474 | AUC 1.0000 | time 0.0016
ITER=11, #Train=423, #HeldOut=2580, #Test=3003
Test Set Loss 0.7166 | Precision 0.2031 | Recall 0.8667 | F1 0.3291 | AUC 0.9316 | trainTime 0.4190 | exSelTime 0.2461 | testTime 0.0022 | numPos 9.0000 | numNeg 414.0000
Epoch 0099 | Eval Loss 0.6872 | Precision 1.0000 | Recall 1.0000 | F1 1.0000 | AUC 1.0000 | time 0.0015
ITER=12, #Train=461, #HeldOut=2542, #Test=3003
Test Set Loss 0.7034 | Precision 0.4815 | Recall 0.8667 | F1 0.6190 | AUC 0.9320 | trainTime 0.4190 | exSelTime 0.2499 | testTime 0.0027 | numPos 11.0000 | numNeg 450.0000
Epoch 0099 | Eval Loss 0.6872 | Precision 1.0000 | Recall 1.0000 | F1 1.0000 | AUC 1.0000 | time 0.0016
ITER=13, #Train=499, #HeldOut=2504, #Test=3003
Test Set Loss 0.6942 | Precision 0.8667 | Recall 0.8667 | F1 0.8667 | AUC 0.9217 | trainTime 0.4190 | exSelTime 0.2461 | testTime 0.0022 | numPos 12.0000 | numNeg 487.0000
Epoch 0099 | Eval Loss 0.6862 | Precision 1.0000 | Recall 1.0000 | F1 1.0000 | AUC 1.0000 | time 0.0020
ITER=14, #Train=537, #HeldOut=2466, #Test=3003
Test Set Loss 0.6921 | Precision 1.0000 | Recall 0.8667 | F1 0.9286 | AUC 0.9227 | trainTime 0.4190 | exSelTime 0.2416 | testTime 0.0021 | numPos 12.0000 | numNeg 525.0000
Epoch 0099 | Eval Loss 0.6861 | Precision 1.0000 | Recall 1.0000 | F1 1.0000 | AUC 1.0000 | time 0.0017
ITER=15, #Train=575, #HeldOut=2428, #Test=3003
Test Set Loss 0.6917 | Precision 1.0000 | Recall 0.8667 | F1 0.9286 | AUC 0.9237 | trainTime 0.4190 | exSelTime 0.2346 | testTime 0.0023 | numPos 12.0000 | numNeg 563.0000
Epoch 0099 | Eval Loss 0.6862 | Precision 1.0000 | Recall 1.0000 | F1 1.0000 | AUC 1.0000 | time 0.0020
ITER=16, #Train=613, #HeldOut=2390, #Test=3003
Test Set Loss 0.6916 | Precision 1.0000 | Recall 0.8667 | F1 0.9286 | AUC 0.9242 | trainTime 0.4190 | exSelTime 0.2499 | testTime 0.0022 | numPos 12.0000 | numNeg 601.0000
Epoch 0099 | Eval Loss 0.6865 | Precision 1.0000 | Recall 1.0000 | F1 1.0000 | AUC 1.0000 | time 0.0018
ITER=17, #Train=651, #HeldOut=2352, #Test=3003
Test Set Loss 0.6916 | Precision 1.0000 | Recall 0.8667 | F1 0.9286 | AUC 0.9251 | trainTime 0.4190 | exSelTime 0.2369 | testTime 0.0019 | numPos 12.0000 | numNeg 639.0000
Epoch 0099 | Eval Loss 0.6867 | Precision 1.0000 | Recall 1.0000 | F1 1.0000 | AUC 1.0000 | time 0.0017
ITER=18, #Train=689, #HeldOut=2314, #Test=3003
Test Set Loss 0.6916 | Precision 1.0000 | Recall 0.8667 | F1 0.9286 | AUC 0.9253 | trainTime 0.4190 | exSelTime 0.2269 | testTime 0.0022 | numPos 12.0000 | numNeg 677.0000
Epoch 0099 | Eval Loss 0.6870 | Precision 1.0000 | Recall 1.0000 | F1 1.0000 | AUC 1.0000 | time 0.0019
ITER=19, #Train=727, #HeldOut=2276, #Test=3003
Test Set Loss 0.6915 | Precision 1.0000 | Recall 0.8667 | F1 0.9286 | AUC 0.9258 | trainTime 0.4190 | exSelTime 0.2310 | testTime 0.0019 | numPos 12.0000 | numNeg 715.0000
Epoch 0099 | Eval Loss 0.6873 | Precision 1.0000 | Recall 1.0000 | F1 1.0000 | AUC 1.0000 | time 0.0017
ITER=20, #Train=765, #HeldOut=2238, #Test=3003
Test Set Loss 0.6915 | Precision 1.0000 | Recall 0.8667 | F1 0.9286 | AUC 0.9261 | trainTime 0.4190 | exSelTime 0.2290 | testTime 0.0020 | numPos 12.0000 | numNeg 753.0000
Epoch 0099 | Eval Loss 0.6876 | Precision 1.0000 | Recall 1.0000 | F1 1.0000 | AUC 1.0000 | time 0.0017
ITER=21, #Train=803, #HeldOut=2200, #Test=3003
Test Set Loss 0.6915 | Precision 1.0000 | Recall 0.8667 | F1 0.9286 | AUC 0.9264 | trainTime 0.4190 | exSelTime 0.2236 | testTime 0.0020 | numPos 12.0000 | numNeg 791.0000
Epoch 0099 | Eval Loss 0.6878 | Precision 1.0000 | Recall 1.0000 | F1 1.0000 | AUC 1.0000 | time 0.0017
ITER=22, #Train=841, #HeldOut=2162, #Test=3003
Test Set Loss 0.6915 | Precision 1.0000 | Recall 0.8667 | F1 0.9286 | AUC 0.9266 | trainTime 0.4190 | exSelTime 0.2262 | testTime 0.0021 | numPos 12.0000 | numNeg 829.0000
Epoch 0099 | Eval Loss 0.6880 | Precision 1.0000 | Recall 1.0000 | F1 1.0000 | AUC 1.0000 | time 0.0019
ITER=23, #Train=879, #HeldOut=2124, #Test=3003
Test Set Loss 0.6915 | Precision 1.0000 | Recall 0.8667 | F1 0.9286 | AUC 0.9267 | trainTime 0.4190 | exSelTime 0.2264 | testTime 0.0021 | numPos 12.0000 | numNeg 867.0000
Epoch 0099 | Eval Loss 0.6882 | Precision 1.0000 | Recall 1.0000 | F1 1.0000 | AUC 1.0000 | time 0.0023
ITER=24, #Train=917, #HeldOut=2086, #Test=3003
Test Set Loss 0.6915 | Precision 1.0000 | Recall 0.8667 | F1 0.9286 | AUC 0.9268 | trainTime 0.4190 | exSelTime 0.2093 | testTime 0.0021 | numPos 12.0000 | numNeg 905.0000
Epoch 0099 | Eval Loss 0.6882 | Precision 1.0000 | Recall 1.0000 | F1 1.0000 | AUC 1.0000 | time 0.0019
ITER=25, #Train=955, #HeldOut=2048, #Test=3003
Test Set Loss 0.6914 | Precision 1.0000 | Recall 0.9333 | F1 0.9655 | AUC 0.9400 | trainTime 0.4190 | exSelTime 0.2104 | testTime 0.0021 | numPos 13.0000 | numNeg 942.0000
Epoch 0099 | Eval Loss 0.6883 | Precision 1.0000 | Recall 1.0000 | F1 1.0000 | AUC 1.0000 | time 0.0021
ITER=26, #Train=993, #HeldOut=2010, #Test=3003
Test Set Loss 0.6914 | Precision 1.0000 | Recall 0.9333 | F1 0.9655 | AUC 0.9401 | trainTime 0.4190 | exSelTime 0.2086 | testTime 0.0021 | numPos 13.0000 | numNeg 980.0000
Epoch 0099 | Eval Loss 0.6884 | Precision 1.0000 | Recall 1.0000 | F1 1.0000 | AUC 1.0000 | time 0.0018
ITER=27, #Train=1031, #HeldOut=1972, #Test=3003
Test Set Loss 0.6914 | Precision 1.0000 | Recall 0.9333 | F1 0.9655 | AUC 0.9402 | trainTime 0.4190 | exSelTime 0.1996 | testTime 0.0023 | numPos 13.0000 | numNeg 1018.0000
Epoch 0099 | Eval Loss 0.6886 | Precision 1.0000 | Recall 1.0000 | F1 1.0000 | AUC 1.0000 | time 0.0018
ITER=28, #Train=1069, #HeldOut=1934, #Test=3003
Test Set Loss 0.6914 | Precision 1.0000 | Recall 0.9333 | F1 0.9655 | AUC 0.9402 | trainTime 0.4190 | exSelTime 0.2015 | testTime 0.0022 | numPos 13.0000 | numNeg 1056.0000
Epoch 0099 | Eval Loss 0.6887 | Precision 1.0000 | Recall 1.0000 | F1 1.0000 | AUC 1.0000 | time 0.0018
ITER=29, #Train=1107, #HeldOut=1896, #Test=3003
Test Set Loss 0.6914 | Precision 1.0000 | Recall 0.9333 | F1 0.9655 | AUC 0.9402 | trainTime 0.4190 | exSelTime 0.1967 | testTime 0.0019 | numPos 13.0000 | numNeg 1094.0000
Epoch 0099 | Eval Loss 0.6889 | Precision 1.0000 | Recall 1.0000 | F1 1.0000 | AUC 1.0000 | time 0.0019
ITER=30, #Train=1145, #HeldOut=1858, #Test=3003
Test Set Loss 0.6914 | Precision 1.0000 | Recall 0.9333 | F1 0.9655 | AUC 0.9402 | trainTime 0.4190 | exSelTime 0.2034 | testTime 0.0019 | numPos 13.0000 | numNeg 1132.0000
Epoch 0099 | Eval Loss 0.6890 | Precision 1.0000 | Recall 1.0000 | F1 1.0000 | AUC 1.0000 | time 0.0018
ITER=31, #Train=1183, #HeldOut=1820, #Test=3003
Test Set Loss 0.6914 | Precision 1.0000 | Recall 0.9333 | F1 0.9655 | AUC 0.9402 | trainTime 0.4190 | exSelTime 0.1961 | testTime 0.0020 | numPos 13.0000 | numNeg 1170.0000
Epoch 0099 | Eval Loss 0.6891 | Precision 1.0000 | Recall 1.0000 | F1 1.0000 | AUC 1.0000 | time 0.0017
ITER=32, #Train=1221, #HeldOut=1782, #Test=3003
Test Set Loss 0.6914 | Precision 1.0000 | Recall 0.9333 | F1 0.9655 | AUC 0.9402 | trainTime 0.4190 | exSelTime 0.1931 | testTime 0.0019 | numPos 13.0000 | numNeg 1208.0000
Epoch 0099 | Eval Loss 0.6892 | Precision 1.0000 | Recall 1.0000 | F1 1.0000 | AUC 1.0000 | time 0.0018
ITER=33, #Train=1259, #HeldOut=1744, #Test=3003
Test Set Loss 0.6914 | Precision 1.0000 | Recall 0.9333 | F1 0.9655 | AUC 0.9402 | trainTime 0.4190 | exSelTime 0.1795 | testTime 0.0020 | numPos 13.0000 | numNeg 1246.0000
Epoch 0099 | Eval Loss 0.6894 | Precision 1.0000 | Recall 1.0000 | F1 1.0000 | AUC 1.0000 | time 0.0021
ITER=34, #Train=1297, #HeldOut=1706, #Test=3003
Test Set Loss 0.6914 | Precision 1.0000 | Recall 0.9333 | F1 0.9655 | AUC 0.9402 | trainTime 0.4190 | exSelTime 0.1833 | testTime 0.0022 | numPos 13.0000 | numNeg 1284.0000
Epoch 0099 | Eval Loss 0.6895 | Precision 1.0000 | Recall 1.0000 | F1 1.0000 | AUC 1.0000 | time 0.0017
ITER=35, #Train=1335, #HeldOut=1668, #Test=3003
Test Set Loss 0.6914 | Precision 1.0000 | Recall 0.9333 | F1 0.9655 | AUC 0.9401 | trainTime 0.4190 | exSelTime 0.1806 | testTime 0.0022 | numPos 13.0000 | numNeg 1322.0000
Epoch 0099 | Eval Loss 0.6896 | Precision 1.0000 | Recall 1.0000 | F1 1.0000 | AUC 1.0000 | time 0.0018
ITER=36, #Train=1373, #HeldOut=1630, #Test=3003
Test Set Loss 0.6914 | Precision 1.0000 | Recall 0.9333 | F1 0.9655 | AUC 0.9401 | trainTime 0.4190 | exSelTime 0.1811 | testTime 0.0026 | numPos 13.0000 | numNeg 1360.0000
Epoch 0099 | Eval Loss 0.6897 | Precision 1.0000 | Recall 1.0000 | F1 1.0000 | AUC 1.0000 | time 0.0018
ITER=37, #Train=1411, #HeldOut=1592, #Test=3003
Test Set Loss 0.6914 | Precision 1.0000 | Recall 0.9333 | F1 0.9655 | AUC 0.9401 | trainTime 0.4190 | exSelTime 0.1760 | testTime 0.0020 | numPos 13.0000 | numNeg 1398.0000
Epoch 0099 | Eval Loss 0.6898 | Precision 1.0000 | Recall 1.0000 | F1 1.0000 | AUC 1.0000 | time 0.0018
ITER=38, #Train=1449, #HeldOut=1554, #Test=3003
Test Set Loss 0.6914 | Precision 1.0000 | Recall 0.9333 | F1 0.9655 | AUC 0.9401 | trainTime 0.4190 | exSelTime 0.1696 | testTime 0.0021 | numPos 13.0000 | numNeg 1436.0000
Epoch 0099 | Eval Loss 0.6898 | Precision 1.0000 | Recall 1.0000 | F1 1.0000 | AUC 1.0000 | time 0.0021
ITER=39, #Train=1487, #HeldOut=1516, #Test=3003
Test Set Loss 0.6914 | Precision 1.0000 | Recall 0.9333 | F1 0.9655 | AUC 0.9401 | trainTime 0.4190 | exSelTime 0.1663 | testTime 0.0022 | numPos 13.0000 | numNeg 1474.0000
Epoch 0099 | Eval Loss 0.6899 | Precision 1.0000 | Recall 1.0000 | F1 1.0000 | AUC 1.0000 | time 0.0018
ITER=40, #Train=1525, #HeldOut=1478, #Test=3003
Test Set Loss 0.6914 | Precision 1.0000 | Recall 0.9333 | F1 0.9655 | AUC 0.9401 | trainTime 0.4190 | exSelTime 0.1639 | testTime 0.0023 | numPos 13.0000 | numNeg 1512.0000
Epoch 0099 | Eval Loss 0.6900 | Precision 1.0000 | Recall 1.0000 | F1 1.0000 | AUC 1.0000 | time 0.0018
ITER=41, #Train=1563, #HeldOut=1440, #Test=3003
Test Set Loss 0.6914 | Precision 1.0000 | Recall 0.9333 | F1 0.9655 | AUC 0.9401 | trainTime 0.4190 | exSelTime 0.1622 | testTime 0.0021 | numPos 13.0000 | numNeg 1550.0000
Epoch 0099 | Eval Loss 0.6901 | Precision 1.0000 | Recall 1.0000 | F1 1.0000 | AUC 1.0000 | time 0.0018
ITER=42, #Train=1601, #HeldOut=1402, #Test=3003
Test Set Loss 0.6914 | Precision 1.0000 | Recall 0.9333 | F1 0.9655 | AUC 0.9401 | trainTime 0.4190 | exSelTime 0.1931 | testTime 0.0020 | numPos 13.0000 | numNeg 1588.0000
Epoch 0099 | Eval Loss 0.6901 | Precision 1.0000 | Recall 1.0000 | F1 1.0000 | AUC 1.0000 | time 0.0018
ITER=43, #Train=1639, #HeldOut=1364, #Test=3003
Test Set Loss 0.6914 | Precision 1.0000 | Recall 0.9333 | F1 0.9655 | AUC 0.9401 | trainTime 0.4190 | exSelTime 0.1571 | testTime 0.0021 | numPos 13.0000 | numNeg 1626.0000
Epoch 0099 | Eval Loss 0.6902 | Precision 1.0000 | Recall 1.0000 | F1 1.0000 | AUC 1.0000 | time 0.0019
ITER=44, #Train=1677, #HeldOut=1326, #Test=3003
Test Set Loss 0.6914 | Precision 1.0000 | Recall 0.9333 | F1 0.9655 | AUC 0.9401 | trainTime 0.4190 | exSelTime 0.1549 | testTime 0.0020 | numPos 13.0000 | numNeg 1664.0000
Epoch 0099 | Eval Loss 0.6903 | Precision 1.0000 | Recall 1.0000 | F1 1.0000 | AUC 1.0000 | time 0.0021
ITER=45, #Train=1715, #HeldOut=1288, #Test=3003
Test Set Loss 0.6914 | Precision 1.0000 | Recall 0.9333 | F1 0.9655 | AUC 0.9401 | trainTime 0.4190 | exSelTime 0.1518 | testTime 0.0021 | numPos 13.0000 | numNeg 1702.0000
Epoch 0099 | Eval Loss 0.6903 | Precision 1.0000 | Recall 1.0000 | F1 1.0000 | AUC 1.0000 | time 0.0019
ITER=46, #Train=1753, #HeldOut=1250, #Test=3003
Test Set Loss 0.6914 | Precision 1.0000 | Recall 0.9333 | F1 0.9655 | AUC 0.9401 | trainTime 0.4190 | exSelTime 0.1570 | testTime 0.0022 | numPos 13.0000 | numNeg 1740.0000
Epoch 0099 | Eval Loss 0.6904 | Precision 1.0000 | Recall 1.0000 | F1 1.0000 | AUC 1.0000 | time 0.0019
ITER=47, #Train=1791, #HeldOut=1212, #Test=3003
Test Set Loss 0.6914 | Precision 1.0000 | Recall 0.9333 | F1 0.9655 | AUC 0.9401 | trainTime 0.4190 | exSelTime 0.1465 | testTime 0.0022 | numPos 13.0000 | numNeg 1778.0000
Epoch 0099 | Eval Loss 0.6905 | Precision 1.0000 | Recall 1.0000 | F1 1.0000 | AUC 1.0000 | time 0.0021
ITER=48, #Train=1829, #HeldOut=1174, #Test=3003
Test Set Loss 0.6914 | Precision 1.0000 | Recall 0.9333 | F1 0.9655 | AUC 0.9401 | trainTime 0.4190 | exSelTime 0.1388 | testTime 0.0020 | numPos 13.0000 | numNeg 1816.0000
Epoch 0099 | Eval Loss 0.6905 | Precision 1.0000 | Recall 1.0000 | F1 1.0000 | AUC 1.0000 | time 0.0019
ITER=49, #Train=1867, #HeldOut=1136, #Test=3003
Test Set Loss 0.6914 | Precision 1.0000 | Recall 0.9333 | F1 0.9655 | AUC 0.9401 | trainTime 0.4190 | exSelTime 0.1432 | testTime 0.0020 | numPos 13.0000 | numNeg 1854.0000
Epoch 0099 | Eval Loss 0.6906 | Precision 1.0000 | Recall 1.0000 | F1 1.0000 | AUC 1.0000 | time 0.0019
ITER=50, #Train=1905, #HeldOut=1098, #Test=3003
Test Set Loss 0.6914 | Precision 1.0000 | Recall 0.9333 | F1 0.9655 | AUC 0.9401 | trainTime 0.4190 | exSelTime 0.1402 | testTime 0.0021 | numPos 13.0000 | numNeg 1892.0000
Epoch 0099 | Eval Loss 0.6906 | Precision 1.0000 | Recall 1.0000 | F1 1.0000 | AUC 1.0000 | time 0.0019
ITER=51, #Train=1943, #HeldOut=1060, #Test=3003
Test Set Loss 0.6914 | Precision 1.0000 | Recall 0.9333 | F1 0.9655 | AUC 0.9401 | trainTime 0.4190 | exSelTime 0.1377 | testTime 0.0019 | numPos 13.0000 | numNeg 1930.0000
Epoch 0099 | Eval Loss 0.6907 | Precision 1.0000 | Recall 1.0000 | F1 1.0000 | AUC 1.0000 | time 0.0021
ITER=52, #Train=1981, #HeldOut=1022, #Test=3003
Test Set Loss 0.6914 | Precision 1.0000 | Recall 0.9333 | F1 0.9655 | AUC 0.9401 | trainTime 0.4190 | exSelTime 0.1389 | testTime 0.0023 | numPos 13.0000 | numNeg 1968.0000
Epoch 0099 | Eval Loss 0.6907 | Precision 1.0000 | Recall 1.0000 | F1 1.0000 | AUC 1.0000 | time 0.0019
ITER=53, #Train=2019, #HeldOut=984, #Test=3003
Test Set Loss 0.6914 | Precision 1.0000 | Recall 0.9333 | F1 0.9655 | AUC 0.9401 | trainTime 0.4190 | exSelTime 0.1343 | testTime 0.0021 | numPos 13.0000 | numNeg 2006.0000
Epoch 0099 | Eval Loss 0.6907 | Precision 1.0000 | Recall 1.0000 | F1 1.0000 | AUC 1.0000 | time 0.0020
ITER=54, #Train=2057, #HeldOut=946, #Test=3003
Test Set Loss 0.6914 | Precision 1.0000 | Recall 0.9333 | F1 0.9655 | AUC 0.9401 | trainTime 0.4190 | exSelTime 0.1284 | testTime 0.0023 | numPos 13.0000 | numNeg 2044.0000
Epoch 0099 | Eval Loss 0.6908 | Precision 1.0000 | Recall 1.0000 | F1 1.0000 | AUC 1.0000 | time 0.0022
ITER=55, #Train=2095, #HeldOut=908, #Test=3003
Test Set Loss 0.6914 | Precision 1.0000 | Recall 0.9333 | F1 0.9655 | AUC 0.9402 | trainTime 0.4190 | exSelTime 0.1282 | testTime 0.0022 | numPos 13.0000 | numNeg 2082.0000
Epoch 0099 | Eval Loss 0.6908 | Precision 1.0000 | Recall 1.0000 | F1 1.0000 | AUC 1.0000 | time 0.0018
ITER=56, #Train=2133, #HeldOut=870, #Test=3003
Test Set Loss 0.6914 | Precision 1.0000 | Recall 0.9333 | F1 0.9655 | AUC 0.9402 | trainTime 0.4190 | exSelTime 0.1253 | testTime 0.0020 | numPos 13.0000 | numNeg 2120.0000
Epoch 0099 | Eval Loss 0.6909 | Precision 1.0000 | Recall 1.0000 | F1 1.0000 | AUC 1.0000 | time 0.0021
ITER=57, #Train=2171, #HeldOut=832, #Test=3003
Test Set Loss 0.6914 | Precision 1.0000 | Recall 0.9333 | F1 0.9655 | AUC 0.9402 | trainTime 0.4190 | exSelTime 0.1197 | testTime 0.0022 | numPos 13.0000 | numNeg 2158.0000
Epoch 0099 | Eval Loss 0.6909 | Precision 1.0000 | Recall 1.0000 | F1 1.0000 | AUC 1.0000 | time 0.0021
ITER=58, #Train=2209, #HeldOut=794, #Test=3003
Test Set Loss 0.6914 | Precision 1.0000 | Recall 0.9333 | F1 0.9655 | AUC 0.9402 | trainTime 0.4190 | exSelTime 0.1240 | testTime 0.0024 | numPos 13.0000 | numNeg 2196.0000
Epoch 0099 | Eval Loss 0.6910 | Precision 1.0000 | Recall 1.0000 | F1 1.0000 | AUC 1.0000 | time 0.0022
ITER=59, #Train=2247, #HeldOut=756, #Test=3003
Test Set Loss 0.6914 | Precision 1.0000 | Recall 0.9333 | F1 0.9655 | AUC 0.9402 | trainTime 0.4190 | exSelTime 0.1142 | testTime 0.0025 | numPos 13.0000 | numNeg 2234.0000
Epoch 0099 | Eval Loss 0.6910 | Precision 1.0000 | Recall 1.0000 | F1 1.0000 | AUC 1.0000 | time 0.0020
ITER=60, #Train=2285, #HeldOut=718, #Test=3003
Test Set Loss 0.6914 | Precision 1.0000 | Recall 0.9333 | F1 0.9655 | AUC 0.9402 | trainTime 0.4190 | exSelTime 0.1123 | testTime 0.0024 | numPos 13.0000 | numNeg 2272.0000
Epoch 0099 | Eval Loss 0.6910 | Precision 1.0000 | Recall 1.0000 | F1 1.0000 | AUC 1.0000 | time 0.0020
ITER=61, #Train=2323, #HeldOut=680, #Test=3003
Test Set Loss 0.6914 | Precision 1.0000 | Recall 0.9333 | F1 0.9655 | AUC 0.9402 | trainTime 0.4190 | exSelTime 0.1113 | testTime 0.0023 | numPos 13.0000 | numNeg 2310.0000
Epoch 0099 | Eval Loss 0.6911 | Precision 1.0000 | Recall 1.0000 | F1 1.0000 | AUC 1.0000 | time 0.0019
ITER=62, #Train=2361, #HeldOut=642, #Test=3003
Test Set Loss 0.6914 | Precision 1.0000 | Recall 0.9333 | F1 0.9655 | AUC 0.9402 | trainTime 0.4190 | exSelTime 0.1098 | testTime 0.0020 | numPos 13.0000 | numNeg 2348.0000
Epoch 0099 | Eval Loss 0.6911 | Precision 1.0000 | Recall 1.0000 | F1 1.0000 | AUC 1.0000 | time 0.0020
ITER=63, #Train=2399, #HeldOut=604, #Test=3003
Test Set Loss 0.6914 | Precision 1.0000 | Recall 0.9333 | F1 0.9655 | AUC 0.9402 | trainTime 0.4190 | exSelTime 0.1051 | testTime 0.0021 | numPos 13.0000 | numNeg 2386.0000
Epoch 0099 | Eval Loss 0.6911 | Precision 1.0000 | Recall 1.0000 | F1 1.0000 | AUC 1.0000 | time 0.0021
ITER=64, #Train=2437, #HeldOut=566, #Test=3003
Test Set Loss 0.6914 | Precision 1.0000 | Recall 0.9333 | F1 0.9655 | AUC 0.9402 | trainTime 0.4190 | exSelTime 0.1036 | testTime 0.0024 | numPos 13.0000 | numNeg 2424.0000
Epoch 0099 | Eval Loss 0.6912 | Precision 1.0000 | Recall 1.0000 | F1 1.0000 | AUC 1.0000 | time 0.0020
ITER=65, #Train=2475, #HeldOut=528, #Test=3003
Test Set Loss 0.6914 | Precision 1.0000 | Recall 0.9333 | F1 0.9655 | AUC 0.9402 | trainTime 0.4190 | exSelTime 0.1001 | testTime 0.0021 | numPos 13.0000 | numNeg 2462.0000
Epoch 0099 | Eval Loss 0.6912 | Precision 1.0000 | Recall 1.0000 | F1 1.0000 | AUC 1.0000 | time 0.0031
ITER=66, #Train=2513, #HeldOut=490, #Test=3003
Test Set Loss 0.6914 | Precision 1.0000 | Recall 0.9333 | F1 0.9655 | AUC 0.9402 | trainTime 0.4190 | exSelTime 0.0964 | testTime 0.0027 | numPos 13.0000 | numNeg 2500.0000
Epoch 0099 | Eval Loss 0.6912 | Precision 1.0000 | Recall 1.0000 | F1 1.0000 | AUC 1.0000 | time 0.0019
ITER=67, #Train=2551, #HeldOut=452, #Test=3003
Test Set Loss 0.6914 | Precision 1.0000 | Recall 0.9333 | F1 0.9655 | AUC 0.9403 | trainTime 0.4190 | exSelTime 0.0953 | testTime 0.0020 | numPos 13.0000 | numNeg 2538.0000
Epoch 0099 | Eval Loss 0.6912 | Precision 1.0000 | Recall 1.0000 | F1 1.0000 | AUC 1.0000 | time 0.0022
ITER=68, #Train=2589, #HeldOut=414, #Test=3003
Test Set Loss 0.6914 | Precision 1.0000 | Recall 0.9333 | F1 0.9655 | AUC 0.9403 | trainTime 0.4190 | exSelTime 0.0913 | testTime 0.0025 | numPos 13.0000 | numNeg 2576.0000
Epoch 0099 | Eval Loss 0.6913 | Precision 1.0000 | Recall 1.0000 | F1 1.0000 | AUC 1.0000 | time 0.0021
ITER=69, #Train=2627, #HeldOut=376, #Test=3003
Test Set Loss 0.6914 | Precision 1.0000 | Recall 0.9333 | F1 0.9655 | AUC 0.9403 | trainTime 0.4190 | exSelTime 0.0893 | testTime 0.0029 | numPos 13.0000 | numNeg 2614.0000
Epoch 0099 | Eval Loss 0.6913 | Precision 1.0000 | Recall 1.0000 | F1 1.0000 | AUC 1.0000 | time 0.0020
ITER=70, #Train=2665, #HeldOut=338, #Test=3003
Test Set Loss 0.6914 | Precision 1.0000 | Recall 0.9333 | F1 0.9655 | AUC 0.9403 | trainTime 0.4190 | exSelTime 0.0850 | testTime 0.0022 | numPos 13.0000 | numNeg 2652.0000
Epoch 0099 | Eval Loss 0.6913 | Precision 1.0000 | Recall 1.0000 | F1 1.0000 | AUC 1.0000 | time 0.0021
ITER=71, #Train=2703, #HeldOut=300, #Test=3003
Test Set Loss 0.6914 | Precision 1.0000 | Recall 0.9333 | F1 0.9655 | AUC 0.9403 | trainTime 0.4190 | exSelTime 0.0829 | testTime 0.0023 | numPos 13.0000 | numNeg 2690.0000
Epoch 0099 | Eval Loss 0.6913 | Precision 1.0000 | Recall 1.0000 | F1 1.0000 | AUC 1.0000 | time 0.0021
ITER=72, #Train=2741, #HeldOut=262, #Test=3003
Test Set Loss 0.6914 | Precision 1.0000 | Recall 0.9333 | F1 0.9655 | AUC 0.9403 | trainTime 0.4190 | exSelTime 0.0815 | testTime 0.0021 | numPos 13.0000 | numNeg 2728.0000
Epoch 0099 | Eval Loss 0.6912 | Precision 1.0000 | Recall 1.0000 | F1 1.0000 | AUC 1.0000 | time 0.0020
ITER=73, #Train=2779, #HeldOut=224, #Test=3003
Test Set Loss 0.6913 | Precision 1.0000 | Recall 1.0000 | F1 1.0000 | AUC 1.0000 | trainTime 0.4190 | exSelTime 0.0783 | testTime 0.0022 | numPos 14.0000 | numNeg 2765.0000
Epoch 0099 | Eval Loss 0.6913 | Precision 1.0000 | Recall 1.0000 | F1 1.0000 | AUC 1.0000 | time 0.0020
ITER=74, #Train=2817, #HeldOut=186, #Test=3003
Test Set Loss 0.6913 | Precision 1.0000 | Recall 1.0000 | F1 1.0000 | AUC 1.0000 | trainTime 0.4190 | exSelTime 0.0747 | testTime 0.0023 | numPos 14.0000 | numNeg 2803.0000
Epoch 0099 | Eval Loss 0.6913 | Precision 1.0000 | Recall 1.0000 | F1 1.0000 | AUC 1.0000 | time 0.0020
ITER=75, #Train=2855, #HeldOut=148, #Test=3003
Test Set Loss 0.6913 | Precision 1.0000 | Recall 1.0000 | F1 1.0000 | AUC 1.0000 | trainTime 0.4190 | exSelTime 0.0691 | testTime 0.0023 | numPos 14.0000 | numNeg 2841.0000
Epoch 0099 | Eval Loss 0.6913 | Precision 1.0000 | Recall 1.0000 | F1 1.0000 | AUC 1.0000 | time 0.0020
ITER=76, #Train=2893, #HeldOut=110, #Test=3003
Test Set Loss 0.6913 | Precision 1.0000 | Recall 1.0000 | F1 1.0000 | AUC 1.0000 | trainTime 0.4190 | exSelTime 0.0678 | testTime 0.0022 | numPos 14.0000 | numNeg 2879.0000
Epoch 0099 | Eval Loss 0.6913 | Precision 1.0000 | Recall 1.0000 | F1 1.0000 | AUC 1.0000 | time 0.0022
ITER=77, #Train=2931, #HeldOut=72, #Test=3003
Test Set Loss 0.6913 | Precision 1.0000 | Recall 1.0000 | F1 1.0000 | AUC 1.0000 | trainTime 0.4190 | exSelTime 0.0654 | testTime 0.0024 | numPos 14.0000 | numNeg 2917.0000
Epoch 0099 | Eval Loss 0.6914 | Precision 1.0000 | Recall 1.0000 | F1 1.0000 | AUC 1.0000 | time 0.0022
ITER=78, #Train=2969, #HeldOut=34, #Test=3003
Test Set Loss 0.6913 | Precision 1.0000 | Recall 1.0000 | F1 1.0000 | AUC 1.0000 | trainTime 0.4190 | exSelTime 0.0634 | testTime 0.0021 | numPos 14.0000 | numNeg 2955.0000
Epoch 0099 | Eval Loss 0.6913 | Precision 1.0000 | Recall 1.0000 | F1 1.0000 | AUC 1.0000 | time 0.0021
ITER=79, #Train=3003, #HeldOut=0, #Test=3003
Test Set Loss 0.6913 | Precision 1.0000 | Recall 1.0000 | F1 1.0000 | AUC 1.0000 | trainTime 0.4190 | exSelTime 0.0604 | testTime 0.0024 | numPos 15.0000 | numNeg 2988.0000
