on cpu
loading data ... from src/model/gnn/dataset/cmt-conference/cmt_conference_Ontology_Node_Embeddings.txt
src/model/gnn/dataset/cmt-conference/cmt_conference_Ontology_Edge_List.txt
src/model/gnn/dataset/cmt-conference/prog_seed_pairs.txt
src/model/gnn/dataset/cmt-conference/pos_neg_pairs.txt
done
Epoch 0099 | Eval Loss 0.6172 | Precision 1.0000 | Recall 1.0000 | F1 1.0000 | AUC 1.0000 | time 0.0016
ITER=0, #Train=5, #HeldOut=2998, #Test=3003
Test Set Loss 1.2210 | Precision 0.0053 | Recall 1.0000 | F1 0.0106 | AUC 0.6968 | trainTime 0.4180 | exSelTime 0.0000 | testTime 0.0023 | numPos -1.0000 | numNeg -1.0000
Epoch 0099 | Eval Loss 0.6755 | Precision 1.0000 | Recall 1.0000 | F1 1.0000 | AUC 1.0000 | time 0.0016
ITER=1, #Train=43, #HeldOut=2960, #Test=3003
Test Set Loss 1.0939 | Precision 0.0059 | Recall 1.0000 | F1 0.0117 | AUC 0.7735 | trainTime 0.4180 | exSelTime 0.1498 | testTime 0.0024 | numPos 2.0000 | numNeg 41.0000
Epoch 0099 | Eval Loss 0.6838 | Precision 1.0000 | Recall 1.0000 | F1 1.0000 | AUC 1.0000 | time 0.0016
ITER=2, #Train=81, #HeldOut=2922, #Test=3003
Test Set Loss 1.0791 | Precision 0.0065 | Recall 1.0000 | F1 0.0130 | AUC 0.7405 | trainTime 0.4180 | exSelTime 0.1486 | testTime 0.0021 | numPos 2.0000 | numNeg 79.0000
Epoch 0099 | Eval Loss 0.6868 | Precision 1.0000 | Recall 1.0000 | F1 1.0000 | AUC 1.0000 | time 0.0017
ITER=3, #Train=119, #HeldOut=2884, #Test=3003
Test Set Loss 1.1646 | Precision 0.0054 | Recall 0.8667 | F1 0.0106 | AUC 0.5791 | trainTime 0.4180 | exSelTime 0.1459 | testTime 0.0020 | numPos 2.0000 | numNeg 117.0000
Epoch 0099 | Eval Loss 0.6883 | Precision 1.0000 | Recall 1.0000 | F1 1.0000 | AUC 1.0000 | time 0.0016
ITER=4, #Train=157, #HeldOut=2846, #Test=3003
Test Set Loss 1.1913 | Precision 0.0053 | Recall 0.8667 | F1 0.0105 | AUC 0.5208 | trainTime 0.4180 | exSelTime 0.1502 | testTime 0.0021 | numPos 2.0000 | numNeg 155.0000
Epoch 0099 | Eval Loss 0.6893 | Precision 1.0000 | Recall 1.0000 | F1 1.0000 | AUC 1.0000 | time 0.0015
ITER=5, #Train=195, #HeldOut=2808, #Test=3003
Test Set Loss 1.1958 | Precision 0.0053 | Recall 0.8667 | F1 0.0105 | AUC 0.5049 | trainTime 0.4180 | exSelTime 0.1429 | testTime 0.0022 | numPos 2.0000 | numNeg 193.0000
Epoch 0099 | Eval Loss 0.6901 | Precision 1.0000 | Recall 1.0000 | F1 1.0000 | AUC 1.0000 | time 0.0017
ITER=6, #Train=233, #HeldOut=2770, #Test=3003
Test Set Loss 1.1669 | Precision 0.0055 | Recall 0.8667 | F1 0.0110 | AUC 0.5546 | trainTime 0.4180 | exSelTime 0.1456 | testTime 0.0020 | numPos 2.0000 | numNeg 231.0000
Epoch 0099 | Eval Loss 0.6904 | Precision 1.0000 | Recall 1.0000 | F1 1.0000 | AUC 1.0000 | time 0.0016
ITER=7, #Train=271, #HeldOut=2732, #Test=3003
Test Set Loss 1.1707 | Precision 0.0051 | Recall 0.8000 | F1 0.0102 | AUC 0.4938 | trainTime 0.4180 | exSelTime 0.1436 | testTime 0.0021 | numPos 2.0000 | numNeg 269.0000
Epoch 0099 | Eval Loss 0.6895 | Precision 1.0000 | Recall 1.0000 | F1 1.0000 | AUC 1.0000 | time 0.0016
ITER=8, #Train=309, #HeldOut=2694, #Test=3003
Test Set Loss 1.1505 | Precision 0.0058 | Recall 0.8667 | F1 0.0116 | AUC 0.4971 | trainTime 0.4180 | exSelTime 0.1448 | testTime 0.0019 | numPos 3.0000 | numNeg 306.0000
Epoch 0099 | Eval Loss 0.6901 | Precision 1.0000 | Recall 1.0000 | F1 1.0000 | AUC 1.0000 | time 0.0015
ITER=9, #Train=347, #HeldOut=2656, #Test=3003
Test Set Loss 1.1327 | Precision 0.0060 | Recall 0.8667 | F1 0.0120 | AUC 0.4774 | trainTime 0.4180 | exSelTime 0.1422 | testTime 0.0024 | numPos 3.0000 | numNeg 344.0000
Epoch 0099 | Eval Loss 0.6894 | Precision 1.0000 | Recall 1.0000 | F1 1.0000 | AUC 1.0000 | time 0.0016
ITER=10, #Train=385, #HeldOut=2618, #Test=3003
Test Set Loss 1.1037 | Precision 0.0060 | Recall 0.8000 | F1 0.0118 | AUC 0.4849 | trainTime 0.4180 | exSelTime 0.1431 | testTime 0.0020 | numPos 4.0000 | numNeg 381.0000
Epoch 0099 | Eval Loss 0.6897 | Precision 1.0000 | Recall 1.0000 | F1 1.0000 | AUC 1.0000 | time 0.0017
ITER=11, #Train=423, #HeldOut=2580, #Test=3003
Test Set Loss 1.0772 | Precision 0.0063 | Recall 0.8000 | F1 0.0125 | AUC 0.5319 | trainTime 0.4180 | exSelTime 0.1473 | testTime 0.0022 | numPos 4.0000 | numNeg 419.0000
Epoch 0099 | Eval Loss 0.6899 | Precision 1.0000 | Recall 1.0000 | F1 1.0000 | AUC 1.0000 | time 0.0020
ITER=12, #Train=461, #HeldOut=2542, #Test=3003
Test Set Loss 1.0497 | Precision 0.0068 | Recall 0.8000 | F1 0.0135 | AUC 0.5580 | trainTime 0.4180 | exSelTime 0.1448 | testTime 0.0025 | numPos 4.0000 | numNeg 457.0000
Epoch 0099 | Eval Loss 0.6902 | Precision 1.0000 | Recall 1.0000 | F1 1.0000 | AUC 1.0000 | time 0.0016
ITER=13, #Train=499, #HeldOut=2504, #Test=3003
Test Set Loss 1.0002 | Precision 0.0078 | Recall 0.8000 | F1 0.0155 | AUC 0.6187 | trainTime 0.4180 | exSelTime 0.1446 | testTime 0.0023 | numPos 4.0000 | numNeg 495.0000
Epoch 0099 | Eval Loss 0.6898 | Precision 1.0000 | Recall 1.0000 | F1 1.0000 | AUC 1.0000 | time 0.0018
ITER=14, #Train=537, #HeldOut=2466, #Test=3003
Test Set Loss 0.9872 | Precision 0.0081 | Recall 0.8000 | F1 0.0160 | AUC 0.6414 | trainTime 0.4180 | exSelTime 0.1391 | testTime 0.0020 | numPos 5.0000 | numNeg 532.0000
Epoch 0099 | Eval Loss 0.6900 | Precision 1.0000 | Recall 1.0000 | F1 1.0000 | AUC 1.0000 | time 0.0021
ITER=15, #Train=575, #HeldOut=2428, #Test=3003
Test Set Loss 0.9279 | Precision 0.0101 | Recall 0.8000 | F1 0.0199 | AUC 0.7087 | trainTime 0.4180 | exSelTime 0.1409 | testTime 0.0022 | numPos 5.0000 | numNeg 570.0000
Epoch 0099 | Eval Loss 0.6901 | Precision 1.0000 | Recall 1.0000 | F1 1.0000 | AUC 1.0000 | time 0.0019
ITER=16, #Train=613, #HeldOut=2390, #Test=3003
Test Set Loss 0.9139 | Precision 0.0099 | Recall 0.7333 | F1 0.0195 | AUC 0.7198 | trainTime 0.4180 | exSelTime 0.1385 | testTime 0.0023 | numPos 5.0000 | numNeg 608.0000
Epoch 0099 | Eval Loss 0.6892 | Precision 1.0000 | Recall 1.0000 | F1 1.0000 | AUC 1.0000 | time 0.0020
ITER=17, #Train=651, #HeldOut=2352, #Test=3003
Test Set Loss 0.9228 | Precision 0.0121 | Recall 0.9333 | F1 0.0239 | AUC 0.7839 | trainTime 0.4180 | exSelTime 0.1366 | testTime 0.0023 | numPos 7.0000 | numNeg 644.0000
Epoch 0099 | Eval Loss 0.6893 | Precision 1.0000 | Recall 1.0000 | F1 1.0000 | AUC 1.0000 | time 0.0019
ITER=18, #Train=689, #HeldOut=2314, #Test=3003
Test Set Loss 0.9142 | Precision 0.0116 | Recall 0.8667 | F1 0.0229 | AUC 0.7927 | trainTime 0.4180 | exSelTime 0.1493 | testTime 0.0020 | numPos 7.0000 | numNeg 682.0000
Epoch 0099 | Eval Loss 0.6895 | Precision 1.0000 | Recall 1.0000 | F1 1.0000 | AUC 1.0000 | time 0.0016
ITER=19, #Train=727, #HeldOut=2276, #Test=3003
Test Set Loss 0.9149 | Precision 0.0116 | Recall 0.8667 | F1 0.0229 | AUC 0.7916 | trainTime 0.4180 | exSelTime 0.1393 | testTime 0.0022 | numPos 7.0000 | numNeg 720.0000
Epoch 0099 | Eval Loss 0.6897 | Precision 1.0000 | Recall 1.0000 | F1 1.0000 | AUC 1.0000 | time 0.0020
ITER=20, #Train=765, #HeldOut=2238, #Test=3003
Test Set Loss 0.8907 | Precision 0.0120 | Recall 0.8000 | F1 0.0237 | AUC 0.8043 | trainTime 0.4180 | exSelTime 0.1396 | testTime 0.0024 | numPos 7.0000 | numNeg 758.0000
Epoch 0099 | Eval Loss 0.6894 | Precision 1.0000 | Recall 1.0000 | F1 1.0000 | AUC 1.0000 | time 0.0017
ITER=21, #Train=803, #HeldOut=2200, #Test=3003
Test Set Loss 0.8822 | Precision 0.0124 | Recall 0.8000 | F1 0.0244 | AUC 0.8110 | trainTime 0.4180 | exSelTime 0.1347 | testTime 0.0020 | numPos 8.0000 | numNeg 795.0000
Epoch 0099 | Eval Loss 0.6896 | Precision 1.0000 | Recall 1.0000 | F1 1.0000 | AUC 1.0000 | time 0.0020
ITER=22, #Train=841, #HeldOut=2162, #Test=3003
Test Set Loss 0.8622 | Precision 0.0129 | Recall 0.7333 | F1 0.0253 | AUC 0.8330 | trainTime 0.4180 | exSelTime 0.1411 | testTime 0.0024 | numPos 8.0000 | numNeg 833.0000
Epoch 0099 | Eval Loss 0.6897 | Precision 1.0000 | Recall 1.0000 | F1 1.0000 | AUC 1.0000 | time 0.0019
ITER=23, #Train=879, #HeldOut=2124, #Test=3003
Test Set Loss 0.8580 | Precision 0.0133 | Recall 0.7333 | F1 0.0261 | AUC 0.8292 | trainTime 0.4180 | exSelTime 0.1360 | testTime 0.0020 | numPos 8.0000 | numNeg 871.0000
Epoch 0099 | Eval Loss 0.6899 | Precision 1.0000 | Recall 1.0000 | F1 1.0000 | AUC 1.0000 | time 0.0022
ITER=24, #Train=917, #HeldOut=2086, #Test=3003
Test Set Loss 0.8538 | Precision 0.0135 | Recall 0.7333 | F1 0.0265 | AUC 0.8378 | trainTime 0.4180 | exSelTime 0.1351 | testTime 0.0023 | numPos 8.0000 | numNeg 909.0000
Epoch 0099 | Eval Loss 0.6896 | Precision 1.0000 | Recall 1.0000 | F1 1.0000 | AUC 1.0000 | time 0.0018
ITER=25, #Train=955, #HeldOut=2048, #Test=3003
Test Set Loss 0.8586 | Precision 0.0143 | Recall 0.8000 | F1 0.0282 | AUC 0.8343 | trainTime 0.4180 | exSelTime 0.1336 | testTime 0.0022 | numPos 9.0000 | numNeg 946.0000
Epoch 0099 | Eval Loss 0.6897 | Precision 1.0000 | Recall 1.0000 | F1 1.0000 | AUC 1.0000 | time 0.0019
ITER=26, #Train=993, #HeldOut=2010, #Test=3003
Test Set Loss 0.8525 | Precision 0.0151 | Recall 0.8000 | F1 0.0296 | AUC 0.8402 | trainTime 0.4180 | exSelTime 0.1350 | testTime 0.0020 | numPos 9.0000 | numNeg 984.0000
Epoch 0099 | Eval Loss 0.6899 | Precision 1.0000 | Recall 1.0000 | F1 1.0000 | AUC 1.0000 | time 0.0019
ITER=27, #Train=1031, #HeldOut=1972, #Test=3003
Test Set Loss 0.8275 | Precision 0.0180 | Recall 0.8000 | F1 0.0351 | AUC 0.8622 | trainTime 0.4180 | exSelTime 0.1332 | testTime 0.0022 | numPos 9.0000 | numNeg 1022.0000
Epoch 0099 | Eval Loss 0.6896 | Precision 1.0000 | Recall 1.0000 | F1 1.0000 | AUC 1.0000 | time 0.0021
ITER=28, #Train=1069, #HeldOut=1934, #Test=3003
Test Set Loss 0.7820 | Precision 0.0244 | Recall 0.7333 | F1 0.0472 | AUC 0.8915 | trainTime 0.4180 | exSelTime 0.1318 | testTime 0.0021 | numPos 10.0000 | numNeg 1059.0000
Epoch 0099 | Eval Loss 0.6898 | Precision 1.0000 | Recall 1.0000 | F1 1.0000 | AUC 1.0000 | time 0.0019
ITER=29, #Train=1107, #HeldOut=1896, #Test=3003
Test Set Loss 0.7722 | Precision 0.0278 | Recall 0.7333 | F1 0.0535 | AUC 0.9016 | trainTime 0.4180 | exSelTime 0.1342 | testTime 0.0022 | numPos 10.0000 | numNeg 1097.0000
Epoch 0099 | Eval Loss 0.6899 | Precision 1.0000 | Recall 1.0000 | F1 1.0000 | AUC 1.0000 | time 0.0018
ITER=30, #Train=1145, #HeldOut=1858, #Test=3003
Test Set Loss 0.7734 | Precision 0.0270 | Recall 0.7333 | F1 0.0521 | AUC 0.8990 | trainTime 0.4180 | exSelTime 0.1285 | testTime 0.0020 | numPos 10.0000 | numNeg 1135.0000
Epoch 0099 | Eval Loss 0.6897 | Precision 1.0000 | Recall 1.0000 | F1 1.0000 | AUC 1.0000 | time 0.0020
ITER=31, #Train=1183, #HeldOut=1820, #Test=3003
Test Set Loss 0.7784 | Precision 0.0277 | Recall 0.8000 | F1 0.0536 | AUC 0.9030 | trainTime 0.4180 | exSelTime 0.1290 | testTime 0.0022 | numPos 11.0000 | numNeg 1172.0000
Epoch 0099 | Eval Loss 0.6898 | Precision 1.0000 | Recall 1.0000 | F1 1.0000 | AUC 1.0000 | time 0.0018
ITER=32, #Train=1221, #HeldOut=1782, #Test=3003
Test Set Loss 0.7637 | Precision 0.0339 | Recall 0.8000 | F1 0.0650 | AUC 0.9154 | trainTime 0.4180 | exSelTime 0.1375 | testTime 0.0025 | numPos 11.0000 | numNeg 1210.0000
Epoch 0099 | Eval Loss 0.6897 | Precision 1.0000 | Recall 1.0000 | F1 1.0000 | AUC 1.0000 | time 0.0018
ITER=33, #Train=1259, #HeldOut=1744, #Test=3003
Test Set Loss 0.7342 | Precision 0.0613 | Recall 0.8667 | F1 0.1145 | AUC 0.9503 | trainTime 0.4180 | exSelTime 0.1285 | testTime 0.0021 | numPos 12.0000 | numNeg 1247.0000
Epoch 0099 | Eval Loss 0.6897 | Precision 1.0000 | Recall 1.0000 | F1 1.0000 | AUC 1.0000 | time 0.0019
ITER=34, #Train=1297, #HeldOut=1706, #Test=3003
Test Set Loss 0.7319 | Precision 0.0640 | Recall 0.8667 | F1 0.1193 | AUC 0.9533 | trainTime 0.4180 | exSelTime 0.1290 | testTime 0.0019 | numPos 12.0000 | numNeg 1285.0000
Epoch 0099 | Eval Loss 0.6898 | Precision 1.0000 | Recall 1.0000 | F1 1.0000 | AUC 1.0000 | time 0.0022
ITER=35, #Train=1335, #HeldOut=1668, #Test=3003
Test Set Loss 0.7313 | Precision 0.0650 | Recall 0.8667 | F1 0.1209 | AUC 0.9555 | trainTime 0.4180 | exSelTime 0.1279 | testTime 0.0022 | numPos 12.0000 | numNeg 1323.0000
Epoch 0099 | Eval Loss 0.6899 | Precision 1.0000 | Recall 1.0000 | F1 1.0000 | AUC 1.0000 | time 0.0020
ITER=36, #Train=1373, #HeldOut=1630, #Test=3003
Test Set Loss 0.7283 | Precision 0.0695 | Recall 0.8667 | F1 0.1287 | AUC 0.9547 | trainTime 0.4180 | exSelTime 0.1249 | testTime 0.0021 | numPos 12.0000 | numNeg 1361.0000
Epoch 0099 | Eval Loss 0.6898 | Precision 1.0000 | Recall 1.0000 | F1 1.0000 | AUC 1.0000 | time 0.0017
ITER=37, #Train=1411, #HeldOut=1592, #Test=3003
Test Set Loss 0.7386 | Precision 0.0576 | Recall 0.9333 | F1 0.1085 | AUC 0.9453 | trainTime 0.4180 | exSelTime 0.1247 | testTime 0.0022 | numPos 13.0000 | numNeg 1398.0000
Epoch 0099 | Eval Loss 0.6898 | Precision 1.0000 | Recall 1.0000 | F1 1.0000 | AUC 1.0000 | time 0.0019
ITER=38, #Train=1449, #HeldOut=1554, #Test=3003
Test Set Loss 0.7398 | Precision 0.0574 | Recall 0.9333 | F1 0.1081 | AUC 0.9441 | trainTime 0.4180 | exSelTime 0.1222 | testTime 0.0020 | numPos 13.0000 | numNeg 1436.0000
Epoch 0099 | Eval Loss 0.6899 | Precision 1.0000 | Recall 1.0000 | F1 1.0000 | AUC 1.0000 | time 0.0019
ITER=39, #Train=1487, #HeldOut=1516, #Test=3003
Test Set Loss 0.7300 | Precision 0.0704 | Recall 0.9333 | F1 0.1308 | AUC 0.9514 | trainTime 0.4180 | exSelTime 0.1268 | testTime 0.0020 | numPos 13.0000 | numNeg 1474.0000
Epoch 0099 | Eval Loss 0.6900 | Precision 1.0000 | Recall 1.0000 | F1 1.0000 | AUC 1.0000 | time 0.0019
ITER=40, #Train=1525, #HeldOut=1478, #Test=3003
Test Set Loss 0.7272 | Precision 0.0745 | Recall 0.9333 | F1 0.1379 | AUC 0.9574 | trainTime 0.4180 | exSelTime 0.1229 | testTime 0.0021 | numPos 13.0000 | numNeg 1512.0000
Epoch 0099 | Eval Loss 0.6898 | Precision 1.0000 | Recall 1.0000 | F1 1.0000 | AUC 1.0000 | time 0.0021
ITER=41, #Train=1563, #HeldOut=1440, #Test=3003
Test Set Loss 0.7294 | Precision 0.0754 | Recall 1.0000 | F1 0.1402 | AUC 0.9598 | trainTime 0.4180 | exSelTime 0.1241 | testTime 0.0024 | numPos 14.0000 | numNeg 1549.0000
Epoch 0099 | Eval Loss 0.6899 | Precision 1.0000 | Recall 1.0000 | F1 1.0000 | AUC 1.0000 | time 0.0019
ITER=42, #Train=1601, #HeldOut=1402, #Test=3003
Test Set Loss 0.7200 | Precision 0.0987 | Recall 1.0000 | F1 0.1796 | AUC 0.9721 | trainTime 0.4180 | exSelTime 0.1223 | testTime 0.0019 | numPos 14.0000 | numNeg 1587.0000
Epoch 0099 | Eval Loss 0.6899 | Precision 1.0000 | Recall 1.0000 | F1 1.0000 | AUC 1.0000 | time 0.0020
ITER=43, #Train=1639, #HeldOut=1364, #Test=3003
Test Set Loss 0.7202 | Precision 0.0993 | Recall 1.0000 | F1 0.1807 | AUC 0.9722 | trainTime 0.4180 | exSelTime 0.1223 | testTime 0.0020 | numPos 14.0000 | numNeg 1625.0000
Epoch 0099 | Eval Loss 0.6900 | Precision 1.0000 | Recall 1.0000 | F1 1.0000 | AUC 1.0000 | time 0.0019
ITER=44, #Train=1677, #HeldOut=1326, #Test=3003
Test Set Loss 0.7168 | Precision 0.1056 | Recall 1.0000 | F1 0.1911 | AUC 0.9756 | trainTime 0.4180 | exSelTime 0.1233 | testTime 0.0022 | numPos 14.0000 | numNeg 1663.0000
Epoch 0099 | Eval Loss 0.6901 | Precision 1.0000 | Recall 1.0000 | F1 1.0000 | AUC 1.0000 | time 0.0025
ITER=45, #Train=1715, #HeldOut=1288, #Test=3003
Test Set Loss 0.7174 | Precision 0.1049 | Recall 1.0000 | F1 0.1899 | AUC 0.9747 | trainTime 0.4180 | exSelTime 0.1192 | testTime 0.0022 | numPos 14.0000 | numNeg 1701.0000
Epoch 0099 | Eval Loss 0.6901 | Precision 1.0000 | Recall 1.0000 | F1 1.0000 | AUC 1.0000 | time 0.0019
ITER=46, #Train=1753, #HeldOut=1250, #Test=3003
Test Set Loss 0.7175 | Precision 0.1049 | Recall 1.0000 | F1 0.1899 | AUC 0.9744 | trainTime 0.4180 | exSelTime 0.1256 | testTime 0.0019 | numPos 14.0000 | numNeg 1739.0000
Epoch 0099 | Eval Loss 0.6902 | Precision 1.0000 | Recall 1.0000 | F1 1.0000 | AUC 1.0000 | time 0.0018
ITER=47, #Train=1791, #HeldOut=1212, #Test=3003
Test Set Loss 0.7176 | Precision 0.1049 | Recall 1.0000 | F1 0.1899 | AUC 0.9742 | trainTime 0.4180 | exSelTime 0.1184 | testTime 0.0022 | numPos 14.0000 | numNeg 1777.0000
Epoch 0099 | Eval Loss 0.6902 | Precision 1.0000 | Recall 1.0000 | F1 1.0000 | AUC 1.0000 | time 0.0020
ITER=48, #Train=1829, #HeldOut=1174, #Test=3003
Test Set Loss 0.7171 | Precision 0.1056 | Recall 1.0000 | F1 0.1911 | AUC 0.9746 | trainTime 0.4180 | exSelTime 0.1212 | testTime 0.0021 | numPos 14.0000 | numNeg 1815.0000
Epoch 0099 | Eval Loss 0.6903 | Precision 1.0000 | Recall 1.0000 | F1 1.0000 | AUC 1.0000 | time 0.0019
ITER=49, #Train=1867, #HeldOut=1136, #Test=3003
Test Set Loss 0.7171 | Precision 0.1056 | Recall 1.0000 | F1 0.1911 | AUC 0.9747 | trainTime 0.4180 | exSelTime 0.1205 | testTime 0.0021 | numPos 14.0000 | numNeg 1853.0000
Epoch 0099 | Eval Loss 0.6904 | Precision 1.0000 | Recall 1.0000 | F1 1.0000 | AUC 1.0000 | time 0.0021
ITER=50, #Train=1905, #HeldOut=1098, #Test=3003
Test Set Loss 0.7163 | Precision 0.1087 | Recall 1.0000 | F1 0.1961 | AUC 0.9760 | trainTime 0.4180 | exSelTime 0.1178 | testTime 0.0031 | numPos 14.0000 | numNeg 1891.0000
Epoch 0099 | Eval Loss 0.6904 | Precision 1.0000 | Recall 1.0000 | F1 1.0000 | AUC 1.0000 | time 0.0021
ITER=51, #Train=1943, #HeldOut=1060, #Test=3003
Test Set Loss 0.7112 | Precision 0.1339 | Recall 1.0000 | F1 0.2362 | AUC 0.9792 | trainTime 0.4180 | exSelTime 0.1159 | testTime 0.0022 | numPos 14.0000 | numNeg 1929.0000
Epoch 0099 | Eval Loss 0.6905 | Precision 1.0000 | Recall 1.0000 | F1 1.0000 | AUC 1.0000 | time 0.0020
ITER=52, #Train=1981, #HeldOut=1022, #Test=3003
Test Set Loss 0.7117 | Precision 0.1293 | Recall 1.0000 | F1 0.2290 | AUC 0.9788 | trainTime 0.4180 | exSelTime 0.1132 | testTime 0.0020 | numPos 14.0000 | numNeg 1967.0000
Epoch 0099 | Eval Loss 0.6905 | Precision 1.0000 | Recall 1.0000 | F1 1.0000 | AUC 1.0000 | time 0.0023
ITER=53, #Train=2019, #HeldOut=984, #Test=3003
Test Set Loss 0.7112 | Precision 0.1351 | Recall 1.0000 | F1 0.2381 | AUC 0.9792 | trainTime 0.4180 | exSelTime 0.1134 | testTime 0.0026 | numPos 14.0000 | numNeg 2005.0000
Epoch 0099 | Eval Loss 0.6906 | Precision 1.0000 | Recall 1.0000 | F1 1.0000 | AUC 1.0000 | time 0.0021
ITER=54, #Train=2057, #HeldOut=946, #Test=3003
Test Set Loss 0.7111 | Precision 0.1339 | Recall 1.0000 | F1 0.2362 | AUC 0.9780 | trainTime 0.4180 | exSelTime 0.1127 | testTime 0.0022 | numPos 14.0000 | numNeg 2043.0000
Epoch 0099 | Eval Loss 0.6906 | Precision 1.0000 | Recall 1.0000 | F1 1.0000 | AUC 1.0000 | time 0.0020
ITER=55, #Train=2095, #HeldOut=908, #Test=3003
Test Set Loss 0.7109 | Precision 0.1364 | Recall 1.0000 | F1 0.2400 | AUC 0.9782 | trainTime 0.4180 | exSelTime 0.1057 | testTime 0.0022 | numPos 14.0000 | numNeg 2081.0000
Epoch 0099 | Eval Loss 0.6907 | Precision 1.0000 | Recall 1.0000 | F1 1.0000 | AUC 1.0000 | time 0.0021
ITER=56, #Train=2133, #HeldOut=870, #Test=3003
Test Set Loss 0.7083 | Precision 0.1546 | Recall 1.0000 | F1 0.2679 | AUC 0.9804 | trainTime 0.4180 | exSelTime 0.1064 | testTime 0.0022 | numPos 14.0000 | numNeg 2119.0000
Epoch 0099 | Eval Loss 0.6907 | Precision 1.0000 | Recall 1.0000 | F1 1.0000 | AUC 1.0000 | time 0.0021
ITER=57, #Train=2171, #HeldOut=832, #Test=3003
Test Set Loss 0.7084 | Precision 0.1531 | Recall 1.0000 | F1 0.2655 | AUC 0.9802 | trainTime 0.4180 | exSelTime 0.1030 | testTime 0.0022 | numPos 14.0000 | numNeg 2157.0000
Epoch 0099 | Eval Loss 0.6908 | Precision 1.0000 | Recall 1.0000 | F1 1.0000 | AUC 1.0000 | time 0.0021
ITER=58, #Train=2209, #HeldOut=794, #Test=3003
Test Set Loss 0.6929 | Precision 0.6818 | Recall 1.0000 | F1 0.8108 | AUC 0.9990 | trainTime 0.4180 | exSelTime 0.1017 | testTime 0.0023 | numPos 14.0000 | numNeg 2195.0000
Epoch 0099 | Eval Loss 0.6908 | Precision 1.0000 | Recall 1.0000 | F1 1.0000 | AUC 1.0000 | time 0.0023
ITER=59, #Train=2247, #HeldOut=756, #Test=3003
Test Set Loss 0.6929 | Precision 0.6818 | Recall 1.0000 | F1 0.8108 | AUC 0.9991 | trainTime 0.4180 | exSelTime 0.1025 | testTime 0.0028 | numPos 14.0000 | numNeg 2233.0000
Epoch 0099 | Eval Loss 0.6908 | Precision 1.0000 | Recall 1.0000 | F1 1.0000 | AUC 1.0000 | time 0.0019
ITER=60, #Train=2285, #HeldOut=718, #Test=3003
Test Set Loss 0.6929 | Precision 0.6818 | Recall 1.0000 | F1 0.8108 | AUC 0.9991 | trainTime 0.4180 | exSelTime 0.1006 | testTime 0.0021 | numPos 14.0000 | numNeg 2271.0000
Epoch 0099 | Eval Loss 0.6909 | Precision 1.0000 | Recall 1.0000 | F1 1.0000 | AUC 1.0000 | time 0.0018
ITER=61, #Train=2323, #HeldOut=680, #Test=3003
Test Set Loss 0.6929 | Precision 0.6818 | Recall 1.0000 | F1 0.8108 | AUC 0.9991 | trainTime 0.4180 | exSelTime 0.1016 | testTime 0.0020 | numPos 14.0000 | numNeg 2309.0000
Epoch 0099 | Eval Loss 0.6909 | Precision 1.0000 | Recall 1.0000 | F1 1.0000 | AUC 1.0000 | time 0.0021
ITER=62, #Train=2361, #HeldOut=642, #Test=3003
Test Set Loss 0.6929 | Precision 0.6818 | Recall 1.0000 | F1 0.8108 | AUC 0.9991 | trainTime 0.4180 | exSelTime 0.1007 | testTime 0.0024 | numPos 14.0000 | numNeg 2347.0000
Epoch 0099 | Eval Loss 0.6909 | Precision 1.0000 | Recall 1.0000 | F1 1.0000 | AUC 1.0000 | time 0.0021
ITER=63, #Train=2399, #HeldOut=604, #Test=3003
Test Set Loss 0.6927 | Precision 0.6818 | Recall 1.0000 | F1 0.8108 | AUC 0.9991 | trainTime 0.4180 | exSelTime 0.0993 | testTime 0.0021 | numPos 14.0000 | numNeg 2385.0000
Epoch 0099 | Eval Loss 0.6910 | Precision 1.0000 | Recall 1.0000 | F1 1.0000 | AUC 1.0000 | time 0.0020
ITER=64, #Train=2437, #HeldOut=566, #Test=3003
Test Set Loss 0.6926 | Precision 0.6818 | Recall 1.0000 | F1 0.8108 | AUC 0.9991 | trainTime 0.4180 | exSelTime 0.1000 | testTime 0.0025 | numPos 14.0000 | numNeg 2423.0000
Epoch 0099 | Eval Loss 0.6910 | Precision 1.0000 | Recall 1.0000 | F1 1.0000 | AUC 1.0000 | time 0.0022
ITER=65, #Train=2475, #HeldOut=528, #Test=3003
Test Set Loss 0.6926 | Precision 0.6818 | Recall 1.0000 | F1 0.8108 | AUC 0.9991 | trainTime 0.4180 | exSelTime 0.0932 | testTime 0.0025 | numPos 14.0000 | numNeg 2461.0000
Epoch 0099 | Eval Loss 0.6910 | Precision 1.0000 | Recall 1.0000 | F1 1.0000 | AUC 1.0000 | time 0.0020
ITER=66, #Train=2513, #HeldOut=490, #Test=3003
Test Set Loss 0.6926 | Precision 0.6818 | Recall 1.0000 | F1 0.8108 | AUC 0.9991 | trainTime 0.4180 | exSelTime 0.0928 | testTime 0.0021 | numPos 14.0000 | numNeg 2499.0000
Epoch 0099 | Eval Loss 0.6911 | Precision 1.0000 | Recall 1.0000 | F1 1.0000 | AUC 1.0000 | time 0.0020
ITER=67, #Train=2551, #HeldOut=452, #Test=3003
Test Set Loss 0.6923 | Precision 0.7500 | Recall 1.0000 | F1 0.8571 | AUC 0.9991 | trainTime 0.4180 | exSelTime 0.0921 | testTime 0.0021 | numPos 14.0000 | numNeg 2537.0000
Epoch 0099 | Eval Loss 0.6911 | Precision 1.0000 | Recall 1.0000 | F1 1.0000 | AUC 1.0000 | time 0.0022
ITER=68, #Train=2589, #HeldOut=414, #Test=3003
Test Set Loss 0.6921 | Precision 0.7895 | Recall 1.0000 | F1 0.8824 | AUC 0.9991 | trainTime 0.4180 | exSelTime 0.0935 | testTime 0.0021 | numPos 14.0000 | numNeg 2575.0000
Epoch 0099 | Eval Loss 0.6911 | Precision 1.0000 | Recall 1.0000 | F1 1.0000 | AUC 1.0000 | time 0.0022
ITER=69, #Train=2627, #HeldOut=376, #Test=3003
Test Set Loss 0.6921 | Precision 0.7895 | Recall 1.0000 | F1 0.8824 | AUC 0.9991 | trainTime 0.4180 | exSelTime 0.0918 | testTime 0.0026 | numPos 14.0000 | numNeg 2613.0000
Epoch 0099 | Eval Loss 0.6910 | Precision 1.0000 | Recall 1.0000 | F1 1.0000 | AUC 1.0000 | time 0.0022
ITER=70, #Train=2665, #HeldOut=338, #Test=3003
Test Set Loss 0.6921 | Precision 0.7895 | Recall 1.0000 | F1 0.8824 | AUC 0.9991 | trainTime 0.4180 | exSelTime 0.0922 | testTime 0.0021 | numPos 15.0000 | numNeg 2650.0000
Epoch 0099 | Eval Loss 0.6910 | Precision 1.0000 | Recall 1.0000 | F1 1.0000 | AUC 1.0000 | time 0.0020
ITER=71, #Train=2703, #HeldOut=300, #Test=3003
Test Set Loss 0.6921 | Precision 0.7895 | Recall 1.0000 | F1 0.8824 | AUC 0.9991 | trainTime 0.4180 | exSelTime 0.0895 | testTime 0.0022 | numPos 15.0000 | numNeg 2688.0000
Epoch 0099 | Eval Loss 0.6911 | Precision 1.0000 | Recall 1.0000 | F1 1.0000 | AUC 1.0000 | time 0.0025
ITER=72, #Train=2741, #HeldOut=262, #Test=3003
Test Set Loss 0.6913 | Precision 1.0000 | Recall 1.0000 | F1 1.0000 | AUC 1.0000 | trainTime 0.4180 | exSelTime 0.0880 | testTime 0.0024 | numPos 15.0000 | numNeg 2726.0000
Epoch 0099 | Eval Loss 0.6911 | Precision 1.0000 | Recall 1.0000 | F1 1.0000 | AUC 1.0000 | time 0.0023
ITER=73, #Train=2779, #HeldOut=224, #Test=3003
Test Set Loss 0.6913 | Precision 1.0000 | Recall 1.0000 | F1 1.0000 | AUC 1.0000 | trainTime 0.4180 | exSelTime 0.0849 | testTime 0.0026 | numPos 15.0000 | numNeg 2764.0000
Epoch 0099 | Eval Loss 0.6911 | Precision 1.0000 | Recall 1.0000 | F1 1.0000 | AUC 1.0000 | time 0.0022
ITER=74, #Train=2817, #HeldOut=186, #Test=3003
Test Set Loss 0.6913 | Precision 1.0000 | Recall 1.0000 | F1 1.0000 | AUC 1.0000 | trainTime 0.4180 | exSelTime 0.0836 | testTime 0.0024 | numPos 15.0000 | numNeg 2802.0000
Epoch 0099 | Eval Loss 0.6912 | Precision 1.0000 | Recall 1.0000 | F1 1.0000 | AUC 1.0000 | time 0.0023
ITER=75, #Train=2855, #HeldOut=148, #Test=3003
Test Set Loss 0.6913 | Precision 1.0000 | Recall 1.0000 | F1 1.0000 | AUC 1.0000 | trainTime 0.4180 | exSelTime 0.0837 | testTime 0.0021 | numPos 15.0000 | numNeg 2840.0000
Epoch 0099 | Eval Loss 0.6912 | Precision 1.0000 | Recall 1.0000 | F1 1.0000 | AUC 1.0000 | time 0.0022
ITER=76, #Train=2893, #HeldOut=110, #Test=3003
Test Set Loss 0.6913 | Precision 1.0000 | Recall 1.0000 | F1 1.0000 | AUC 1.0000 | trainTime 0.4180 | exSelTime 0.0843 | testTime 0.0023 | numPos 15.0000 | numNeg 2878.0000
Epoch 0099 | Eval Loss 0.6912 | Precision 1.0000 | Recall 1.0000 | F1 1.0000 | AUC 1.0000 | time 0.0021
ITER=77, #Train=2931, #HeldOut=72, #Test=3003
Test Set Loss 0.6913 | Precision 1.0000 | Recall 1.0000 | F1 1.0000 | AUC 1.0000 | trainTime 0.4180 | exSelTime 0.0837 | testTime 0.0021 | numPos 15.0000 | numNeg 2916.0000
Epoch 0099 | Eval Loss 0.6912 | Precision 1.0000 | Recall 1.0000 | F1 1.0000 | AUC 1.0000 | time 0.0021
ITER=78, #Train=2969, #HeldOut=34, #Test=3003
Test Set Loss 0.6913 | Precision 1.0000 | Recall 1.0000 | F1 1.0000 | AUC 1.0000 | trainTime 0.4180 | exSelTime 0.0828 | testTime 0.0022 | numPos 15.0000 | numNeg 2954.0000
Epoch 0099 | Eval Loss 0.6913 | Precision 1.0000 | Recall 1.0000 | F1 1.0000 | AUC 1.0000 | time 0.0022
ITER=79, #Train=3003, #HeldOut=0, #Test=3003
Test Set Loss 0.6913 | Precision 1.0000 | Recall 1.0000 | F1 1.0000 | AUC 1.0000 | trainTime 0.4180 | exSelTime 0.0739 | testTime 0.0022 | numPos 15.0000 | numNeg 2988.0000
