on cpu
loading data ... from src/model/gnn/dataset/cmt-conference/cmt_conference_Ontology_Node_Embeddings.txt
src/model/gnn/dataset/cmt-conference/cmt_conference_Ontology_Edge_List.txt
src/model/gnn/dataset/cmt-conference/prog_seed_pairs.txt
src/model/gnn/dataset/cmt-conference/pos_neg_pairs.txt
done
Epoch 0099 | Eval Loss 0.6172 | Precision 1.0000 | Recall 1.0000 | F1 1.0000 | AUC 1.0000 | time 0.0015
ITER=0, #Train=5, #HeldOut=2998, #Test=3003
Test Set Loss 1.1550 | Precision 0.0055 | Recall 1.0000 | F1 0.0109 | AUC 0.7462 | trainTime 0.4249 | exSelTime 0.0000 | testTime 0.0025 | numPos -1.0000 | numNeg -1.0000
Epoch 0099 | Eval Loss 0.6578 | Precision 1.0000 | Recall 1.0000 | F1 1.0000 | AUC 1.0000 | time 0.0015
ITER=1, #Train=43, #HeldOut=2960, #Test=3003
Test Set Loss 1.0214 | Precision 0.0074 | Recall 1.0000 | F1 0.0146 | AUC 0.8498 | trainTime 0.4249 | exSelTime 0.3028 | testTime 0.0021 | numPos 4.0000 | numNeg 39.0000
Epoch 0099 | Eval Loss 0.6651 | Precision 1.0000 | Recall 1.0000 | F1 1.0000 | AUC 1.0000 | time 0.0015
ITER=2, #Train=81, #HeldOut=2922, #Test=3003
Test Set Loss 1.0762 | Precision 0.0068 | Recall 1.0000 | F1 0.0136 | AUC 0.8193 | trainTime 0.4249 | exSelTime 0.3040 | testTime 0.0020 | numPos 6.0000 | numNeg 75.0000
Epoch 0099 | Eval Loss 0.6714 | Precision 1.0000 | Recall 1.0000 | F1 1.0000 | AUC 1.0000 | time 0.0016
ITER=3, #Train=119, #HeldOut=2884, #Test=3003
Test Set Loss 1.0468 | Precision 0.0078 | Recall 1.0000 | F1 0.0155 | AUC 0.7555 | trainTime 0.4249 | exSelTime 0.2961 | testTime 0.0024 | numPos 7.0000 | numNeg 112.0000
Epoch 0099 | Eval Loss 0.6765 | Precision 1.0000 | Recall 1.0000 | F1 1.0000 | AUC 1.0000 | time 0.0015
ITER=4, #Train=157, #HeldOut=2846, #Test=3003
Test Set Loss 0.9487 | Precision 0.0100 | Recall 1.0000 | F1 0.0198 | AUC 0.8975 | trainTime 0.4249 | exSelTime 0.2924 | testTime 0.0020 | numPos 7.0000 | numNeg 150.0000
Epoch 0099 | Eval Loss 0.6806 | Precision 1.0000 | Recall 1.0000 | F1 1.0000 | AUC 1.0000 | time 0.0016
ITER=5, #Train=195, #HeldOut=2808, #Test=3003
Test Set Loss 0.8967 | Precision 0.0128 | Recall 1.0000 | F1 0.0253 | AUC 0.9094 | trainTime 0.4249 | exSelTime 0.2949 | testTime 0.0026 | numPos 7.0000 | numNeg 188.0000
Epoch 0099 | Eval Loss 0.6823 | Precision 1.0000 | Recall 1.0000 | F1 1.0000 | AUC 1.0000 | time 0.0015
ITER=6, #Train=233, #HeldOut=2770, #Test=3003
Test Set Loss 0.8752 | Precision 0.0141 | Recall 1.0000 | F1 0.0278 | AUC 0.9281 | trainTime 0.4249 | exSelTime 0.2869 | testTime 0.0020 | numPos 7.0000 | numNeg 226.0000
Epoch 0099 | Eval Loss 0.6834 | Precision 1.0000 | Recall 1.0000 | F1 1.0000 | AUC 1.0000 | time 0.0016
ITER=7, #Train=271, #HeldOut=2732, #Test=3003
Test Set Loss 0.8195 | Precision 0.0228 | Recall 1.0000 | F1 0.0446 | AUC 0.9671 | trainTime 0.4249 | exSelTime 0.2810 | testTime 0.0020 | numPos 8.0000 | numNeg 263.0000
Epoch 0099 | Eval Loss 0.6847 | Precision 1.0000 | Recall 1.0000 | F1 1.0000 | AUC 1.0000 | time 0.0016
ITER=8, #Train=309, #HeldOut=2694, #Test=3003
Test Set Loss 0.7961 | Precision 0.0295 | Recall 1.0000 | F1 0.0574 | AUC 0.9656 | trainTime 0.4249 | exSelTime 0.2770 | testTime 0.0022 | numPos 8.0000 | numNeg 301.0000
Epoch 0099 | Eval Loss 0.6853 | Precision 1.0000 | Recall 1.0000 | F1 1.0000 | AUC 1.0000 | time 0.0015
ITER=9, #Train=347, #HeldOut=2656, #Test=3003
Test Set Loss 0.7404 | Precision 0.0993 | Recall 1.0000 | F1 0.1807 | AUC 0.9915 | trainTime 0.4249 | exSelTime 0.2878 | testTime 0.0022 | numPos 9.0000 | numNeg 338.0000
Epoch 0099 | Eval Loss 0.6869 | Precision 1.0000 | Recall 1.0000 | F1 1.0000 | AUC 1.0000 | time 0.0018
ITER=10, #Train=385, #HeldOut=2618, #Test=3003
Test Set Loss 0.7310 | Precision 0.0734 | Recall 0.8667 | F1 0.1354 | AUC 0.9877 | trainTime 0.4249 | exSelTime 0.2732 | testTime 0.0022 | numPos 10.0000 | numNeg 375.0000
Epoch 0099 | Eval Loss 0.6853 | Precision 1.0000 | Recall 1.0000 | F1 1.0000 | AUC 1.0000 | time 0.0016
ITER=11, #Train=423, #HeldOut=2580, #Test=3003
Test Set Loss 0.7011 | Precision 0.4615 | Recall 0.8000 | F1 0.5854 | AUC 0.9973 | trainTime 0.4249 | exSelTime 0.2671 | testTime 0.0020 | numPos 11.0000 | numNeg 412.0000
Epoch 0099 | Eval Loss 0.6844 | Precision 1.0000 | Recall 1.0000 | F1 1.0000 | AUC 1.0000 | time 0.0016
ITER=12, #Train=461, #HeldOut=2542, #Test=3003
Test Set Loss 0.6965 | Precision 0.5600 | Recall 0.9333 | F1 0.7000 | AUC 0.9963 | trainTime 0.4249 | exSelTime 0.2751 | testTime 0.0022 | numPos 13.0000 | numNeg 448.0000
Epoch 0099 | Eval Loss 0.6844 | Precision 1.0000 | Recall 1.0000 | F1 1.0000 | AUC 1.0000 | time 0.0015
ITER=13, #Train=499, #HeldOut=2504, #Test=3003
Test Set Loss 0.6933 | Precision 0.6364 | Recall 0.9333 | F1 0.7568 | AUC 0.9963 | trainTime 0.4249 | exSelTime 0.2620 | testTime 0.0020 | numPos 13.0000 | numNeg 486.0000
Epoch 0099 | Eval Loss 0.6846 | Precision 1.0000 | Recall 1.0000 | F1 1.0000 | AUC 1.0000 | time 0.0020
ITER=14, #Train=537, #HeldOut=2466, #Test=3003
Test Set Loss 0.6917 | Precision 0.9333 | Recall 0.9333 | F1 0.9333 | AUC 0.9970 | trainTime 0.4249 | exSelTime 0.2616 | testTime 0.0022 | numPos 13.0000 | numNeg 524.0000
Epoch 0099 | Eval Loss 0.6849 | Precision 1.0000 | Recall 1.0000 | F1 1.0000 | AUC 1.0000 | time 0.0019
ITER=15, #Train=575, #HeldOut=2428, #Test=3003
Test Set Loss 0.6917 | Precision 0.9333 | Recall 0.9333 | F1 0.9333 | AUC 0.9970 | trainTime 0.4249 | exSelTime 0.2523 | testTime 0.0021 | numPos 13.0000 | numNeg 562.0000
Epoch 0099 | Eval Loss 0.6854 | Precision 1.0000 | Recall 1.0000 | F1 1.0000 | AUC 1.0000 | time 0.0021
ITER=16, #Train=613, #HeldOut=2390, #Test=3003
Test Set Loss 0.6917 | Precision 0.9375 | Recall 1.0000 | F1 0.9677 | AUC 0.9997 | trainTime 0.4249 | exSelTime 0.2618 | testTime 0.0022 | numPos 14.0000 | numNeg 599.0000
Epoch 0099 | Eval Loss 0.6854 | Precision 1.0000 | Recall 1.0000 | F1 1.0000 | AUC 1.0000 | time 0.0018
ITER=17, #Train=651, #HeldOut=2352, #Test=3003
Test Set Loss 0.6915 | Precision 0.9375 | Recall 1.0000 | F1 0.9677 | AUC 0.9997 | trainTime 0.4249 | exSelTime 0.2569 | testTime 0.0021 | numPos 14.0000 | numNeg 637.0000
Epoch 0099 | Eval Loss 0.6856 | Precision 1.0000 | Recall 1.0000 | F1 1.0000 | AUC 1.0000 | time 0.0020
ITER=18, #Train=689, #HeldOut=2314, #Test=3003
Test Set Loss 0.6915 | Precision 0.9375 | Recall 1.0000 | F1 0.9677 | AUC 0.9997 | trainTime 0.4249 | exSelTime 0.2544 | testTime 0.0020 | numPos 14.0000 | numNeg 675.0000
Epoch 0099 | Eval Loss 0.6860 | Precision 1.0000 | Recall 1.0000 | F1 1.0000 | AUC 1.0000 | time 0.0018
ITER=19, #Train=727, #HeldOut=2276, #Test=3003
Test Set Loss 0.6915 | Precision 0.9375 | Recall 1.0000 | F1 0.9677 | AUC 0.9997 | trainTime 0.4249 | exSelTime 0.2457 | testTime 0.0020 | numPos 14.0000 | numNeg 713.0000
Epoch 0099 | Eval Loss 0.6863 | Precision 1.0000 | Recall 1.0000 | F1 1.0000 | AUC 1.0000 | time 0.0018
ITER=20, #Train=765, #HeldOut=2238, #Test=3003
Test Set Loss 0.6915 | Precision 0.9375 | Recall 1.0000 | F1 0.9677 | AUC 0.9997 | trainTime 0.4249 | exSelTime 0.2487 | testTime 0.0020 | numPos 14.0000 | numNeg 751.0000
Epoch 0099 | Eval Loss 0.6866 | Precision 1.0000 | Recall 1.0000 | F1 1.0000 | AUC 1.0000 | time 0.0018
ITER=21, #Train=803, #HeldOut=2200, #Test=3003
Test Set Loss 0.6915 | Precision 0.9375 | Recall 1.0000 | F1 0.9677 | AUC 0.9997 | trainTime 0.4249 | exSelTime 0.2490 | testTime 0.0019 | numPos 14.0000 | numNeg 789.0000
Epoch 0099 | Eval Loss 0.6869 | Precision 1.0000 | Recall 1.0000 | F1 1.0000 | AUC 1.0000 | time 0.0019
ITER=22, #Train=841, #HeldOut=2162, #Test=3003
Test Set Loss 0.6915 | Precision 0.9375 | Recall 1.0000 | F1 0.9677 | AUC 0.9997 | trainTime 0.4249 | exSelTime 0.2407 | testTime 0.0023 | numPos 14.0000 | numNeg 827.0000
Epoch 0099 | Eval Loss 0.6871 | Precision 1.0000 | Recall 1.0000 | F1 1.0000 | AUC 1.0000 | time 0.0018
ITER=23, #Train=879, #HeldOut=2124, #Test=3003
Test Set Loss 0.6915 | Precision 0.9375 | Recall 1.0000 | F1 0.9677 | AUC 0.9997 | trainTime 0.4249 | exSelTime 0.2365 | testTime 0.0020 | numPos 14.0000 | numNeg 865.0000
Epoch 0099 | Eval Loss 0.6874 | Precision 1.0000 | Recall 1.0000 | F1 1.0000 | AUC 1.0000 | time 0.0018
ITER=24, #Train=917, #HeldOut=2086, #Test=3003
Test Set Loss 0.6915 | Precision 0.9375 | Recall 1.0000 | F1 0.9677 | AUC 0.9997 | trainTime 0.4249 | exSelTime 0.2351 | testTime 0.0020 | numPos 14.0000 | numNeg 903.0000
Epoch 0099 | Eval Loss 0.6876 | Precision 1.0000 | Recall 1.0000 | F1 1.0000 | AUC 1.0000 | time 0.0018
ITER=25, #Train=955, #HeldOut=2048, #Test=3003
Test Set Loss 0.6915 | Precision 0.9375 | Recall 1.0000 | F1 0.9677 | AUC 0.9997 | trainTime 0.4249 | exSelTime 0.2265 | testTime 0.0020 | numPos 14.0000 | numNeg 941.0000
Epoch 0099 | Eval Loss 0.6878 | Precision 1.0000 | Recall 1.0000 | F1 1.0000 | AUC 1.0000 | time 0.0018
ITER=26, #Train=993, #HeldOut=2010, #Test=3003
Test Set Loss 0.6915 | Precision 0.9375 | Recall 1.0000 | F1 0.9677 | AUC 0.9997 | trainTime 0.4249 | exSelTime 0.2239 | testTime 0.0021 | numPos 14.0000 | numNeg 979.0000
Epoch 0099 | Eval Loss 0.6880 | Precision 1.0000 | Recall 1.0000 | F1 1.0000 | AUC 1.0000 | time 0.0021
ITER=27, #Train=1031, #HeldOut=1972, #Test=3003
Test Set Loss 0.6915 | Precision 0.9375 | Recall 1.0000 | F1 0.9677 | AUC 0.9997 | trainTime 0.4249 | exSelTime 0.2250 | testTime 0.0022 | numPos 14.0000 | numNeg 1017.0000
Epoch 0099 | Eval Loss 0.6882 | Precision 1.0000 | Recall 1.0000 | F1 1.0000 | AUC 1.0000 | time 0.0017
ITER=28, #Train=1069, #HeldOut=1934, #Test=3003
Test Set Loss 0.6915 | Precision 0.9375 | Recall 1.0000 | F1 0.9677 | AUC 0.9997 | trainTime 0.4249 | exSelTime 0.2264 | testTime 0.0020 | numPos 14.0000 | numNeg 1055.0000
Epoch 0099 | Eval Loss 0.6884 | Precision 1.0000 | Recall 1.0000 | F1 1.0000 | AUC 1.0000 | time 0.0020
ITER=29, #Train=1107, #HeldOut=1896, #Test=3003
Test Set Loss 0.6915 | Precision 0.9375 | Recall 1.0000 | F1 0.9677 | AUC 0.9997 | trainTime 0.4249 | exSelTime 0.2216 | testTime 0.0021 | numPos 14.0000 | numNeg 1093.0000
Epoch 0099 | Eval Loss 0.6885 | Precision 1.0000 | Recall 1.0000 | F1 1.0000 | AUC 1.0000 | time 0.0019
ITER=30, #Train=1145, #HeldOut=1858, #Test=3003
Test Set Loss 0.6915 | Precision 0.9375 | Recall 1.0000 | F1 0.9677 | AUC 0.9997 | trainTime 0.4249 | exSelTime 0.2185 | testTime 0.0020 | numPos 14.0000 | numNeg 1131.0000
Epoch 0099 | Eval Loss 0.6887 | Precision 1.0000 | Recall 1.0000 | F1 1.0000 | AUC 1.0000 | time 0.0018
ITER=31, #Train=1183, #HeldOut=1820, #Test=3003
Test Set Loss 0.6915 | Precision 0.9375 | Recall 1.0000 | F1 0.9677 | AUC 0.9997 | trainTime 0.4249 | exSelTime 0.2168 | testTime 0.0020 | numPos 14.0000 | numNeg 1169.0000
Epoch 0099 | Eval Loss 0.6888 | Precision 1.0000 | Recall 1.0000 | F1 1.0000 | AUC 1.0000 | time 0.0020
ITER=32, #Train=1221, #HeldOut=1782, #Test=3003
Test Set Loss 0.6915 | Precision 0.9375 | Recall 1.0000 | F1 0.9677 | AUC 0.9997 | trainTime 0.4249 | exSelTime 0.2071 | testTime 0.0019 | numPos 14.0000 | numNeg 1207.0000
Epoch 0099 | Eval Loss 0.6889 | Precision 1.0000 | Recall 1.0000 | F1 1.0000 | AUC 1.0000 | time 0.0017
ITER=33, #Train=1259, #HeldOut=1744, #Test=3003
Test Set Loss 0.6915 | Precision 0.9375 | Recall 1.0000 | F1 0.9677 | AUC 0.9997 | trainTime 0.4249 | exSelTime 0.2106 | testTime 0.0020 | numPos 14.0000 | numNeg 1245.0000
Epoch 0099 | Eval Loss 0.6891 | Precision 1.0000 | Recall 1.0000 | F1 1.0000 | AUC 1.0000 | time 0.0020
ITER=34, #Train=1297, #HeldOut=1706, #Test=3003
Test Set Loss 0.6915 | Precision 0.9375 | Recall 1.0000 | F1 0.9677 | AUC 0.9997 | trainTime 0.4249 | exSelTime 0.2075 | testTime 0.0021 | numPos 14.0000 | numNeg 1283.0000
Epoch 0099 | Eval Loss 0.6892 | Precision 1.0000 | Recall 1.0000 | F1 1.0000 | AUC 1.0000 | time 0.0020
ITER=35, #Train=1335, #HeldOut=1668, #Test=3003
Test Set Loss 0.6915 | Precision 0.9375 | Recall 1.0000 | F1 0.9677 | AUC 0.9997 | trainTime 0.4249 | exSelTime 0.2099 | testTime 0.0021 | numPos 14.0000 | numNeg 1321.0000
Epoch 0099 | Eval Loss 0.6893 | Precision 1.0000 | Recall 1.0000 | F1 1.0000 | AUC 1.0000 | time 0.0019
ITER=36, #Train=1373, #HeldOut=1630, #Test=3003
Test Set Loss 0.6915 | Precision 0.9375 | Recall 1.0000 | F1 0.9677 | AUC 0.9997 | trainTime 0.4249 | exSelTime 0.1957 | testTime 0.0021 | numPos 14.0000 | numNeg 1359.0000
Epoch 0099 | Eval Loss 0.6894 | Precision 1.0000 | Recall 1.0000 | F1 1.0000 | AUC 1.0000 | time 0.0018
ITER=37, #Train=1411, #HeldOut=1592, #Test=3003
Test Set Loss 0.6915 | Precision 0.9375 | Recall 1.0000 | F1 0.9677 | AUC 0.9997 | trainTime 0.4249 | exSelTime 0.2027 | testTime 0.0020 | numPos 14.0000 | numNeg 1397.0000
Epoch 0099 | Eval Loss 0.6895 | Precision 1.0000 | Recall 1.0000 | F1 1.0000 | AUC 1.0000 | time 0.0017
ITER=38, #Train=1449, #HeldOut=1554, #Test=3003
Test Set Loss 0.6915 | Precision 0.9375 | Recall 1.0000 | F1 0.9677 | AUC 0.9997 | trainTime 0.4249 | exSelTime 0.1871 | testTime 0.0022 | numPos 14.0000 | numNeg 1435.0000
Epoch 0099 | Eval Loss 0.6896 | Precision 1.0000 | Recall 1.0000 | F1 1.0000 | AUC 1.0000 | time 0.0019
ITER=39, #Train=1487, #HeldOut=1516, #Test=3003
Test Set Loss 0.6915 | Precision 0.9375 | Recall 1.0000 | F1 0.9677 | AUC 0.9997 | trainTime 0.4249 | exSelTime 0.1926 | testTime 0.0021 | numPos 14.0000 | numNeg 1473.0000
Epoch 0099 | Eval Loss 0.6897 | Precision 1.0000 | Recall 1.0000 | F1 1.0000 | AUC 1.0000 | time 0.0019
ITER=40, #Train=1525, #HeldOut=1478, #Test=3003
Test Set Loss 0.6915 | Precision 0.9375 | Recall 1.0000 | F1 0.9677 | AUC 0.9997 | trainTime 0.4249 | exSelTime 0.1946 | testTime 0.0023 | numPos 14.0000 | numNeg 1511.0000
Epoch 0099 | Eval Loss 0.6898 | Precision 1.0000 | Recall 1.0000 | F1 1.0000 | AUC 1.0000 | time 0.0019
ITER=41, #Train=1563, #HeldOut=1440, #Test=3003
Test Set Loss 0.6915 | Precision 0.9375 | Recall 1.0000 | F1 0.9677 | AUC 0.9997 | trainTime 0.4249 | exSelTime 0.1866 | testTime 0.0021 | numPos 14.0000 | numNeg 1549.0000
Epoch 0099 | Eval Loss 0.6898 | Precision 1.0000 | Recall 1.0000 | F1 1.0000 | AUC 1.0000 | time 0.0021
ITER=42, #Train=1601, #HeldOut=1402, #Test=3003
Test Set Loss 0.6915 | Precision 0.9375 | Recall 1.0000 | F1 0.9677 | AUC 0.9997 | trainTime 0.4249 | exSelTime 0.1815 | testTime 0.0022 | numPos 14.0000 | numNeg 1587.0000
Epoch 0099 | Eval Loss 0.6899 | Precision 1.0000 | Recall 1.0000 | F1 1.0000 | AUC 1.0000 | time 0.0023
ITER=43, #Train=1639, #HeldOut=1364, #Test=3003
Test Set Loss 0.6915 | Precision 0.9375 | Recall 1.0000 | F1 0.9677 | AUC 0.9997 | trainTime 0.4249 | exSelTime 0.1943 | testTime 0.0027 | numPos 14.0000 | numNeg 1625.0000
Epoch 0099 | Eval Loss 0.6900 | Precision 1.0000 | Recall 1.0000 | F1 1.0000 | AUC 1.0000 | time 0.0018
ITER=44, #Train=1677, #HeldOut=1326, #Test=3003
Test Set Loss 0.6915 | Precision 0.9375 | Recall 1.0000 | F1 0.9677 | AUC 0.9997 | trainTime 0.4249 | exSelTime 0.2105 | testTime 0.0022 | numPos 14.0000 | numNeg 1663.0000
Epoch 0099 | Eval Loss 0.6901 | Precision 1.0000 | Recall 1.0000 | F1 1.0000 | AUC 1.0000 | time 0.0021
ITER=45, #Train=1715, #HeldOut=1288, #Test=3003
Test Set Loss 0.6915 | Precision 0.9375 | Recall 1.0000 | F1 0.9677 | AUC 0.9997 | trainTime 0.4249 | exSelTime 0.1802 | testTime 0.0022 | numPos 14.0000 | numNeg 1701.0000
Epoch 0099 | Eval Loss 0.6901 | Precision 1.0000 | Recall 1.0000 | F1 1.0000 | AUC 1.0000 | time 0.0019
ITER=46, #Train=1753, #HeldOut=1250, #Test=3003
Test Set Loss 0.6915 | Precision 0.9375 | Recall 1.0000 | F1 0.9677 | AUC 0.9997 | trainTime 0.4249 | exSelTime 0.1757 | testTime 0.0021 | numPos 14.0000 | numNeg 1739.0000
Epoch 0099 | Eval Loss 0.6902 | Precision 1.0000 | Recall 1.0000 | F1 1.0000 | AUC 1.0000 | time 0.0021
ITER=47, #Train=1791, #HeldOut=1212, #Test=3003
Test Set Loss 0.6915 | Precision 0.9375 | Recall 1.0000 | F1 0.9677 | AUC 0.9997 | trainTime 0.4249 | exSelTime 0.1737 | testTime 0.0022 | numPos 14.0000 | numNeg 1777.0000
Epoch 0099 | Eval Loss 0.6902 | Precision 1.0000 | Recall 1.0000 | F1 1.0000 | AUC 1.0000 | time 0.0021
ITER=48, #Train=1829, #HeldOut=1174, #Test=3003
Test Set Loss 0.6915 | Precision 0.9375 | Recall 1.0000 | F1 0.9677 | AUC 0.9997 | trainTime 0.4249 | exSelTime 0.1706 | testTime 0.0021 | numPos 14.0000 | numNeg 1815.0000
Epoch 0099 | Eval Loss 0.6903 | Precision 1.0000 | Recall 1.0000 | F1 1.0000 | AUC 1.0000 | time 0.0021
ITER=49, #Train=1867, #HeldOut=1136, #Test=3003
Test Set Loss 0.6915 | Precision 0.9375 | Recall 1.0000 | F1 0.9677 | AUC 0.9997 | trainTime 0.4249 | exSelTime 0.1703 | testTime 0.0023 | numPos 14.0000 | numNeg 1853.0000
Epoch 0099 | Eval Loss 0.6904 | Precision 1.0000 | Recall 1.0000 | F1 1.0000 | AUC 1.0000 | time 0.0019
ITER=50, #Train=1905, #HeldOut=1098, #Test=3003
Test Set Loss 0.6915 | Precision 0.9375 | Recall 1.0000 | F1 0.9677 | AUC 0.9997 | trainTime 0.4249 | exSelTime 0.1698 | testTime 0.0022 | numPos 14.0000 | numNeg 1891.0000
Epoch 0099 | Eval Loss 0.6904 | Precision 1.0000 | Recall 1.0000 | F1 1.0000 | AUC 1.0000 | time 0.0021
ITER=51, #Train=1943, #HeldOut=1060, #Test=3003
Test Set Loss 0.6915 | Precision 0.9375 | Recall 1.0000 | F1 0.9677 | AUC 0.9997 | trainTime 0.4249 | exSelTime 0.1590 | testTime 0.0021 | numPos 14.0000 | numNeg 1929.0000
Epoch 0099 | Eval Loss 0.6905 | Precision 1.0000 | Recall 1.0000 | F1 1.0000 | AUC 1.0000 | time 0.0018
ITER=52, #Train=1981, #HeldOut=1022, #Test=3003
Test Set Loss 0.6915 | Precision 0.9375 | Recall 1.0000 | F1 0.9677 | AUC 0.9997 | trainTime 0.4249 | exSelTime 0.1531 | testTime 0.0021 | numPos 14.0000 | numNeg 1967.0000
Epoch 0099 | Eval Loss 0.6905 | Precision 1.0000 | Recall 1.0000 | F1 1.0000 | AUC 1.0000 | time 0.0018
ITER=53, #Train=2019, #HeldOut=984, #Test=3003
Test Set Loss 0.6915 | Precision 0.9375 | Recall 1.0000 | F1 0.9677 | AUC 0.9997 | trainTime 0.4249 | exSelTime 0.1537 | testTime 0.0020 | numPos 14.0000 | numNeg 2005.0000
Epoch 0099 | Eval Loss 0.6906 | Precision 1.0000 | Recall 1.0000 | F1 1.0000 | AUC 1.0000 | time 0.0020
ITER=54, #Train=2057, #HeldOut=946, #Test=3003
Test Set Loss 0.6915 | Precision 0.9375 | Recall 1.0000 | F1 0.9677 | AUC 0.9997 | trainTime 0.4249 | exSelTime 0.1535 | testTime 0.0025 | numPos 14.0000 | numNeg 2043.0000
Epoch 0099 | Eval Loss 0.6906 | Precision 1.0000 | Recall 1.0000 | F1 1.0000 | AUC 1.0000 | time 0.0021
ITER=55, #Train=2095, #HeldOut=908, #Test=3003
Test Set Loss 0.6915 | Precision 0.9375 | Recall 1.0000 | F1 0.9677 | AUC 0.9997 | trainTime 0.4249 | exSelTime 0.1448 | testTime 0.0022 | numPos 14.0000 | numNeg 2081.0000
Epoch 0099 | Eval Loss 0.6907 | Precision 1.0000 | Recall 1.0000 | F1 1.0000 | AUC 1.0000 | time 0.0022
ITER=56, #Train=2133, #HeldOut=870, #Test=3003
Test Set Loss 0.6915 | Precision 0.9375 | Recall 1.0000 | F1 0.9677 | AUC 0.9997 | trainTime 0.4249 | exSelTime 0.1415 | testTime 0.0021 | numPos 14.0000 | numNeg 2119.0000
Epoch 0099 | Eval Loss 0.6907 | Precision 1.0000 | Recall 1.0000 | F1 1.0000 | AUC 1.0000 | time 0.0022
ITER=57, #Train=2171, #HeldOut=832, #Test=3003
Test Set Loss 0.6915 | Precision 0.9375 | Recall 1.0000 | F1 0.9677 | AUC 0.9997 | trainTime 0.4249 | exSelTime 0.1471 | testTime 0.0024 | numPos 14.0000 | numNeg 2157.0000
Epoch 0099 | Eval Loss 0.6907 | Precision 1.0000 | Recall 1.0000 | F1 1.0000 | AUC 1.0000 | time 0.0022
ITER=58, #Train=2209, #HeldOut=794, #Test=3003
Test Set Loss 0.6915 | Precision 0.9375 | Recall 1.0000 | F1 0.9677 | AUC 0.9997 | trainTime 0.4249 | exSelTime 0.1588 | testTime 0.0022 | numPos 14.0000 | numNeg 2195.0000
Epoch 0099 | Eval Loss 0.6908 | Precision 1.0000 | Recall 1.0000 | F1 1.0000 | AUC 1.0000 | time 0.0018
ITER=59, #Train=2247, #HeldOut=756, #Test=3003
Test Set Loss 0.6915 | Precision 0.9375 | Recall 1.0000 | F1 0.9677 | AUC 0.9997 | trainTime 0.4249 | exSelTime 0.1484 | testTime 0.0023 | numPos 14.0000 | numNeg 2233.0000
Epoch 0099 | Eval Loss 0.6908 | Precision 1.0000 | Recall 1.0000 | F1 1.0000 | AUC 1.0000 | time 0.0021
ITER=60, #Train=2285, #HeldOut=718, #Test=3003
Test Set Loss 0.6915 | Precision 0.9375 | Recall 1.0000 | F1 0.9677 | AUC 0.9997 | trainTime 0.4249 | exSelTime 0.1379 | testTime 0.0021 | numPos 14.0000 | numNeg 2271.0000
Epoch 0099 | Eval Loss 0.6909 | Precision 1.0000 | Recall 1.0000 | F1 1.0000 | AUC 1.0000 | time 0.0021
ITER=61, #Train=2323, #HeldOut=680, #Test=3003
Test Set Loss 0.6915 | Precision 0.9375 | Recall 1.0000 | F1 0.9677 | AUC 0.9997 | trainTime 0.4249 | exSelTime 0.1367 | testTime 0.0028 | numPos 14.0000 | numNeg 2309.0000
Epoch 0099 | Eval Loss 0.6909 | Precision 1.0000 | Recall 1.0000 | F1 1.0000 | AUC 1.0000 | time 0.0018
ITER=62, #Train=2361, #HeldOut=642, #Test=3003
Test Set Loss 0.6915 | Precision 0.9375 | Recall 1.0000 | F1 0.9677 | AUC 0.9997 | trainTime 0.4249 | exSelTime 0.1252 | testTime 0.0022 | numPos 14.0000 | numNeg 2347.0000
Epoch 0099 | Eval Loss 0.6909 | Precision 1.0000 | Recall 1.0000 | F1 1.0000 | AUC 1.0000 | time 0.0022
ITER=63, #Train=2399, #HeldOut=604, #Test=3003
Test Set Loss 0.6915 | Precision 0.9375 | Recall 1.0000 | F1 0.9677 | AUC 0.9997 | trainTime 0.4249 | exSelTime 0.1257 | testTime 0.0023 | numPos 14.0000 | numNeg 2385.0000
Epoch 0099 | Eval Loss 0.6910 | Precision 1.0000 | Recall 1.0000 | F1 1.0000 | AUC 1.0000 | time 0.0019
ITER=64, #Train=2437, #HeldOut=566, #Test=3003
Test Set Loss 0.6915 | Precision 0.9375 | Recall 1.0000 | F1 0.9677 | AUC 0.9997 | trainTime 0.4249 | exSelTime 0.1211 | testTime 0.0020 | numPos 14.0000 | numNeg 2423.0000
Epoch 0099 | Eval Loss 0.6910 | Precision 1.0000 | Recall 1.0000 | F1 1.0000 | AUC 1.0000 | time 0.0021
ITER=65, #Train=2475, #HeldOut=528, #Test=3003
Test Set Loss 0.6915 | Precision 0.9375 | Recall 1.0000 | F1 0.9677 | AUC 0.9997 | trainTime 0.4249 | exSelTime 0.1210 | testTime 0.0022 | numPos 14.0000 | numNeg 2461.0000
Epoch 0099 | Eval Loss 0.6910 | Precision 1.0000 | Recall 1.0000 | F1 1.0000 | AUC 1.0000 | time 0.0021
ITER=66, #Train=2513, #HeldOut=490, #Test=3003
Test Set Loss 0.6915 | Precision 0.9375 | Recall 1.0000 | F1 0.9677 | AUC 0.9997 | trainTime 0.4249 | exSelTime 0.1175 | testTime 0.0027 | numPos 14.0000 | numNeg 2499.0000
Epoch 0099 | Eval Loss 0.6911 | Precision 1.0000 | Recall 1.0000 | F1 1.0000 | AUC 1.0000 | time 0.0023
ITER=67, #Train=2551, #HeldOut=452, #Test=3003
Test Set Loss 0.6915 | Precision 0.9375 | Recall 1.0000 | F1 0.9677 | AUC 0.9997 | trainTime 0.4249 | exSelTime 0.1147 | testTime 0.0023 | numPos 14.0000 | numNeg 2537.0000
Epoch 0099 | Eval Loss 0.6911 | Precision 1.0000 | Recall 1.0000 | F1 1.0000 | AUC 1.0000 | time 0.0021
ITER=68, #Train=2589, #HeldOut=414, #Test=3003
Test Set Loss 0.6915 | Precision 0.9375 | Recall 1.0000 | F1 0.9677 | AUC 0.9997 | trainTime 0.4249 | exSelTime 0.1065 | testTime 0.0023 | numPos 14.0000 | numNeg 2575.0000
Epoch 0099 | Eval Loss 0.6911 | Precision 1.0000 | Recall 1.0000 | F1 1.0000 | AUC 1.0000 | time 0.0022
ITER=69, #Train=2627, #HeldOut=376, #Test=3003
Test Set Loss 0.6915 | Precision 0.9375 | Recall 1.0000 | F1 0.9677 | AUC 0.9997 | trainTime 0.4249 | exSelTime 0.1061 | testTime 0.0023 | numPos 14.0000 | numNeg 2613.0000
Epoch 0099 | Eval Loss 0.6912 | Precision 1.0000 | Recall 1.0000 | F1 1.0000 | AUC 1.0000 | time 0.0021
ITER=70, #Train=2665, #HeldOut=338, #Test=3003
Test Set Loss 0.6915 | Precision 0.9375 | Recall 1.0000 | F1 0.9677 | AUC 0.9997 | trainTime 0.4249 | exSelTime 0.1036 | testTime 0.0026 | numPos 14.0000 | numNeg 2651.0000
Epoch 0099 | Eval Loss 0.6912 | Precision 1.0000 | Recall 1.0000 | F1 1.0000 | AUC 1.0000 | time 0.0021
ITER=71, #Train=2703, #HeldOut=300, #Test=3003
Test Set Loss 0.6915 | Precision 0.9375 | Recall 1.0000 | F1 0.9677 | AUC 0.9997 | trainTime 0.4249 | exSelTime 0.1011 | testTime 0.0023 | numPos 14.0000 | numNeg 2689.0000
Epoch 0099 | Eval Loss 0.6912 | Precision 1.0000 | Recall 1.0000 | F1 1.0000 | AUC 1.0000 | time 0.0024
ITER=72, #Train=2741, #HeldOut=262, #Test=3003
Test Set Loss 0.6915 | Precision 0.9375 | Recall 1.0000 | F1 0.9677 | AUC 0.9997 | trainTime 0.4249 | exSelTime 0.0997 | testTime 0.0021 | numPos 14.0000 | numNeg 2727.0000
Epoch 0099 | Eval Loss 0.6912 | Precision 1.0000 | Recall 1.0000 | F1 1.0000 | AUC 1.0000 | time 0.0020
ITER=73, #Train=2779, #HeldOut=224, #Test=3003
Test Set Loss 0.6915 | Precision 0.9375 | Recall 1.0000 | F1 0.9677 | AUC 0.9997 | trainTime 0.4249 | exSelTime 0.0898 | testTime 0.0021 | numPos 14.0000 | numNeg 2765.0000
Epoch 0099 | Eval Loss 0.6911 | Precision 1.0000 | Recall 1.0000 | F1 1.0000 | AUC 1.0000 | time 0.0021
ITER=74, #Train=2817, #HeldOut=186, #Test=3003
Test Set Loss 0.6915 | Precision 0.9375 | Recall 1.0000 | F1 0.9677 | AUC 0.9997 | trainTime 0.4249 | exSelTime 0.0879 | testTime 0.0022 | numPos 15.0000 | numNeg 2802.0000
Epoch 0099 | Eval Loss 0.6912 | Precision 1.0000 | Recall 1.0000 | F1 1.0000 | AUC 1.0000 | time 0.0021
ITER=75, #Train=2855, #HeldOut=148, #Test=3003
Test Set Loss 0.6915 | Precision 0.9375 | Recall 1.0000 | F1 0.9677 | AUC 0.9997 | trainTime 0.4249 | exSelTime 0.0862 | testTime 0.0022 | numPos 15.0000 | numNeg 2840.0000
Epoch 0099 | Eval Loss 0.6912 | Precision 1.0000 | Recall 1.0000 | F1 1.0000 | AUC 1.0000 | time 0.0021
ITER=76, #Train=2893, #HeldOut=110, #Test=3003
Test Set Loss 0.6915 | Precision 0.9375 | Recall 1.0000 | F1 0.9677 | AUC 0.9997 | trainTime 0.4249 | exSelTime 0.0799 | testTime 0.0023 | numPos 15.0000 | numNeg 2878.0000
Epoch 0099 | Eval Loss 0.6912 | Precision 1.0000 | Recall 1.0000 | F1 1.0000 | AUC 1.0000 | time 0.0021
ITER=77, #Train=2931, #HeldOut=72, #Test=3003
Test Set Loss 0.6913 | Precision 1.0000 | Recall 1.0000 | F1 1.0000 | AUC 1.0000 | trainTime 0.4249 | exSelTime 0.0781 | testTime 0.0023 | numPos 15.0000 | numNeg 2916.0000
Epoch 0099 | Eval Loss 0.6912 | Precision 1.0000 | Recall 1.0000 | F1 1.0000 | AUC 1.0000 | time 0.0022
ITER=78, #Train=2969, #HeldOut=34, #Test=3003
Test Set Loss 0.6913 | Precision 1.0000 | Recall 1.0000 | F1 1.0000 | AUC 1.0000 | trainTime 0.4249 | exSelTime 0.0745 | testTime 0.0021 | numPos 15.0000 | numNeg 2954.0000
Epoch 0099 | Eval Loss 0.6913 | Precision 1.0000 | Recall 1.0000 | F1 1.0000 | AUC 1.0000 | time 0.0022
ITER=79, #Train=3003, #HeldOut=0, #Test=3003
Test Set Loss 0.6913 | Precision 1.0000 | Recall 1.0000 | F1 1.0000 | AUC 1.0000 | trainTime 0.4249 | exSelTime 0.0649 | testTime 0.0026 | numPos 15.0000 | numNeg 2988.0000
