on cpu
loading data ... from src/model/gnn/dataset/cmt-conference/cmt_conference_Ontology_Node_Embeddings.txt
src/model/gnn/dataset/cmt-conference/cmt_conference_Ontology_Edge_List.txt
src/model/gnn/dataset/cmt-conference/prog_seed_pairs.txt
src/model/gnn/dataset/cmt-conference/pos_neg_pairs.txt
done
Epoch 0099 | Eval Loss 0.6172 | Precision 1.0000 | Recall 1.0000 | F1 1.0000 | AUC 1.0000 | time 0.0015
ITER=0, #Train=5, #HeldOut=2998, #Test=3003
Test Set Loss 1.2093 | Precision 0.0052 | Recall 1.0000 | F1 0.0103 | AUC 0.5432 | trainTime 0.4161 | exSelTime 0.0000 | testTime 0.0023 | numPos -1.0000 | numNeg -1.0000
Epoch 0099 | Eval Loss 0.6844 | Precision 1.0000 | Recall 1.0000 | F1 1.0000 | AUC 1.0000 | time 0.0015
ITER=1, #Train=43, #HeldOut=2960, #Test=3003
Test Set Loss 1.0170 | Precision 0.0072 | Recall 0.8000 | F1 0.0142 | AUC 0.6615 | trainTime 0.4161 | exSelTime 0.1499 | testTime 0.0023 | numPos 1.0000 | numNeg 42.0000
Epoch 0099 | Eval Loss 0.6885 | Precision 1.0000 | Recall 1.0000 | F1 1.0000 | AUC 1.0000 | time 0.0015
ITER=2, #Train=81, #HeldOut=2922, #Test=3003
Test Set Loss 1.0623 | Precision 0.0067 | Recall 0.8667 | F1 0.0132 | AUC 0.6474 | trainTime 0.4161 | exSelTime 0.1470 | testTime 0.0026 | numPos 1.0000 | numNeg 80.0000
Epoch 0099 | Eval Loss 0.6900 | Precision 1.0000 | Recall 1.0000 | F1 1.0000 | AUC 1.0000 | time 0.0016
ITER=3, #Train=119, #HeldOut=2884, #Test=3003
Test Set Loss 1.0724 | Precision 0.0058 | Recall 0.7333 | F1 0.0115 | AUC 0.6315 | trainTime 0.4161 | exSelTime 0.1464 | testTime 0.0024 | numPos 1.0000 | numNeg 118.0000
Epoch 0099 | Eval Loss 0.6908 | Precision 1.0000 | Recall 1.0000 | F1 1.0000 | AUC 1.0000 | time 0.0015
ITER=4, #Train=157, #HeldOut=2846, #Test=3003
Test Set Loss 0.9855 | Precision 0.0079 | Recall 0.8000 | F1 0.0157 | AUC 0.6690 | trainTime 0.4161 | exSelTime 0.1466 | testTime 0.0020 | numPos 1.0000 | numNeg 156.0000
Epoch 0099 | Eval Loss 0.6913 | Precision 1.0000 | Recall 1.0000 | F1 1.0000 | AUC 1.0000 | time 0.0015
ITER=5, #Train=195, #HeldOut=2808, #Test=3003
Test Set Loss 0.9718 | Precision 0.0074 | Recall 0.7333 | F1 0.0147 | AUC 0.6620 | trainTime 0.4161 | exSelTime 0.1422 | testTime 0.0023 | numPos 1.0000 | numNeg 194.0000
Epoch 0099 | Eval Loss 0.6916 | Precision 1.0000 | Recall 1.0000 | F1 1.0000 | AUC 1.0000 | time 0.0014
ITER=6, #Train=233, #HeldOut=2770, #Test=3003
Test Set Loss 0.9437 | Precision 0.0083 | Recall 0.7333 | F1 0.0164 | AUC 0.6326 | trainTime 0.4161 | exSelTime 0.1419 | testTime 0.0021 | numPos 1.0000 | numNeg 232.0000
Epoch 0099 | Eval Loss 0.6918 | Precision 1.0000 | Recall 1.0000 | F1 1.0000 | AUC 1.0000 | time 0.0015
ITER=7, #Train=271, #HeldOut=2732, #Test=3003
Test Set Loss 0.9513 | Precision 0.0082 | Recall 0.7333 | F1 0.0163 | AUC 0.6142 | trainTime 0.4161 | exSelTime 0.1382 | testTime 0.0020 | numPos 1.0000 | numNeg 270.0000
Epoch 0099 | Eval Loss 0.6920 | Precision 1.0000 | Recall 1.0000 | F1 1.0000 | AUC 1.0000 | time 0.0016
ITER=8, #Train=309, #HeldOut=2694, #Test=3003
Test Set Loss 0.9402 | Precision 0.0072 | Recall 0.6000 | F1 0.0143 | AUC 0.5844 | trainTime 0.4161 | exSelTime 0.1413 | testTime 0.0020 | numPos 1.0000 | numNeg 308.0000
Epoch 0099 | Eval Loss 0.6921 | Precision 1.0000 | Recall 1.0000 | F1 1.0000 | AUC 1.0000 | time 0.0017
ITER=9, #Train=347, #HeldOut=2656, #Test=3003
Test Set Loss 0.9484 | Precision 0.0070 | Recall 0.6000 | F1 0.0138 | AUC 0.5454 | trainTime 0.4161 | exSelTime 0.1391 | testTime 0.0021 | numPos 1.0000 | numNeg 346.0000
Epoch 0099 | Eval Loss 0.6922 | Precision 1.0000 | Recall 1.0000 | F1 1.0000 | AUC 1.0000 | time 0.0015
ITER=10, #Train=385, #HeldOut=2618, #Test=3003
Test Set Loss 0.9455 | Precision 0.0071 | Recall 0.6000 | F1 0.0140 | AUC 0.5464 | trainTime 0.4161 | exSelTime 0.1401 | testTime 0.0020 | numPos 1.0000 | numNeg 384.0000
Epoch 0099 | Eval Loss 0.6923 | Precision 1.0000 | Recall 1.0000 | F1 1.0000 | AUC 1.0000 | time 0.0015
ITER=11, #Train=423, #HeldOut=2580, #Test=3003
Test Set Loss 0.9552 | Precision 0.0068 | Recall 0.6000 | F1 0.0134 | AUC 0.5336 | trainTime 0.4161 | exSelTime 0.1404 | testTime 0.0021 | numPos 1.0000 | numNeg 422.0000
Epoch 0099 | Eval Loss 0.6909 | Precision 1.0000 | Recall 1.0000 | F1 1.0000 | AUC 1.0000 | time 0.0015
ITER=12, #Train=461, #HeldOut=2542, #Test=3003
Test Set Loss 0.9493 | Precision 0.0083 | Recall 0.7333 | F1 0.0165 | AUC 0.6470 | trainTime 0.4161 | exSelTime 0.1414 | testTime 0.0020 | numPos 3.0000 | numNeg 458.0000
Epoch 0099 | Eval Loss 0.6910 | Precision 1.0000 | Recall 1.0000 | F1 1.0000 | AUC 1.0000 | time 0.0015
ITER=13, #Train=499, #HeldOut=2504, #Test=3003
Test Set Loss 0.8763 | Precision 0.0118 | Recall 0.7333 | F1 0.0232 | AUC 0.7586 | trainTime 0.4161 | exSelTime 0.1392 | testTime 0.0024 | numPos 3.0000 | numNeg 496.0000
Epoch 0099 | Eval Loss 0.6911 | Precision 1.0000 | Recall 1.0000 | F1 1.0000 | AUC 1.0000 | time 0.0019
ITER=14, #Train=537, #HeldOut=2466, #Test=3003
Test Set Loss 0.8784 | Precision 0.0108 | Recall 0.6667 | F1 0.0212 | AUC 0.7079 | trainTime 0.4161 | exSelTime 0.1366 | testTime 0.0023 | numPos 3.0000 | numNeg 534.0000
Epoch 0099 | Eval Loss 0.6906 | Precision 1.0000 | Recall 1.0000 | F1 1.0000 | AUC 1.0000 | time 0.0017
ITER=15, #Train=575, #HeldOut=2428, #Test=3003
Test Set Loss 0.8729 | Precision 0.0119 | Recall 0.7333 | F1 0.0235 | AUC 0.7589 | trainTime 0.4161 | exSelTime 0.1369 | testTime 0.0018 | numPos 4.0000 | numNeg 571.0000
Epoch 0099 | Eval Loss 0.6901 | Precision 1.0000 | Recall 1.0000 | F1 1.0000 | AUC 1.0000 | time 0.0024
ITER=16, #Train=613, #HeldOut=2390, #Test=3003
Test Set Loss 0.8702 | Precision 0.0112 | Recall 0.6667 | F1 0.0220 | AUC 0.7596 | trainTime 0.4161 | exSelTime 0.1612 | testTime 0.0024 | numPos 5.0000 | numNeg 608.0000
Epoch 0099 | Eval Loss 0.6903 | Precision 1.0000 | Recall 1.0000 | F1 1.0000 | AUC 1.0000 | time 0.0019
ITER=17, #Train=651, #HeldOut=2352, #Test=3003
Test Set Loss 0.8641 | Precision 0.0115 | Recall 0.6667 | F1 0.0226 | AUC 0.7665 | trainTime 0.4161 | exSelTime 0.1429 | testTime 0.0022 | numPos 5.0000 | numNeg 646.0000
Epoch 0099 | Eval Loss 0.6899 | Precision 1.0000 | Recall 1.0000 | F1 1.0000 | AUC 1.0000 | time 0.0020
ITER=18, #Train=689, #HeldOut=2314, #Test=3003
Test Set Loss 0.8616 | Precision 0.0116 | Recall 0.6667 | F1 0.0228 | AUC 0.7887 | trainTime 0.4161 | exSelTime 0.1378 | testTime 0.0020 | numPos 6.0000 | numNeg 683.0000
Epoch 0099 | Eval Loss 0.6900 | Precision 1.0000 | Recall 1.0000 | F1 1.0000 | AUC 1.0000 | time 0.0020
ITER=19, #Train=727, #HeldOut=2276, #Test=3003
Test Set Loss 0.8615 | Precision 0.0116 | Recall 0.6667 | F1 0.0229 | AUC 0.7894 | trainTime 0.4161 | exSelTime 0.1366 | testTime 0.0021 | numPos 6.0000 | numNeg 721.0000
Epoch 0099 | Eval Loss 0.6902 | Precision 1.0000 | Recall 1.0000 | F1 1.0000 | AUC 1.0000 | time 0.0018
ITER=20, #Train=765, #HeldOut=2238, #Test=3003
Test Set Loss 0.8659 | Precision 0.0114 | Recall 0.6667 | F1 0.0225 | AUC 0.7744 | trainTime 0.4161 | exSelTime 0.1357 | testTime 0.0019 | numPos 6.0000 | numNeg 759.0000
Epoch 0099 | Eval Loss 0.6903 | Precision 1.0000 | Recall 1.0000 | F1 1.0000 | AUC 1.0000 | time 0.0019
ITER=21, #Train=803, #HeldOut=2200, #Test=3003
Test Set Loss 0.8647 | Precision 0.0116 | Recall 0.6667 | F1 0.0227 | AUC 0.7739 | trainTime 0.4161 | exSelTime 0.1378 | testTime 0.0021 | numPos 6.0000 | numNeg 797.0000
Epoch 0099 | Eval Loss 0.6896 | Precision 1.0000 | Recall 1.0000 | F1 1.0000 | AUC 1.0000 | time 0.0018
ITER=22, #Train=841, #HeldOut=2162, #Test=3003
Test Set Loss 0.8625 | Precision 0.0141 | Recall 0.8000 | F1 0.0277 | AUC 0.7962 | trainTime 0.4161 | exSelTime 0.1344 | testTime 0.0020 | numPos 8.0000 | numNeg 833.0000
Epoch 0099 | Eval Loss 0.6897 | Precision 1.0000 | Recall 1.0000 | F1 1.0000 | AUC 1.0000 | time 0.0022
ITER=23, #Train=879, #HeldOut=2124, #Test=3003
Test Set Loss 0.8618 | Precision 0.0141 | Recall 0.8000 | F1 0.0277 | AUC 0.7981 | trainTime 0.4161 | exSelTime 0.1364 | testTime 0.0026 | numPos 8.0000 | numNeg 871.0000
Epoch 0099 | Eval Loss 0.6899 | Precision 1.0000 | Recall 1.0000 | F1 1.0000 | AUC 1.0000 | time 0.0018
ITER=24, #Train=917, #HeldOut=2086, #Test=3003
Test Set Loss 0.8612 | Precision 0.0141 | Recall 0.8000 | F1 0.0276 | AUC 0.7965 | trainTime 0.4161 | exSelTime 0.1340 | testTime 0.0021 | numPos 8.0000 | numNeg 909.0000
Epoch 0099 | Eval Loss 0.6900 | Precision 1.0000 | Recall 1.0000 | F1 1.0000 | AUC 1.0000 | time 0.0019
ITER=25, #Train=955, #HeldOut=2048, #Test=3003
Test Set Loss 0.8572 | Precision 0.0145 | Recall 0.8000 | F1 0.0284 | AUC 0.7959 | trainTime 0.4161 | exSelTime 0.1349 | testTime 0.0020 | numPos 8.0000 | numNeg 947.0000
Epoch 0099 | Eval Loss 0.6901 | Precision 1.0000 | Recall 1.0000 | F1 1.0000 | AUC 1.0000 | time 0.0018
ITER=26, #Train=993, #HeldOut=2010, #Test=3003
Test Set Loss 0.8510 | Precision 0.0139 | Recall 0.7333 | F1 0.0273 | AUC 0.7854 | trainTime 0.4161 | exSelTime 0.1353 | testTime 0.0021 | numPos 8.0000 | numNeg 985.0000
Epoch 0099 | Eval Loss 0.6902 | Precision 1.0000 | Recall 1.0000 | F1 1.0000 | AUC 1.0000 | time 0.0018
ITER=27, #Train=1031, #HeldOut=1972, #Test=3003
Test Set Loss 0.8521 | Precision 0.0139 | Recall 0.7333 | F1 0.0273 | AUC 0.7863 | trainTime 0.4161 | exSelTime 0.1335 | testTime 0.0020 | numPos 8.0000 | numNeg 1023.0000
Epoch 0099 | Eval Loss 0.6903 | Precision 1.0000 | Recall 1.0000 | F1 1.0000 | AUC 1.0000 | time 0.0018
ITER=28, #Train=1069, #HeldOut=1934, #Test=3003
Test Set Loss 0.8575 | Precision 0.0133 | Recall 0.7333 | F1 0.0261 | AUC 0.7818 | trainTime 0.4161 | exSelTime 0.1323 | testTime 0.0021 | numPos 8.0000 | numNeg 1061.0000
Epoch 0099 | Eval Loss 0.6901 | Precision 1.0000 | Recall 1.0000 | F1 1.0000 | AUC 1.0000 | time 0.0018
ITER=29, #Train=1107, #HeldOut=1896, #Test=3003
Test Set Loss 0.8538 | Precision 0.0148 | Recall 0.8000 | F1 0.0291 | AUC 0.7976 | trainTime 0.4161 | exSelTime 0.1327 | testTime 0.0022 | numPos 9.0000 | numNeg 1098.0000
Epoch 0099 | Eval Loss 0.6902 | Precision 1.0000 | Recall 1.0000 | F1 1.0000 | AUC 1.0000 | time 0.0028
ITER=30, #Train=1145, #HeldOut=1858, #Test=3003
Test Set Loss 0.8504 | Precision 0.0150 | Recall 0.8000 | F1 0.0294 | AUC 0.8013 | trainTime 0.4161 | exSelTime 0.1331 | testTime 0.0024 | numPos 9.0000 | numNeg 1136.0000
Epoch 0099 | Eval Loss 0.6900 | Precision 1.0000 | Recall 1.0000 | F1 1.0000 | AUC 1.0000 | time 0.0020
ITER=31, #Train=1183, #HeldOut=1820, #Test=3003
Test Set Loss 0.8432 | Precision 0.0171 | Recall 0.8667 | F1 0.0335 | AUC 0.8237 | trainTime 0.4161 | exSelTime 0.1332 | testTime 0.0022 | numPos 10.0000 | numNeg 1173.0000
Epoch 0099 | Eval Loss 0.6901 | Precision 1.0000 | Recall 1.0000 | F1 1.0000 | AUC 1.0000 | time 0.0020
ITER=32, #Train=1221, #HeldOut=1782, #Test=3003
Test Set Loss 0.8442 | Precision 0.0168 | Recall 0.8667 | F1 0.0330 | AUC 0.8233 | trainTime 0.4161 | exSelTime 0.1308 | testTime 0.0023 | numPos 10.0000 | numNeg 1211.0000
Epoch 0099 | Eval Loss 0.6901 | Precision 1.0000 | Recall 1.0000 | F1 1.0000 | AUC 1.0000 | time 0.0019
ITER=33, #Train=1259, #HeldOut=1744, #Test=3003
Test Set Loss 0.8233 | Precision 0.0199 | Recall 0.8667 | F1 0.0390 | AUC 0.8266 | trainTime 0.4161 | exSelTime 0.1330 | testTime 0.0023 | numPos 10.0000 | numNeg 1249.0000
Epoch 0099 | Eval Loss 0.6902 | Precision 1.0000 | Recall 1.0000 | F1 1.0000 | AUC 1.0000 | time 0.0020
ITER=34, #Train=1297, #HeldOut=1706, #Test=3003
Test Set Loss 0.8235 | Precision 0.0198 | Recall 0.8667 | F1 0.0387 | AUC 0.8258 | trainTime 0.4161 | exSelTime 0.1345 | testTime 0.0024 | numPos 10.0000 | numNeg 1287.0000
Epoch 0099 | Eval Loss 0.6901 | Precision 1.0000 | Recall 1.0000 | F1 1.0000 | AUC 1.0000 | time 0.0018
ITER=35, #Train=1335, #HeldOut=1668, #Test=3003
Test Set Loss 0.8217 | Precision 0.0217 | Recall 0.9333 | F1 0.0424 | AUC 0.8325 | trainTime 0.4161 | exSelTime 0.1335 | testTime 0.0019 | numPos 11.0000 | numNeg 1324.0000
Epoch 0099 | Eval Loss 0.6901 | Precision 1.0000 | Recall 1.0000 | F1 1.0000 | AUC 1.0000 | time 0.0022
ITER=36, #Train=1373, #HeldOut=1630, #Test=3003
Test Set Loss 0.8091 | Precision 0.0237 | Recall 0.9333 | F1 0.0462 | AUC 0.8552 | trainTime 0.4161 | exSelTime 0.1327 | testTime 0.0023 | numPos 11.0000 | numNeg 1362.0000
Epoch 0099 | Eval Loss 0.6902 | Precision 1.0000 | Recall 1.0000 | F1 1.0000 | AUC 1.0000 | time 0.0021
ITER=37, #Train=1411, #HeldOut=1592, #Test=3003
Test Set Loss 0.8015 | Precision 0.0257 | Recall 0.9333 | F1 0.0500 | AUC 0.8535 | trainTime 0.4161 | exSelTime 0.1304 | testTime 0.0022 | numPos 11.0000 | numNeg 1400.0000
Epoch 0099 | Eval Loss 0.6903 | Precision 1.0000 | Recall 1.0000 | F1 1.0000 | AUC 1.0000 | time 0.0019
ITER=38, #Train=1449, #HeldOut=1554, #Test=3003
Test Set Loss 0.7975 | Precision 0.0267 | Recall 0.9333 | F1 0.0519 | AUC 0.8729 | trainTime 0.4161 | exSelTime 0.1317 | testTime 0.0019 | numPos 11.0000 | numNeg 1438.0000
Epoch 0099 | Eval Loss 0.6904 | Precision 1.0000 | Recall 1.0000 | F1 1.0000 | AUC 1.0000 | time 0.0023
ITER=39, #Train=1487, #HeldOut=1516, #Test=3003
Test Set Loss 0.7962 | Precision 0.0270 | Recall 0.9333 | F1 0.0525 | AUC 0.8687 | trainTime 0.4161 | exSelTime 0.1320 | testTime 0.0025 | numPos 11.0000 | numNeg 1476.0000
Epoch 0099 | Eval Loss 0.6904 | Precision 1.0000 | Recall 1.0000 | F1 1.0000 | AUC 1.0000 | time 0.0021
ITER=40, #Train=1525, #HeldOut=1478, #Test=3003
Test Set Loss 0.7934 | Precision 0.0276 | Recall 0.9333 | F1 0.0536 | AUC 0.8744 | trainTime 0.4161 | exSelTime 0.1294 | testTime 0.0024 | numPos 11.0000 | numNeg 1514.0000
Epoch 0099 | Eval Loss 0.6905 | Precision 1.0000 | Recall 1.0000 | F1 1.0000 | AUC 1.0000 | time 0.0020
ITER=41, #Train=1563, #HeldOut=1440, #Test=3003
Test Set Loss 0.7835 | Precision 0.0306 | Recall 0.9333 | F1 0.0592 | AUC 0.8805 | trainTime 0.4161 | exSelTime 0.1309 | testTime 0.0027 | numPos 11.0000 | numNeg 1552.0000
Epoch 0099 | Eval Loss 0.6906 | Precision 1.0000 | Recall 1.0000 | F1 1.0000 | AUC 1.0000 | time 0.0021
ITER=42, #Train=1601, #HeldOut=1402, #Test=3003
Test Set Loss 0.7718 | Precision 0.0347 | Recall 0.9333 | F1 0.0668 | AUC 0.8868 | trainTime 0.4161 | exSelTime 0.1316 | testTime 0.0023 | numPos 11.0000 | numNeg 1590.0000
Epoch 0099 | Eval Loss 0.6906 | Precision 1.0000 | Recall 1.0000 | F1 1.0000 | AUC 1.0000 | time 0.0021
ITER=43, #Train=1639, #HeldOut=1364, #Test=3003
Test Set Loss 0.7705 | Precision 0.0354 | Recall 0.9333 | F1 0.0681 | AUC 0.8870 | trainTime 0.4161 | exSelTime 0.1307 | testTime 0.0022 | numPos 11.0000 | numNeg 1628.0000
Epoch 0099 | Eval Loss 0.6907 | Precision 1.0000 | Recall 1.0000 | F1 1.0000 | AUC 1.0000 | time 0.0020
ITER=44, #Train=1677, #HeldOut=1326, #Test=3003
Test Set Loss 0.7687 | Precision 0.0354 | Recall 0.9333 | F1 0.0683 | AUC 0.8859 | trainTime 0.4161 | exSelTime 0.1321 | testTime 0.0020 | numPos 11.0000 | numNeg 1666.0000
Epoch 0099 | Eval Loss 0.6907 | Precision 1.0000 | Recall 1.0000 | F1 1.0000 | AUC 1.0000 | time 0.0019
ITER=45, #Train=1715, #HeldOut=1288, #Test=3003
Test Set Loss 0.7690 | Precision 0.0353 | Recall 0.9333 | F1 0.0680 | AUC 0.8861 | trainTime 0.4161 | exSelTime 0.1290 | testTime 0.0022 | numPos 11.0000 | numNeg 1704.0000
Epoch 0099 | Eval Loss 0.6908 | Precision 1.0000 | Recall 1.0000 | F1 1.0000 | AUC 1.0000 | time 0.0020
ITER=46, #Train=1753, #HeldOut=1250, #Test=3003
Test Set Loss 0.7623 | Precision 0.0388 | Recall 0.9333 | F1 0.0745 | AUC 0.9082 | trainTime 0.4161 | exSelTime 0.1307 | testTime 0.0020 | numPos 11.0000 | numNeg 1742.0000
Epoch 0099 | Eval Loss 0.6908 | Precision 1.0000 | Recall 1.0000 | F1 1.0000 | AUC 1.0000 | time 0.0018
ITER=47, #Train=1791, #HeldOut=1212, #Test=3003
Test Set Loss 0.7562 | Precision 0.0427 | Recall 0.9333 | F1 0.0816 | AUC 0.9097 | trainTime 0.4161 | exSelTime 0.1269 | testTime 0.0020 | numPos 11.0000 | numNeg 1780.0000
Epoch 0099 | Eval Loss 0.6909 | Precision 1.0000 | Recall 1.0000 | F1 1.0000 | AUC 1.0000 | time 0.0020
ITER=48, #Train=1829, #HeldOut=1174, #Test=3003
Test Set Loss 0.7528 | Precision 0.0447 | Recall 0.9333 | F1 0.0854 | AUC 0.9104 | trainTime 0.4161 | exSelTime 0.1283 | testTime 0.0022 | numPos 11.0000 | numNeg 1818.0000
Epoch 0099 | Eval Loss 0.6909 | Precision 1.0000 | Recall 1.0000 | F1 1.0000 | AUC 1.0000 | time 0.0020
ITER=49, #Train=1867, #HeldOut=1136, #Test=3003
Test Set Loss 0.7521 | Precision 0.0455 | Recall 0.9333 | F1 0.0867 | AUC 0.9074 | trainTime 0.4161 | exSelTime 0.1291 | testTime 0.0021 | numPos 11.0000 | numNeg 1856.0000
Epoch 0099 | Eval Loss 0.6910 | Precision 1.0000 | Recall 1.0000 | F1 1.0000 | AUC 1.0000 | time 0.0020
ITER=50, #Train=1905, #HeldOut=1098, #Test=3003
Test Set Loss 0.7520 | Precision 0.0455 | Recall 0.9333 | F1 0.0867 | AUC 0.9058 | trainTime 0.4161 | exSelTime 0.1278 | testTime 0.0022 | numPos 11.0000 | numNeg 1894.0000
Epoch 0099 | Eval Loss 0.6910 | Precision 1.0000 | Recall 1.0000 | F1 1.0000 | AUC 1.0000 | time 0.0019
ITER=51, #Train=1943, #HeldOut=1060, #Test=3003
Test Set Loss 0.7517 | Precision 0.0455 | Recall 0.9333 | F1 0.0867 | AUC 0.9057 | trainTime 0.4161 | exSelTime 0.1264 | testTime 0.0020 | numPos 11.0000 | numNeg 1932.0000
Epoch 0099 | Eval Loss 0.6911 | Precision 1.0000 | Recall 1.0000 | F1 1.0000 | AUC 1.0000 | time 0.0018
ITER=52, #Train=1981, #HeldOut=1022, #Test=3003
Test Set Loss 0.7374 | Precision 0.0581 | Recall 0.9333 | F1 0.1094 | AUC 0.9424 | trainTime 0.4161 | exSelTime 0.1281 | testTime 0.0020 | numPos 11.0000 | numNeg 1970.0000
Epoch 0099 | Eval Loss 0.6909 | Precision 1.0000 | Recall 1.0000 | F1 1.0000 | AUC 1.0000 | time 0.0018
ITER=53, #Train=2019, #HeldOut=984, #Test=3003
Test Set Loss 0.7158 | Precision 0.1136 | Recall 1.0000 | F1 0.2041 | AUC 0.9800 | trainTime 0.4161 | exSelTime 0.1289 | testTime 0.0021 | numPos 12.0000 | numNeg 2007.0000
Epoch 0099 | Eval Loss 0.6909 | Precision 1.0000 | Recall 1.0000 | F1 1.0000 | AUC 1.0000 | time 0.0020
ITER=54, #Train=2057, #HeldOut=946, #Test=3003
Test Set Loss 0.7077 | Precision 0.1667 | Recall 1.0000 | F1 0.2857 | AUC 0.9856 | trainTime 0.4161 | exSelTime 0.1252 | testTime 0.0024 | numPos 12.0000 | numNeg 2045.0000
Epoch 0099 | Eval Loss 0.6910 | Precision 1.0000 | Recall 1.0000 | F1 1.0000 | AUC 1.0000 | time 0.0019
ITER=55, #Train=2095, #HeldOut=908, #Test=3003
Test Set Loss 0.7079 | Precision 0.1613 | Recall 1.0000 | F1 0.2778 | AUC 0.9854 | trainTime 0.4161 | exSelTime 0.1258 | testTime 0.0022 | numPos 12.0000 | numNeg 2083.0000
Epoch 0099 | Eval Loss 0.6910 | Precision 1.0000 | Recall 1.0000 | F1 1.0000 | AUC 1.0000 | time 0.0020
ITER=56, #Train=2133, #HeldOut=870, #Test=3003
Test Set Loss 0.7080 | Precision 0.1596 | Recall 1.0000 | F1 0.2752 | AUC 0.9854 | trainTime 0.4161 | exSelTime 0.1250 | testTime 0.0021 | numPos 12.0000 | numNeg 2121.0000
Epoch 0099 | Eval Loss 0.6911 | Precision 1.0000 | Recall 1.0000 | F1 1.0000 | AUC 1.0000 | time 0.0020
ITER=57, #Train=2171, #HeldOut=832, #Test=3003
Test Set Loss 0.7034 | Precision 0.2027 | Recall 1.0000 | F1 0.3371 | AUC 0.9961 | trainTime 0.4161 | exSelTime 0.1270 | testTime 0.0022 | numPos 12.0000 | numNeg 2159.0000
Epoch 0099 | Eval Loss 0.6911 | Precision 1.0000 | Recall 1.0000 | F1 1.0000 | AUC 1.0000 | time 0.0022
ITER=58, #Train=2209, #HeldOut=794, #Test=3003
Test Set Loss 0.7027 | Precision 0.2143 | Recall 1.0000 | F1 0.3529 | AUC 0.9958 | trainTime 0.4161 | exSelTime 0.1284 | testTime 0.0025 | numPos 12.0000 | numNeg 2197.0000
Epoch 0099 | Eval Loss 0.6911 | Precision 1.0000 | Recall 1.0000 | F1 1.0000 | AUC 1.0000 | time 0.0022
ITER=59, #Train=2247, #HeldOut=756, #Test=3003
Test Set Loss 0.7027 | Precision 0.2206 | Recall 1.0000 | F1 0.3614 | AUC 0.9957 | trainTime 0.4161 | exSelTime 0.1249 | testTime 0.0022 | numPos 12.0000 | numNeg 2235.0000
Epoch 0099 | Eval Loss 0.6912 | Precision 1.0000 | Recall 1.0000 | F1 1.0000 | AUC 1.0000 | time 0.0022
ITER=60, #Train=2285, #HeldOut=718, #Test=3003
Test Set Loss 0.7026 | Precision 0.2206 | Recall 1.0000 | F1 0.3614 | AUC 0.9957 | trainTime 0.4161 | exSelTime 0.1284 | testTime 0.0022 | numPos 12.0000 | numNeg 2273.0000
Epoch 0099 | Eval Loss 0.6912 | Precision 1.0000 | Recall 1.0000 | F1 1.0000 | AUC 1.0000 | time 0.0021
ITER=61, #Train=2323, #HeldOut=680, #Test=3003
Test Set Loss 0.7020 | Precision 0.2239 | Recall 1.0000 | F1 0.3659 | AUC 0.9960 | trainTime 0.4161 | exSelTime 0.1247 | testTime 0.0022 | numPos 12.0000 | numNeg 2311.0000
Epoch 0099 | Eval Loss 0.6912 | Precision 1.0000 | Recall 1.0000 | F1 1.0000 | AUC 1.0000 | time 0.0021
ITER=62, #Train=2361, #HeldOut=642, #Test=3003
Test Set Loss 0.7015 | Precision 0.2308 | Recall 1.0000 | F1 0.3750 | AUC 0.9957 | trainTime 0.4161 | exSelTime 0.1274 | testTime 0.0020 | numPos 12.0000 | numNeg 2349.0000
Epoch 0099 | Eval Loss 0.6912 | Precision 1.0000 | Recall 1.0000 | F1 1.0000 | AUC 1.0000 | time 0.0021
ITER=63, #Train=2399, #HeldOut=604, #Test=3003
Test Set Loss 0.7005 | Precision 0.2459 | Recall 1.0000 | F1 0.3947 | AUC 0.9962 | trainTime 0.4161 | exSelTime 0.1239 | testTime 0.0022 | numPos 12.0000 | numNeg 2387.0000
Epoch 0099 | Eval Loss 0.6913 | Precision 1.0000 | Recall 1.0000 | F1 1.0000 | AUC 1.0000 | time 0.0020
ITER=64, #Train=2437, #HeldOut=566, #Test=3003
Test Set Loss 0.6987 | Precision 0.3000 | Recall 1.0000 | F1 0.4615 | AUC 0.9959 | trainTime 0.4161 | exSelTime 0.1220 | testTime 0.0021 | numPos 12.0000 | numNeg 2425.0000
Epoch 0099 | Eval Loss 0.6913 | Precision 1.0000 | Recall 1.0000 | F1 1.0000 | AUC 1.0000 | time 0.0022
ITER=65, #Train=2475, #HeldOut=528, #Test=3003
Test Set Loss 0.6981 | Precision 0.3000 | Recall 1.0000 | F1 0.4615 | AUC 0.9964 | trainTime 0.4161 | exSelTime 0.1214 | testTime 0.0022 | numPos 12.0000 | numNeg 2463.0000
Epoch 0099 | Eval Loss 0.6913 | Precision 1.0000 | Recall 1.0000 | F1 1.0000 | AUC 1.0000 | time 0.0021
ITER=66, #Train=2513, #HeldOut=490, #Test=3003
Test Set Loss 0.6951 | Precision 0.4688 | Recall 1.0000 | F1 0.6383 | AUC 0.9976 | trainTime 0.4161 | exSelTime 0.1206 | testTime 0.0022 | numPos 12.0000 | numNeg 2501.0000
Epoch 0099 | Eval Loss 0.6914 | Precision 1.0000 | Recall 1.0000 | F1 1.0000 | AUC 1.0000 | time 0.0021
ITER=67, #Train=2551, #HeldOut=452, #Test=3003
Test Set Loss 0.6951 | Precision 0.4688 | Recall 1.0000 | F1 0.6383 | AUC 0.9974 | trainTime 0.4161 | exSelTime 0.1174 | testTime 0.0026 | numPos 12.0000 | numNeg 2539.0000
Epoch 0099 | Eval Loss 0.6914 | Precision 1.0000 | Recall 1.0000 | F1 1.0000 | AUC 1.0000 | time 0.0022
ITER=68, #Train=2589, #HeldOut=414, #Test=3003
Test Set Loss 0.6952 | Precision 0.4688 | Recall 1.0000 | F1 0.6383 | AUC 0.9974 | trainTime 0.4161 | exSelTime 0.1174 | testTime 0.0022 | numPos 12.0000 | numNeg 2577.0000
Epoch 0099 | Eval Loss 0.6914 | Precision 1.0000 | Recall 1.0000 | F1 1.0000 | AUC 1.0000 | time 0.0021
ITER=69, #Train=2627, #HeldOut=376, #Test=3003
Test Set Loss 0.6951 | Precision 0.4545 | Recall 1.0000 | F1 0.6250 | AUC 0.9971 | trainTime 0.4161 | exSelTime 0.1171 | testTime 0.0023 | numPos 12.0000 | numNeg 2615.0000
Epoch 0099 | Eval Loss 0.6912 | Precision 1.0000 | Recall 1.0000 | F1 1.0000 | AUC 1.0000 | time 0.0022
ITER=70, #Train=2665, #HeldOut=338, #Test=3003
Test Set Loss 0.6924 | Precision 0.7368 | Recall 0.9333 | F1 0.8235 | AUC 0.9994 | trainTime 0.4161 | exSelTime 0.1162 | testTime 0.0025 | numPos 14.0000 | numNeg 2651.0000
Epoch 0099 | Eval Loss 0.6912 | Precision 1.0000 | Recall 1.0000 | F1 1.0000 | AUC 1.0000 | time 0.0022
ITER=71, #Train=2703, #HeldOut=300, #Test=3003
Test Set Loss 0.6915 | Precision 1.0000 | Recall 0.9333 | F1 0.9655 | AUC 0.9995 | trainTime 0.4161 | exSelTime 0.1143 | testTime 0.0021 | numPos 14.0000 | numNeg 2689.0000
Epoch 0099 | Eval Loss 0.6912 | Precision 1.0000 | Recall 1.0000 | F1 1.0000 | AUC 1.0000 | time 0.0020
ITER=72, #Train=2741, #HeldOut=262, #Test=3003
Test Set Loss 0.6915 | Precision 1.0000 | Recall 0.9333 | F1 0.9655 | AUC 0.9995 | trainTime 0.4161 | exSelTime 0.1099 | testTime 0.0021 | numPos 14.0000 | numNeg 2727.0000
Epoch 0099 | Eval Loss 0.6911 | Precision 1.0000 | Recall 1.0000 | F1 1.0000 | AUC 1.0000 | time 0.0021
ITER=73, #Train=2779, #HeldOut=224, #Test=3003
Test Set Loss 0.6914 | Precision 0.9375 | Recall 1.0000 | F1 0.9677 | AUC 1.0000 | trainTime 0.4161 | exSelTime 0.1127 | testTime 0.0022 | numPos 15.0000 | numNeg 2764.0000
Epoch 0099 | Eval Loss 0.6911 | Precision 1.0000 | Recall 1.0000 | F1 1.0000 | AUC 1.0000 | time 0.0023
ITER=74, #Train=2817, #HeldOut=186, #Test=3003
Test Set Loss 0.6914 | Precision 0.9375 | Recall 1.0000 | F1 0.9677 | AUC 1.0000 | trainTime 0.4161 | exSelTime 0.1050 | testTime 0.0027 | numPos 15.0000 | numNeg 2802.0000
Epoch 0099 | Eval Loss 0.6912 | Precision 1.0000 | Recall 1.0000 | F1 1.0000 | AUC 1.0000 | time 0.0022
ITER=75, #Train=2855, #HeldOut=148, #Test=3003
Test Set Loss 0.6914 | Precision 0.9375 | Recall 1.0000 | F1 0.9677 | AUC 1.0000 | trainTime 0.4161 | exSelTime 0.1044 | testTime 0.0022 | numPos 15.0000 | numNeg 2840.0000
Epoch 0099 | Eval Loss 0.6912 | Precision 1.0000 | Recall 1.0000 | F1 1.0000 | AUC 1.0000 | time 0.0021
ITER=76, #Train=2893, #HeldOut=110, #Test=3003
Test Set Loss 0.6914 | Precision 0.9375 | Recall 1.0000 | F1 0.9677 | AUC 1.0000 | trainTime 0.4161 | exSelTime 0.1038 | testTime 0.0022 | numPos 15.0000 | numNeg 2878.0000
Epoch 0099 | Eval Loss 0.6912 | Precision 1.0000 | Recall 1.0000 | F1 1.0000 | AUC 1.0000 | time 0.0022
ITER=77, #Train=2931, #HeldOut=72, #Test=3003
Test Set Loss 0.6914 | Precision 0.9375 | Recall 1.0000 | F1 0.9677 | AUC 1.0000 | trainTime 0.4161 | exSelTime 0.0964 | testTime 0.0021 | numPos 15.0000 | numNeg 2916.0000
Epoch 0099 | Eval Loss 0.6912 | Precision 1.0000 | Recall 1.0000 | F1 1.0000 | AUC 1.0000 | time 0.0021
ITER=78, #Train=2969, #HeldOut=34, #Test=3003
Test Set Loss 0.6914 | Precision 0.9375 | Recall 1.0000 | F1 0.9677 | AUC 1.0000 | trainTime 0.4161 | exSelTime 0.0859 | testTime 0.0023 | numPos 15.0000 | numNeg 2954.0000
Epoch 0099 | Eval Loss 0.6913 | Precision 1.0000 | Recall 1.0000 | F1 1.0000 | AUC 1.0000 | time 0.0022
ITER=79, #Train=3003, #HeldOut=0, #Test=3003
Test Set Loss 0.6913 | Precision 1.0000 | Recall 1.0000 | F1 1.0000 | AUC 1.0000 | trainTime 0.4161 | exSelTime 0.0761 | testTime 0.0021 | numPos 15.0000 | numNeg 2988.0000
