on cpu
loading data ... from src/model/gnn/dataset/cmt-conference/cmt_conference_Ontology_Node_Embeddings.txt
src/model/gnn/dataset/cmt-conference/cmt_conference_Ontology_Edge_List.txt
src/model/gnn/dataset/cmt-conference/prog_seed_pairs.txt
src/model/gnn/dataset/cmt-conference/pos_neg_pairs.txt
done
Epoch 0099 | Eval Loss 0.6172 | Precision 1.0000 | Recall 1.0000 | F1 1.0000 | AUC 1.0000 | time 0.0020
ITER=0, #Train=5, #HeldOut=2998, #Test=3003
Test Set Loss 1.1977 | Precision 0.0054 | Recall 1.0000 | F1 0.0107 | AUC 0.7126 | trainTime 0.4272 | exSelTime 0.0000 | testTime 0.0023 | numPos -1.0000 | numNeg -1.0000
Epoch 0099 | Eval Loss 0.6845 | Precision 1.0000 | Recall 1.0000 | F1 1.0000 | AUC 1.0000 | time 0.0015
ITER=1, #Train=43, #HeldOut=2960, #Test=3003
Test Set Loss 1.0971 | Precision 0.0063 | Recall 0.8667 | F1 0.0125 | AUC 0.5083 | trainTime 0.4272 | exSelTime 0.1598 | testTime 0.0020 | numPos 1.0000 | numNeg 42.0000
Epoch 0099 | Eval Loss 0.6886 | Precision 1.0000 | Recall 1.0000 | F1 1.0000 | AUC 1.0000 | time 0.0015
ITER=2, #Train=81, #HeldOut=2922, #Test=3003
Test Set Loss 0.9852 | Precision 0.0071 | Recall 0.7333 | F1 0.0140 | AUC 0.6325 | trainTime 0.4272 | exSelTime 0.1556 | testTime 0.0024 | numPos 1.0000 | numNeg 80.0000
Epoch 0099 | Eval Loss 0.6902 | Precision 1.0000 | Recall 1.0000 | F1 1.0000 | AUC 1.0000 | time 0.0015
ITER=3, #Train=119, #HeldOut=2884, #Test=3003
Test Set Loss 1.0034 | Precision 0.0075 | Recall 0.8000 | F1 0.0149 | AUC 0.5969 | trainTime 0.4272 | exSelTime 0.1555 | testTime 0.0024 | numPos 1.0000 | numNeg 118.0000
Epoch 0099 | Eval Loss 0.6909 | Precision 1.0000 | Recall 1.0000 | F1 1.0000 | AUC 1.0000 | time 0.0015
ITER=4, #Train=157, #HeldOut=2846, #Test=3003
Test Set Loss 0.9987 | Precision 0.0076 | Recall 0.8000 | F1 0.0151 | AUC 0.6439 | trainTime 0.4272 | exSelTime 0.1540 | testTime 0.0023 | numPos 1.0000 | numNeg 156.0000
Epoch 0099 | Eval Loss 0.6913 | Precision 1.0000 | Recall 1.0000 | F1 1.0000 | AUC 1.0000 | time 0.0017
ITER=5, #Train=195, #HeldOut=2808, #Test=3003
Test Set Loss 0.9746 | Precision 0.0089 | Recall 0.8667 | F1 0.0176 | AUC 0.6968 | trainTime 0.4272 | exSelTime 0.1541 | testTime 0.0024 | numPos 1.0000 | numNeg 194.0000
Epoch 0099 | Eval Loss 0.6916 | Precision 1.0000 | Recall 1.0000 | F1 1.0000 | AUC 1.0000 | time 0.0016
ITER=6, #Train=233, #HeldOut=2770, #Test=3003
Test Set Loss 0.9765 | Precision 0.0083 | Recall 0.8000 | F1 0.0165 | AUC 0.6984 | trainTime 0.4272 | exSelTime 0.1549 | testTime 0.0020 | numPos 1.0000 | numNeg 232.0000
Epoch 0099 | Eval Loss 0.6918 | Precision 1.0000 | Recall 1.0000 | F1 1.0000 | AUC 1.0000 | time 0.0016
ITER=7, #Train=271, #HeldOut=2732, #Test=3003
Test Set Loss 0.9670 | Precision 0.0086 | Recall 0.8000 | F1 0.0171 | AUC 0.6950 | trainTime 0.4272 | exSelTime 0.1530 | testTime 0.0021 | numPos 1.0000 | numNeg 270.0000
Epoch 0099 | Eval Loss 0.6920 | Precision 1.0000 | Recall 1.0000 | F1 1.0000 | AUC 1.0000 | time 0.0014
ITER=8, #Train=309, #HeldOut=2694, #Test=3003
Test Set Loss 0.9740 | Precision 0.0090 | Recall 0.8667 | F1 0.0178 | AUC 0.6748 | trainTime 0.4272 | exSelTime 0.1531 | testTime 0.0024 | numPos 1.0000 | numNeg 308.0000
Epoch 0099 | Eval Loss 0.6910 | Precision 1.0000 | Recall 1.0000 | F1 1.0000 | AUC 1.0000 | time 0.0016
ITER=9, #Train=347, #HeldOut=2656, #Test=3003
Test Set Loss 0.9584 | Precision 0.0090 | Recall 0.8000 | F1 0.0177 | AUC 0.7173 | trainTime 0.4272 | exSelTime 0.1521 | testTime 0.0022 | numPos 2.0000 | numNeg 345.0000
Epoch 0099 | Eval Loss 0.6913 | Precision 1.0000 | Recall 1.0000 | F1 1.0000 | AUC 1.0000 | time 0.0016
ITER=10, #Train=385, #HeldOut=2618, #Test=3003
Test Set Loss 0.9549 | Precision 0.0084 | Recall 0.7333 | F1 0.0167 | AUC 0.6914 | trainTime 0.4272 | exSelTime 0.1538 | testTime 0.0020 | numPos 2.0000 | numNeg 383.0000
Epoch 0099 | Eval Loss 0.6915 | Precision 1.0000 | Recall 1.0000 | F1 1.0000 | AUC 1.0000 | time 0.0030
ITER=11, #Train=423, #HeldOut=2580, #Test=3003
Test Set Loss 0.9058 | Precision 0.0102 | Recall 0.7333 | F1 0.0201 | AUC 0.7421 | trainTime 0.4272 | exSelTime 0.1683 | testTime 0.0057 | numPos 2.0000 | numNeg 421.0000
Epoch 0099 | Eval Loss 0.6916 | Precision 1.0000 | Recall 1.0000 | F1 1.0000 | AUC 1.0000 | time 0.0027
ITER=12, #Train=461, #HeldOut=2542, #Test=3003
Test Set Loss 0.9151 | Precision 0.0100 | Recall 0.7333 | F1 0.0198 | AUC 0.7360 | trainTime 0.4272 | exSelTime 0.2916 | testTime 0.0033 | numPos 2.0000 | numNeg 459.0000
Epoch 0099 | Eval Loss 0.6917 | Precision 1.0000 | Recall 1.0000 | F1 1.0000 | AUC 1.0000 | time 0.0015
ITER=13, #Train=499, #HeldOut=2504, #Test=3003
Test Set Loss 0.9112 | Precision 0.0112 | Recall 0.8000 | F1 0.0221 | AUC 0.7432 | trainTime 0.4272 | exSelTime 0.2118 | testTime 0.0021 | numPos 2.0000 | numNeg 497.0000
Epoch 0099 | Eval Loss 0.6911 | Precision 1.0000 | Recall 1.0000 | F1 1.0000 | AUC 1.0000 | time 0.0021
ITER=14, #Train=537, #HeldOut=2466, #Test=3003
Test Set Loss 0.9177 | Precision 0.0115 | Recall 0.8667 | F1 0.0227 | AUC 0.7569 | trainTime 0.4272 | exSelTime 0.1522 | testTime 0.0023 | numPos 3.0000 | numNeg 534.0000
Epoch 0099 | Eval Loss 0.6912 | Precision 1.0000 | Recall 1.0000 | F1 1.0000 | AUC 1.0000 | time 0.0019
ITER=15, #Train=575, #HeldOut=2428, #Test=3003
Test Set Loss 0.9256 | Precision 0.0104 | Recall 0.8000 | F1 0.0205 | AUC 0.7409 | trainTime 0.4272 | exSelTime 0.1537 | testTime 0.0020 | numPos 3.0000 | numNeg 572.0000
Epoch 0099 | Eval Loss 0.6913 | Precision 1.0000 | Recall 1.0000 | F1 1.0000 | AUC 1.0000 | time 0.0021
ITER=16, #Train=613, #HeldOut=2390, #Test=3003
Test Set Loss 0.9229 | Precision 0.0105 | Recall 0.8000 | F1 0.0207 | AUC 0.7400 | trainTime 0.4272 | exSelTime 0.1518 | testTime 0.0021 | numPos 3.0000 | numNeg 610.0000
Epoch 0099 | Eval Loss 0.6916 | Precision 1.0000 | Recall 1.0000 | F1 1.0000 | AUC 1.0000 | time 0.0017
ITER=17, #Train=651, #HeldOut=2352, #Test=3003
Test Set Loss 0.9009 | Precision 0.0115 | Recall 0.8000 | F1 0.0228 | AUC 0.7569 | trainTime 0.4272 | exSelTime 0.1548 | testTime 0.0020 | numPos 3.0000 | numNeg 648.0000
Epoch 0099 | Eval Loss 0.6916 | Precision 1.0000 | Recall 1.0000 | F1 1.0000 | AUC 1.0000 | time 0.0017
ITER=18, #Train=689, #HeldOut=2314, #Test=3003
Test Set Loss 0.8981 | Precision 0.0109 | Recall 0.7333 | F1 0.0215 | AUC 0.7163 | trainTime 0.4272 | exSelTime 0.1528 | testTime 0.0020 | numPos 3.0000 | numNeg 686.0000
Epoch 0099 | Eval Loss 0.6917 | Precision 1.0000 | Recall 1.0000 | F1 1.0000 | AUC 1.0000 | time 0.0018
ITER=19, #Train=727, #HeldOut=2276, #Test=3003
Test Set Loss 0.8748 | Precision 0.0108 | Recall 0.6667 | F1 0.0212 | AUC 0.7216 | trainTime 0.4272 | exSelTime 0.1514 | testTime 0.0020 | numPos 3.0000 | numNeg 724.0000
Epoch 0099 | Eval Loss 0.6917 | Precision 1.0000 | Recall 1.0000 | F1 1.0000 | AUC 1.0000 | time 0.0017
ITER=20, #Train=765, #HeldOut=2238, #Test=3003
Test Set Loss 0.8479 | Precision 0.0124 | Recall 0.6667 | F1 0.0243 | AUC 0.7646 | trainTime 0.4272 | exSelTime 0.1536 | testTime 0.0023 | numPos 3.0000 | numNeg 762.0000
Epoch 0099 | Eval Loss 0.6918 | Precision 1.0000 | Recall 1.0000 | F1 1.0000 | AUC 1.0000 | time 0.0022
ITER=21, #Train=803, #HeldOut=2200, #Test=3003
Test Set Loss 0.8369 | Precision 0.0132 | Recall 0.6667 | F1 0.0259 | AUC 0.7687 | trainTime 0.4272 | exSelTime 0.1503 | testTime 0.0022 | numPos 3.0000 | numNeg 800.0000
Epoch 0099 | Eval Loss 0.6918 | Precision 1.0000 | Recall 1.0000 | F1 1.0000 | AUC 1.0000 | time 0.0019
ITER=22, #Train=841, #HeldOut=2162, #Test=3003
Test Set Loss 0.8404 | Precision 0.0134 | Recall 0.6667 | F1 0.0262 | AUC 0.7572 | trainTime 0.4272 | exSelTime 0.1531 | testTime 0.0021 | numPos 3.0000 | numNeg 838.0000
Epoch 0099 | Eval Loss 0.6919 | Precision 1.0000 | Recall 1.0000 | F1 1.0000 | AUC 1.0000 | time 0.0019
ITER=23, #Train=879, #HeldOut=2124, #Test=3003
Test Set Loss 0.8406 | Precision 0.0134 | Recall 0.6667 | F1 0.0264 | AUC 0.7565 | trainTime 0.4272 | exSelTime 0.1504 | testTime 0.0024 | numPos 3.0000 | numNeg 876.0000
Epoch 0099 | Eval Loss 0.6919 | Precision 1.0000 | Recall 1.0000 | F1 1.0000 | AUC 1.0000 | time 0.0018
ITER=24, #Train=917, #HeldOut=2086, #Test=3003
Test Set Loss 0.8431 | Precision 0.0120 | Recall 0.6000 | F1 0.0235 | AUC 0.7458 | trainTime 0.4272 | exSelTime 0.1500 | testTime 0.0023 | numPos 3.0000 | numNeg 914.0000
Epoch 0099 | Eval Loss 0.6920 | Precision 1.0000 | Recall 1.0000 | F1 1.0000 | AUC 1.0000 | time 0.0020
ITER=25, #Train=955, #HeldOut=2048, #Test=3003
Test Set Loss 0.8429 | Precision 0.0120 | Recall 0.6000 | F1 0.0235 | AUC 0.7459 | trainTime 0.4272 | exSelTime 0.1483 | testTime 0.0021 | numPos 3.0000 | numNeg 952.0000
Epoch 0099 | Eval Loss 0.6917 | Precision 1.0000 | Recall 1.0000 | F1 1.0000 | AUC 1.0000 | time 0.0019
ITER=26, #Train=993, #HeldOut=2010, #Test=3003
Test Set Loss 0.8139 | Precision 0.0148 | Recall 0.6000 | F1 0.0288 | AUC 0.7337 | trainTime 0.4272 | exSelTime 0.1546 | testTime 0.0020 | numPos 4.0000 | numNeg 989.0000
Epoch 0099 | Eval Loss 0.6918 | Precision 1.0000 | Recall 1.0000 | F1 1.0000 | AUC 1.0000 | time 0.0019
ITER=27, #Train=1031, #HeldOut=1972, #Test=3003
Test Set Loss 0.7815 | Precision 0.0187 | Recall 0.5333 | F1 0.0362 | AUC 0.7530 | trainTime 0.4272 | exSelTime 0.1631 | testTime 0.0021 | numPos 4.0000 | numNeg 1027.0000
Epoch 0099 | Eval Loss 0.6918 | Precision 1.0000 | Recall 1.0000 | F1 1.0000 | AUC 1.0000 | time 0.0081
ITER=28, #Train=1069, #HeldOut=1934, #Test=3003
Test Set Loss 0.7792 | Precision 0.0191 | Recall 0.5333 | F1 0.0370 | AUC 0.7519 | trainTime 0.4272 | exSelTime 0.1537 | testTime 0.0047 | numPos 4.0000 | numNeg 1065.0000
Epoch 0099 | Eval Loss 0.6918 | Precision 1.0000 | Recall 1.0000 | F1 1.0000 | AUC 1.0000 | time 0.0018
ITER=29, #Train=1107, #HeldOut=1896, #Test=3003
Test Set Loss 0.7741 | Precision 0.0201 | Recall 0.5333 | F1 0.0387 | AUC 0.7621 | trainTime 0.4272 | exSelTime 0.3193 | testTime 0.0020 | numPos 4.0000 | numNeg 1103.0000
Epoch 0099 | Eval Loss 0.6916 | Precision 1.0000 | Recall 1.0000 | F1 1.0000 | AUC 1.0000 | time 0.0019
ITER=30, #Train=1145, #HeldOut=1858, #Test=3003
Test Set Loss 0.7513 | Precision 0.0319 | Recall 0.6000 | F1 0.0606 | AUC 0.8166 | trainTime 0.4272 | exSelTime 0.1498 | testTime 0.0020 | numPos 5.0000 | numNeg 1140.0000
Epoch 0099 | Eval Loss 0.6916 | Precision 1.0000 | Recall 1.0000 | F1 1.0000 | AUC 1.0000 | time 0.0018
ITER=31, #Train=1183, #HeldOut=1820, #Test=3003
Test Set Loss 0.7509 | Precision 0.0319 | Recall 0.6000 | F1 0.0606 | AUC 0.8176 | trainTime 0.4272 | exSelTime 0.1559 | testTime 0.0021 | numPos 5.0000 | numNeg 1178.0000
Epoch 0099 | Eval Loss 0.6916 | Precision 1.0000 | Recall 1.0000 | F1 1.0000 | AUC 1.0000 | time 0.0018
ITER=32, #Train=1221, #HeldOut=1782, #Test=3003
Test Set Loss 0.7509 | Precision 0.0315 | Recall 0.6000 | F1 0.0598 | AUC 0.8161 | trainTime 0.4272 | exSelTime 0.1523 | testTime 0.0022 | numPos 5.0000 | numNeg 1216.0000
Epoch 0099 | Eval Loss 0.6917 | Precision 1.0000 | Recall 1.0000 | F1 1.0000 | AUC 1.0000 | time 0.0019
ITER=33, #Train=1259, #HeldOut=1744, #Test=3003
Test Set Loss 0.7477 | Precision 0.0332 | Recall 0.6000 | F1 0.0629 | AUC 0.8186 | trainTime 0.4272 | exSelTime 0.1512 | testTime 0.0021 | numPos 5.0000 | numNeg 1254.0000
Epoch 0099 | Eval Loss 0.6917 | Precision 1.0000 | Recall 1.0000 | F1 1.0000 | AUC 1.0000 | time 0.0020
ITER=34, #Train=1297, #HeldOut=1706, #Test=3003
Test Set Loss 0.7446 | Precision 0.0349 | Recall 0.6000 | F1 0.0659 | AUC 0.8134 | trainTime 0.4272 | exSelTime 0.1504 | testTime 0.0021 | numPos 5.0000 | numNeg 1292.0000
Epoch 0099 | Eval Loss 0.6917 | Precision 1.0000 | Recall 1.0000 | F1 1.0000 | AUC 1.0000 | time 0.0018
ITER=35, #Train=1335, #HeldOut=1668, #Test=3003
Test Set Loss 0.7434 | Precision 0.0357 | Recall 0.6000 | F1 0.0674 | AUC 0.8003 | trainTime 0.4272 | exSelTime 0.1511 | testTime 0.0021 | numPos 5.0000 | numNeg 1330.0000
Epoch 0099 | Eval Loss 0.6918 | Precision 1.0000 | Recall 1.0000 | F1 1.0000 | AUC 1.0000 | time 0.0020
ITER=36, #Train=1373, #HeldOut=1630, #Test=3003
Test Set Loss 0.7403 | Precision 0.0333 | Recall 0.5333 | F1 0.0627 | AUC 0.7934 | trainTime 0.4272 | exSelTime 0.1500 | testTime 0.0022 | numPos 5.0000 | numNeg 1368.0000
Epoch 0099 | Eval Loss 0.6918 | Precision 1.0000 | Recall 1.0000 | F1 1.0000 | AUC 1.0000 | time 0.0019
ITER=37, #Train=1411, #HeldOut=1592, #Test=3003
Test Set Loss 0.7095 | Precision 0.0870 | Recall 0.5333 | F1 0.1495 | AUC 0.8360 | trainTime 0.4272 | exSelTime 0.1463 | testTime 0.0022 | numPos 5.0000 | numNeg 1406.0000
Epoch 0099 | Eval Loss 0.6918 | Precision 1.0000 | Recall 1.0000 | F1 1.0000 | AUC 1.0000 | time 0.0021
ITER=38, #Train=1449, #HeldOut=1554, #Test=3003
Test Set Loss 0.7094 | Precision 0.0889 | Recall 0.5333 | F1 0.1524 | AUC 0.8347 | trainTime 0.4272 | exSelTime 0.1520 | testTime 0.0023 | numPos 5.0000 | numNeg 1444.0000
Epoch 0099 | Eval Loss 0.6919 | Precision 1.0000 | Recall 1.0000 | F1 1.0000 | AUC 1.0000 | time 0.0018
ITER=39, #Train=1487, #HeldOut=1516, #Test=3003
Test Set Loss 0.7094 | Precision 0.0787 | Recall 0.4667 | F1 0.1346 | AUC 0.8343 | trainTime 0.4272 | exSelTime 0.1614 | testTime 0.0020 | numPos 5.0000 | numNeg 1482.0000
Epoch 0099 | Eval Loss 0.6919 | Precision 1.0000 | Recall 1.0000 | F1 1.0000 | AUC 1.0000 | time 0.0025
ITER=40, #Train=1525, #HeldOut=1478, #Test=3003
Test Set Loss 0.7094 | Precision 0.0787 | Recall 0.4667 | F1 0.1346 | AUC 0.8345 | trainTime 0.4272 | exSelTime 0.1494 | testTime 0.0022 | numPos 5.0000 | numNeg 1520.0000
Epoch 0099 | Eval Loss 0.6919 | Precision 1.0000 | Recall 1.0000 | F1 1.0000 | AUC 1.0000 | time 0.0018
ITER=41, #Train=1563, #HeldOut=1440, #Test=3003
Test Set Loss 0.7094 | Precision 0.0787 | Recall 0.4667 | F1 0.1346 | AUC 0.8344 | trainTime 0.4272 | exSelTime 0.1505 | testTime 0.0020 | numPos 5.0000 | numNeg 1558.0000
Epoch 0099 | Eval Loss 0.6920 | Precision 1.0000 | Recall 1.0000 | F1 1.0000 | AUC 1.0000 | time 0.0018
ITER=42, #Train=1601, #HeldOut=1402, #Test=3003
Test Set Loss 0.7094 | Precision 0.0787 | Recall 0.4667 | F1 0.1346 | AUC 0.8341 | trainTime 0.4272 | exSelTime 0.1453 | testTime 0.0020 | numPos 5.0000 | numNeg 1596.0000
Epoch 0099 | Eval Loss 0.6920 | Precision 1.0000 | Recall 1.0000 | F1 1.0000 | AUC 1.0000 | time 0.0022
ITER=43, #Train=1639, #HeldOut=1364, #Test=3003
Test Set Loss 0.7094 | Precision 0.0787 | Recall 0.4667 | F1 0.1346 | AUC 0.8339 | trainTime 0.4272 | exSelTime 0.1443 | testTime 0.0022 | numPos 5.0000 | numNeg 1634.0000
Epoch 0099 | Eval Loss 0.6920 | Precision 1.0000 | Recall 1.0000 | F1 1.0000 | AUC 1.0000 | time 0.0023
ITER=44, #Train=1677, #HeldOut=1326, #Test=3003
Test Set Loss 0.7094 | Precision 0.0787 | Recall 0.4667 | F1 0.1346 | AUC 0.8336 | trainTime 0.4272 | exSelTime 0.1449 | testTime 0.0038 | numPos 5.0000 | numNeg 1672.0000
Epoch 0099 | Eval Loss 0.6920 | Precision 1.0000 | Recall 1.0000 | F1 1.0000 | AUC 1.0000 | time 0.0019
ITER=45, #Train=1715, #HeldOut=1288, #Test=3003
Test Set Loss 0.7094 | Precision 0.0787 | Recall 0.4667 | F1 0.1346 | AUC 0.8333 | trainTime 0.4272 | exSelTime 0.1539 | testTime 0.0019 | numPos 5.0000 | numNeg 1710.0000
Epoch 0099 | Eval Loss 0.6921 | Precision 1.0000 | Recall 1.0000 | F1 1.0000 | AUC 1.0000 | time 0.0017
ITER=46, #Train=1753, #HeldOut=1250, #Test=3003
Test Set Loss 0.7086 | Precision 0.0714 | Recall 0.4000 | F1 0.1212 | AUC 0.8361 | trainTime 0.4272 | exSelTime 0.1467 | testTime 0.0022 | numPos 5.0000 | numNeg 1748.0000
Epoch 0099 | Eval Loss 0.6919 | Precision 1.0000 | Recall 1.0000 | F1 1.0000 | AUC 1.0000 | time 0.0022
ITER=47, #Train=1791, #HeldOut=1212, #Test=3003
Test Set Loss 0.7085 | Precision 0.0833 | Recall 0.4667 | F1 0.1414 | AUC 0.8814 | trainTime 0.4272 | exSelTime 0.1431 | testTime 0.0024 | numPos 6.0000 | numNeg 1785.0000
Epoch 0099 | Eval Loss 0.6919 | Precision 1.0000 | Recall 1.0000 | F1 1.0000 | AUC 1.0000 | time 0.0018
ITER=48, #Train=1829, #HeldOut=1174, #Test=3003
Test Set Loss 0.7084 | Precision 0.0833 | Recall 0.4667 | F1 0.1414 | AUC 0.8816 | trainTime 0.4272 | exSelTime 0.1441 | testTime 0.0020 | numPos 6.0000 | numNeg 1823.0000
Epoch 0099 | Eval Loss 0.6917 | Precision 1.0000 | Recall 1.0000 | F1 1.0000 | AUC 1.0000 | time 0.0018
ITER=49, #Train=1867, #HeldOut=1136, #Test=3003
Test Set Loss 0.7085 | Precision 0.0930 | Recall 0.5333 | F1 0.1584 | AUC 0.8980 | trainTime 0.4272 | exSelTime 0.1441 | testTime 0.0020 | numPos 7.0000 | numNeg 1860.0000
Epoch 0099 | Eval Loss 0.6916 | Precision 1.0000 | Recall 1.0000 | F1 1.0000 | AUC 1.0000 | time 0.0019
ITER=50, #Train=1905, #HeldOut=1098, #Test=3003
Test Set Loss 0.7076 | Precision 0.1084 | Recall 0.6000 | F1 0.1837 | AUC 0.9110 | trainTime 0.4272 | exSelTime 0.1429 | testTime 0.0021 | numPos 8.0000 | numNeg 1897.0000
Epoch 0099 | Eval Loss 0.6917 | Precision 1.0000 | Recall 1.0000 | F1 1.0000 | AUC 1.0000 | time 0.0020
ITER=51, #Train=1943, #HeldOut=1060, #Test=3003
Test Set Loss 0.7030 | Precision 0.1356 | Recall 0.5333 | F1 0.2162 | AUC 0.8916 | trainTime 0.4272 | exSelTime 0.1552 | testTime 0.0022 | numPos 8.0000 | numNeg 1935.0000
Epoch 0099 | Eval Loss 0.6917 | Precision 1.0000 | Recall 1.0000 | F1 1.0000 | AUC 1.0000 | time 0.0019
ITER=52, #Train=1981, #HeldOut=1022, #Test=3003
Test Set Loss 0.7051 | Precision 0.1159 | Recall 0.5333 | F1 0.1905 | AUC 0.8790 | trainTime 0.4272 | exSelTime 0.1483 | testTime 0.0022 | numPos 8.0000 | numNeg 1973.0000
Epoch 0099 | Eval Loss 0.6917 | Precision 1.0000 | Recall 1.0000 | F1 1.0000 | AUC 1.0000 | time 0.0023
ITER=53, #Train=2019, #HeldOut=984, #Test=3003
Test Set Loss 0.7060 | Precision 0.1096 | Recall 0.5333 | F1 0.1818 | AUC 0.8766 | trainTime 0.4272 | exSelTime 0.1454 | testTime 0.0022 | numPos 8.0000 | numNeg 2011.0000
Epoch 0099 | Eval Loss 0.6917 | Precision 1.0000 | Recall 1.0000 | F1 1.0000 | AUC 1.0000 | time 0.0023
ITER=54, #Train=2057, #HeldOut=946, #Test=3003
Test Set Loss 0.7065 | Precision 0.1039 | Recall 0.5333 | F1 0.1739 | AUC 0.8749 | trainTime 0.4272 | exSelTime 0.1454 | testTime 0.0025 | numPos 8.0000 | numNeg 2049.0000
Epoch 0099 | Eval Loss 0.6917 | Precision 1.0000 | Recall 1.0000 | F1 1.0000 | AUC 1.0000 | time 0.0019
ITER=55, #Train=2095, #HeldOut=908, #Test=3003
Test Set Loss 0.7066 | Precision 0.1026 | Recall 0.5333 | F1 0.1720 | AUC 0.8766 | trainTime 0.4272 | exSelTime 0.1466 | testTime 0.0020 | numPos 8.0000 | numNeg 2087.0000
Epoch 0099 | Eval Loss 0.6916 | Precision 1.0000 | Recall 1.0000 | F1 1.0000 | AUC 1.0000 | time 0.0021
ITER=56, #Train=2133, #HeldOut=870, #Test=3003
Test Set Loss 0.7097 | Precision 0.0957 | Recall 0.6000 | F1 0.1651 | AUC 0.8748 | trainTime 0.4272 | exSelTime 0.1465 | testTime 0.0021 | numPos 9.0000 | numNeg 2124.0000
Epoch 0099 | Eval Loss 0.6914 | Precision 1.0000 | Recall 1.0000 | F1 1.0000 | AUC 1.0000 | time 0.0024
ITER=57, #Train=2171, #HeldOut=832, #Test=3003
Test Set Loss 0.7076 | Precision 0.1149 | Recall 0.6667 | F1 0.1961 | AUC 0.8807 | trainTime 0.4272 | exSelTime 0.1491 | testTime 0.0022 | numPos 10.0000 | numNeg 2161.0000
Epoch 0099 | Eval Loss 0.6913 | Precision 1.0000 | Recall 1.0000 | F1 1.0000 | AUC 1.0000 | time 0.0020
ITER=58, #Train=2209, #HeldOut=794, #Test=3003
Test Set Loss 0.7050 | Precision 0.1429 | Recall 0.7333 | F1 0.2391 | AUC 0.8994 | trainTime 0.4272 | exSelTime 0.1444 | testTime 0.0023 | numPos 11.0000 | numNeg 2198.0000
Epoch 0099 | Eval Loss 0.6913 | Precision 1.0000 | Recall 1.0000 | F1 1.0000 | AUC 1.0000 | time 0.0027
ITER=59, #Train=2247, #HeldOut=756, #Test=3003
Test Set Loss 0.7057 | Precision 0.1392 | Recall 0.7333 | F1 0.2340 | AUC 0.8996 | trainTime 0.4272 | exSelTime 0.1550 | testTime 0.0024 | numPos 11.0000 | numNeg 2236.0000
Epoch 0099 | Eval Loss 0.6913 | Precision 1.0000 | Recall 1.0000 | F1 1.0000 | AUC 1.0000 | time 0.0018
ITER=60, #Train=2285, #HeldOut=718, #Test=3003
Test Set Loss 0.6921 | Precision 0.8462 | Recall 0.7333 | F1 0.7857 | AUC 0.9227 | trainTime 0.4272 | exSelTime 0.1445 | testTime 0.0020 | numPos 11.0000 | numNeg 2274.0000
Epoch 0099 | Eval Loss 0.6912 | Precision 1.0000 | Recall 1.0000 | F1 1.0000 | AUC 1.0000 | time 0.0019
ITER=61, #Train=2323, #HeldOut=680, #Test=3003
Test Set Loss 0.6919 | Precision 0.9231 | Recall 0.8000 | F1 0.8571 | AUC 0.9339 | trainTime 0.4272 | exSelTime 0.1437 | testTime 0.0021 | numPos 12.0000 | numNeg 2311.0000
Epoch 0099 | Eval Loss 0.6912 | Precision 1.0000 | Recall 1.0000 | F1 1.0000 | AUC 1.0000 | time 0.0020
ITER=62, #Train=2361, #HeldOut=642, #Test=3003
Test Set Loss 0.6918 | Precision 0.9231 | Recall 0.8000 | F1 0.8571 | AUC 0.9343 | trainTime 0.4272 | exSelTime 0.1424 | testTime 0.0022 | numPos 12.0000 | numNeg 2349.0000
Epoch 0099 | Eval Loss 0.6911 | Precision 1.0000 | Recall 1.0000 | F1 1.0000 | AUC 1.0000 | time 0.0023
ITER=63, #Train=2399, #HeldOut=604, #Test=3003
Test Set Loss 0.6917 | Precision 0.9286 | Recall 0.8667 | F1 0.8966 | AUC 0.9813 | trainTime 0.4272 | exSelTime 0.1421 | testTime 0.0025 | numPos 13.0000 | numNeg 2386.0000
Epoch 0099 | Eval Loss 0.6910 | Precision 1.0000 | Recall 1.0000 | F1 1.0000 | AUC 1.0000 | time 0.0020
ITER=64, #Train=2437, #HeldOut=566, #Test=3003
Test Set Loss 0.6916 | Precision 0.9333 | Recall 0.9333 | F1 0.9333 | AUC 0.9906 | trainTime 0.4272 | exSelTime 0.1400 | testTime 0.0020 | numPos 14.0000 | numNeg 2423.0000
Epoch 0099 | Eval Loss 0.6910 | Precision 1.0000 | Recall 1.0000 | F1 1.0000 | AUC 1.0000 | time 0.0021
ITER=65, #Train=2475, #HeldOut=528, #Test=3003
Test Set Loss 0.6917 | Precision 0.9333 | Recall 0.9333 | F1 0.9333 | AUC 0.9906 | trainTime 0.4272 | exSelTime 0.1406 | testTime 0.0023 | numPos 14.0000 | numNeg 2461.0000
Epoch 0099 | Eval Loss 0.6910 | Precision 1.0000 | Recall 1.0000 | F1 1.0000 | AUC 1.0000 | time 0.0020
ITER=66, #Train=2513, #HeldOut=490, #Test=3003
Test Set Loss 0.6917 | Precision 0.9333 | Recall 0.9333 | F1 0.9333 | AUC 0.9907 | trainTime 0.4272 | exSelTime 0.1371 | testTime 0.0020 | numPos 14.0000 | numNeg 2499.0000
Epoch 0099 | Eval Loss 0.6911 | Precision 1.0000 | Recall 1.0000 | F1 1.0000 | AUC 1.0000 | time 0.0021
ITER=67, #Train=2551, #HeldOut=452, #Test=3003
Test Set Loss 0.6916 | Precision 0.9333 | Recall 0.9333 | F1 0.9333 | AUC 0.9903 | trainTime 0.4272 | exSelTime 0.1388 | testTime 0.0023 | numPos 14.0000 | numNeg 2537.0000
Epoch 0099 | Eval Loss 0.6911 | Precision 1.0000 | Recall 1.0000 | F1 1.0000 | AUC 1.0000 | time 0.0021
ITER=68, #Train=2589, #HeldOut=414, #Test=3003
Test Set Loss 0.6916 | Precision 0.9333 | Recall 0.9333 | F1 0.9333 | AUC 0.9904 | trainTime 0.4272 | exSelTime 0.1329 | testTime 0.0022 | numPos 14.0000 | numNeg 2575.0000
Epoch 0099 | Eval Loss 0.6911 | Precision 1.0000 | Recall 1.0000 | F1 1.0000 | AUC 1.0000 | time 0.0020
ITER=69, #Train=2627, #HeldOut=376, #Test=3003
Test Set Loss 0.6916 | Precision 0.9333 | Recall 0.9333 | F1 0.9333 | AUC 0.9904 | trainTime 0.4272 | exSelTime 0.1316 | testTime 0.0022 | numPos 14.0000 | numNeg 2613.0000
Epoch 0099 | Eval Loss 0.6912 | Precision 1.0000 | Recall 1.0000 | F1 1.0000 | AUC 1.0000 | time 0.0021
ITER=70, #Train=2665, #HeldOut=338, #Test=3003
Test Set Loss 0.6916 | Precision 0.9333 | Recall 0.9333 | F1 0.9333 | AUC 0.9905 | trainTime 0.4272 | exSelTime 0.1301 | testTime 0.0025 | numPos 14.0000 | numNeg 2651.0000
Epoch 0099 | Eval Loss 0.6912 | Precision 1.0000 | Recall 1.0000 | F1 1.0000 | AUC 1.0000 | time 0.0022
ITER=71, #Train=2703, #HeldOut=300, #Test=3003
Test Set Loss 0.6916 | Precision 0.9333 | Recall 0.9333 | F1 0.9333 | AUC 0.9905 | trainTime 0.4272 | exSelTime 0.1265 | testTime 0.0021 | numPos 14.0000 | numNeg 2689.0000
Epoch 0099 | Eval Loss 0.6912 | Precision 1.0000 | Recall 1.0000 | F1 1.0000 | AUC 1.0000 | time 0.0023
ITER=72, #Train=2741, #HeldOut=262, #Test=3003
Test Set Loss 0.6916 | Precision 0.9333 | Recall 0.9333 | F1 0.9333 | AUC 0.9902 | trainTime 0.4272 | exSelTime 0.1279 | testTime 0.0022 | numPos 14.0000 | numNeg 2727.0000
Epoch 0099 | Eval Loss 0.6911 | Precision 1.0000 | Recall 1.0000 | F1 1.0000 | AUC 1.0000 | time 0.0020
ITER=73, #Train=2779, #HeldOut=224, #Test=3003
Test Set Loss 0.6915 | Precision 0.9375 | Recall 1.0000 | F1 0.9677 | AUC 0.9997 | trainTime 0.4272 | exSelTime 0.1169 | testTime 0.0020 | numPos 15.0000 | numNeg 2764.0000
Epoch 0099 | Eval Loss 0.6911 | Precision 1.0000 | Recall 1.0000 | F1 1.0000 | AUC 1.0000 | time 0.0020
ITER=74, #Train=2817, #HeldOut=186, #Test=3003
Test Set Loss 0.6915 | Precision 0.9375 | Recall 1.0000 | F1 0.9677 | AUC 0.9997 | trainTime 0.4272 | exSelTime 0.1087 | testTime 0.0024 | numPos 15.0000 | numNeg 2802.0000
Epoch 0099 | Eval Loss 0.6912 | Precision 1.0000 | Recall 1.0000 | F1 1.0000 | AUC 1.0000 | time 0.0020
ITER=75, #Train=2855, #HeldOut=148, #Test=3003
Test Set Loss 0.6915 | Precision 0.9375 | Recall 1.0000 | F1 0.9677 | AUC 0.9997 | trainTime 0.4272 | exSelTime 0.1035 | testTime 0.0022 | numPos 15.0000 | numNeg 2840.0000
Epoch 0099 | Eval Loss 0.6912 | Precision 1.0000 | Recall 1.0000 | F1 1.0000 | AUC 1.0000 | time 0.0021
ITER=76, #Train=2893, #HeldOut=110, #Test=3003
Test Set Loss 0.6915 | Precision 0.9375 | Recall 1.0000 | F1 0.9677 | AUC 0.9997 | trainTime 0.4272 | exSelTime 0.0929 | testTime 0.0021 | numPos 15.0000 | numNeg 2878.0000
Epoch 0099 | Eval Loss 0.6912 | Precision 1.0000 | Recall 1.0000 | F1 1.0000 | AUC 1.0000 | time 0.0022
ITER=77, #Train=2931, #HeldOut=72, #Test=3003
Test Set Loss 0.6915 | Precision 0.9375 | Recall 1.0000 | F1 0.9677 | AUC 0.9997 | trainTime 0.4272 | exSelTime 0.0851 | testTime 0.0024 | numPos 15.0000 | numNeg 2916.0000
Epoch 0099 | Eval Loss 0.6912 | Precision 1.0000 | Recall 1.0000 | F1 1.0000 | AUC 1.0000 | time 0.0022
ITER=78, #Train=2968, #HeldOut=35, #Test=3003
Test Set Loss 0.6915 | Precision 0.9375 | Recall 1.0000 | F1 0.9677 | AUC 0.9997 | trainTime 0.4272 | exSelTime 0.0797 | testTime 0.0028 | numPos 15.0000 | numNeg 2953.0000
Epoch 0099 | Eval Loss 0.6912 | Precision 1.0000 | Recall 1.0000 | F1 1.0000 | AUC 1.0000 | time 0.0022
ITER=79, #Train=2996, #HeldOut=7, #Test=3003
Test Set Loss 0.6913 | Precision 1.0000 | Recall 1.0000 | F1 1.0000 | AUC 1.0000 | trainTime 0.4272 | exSelTime 0.0720 | testTime 0.0022 | numPos 15.0000 | numNeg 2981.0000
Epoch 0099 | Eval Loss 0.6913 | Precision 1.0000 | Recall 1.0000 | F1 1.0000 | AUC 1.0000 | time 0.0022
ITER=80, #Train=3003, #HeldOut=0, #Test=3003
Test Set Loss 0.6913 | Precision 1.0000 | Recall 1.0000 | F1 1.0000 | AUC 1.0000 | trainTime 0.4272 | exSelTime 0.0264 | testTime 0.0023 | numPos 15.0000 | numNeg 2988.0000
