on cpu
loading data ... from src/model/gnn/dataset/cmt-conference/cmt_conference_Ontology_Node_Embeddings.txt
src/model/gnn/dataset/cmt-conference/cmt_conference_Ontology_Edge_List.txt
src/model/gnn/dataset/cmt-conference/prog_seed_pairs.txt
src/model/gnn/dataset/cmt-conference/pos_neg_pairs.txt
done
Epoch 0099 | Eval Loss 0.6172 | Precision 1.0000 | Recall 1.0000 | F1 1.0000 | AUC 1.0000 | time 0.0015
ITER=0, #Train=5, #HeldOut=2998, #Test=3003
Test Set Loss 1.1826 | Precision 0.0052 | Recall 1.0000 | F1 0.0102 | AUC 0.6793 | trainTime 0.4248 | exSelTime 0.0000 | testTime 0.0026 | numPos -1.0000 | numNeg -1.0000
Epoch 0099 | Eval Loss 0.6669 | Precision 1.0000 | Recall 1.0000 | F1 1.0000 | AUC 1.0000 | time 0.0015
ITER=1, #Train=43, #HeldOut=2960, #Test=3003
Test Set Loss 0.9814 | Precision 0.0092 | Recall 0.9333 | F1 0.0182 | AUC 0.7861 | trainTime 0.4248 | exSelTime 0.4731 | testTime 0.0023 | numPos 3.0000 | numNeg 40.0000
Epoch 0099 | Eval Loss 0.6794 | Precision 1.0000 | Recall 1.0000 | F1 1.0000 | AUC 1.0000 | time 0.0016
ITER=2, #Train=81, #HeldOut=2922, #Test=3003
Test Set Loss 1.0047 | Precision 0.0074 | Recall 0.8667 | F1 0.0147 | AUC 0.6798 | trainTime 0.4248 | exSelTime 0.4649 | testTime 0.0022 | numPos 3.0000 | numNeg 78.0000
Epoch 0099 | Eval Loss 0.6809 | Precision 1.0000 | Recall 1.0000 | F1 1.0000 | AUC 1.0000 | time 0.0015
ITER=3, #Train=119, #HeldOut=2884, #Test=3003
Test Set Loss 0.9210 | Precision 0.0089 | Recall 0.7333 | F1 0.0177 | AUC 0.7429 | trainTime 0.4248 | exSelTime 0.4557 | testTime 0.0019 | numPos 4.0000 | numNeg 115.0000
Epoch 0099 | Eval Loss 0.6837 | Precision 1.0000 | Recall 1.0000 | F1 1.0000 | AUC 1.0000 | time 0.0015
ITER=4, #Train=157, #HeldOut=2846, #Test=3003
Test Set Loss 0.8974 | Precision 0.0098 | Recall 0.8000 | F1 0.0194 | AUC 0.7627 | trainTime 0.4248 | exSelTime 0.4630 | testTime 0.0027 | numPos 4.0000 | numNeg 153.0000
Epoch 0099 | Eval Loss 0.6858 | Precision 1.0000 | Recall 1.0000 | F1 1.0000 | AUC 1.0000 | time 0.0015
ITER=5, #Train=195, #HeldOut=2808, #Test=3003
Test Set Loss 0.8436 | Precision 0.0145 | Recall 0.7333 | F1 0.0284 | AUC 0.8169 | trainTime 0.4248 | exSelTime 0.4531 | testTime 0.0024 | numPos 4.0000 | numNeg 191.0000
Epoch 0099 | Eval Loss 0.6873 | Precision 1.0000 | Recall 1.0000 | F1 1.0000 | AUC 1.0000 | time 0.0016
ITER=6, #Train=233, #HeldOut=2770, #Test=3003
Test Set Loss 0.8274 | Precision 0.0185 | Recall 0.8000 | F1 0.0361 | AUC 0.8307 | trainTime 0.4248 | exSelTime 0.4519 | testTime 0.0022 | numPos 5.0000 | numNeg 228.0000
Epoch 0099 | Eval Loss 0.6873 | Precision 1.0000 | Recall 1.0000 | F1 1.0000 | AUC 1.0000 | time 0.0015
ITER=7, #Train=271, #HeldOut=2732, #Test=3003
Test Set Loss 0.7875 | Precision 0.0323 | Recall 0.8000 | F1 0.0622 | AUC 0.8863 | trainTime 0.4248 | exSelTime 0.4511 | testTime 0.0024 | numPos 5.0000 | numNeg 266.0000
Epoch 0099 | Eval Loss 0.6877 | Precision 1.0000 | Recall 0.8571 | F1 0.9231 | AUC 1.0000 | time 0.0016
ITER=8, #Train=309, #HeldOut=2694, #Test=3003
Test Set Loss 0.7861 | Precision 0.0231 | Recall 0.6667 | F1 0.0446 | AUC 0.8442 | trainTime 0.4248 | exSelTime 0.4439 | testTime 0.0022 | numPos 7.0000 | numNeg 302.0000
Epoch 0099 | Eval Loss 0.6870 | Precision 1.0000 | Recall 1.0000 | F1 1.0000 | AUC 1.0000 | time 0.0016
ITER=9, #Train=347, #HeldOut=2656, #Test=3003
Test Set Loss 0.7745 | Precision 0.0347 | Recall 0.7333 | F1 0.0663 | AUC 0.8620 | trainTime 0.4248 | exSelTime 0.4353 | testTime 0.0022 | numPos 7.0000 | numNeg 340.0000
Epoch 0099 | Eval Loss 0.6878 | Precision 0.8889 | Recall 1.0000 | F1 0.9412 | AUC 1.0000 | time 0.0016
ITER=10, #Train=385, #HeldOut=2618, #Test=3003
Test Set Loss 0.7493 | Precision 0.0472 | Recall 0.6667 | F1 0.0881 | AUC 0.8716 | trainTime 0.4248 | exSelTime 0.4387 | testTime 0.0021 | numPos 8.0000 | numNeg 377.0000
Epoch 0099 | Eval Loss 0.6898 | Precision 0.8182 | Recall 1.0000 | F1 0.9000 | AUC 1.0000 | time 0.0015
ITER=11, #Train=423, #HeldOut=2580, #Test=3003
Test Set Loss 0.7346 | Precision 0.0728 | Recall 0.7333 | F1 0.1325 | AUC 0.8946 | trainTime 0.4248 | exSelTime 0.4421 | testTime 0.0021 | numPos 9.0000 | numNeg 414.0000
Epoch 0099 | Eval Loss 0.6893 | Precision 0.8889 | Recall 0.8889 | F1 0.8889 | AUC 0.9998 | time 0.0016
ITER=12, #Train=461, #HeldOut=2542, #Test=3003
Test Set Loss 0.7226 | Precision 0.0935 | Recall 0.6667 | F1 0.1639 | AUC 0.9060 | trainTime 0.4248 | exSelTime 0.4343 | testTime 0.0021 | numPos 9.0000 | numNeg 452.0000
Epoch 0099 | Eval Loss 0.6881 | Precision 1.0000 | Recall 1.0000 | F1 1.0000 | AUC 1.0000 | time 0.0015
ITER=13, #Train=499, #HeldOut=2504, #Test=3003
Test Set Loss 0.7167 | Precision 0.1250 | Recall 0.7333 | F1 0.2136 | AUC 0.9084 | trainTime 0.4248 | exSelTime 0.4303 | testTime 0.0020 | numPos 9.0000 | numNeg 490.0000
Epoch 0099 | Eval Loss 0.6889 | Precision 0.9091 | Recall 1.0000 | F1 0.9524 | AUC 0.9998 | time 0.0021
ITER=14, #Train=537, #HeldOut=2466, #Test=3003
Test Set Loss 0.7019 | Precision 0.5238 | Recall 0.7333 | F1 0.6111 | AUC 0.8893 | trainTime 0.4248 | exSelTime 0.4228 | testTime 0.0023 | numPos 10.0000 | numNeg 527.0000
Epoch 0099 | Eval Loss 0.6888 | Precision 1.0000 | Recall 1.0000 | F1 1.0000 | AUC 1.0000 | time 0.0018
ITER=15, #Train=575, #HeldOut=2428, #Test=3003
Test Set Loss 0.6956 | Precision 0.8000 | Recall 0.8000 | F1 0.8000 | AUC 0.8916 | trainTime 0.4248 | exSelTime 0.4412 | testTime 0.0020 | numPos 11.0000 | numNeg 564.0000
Epoch 0099 | Eval Loss 0.6877 | Precision 1.0000 | Recall 1.0000 | F1 1.0000 | AUC 1.0000 | time 0.0022
ITER=16, #Train=613, #HeldOut=2390, #Test=3003
Test Set Loss 0.6922 | Precision 1.0000 | Recall 0.8000 | F1 0.8889 | AUC 0.8957 | trainTime 0.4248 | exSelTime 0.4242 | testTime 0.0022 | numPos 11.0000 | numNeg 602.0000
Epoch 0099 | Eval Loss 0.6875 | Precision 1.0000 | Recall 1.0000 | F1 1.0000 | AUC 1.0000 | time 0.0018
ITER=17, #Train=651, #HeldOut=2352, #Test=3003
Test Set Loss 0.6918 | Precision 1.0000 | Recall 0.8000 | F1 0.8889 | AUC 0.8961 | trainTime 0.4248 | exSelTime 0.4194 | testTime 0.0019 | numPos 11.0000 | numNeg 640.0000
Epoch 0099 | Eval Loss 0.6875 | Precision 1.0000 | Recall 1.0000 | F1 1.0000 | AUC 1.0000 | time 0.0018
ITER=18, #Train=689, #HeldOut=2314, #Test=3003
Test Set Loss 0.6917 | Precision 1.0000 | Recall 0.8000 | F1 0.8889 | AUC 0.8952 | trainTime 0.4248 | exSelTime 0.4235 | testTime 0.0019 | numPos 11.0000 | numNeg 678.0000
Epoch 0099 | Eval Loss 0.6877 | Precision 1.0000 | Recall 1.0000 | F1 1.0000 | AUC 1.0000 | time 0.0021
ITER=19, #Train=727, #HeldOut=2276, #Test=3003
Test Set Loss 0.6917 | Precision 1.0000 | Recall 0.8000 | F1 0.8889 | AUC 0.8935 | trainTime 0.4248 | exSelTime 0.4172 | testTime 0.0023 | numPos 11.0000 | numNeg 716.0000
Epoch 0099 | Eval Loss 0.6879 | Precision 1.0000 | Recall 1.0000 | F1 1.0000 | AUC 1.0000 | time 0.0019
ITER=20, #Train=765, #HeldOut=2238, #Test=3003
Test Set Loss 0.6917 | Precision 1.0000 | Recall 0.8000 | F1 0.8889 | AUC 0.8925 | trainTime 0.4248 | exSelTime 0.4117 | testTime 0.0021 | numPos 11.0000 | numNeg 754.0000
Epoch 0099 | Eval Loss 0.6881 | Precision 1.0000 | Recall 1.0000 | F1 1.0000 | AUC 1.0000 | time 0.0021
ITER=21, #Train=803, #HeldOut=2200, #Test=3003
Test Set Loss 0.6917 | Precision 1.0000 | Recall 0.8000 | F1 0.8889 | AUC 0.8920 | trainTime 0.4248 | exSelTime 0.4174 | testTime 0.0021 | numPos 11.0000 | numNeg 792.0000
Epoch 0099 | Eval Loss 0.6883 | Precision 1.0000 | Recall 1.0000 | F1 1.0000 | AUC 1.0000 | time 0.0018
ITER=22, #Train=841, #HeldOut=2162, #Test=3003
Test Set Loss 0.6917 | Precision 1.0000 | Recall 0.8000 | F1 0.8889 | AUC 0.8916 | trainTime 0.4248 | exSelTime 0.4066 | testTime 0.0020 | numPos 11.0000 | numNeg 830.0000
Epoch 0099 | Eval Loss 0.6885 | Precision 1.0000 | Recall 1.0000 | F1 1.0000 | AUC 1.0000 | time 0.0021
ITER=23, #Train=879, #HeldOut=2124, #Test=3003
Test Set Loss 0.6917 | Precision 1.0000 | Recall 0.8000 | F1 0.8889 | AUC 0.8913 | trainTime 0.4248 | exSelTime 0.4035 | testTime 0.0023 | numPos 11.0000 | numNeg 868.0000
Epoch 0099 | Eval Loss 0.6887 | Precision 1.0000 | Recall 1.0000 | F1 1.0000 | AUC 1.0000 | time 0.0019
ITER=24, #Train=917, #HeldOut=2086, #Test=3003
Test Set Loss 0.6917 | Precision 1.0000 | Recall 0.8000 | F1 0.8889 | AUC 0.8909 | trainTime 0.4248 | exSelTime 0.3958 | testTime 0.0020 | numPos 11.0000 | numNeg 906.0000
Epoch 0099 | Eval Loss 0.6887 | Precision 1.0000 | Recall 1.0000 | F1 1.0000 | AUC 1.0000 | time 0.0018
ITER=25, #Train=955, #HeldOut=2048, #Test=3003
Test Set Loss 0.6916 | Precision 1.0000 | Recall 0.8667 | F1 0.9286 | AUC 0.8996 | trainTime 0.4248 | exSelTime 0.4063 | testTime 0.0021 | numPos 12.0000 | numNeg 943.0000
Epoch 0099 | Eval Loss 0.6887 | Precision 1.0000 | Recall 1.0000 | F1 1.0000 | AUC 1.0000 | time 0.0019
ITER=26, #Train=993, #HeldOut=2010, #Test=3003
Test Set Loss 0.6916 | Precision 1.0000 | Recall 0.8667 | F1 0.9286 | AUC 0.9005 | trainTime 0.4248 | exSelTime 0.3847 | testTime 0.0020 | numPos 12.0000 | numNeg 981.0000
Epoch 0099 | Eval Loss 0.6888 | Precision 1.0000 | Recall 1.0000 | F1 1.0000 | AUC 1.0000 | time 0.0020
ITER=27, #Train=1031, #HeldOut=1972, #Test=3003
Test Set Loss 0.6915 | Precision 1.0000 | Recall 0.8667 | F1 0.9286 | AUC 0.9007 | trainTime 0.4248 | exSelTime 0.3973 | testTime 0.0021 | numPos 12.0000 | numNeg 1019.0000
Epoch 0099 | Eval Loss 0.6890 | Precision 1.0000 | Recall 1.0000 | F1 1.0000 | AUC 1.0000 | time 0.0017
ITER=28, #Train=1069, #HeldOut=1934, #Test=3003
Test Set Loss 0.6915 | Precision 1.0000 | Recall 0.8667 | F1 0.9286 | AUC 0.9008 | trainTime 0.4248 | exSelTime 0.3892 | testTime 0.0021 | numPos 12.0000 | numNeg 1057.0000
Epoch 0099 | Eval Loss 0.6891 | Precision 1.0000 | Recall 1.0000 | F1 1.0000 | AUC 1.0000 | time 0.0021
ITER=29, #Train=1107, #HeldOut=1896, #Test=3003
Test Set Loss 0.6915 | Precision 1.0000 | Recall 0.8667 | F1 0.9286 | AUC 0.9008 | trainTime 0.4248 | exSelTime 0.3863 | testTime 0.0021 | numPos 12.0000 | numNeg 1095.0000
Epoch 0099 | Eval Loss 0.6892 | Precision 1.0000 | Recall 1.0000 | F1 1.0000 | AUC 1.0000 | time 0.0018
ITER=30, #Train=1145, #HeldOut=1858, #Test=3003
Test Set Loss 0.6915 | Precision 1.0000 | Recall 0.8667 | F1 0.9286 | AUC 0.9008 | trainTime 0.4248 | exSelTime 0.3894 | testTime 0.0022 | numPos 12.0000 | numNeg 1133.0000
Epoch 0099 | Eval Loss 0.6893 | Precision 1.0000 | Recall 1.0000 | F1 1.0000 | AUC 1.0000 | time 0.0017
ITER=31, #Train=1183, #HeldOut=1820, #Test=3003
Test Set Loss 0.6915 | Precision 1.0000 | Recall 0.8667 | F1 0.9286 | AUC 0.9008 | trainTime 0.4248 | exSelTime 0.3832 | testTime 0.0022 | numPos 12.0000 | numNeg 1171.0000
Epoch 0099 | Eval Loss 0.6894 | Precision 1.0000 | Recall 1.0000 | F1 1.0000 | AUC 1.0000 | time 0.0018
ITER=32, #Train=1221, #HeldOut=1782, #Test=3003
Test Set Loss 0.6915 | Precision 1.0000 | Recall 0.8667 | F1 0.9286 | AUC 0.9007 | trainTime 0.4248 | exSelTime 0.3647 | testTime 0.0019 | numPos 12.0000 | numNeg 1209.0000
Epoch 0099 | Eval Loss 0.6896 | Precision 1.0000 | Recall 1.0000 | F1 1.0000 | AUC 1.0000 | time 0.0020
ITER=33, #Train=1259, #HeldOut=1744, #Test=3003
Test Set Loss 0.6915 | Precision 1.0000 | Recall 0.8667 | F1 0.9286 | AUC 0.9007 | trainTime 0.4248 | exSelTime 0.3662 | testTime 0.0020 | numPos 12.0000 | numNeg 1247.0000
Epoch 0099 | Eval Loss 0.6897 | Precision 1.0000 | Recall 1.0000 | F1 1.0000 | AUC 1.0000 | time 0.0022
ITER=34, #Train=1297, #HeldOut=1706, #Test=3003
Test Set Loss 0.6915 | Precision 1.0000 | Recall 0.8667 | F1 0.9286 | AUC 0.9006 | trainTime 0.4248 | exSelTime 0.3761 | testTime 0.0026 | numPos 12.0000 | numNeg 1285.0000
Epoch 0099 | Eval Loss 0.6898 | Precision 1.0000 | Recall 1.0000 | F1 1.0000 | AUC 1.0000 | time 0.0019
ITER=35, #Train=1335, #HeldOut=1668, #Test=3003
Test Set Loss 0.6915 | Precision 1.0000 | Recall 0.8667 | F1 0.9286 | AUC 0.9006 | trainTime 0.4248 | exSelTime 0.3644 | testTime 0.0021 | numPos 12.0000 | numNeg 1323.0000
Epoch 0099 | Eval Loss 0.6898 | Precision 1.0000 | Recall 1.0000 | F1 1.0000 | AUC 1.0000 | time 0.0020
ITER=36, #Train=1373, #HeldOut=1630, #Test=3003
Test Set Loss 0.6915 | Precision 1.0000 | Recall 0.8667 | F1 0.9286 | AUC 0.9005 | trainTime 0.4248 | exSelTime 0.3628 | testTime 0.0020 | numPos 12.0000 | numNeg 1361.0000
Epoch 0099 | Eval Loss 0.6899 | Precision 1.0000 | Recall 1.0000 | F1 1.0000 | AUC 1.0000 | time 0.0019
ITER=37, #Train=1411, #HeldOut=1592, #Test=3003
Test Set Loss 0.6915 | Precision 1.0000 | Recall 0.8667 | F1 0.9286 | AUC 0.9005 | trainTime 0.4248 | exSelTime 0.3598 | testTime 0.0021 | numPos 12.0000 | numNeg 1399.0000
Epoch 0099 | Eval Loss 0.6900 | Precision 1.0000 | Recall 1.0000 | F1 1.0000 | AUC 1.0000 | time 0.0019
ITER=38, #Train=1449, #HeldOut=1554, #Test=3003
Test Set Loss 0.6915 | Precision 1.0000 | Recall 0.8667 | F1 0.9286 | AUC 0.9004 | trainTime 0.4248 | exSelTime 0.3601 | testTime 0.0021 | numPos 12.0000 | numNeg 1437.0000
Epoch 0099 | Eval Loss 0.6901 | Precision 1.0000 | Recall 1.0000 | F1 1.0000 | AUC 1.0000 | time 0.0018
ITER=39, #Train=1487, #HeldOut=1516, #Test=3003
Test Set Loss 0.6915 | Precision 1.0000 | Recall 0.8667 | F1 0.9286 | AUC 0.9004 | trainTime 0.4248 | exSelTime 0.3604 | testTime 0.0020 | numPos 12.0000 | numNeg 1475.0000
Epoch 0099 | Eval Loss 0.6902 | Precision 1.0000 | Recall 1.0000 | F1 1.0000 | AUC 1.0000 | time 0.0022
ITER=40, #Train=1525, #HeldOut=1478, #Test=3003
Test Set Loss 0.6915 | Precision 1.0000 | Recall 0.8667 | F1 0.9286 | AUC 0.9003 | trainTime 0.4248 | exSelTime 0.3614 | testTime 0.0024 | numPos 12.0000 | numNeg 1513.0000
Epoch 0099 | Eval Loss 0.6902 | Precision 1.0000 | Recall 1.0000 | F1 1.0000 | AUC 1.0000 | time 0.0020
ITER=41, #Train=1563, #HeldOut=1440, #Test=3003
Test Set Loss 0.6915 | Precision 1.0000 | Recall 0.8667 | F1 0.9286 | AUC 0.9003 | trainTime 0.4248 | exSelTime 0.3583 | testTime 0.0021 | numPos 12.0000 | numNeg 1551.0000
Epoch 0099 | Eval Loss 0.6903 | Precision 1.0000 | Recall 1.0000 | F1 1.0000 | AUC 1.0000 | time 0.0020
ITER=42, #Train=1601, #HeldOut=1402, #Test=3003
Test Set Loss 0.6915 | Precision 1.0000 | Recall 0.8667 | F1 0.9286 | AUC 0.9003 | trainTime 0.4248 | exSelTime 0.3470 | testTime 0.0020 | numPos 12.0000 | numNeg 1589.0000
Epoch 0099 | Eval Loss 0.6904 | Precision 1.0000 | Recall 1.0000 | F1 1.0000 | AUC 1.0000 | time 0.0019
ITER=43, #Train=1639, #HeldOut=1364, #Test=3003
Test Set Loss 0.6915 | Precision 1.0000 | Recall 0.8667 | F1 0.9286 | AUC 0.9003 | trainTime 0.4248 | exSelTime 0.3445 | testTime 0.0025 | numPos 12.0000 | numNeg 1627.0000
Epoch 0099 | Eval Loss 0.6904 | Precision 1.0000 | Recall 1.0000 | F1 1.0000 | AUC 1.0000 | time 0.0019
ITER=44, #Train=1677, #HeldOut=1326, #Test=3003
Test Set Loss 0.6915 | Precision 1.0000 | Recall 0.8667 | F1 0.9286 | AUC 0.9002 | trainTime 0.4248 | exSelTime 0.3470 | testTime 0.0027 | numPos 12.0000 | numNeg 1665.0000
Epoch 0099 | Eval Loss 0.6905 | Precision 1.0000 | Recall 1.0000 | F1 1.0000 | AUC 1.0000 | time 0.0018
ITER=45, #Train=1715, #HeldOut=1288, #Test=3003
Test Set Loss 0.6915 | Precision 1.0000 | Recall 0.8667 | F1 0.9286 | AUC 0.9003 | trainTime 0.4248 | exSelTime 0.3398 | testTime 0.0020 | numPos 12.0000 | numNeg 1703.0000
Epoch 0099 | Eval Loss 0.6906 | Precision 1.0000 | Recall 1.0000 | F1 1.0000 | AUC 1.0000 | time 0.0021
ITER=46, #Train=1753, #HeldOut=1250, #Test=3003
Test Set Loss 0.6915 | Precision 1.0000 | Recall 0.8667 | F1 0.9286 | AUC 0.9002 | trainTime 0.4248 | exSelTime 0.3481 | testTime 0.0023 | numPos 12.0000 | numNeg 1741.0000
Epoch 0099 | Eval Loss 0.6906 | Precision 1.0000 | Recall 1.0000 | F1 1.0000 | AUC 1.0000 | time 0.0018
ITER=47, #Train=1791, #HeldOut=1212, #Test=3003
Test Set Loss 0.6915 | Precision 1.0000 | Recall 0.8667 | F1 0.9286 | AUC 0.9002 | trainTime 0.4248 | exSelTime 0.3362 | testTime 0.0022 | numPos 12.0000 | numNeg 1779.0000
Epoch 0099 | Eval Loss 0.6907 | Precision 1.0000 | Recall 1.0000 | F1 1.0000 | AUC 1.0000 | time 0.0021
ITER=48, #Train=1829, #HeldOut=1174, #Test=3003
Test Set Loss 0.6915 | Precision 1.0000 | Recall 0.8667 | F1 0.9286 | AUC 0.9002 | trainTime 0.4248 | exSelTime 0.3368 | testTime 0.0022 | numPos 12.0000 | numNeg 1817.0000
Epoch 0099 | Eval Loss 0.6907 | Precision 1.0000 | Recall 1.0000 | F1 1.0000 | AUC 1.0000 | time 0.0021
ITER=49, #Train=1867, #HeldOut=1136, #Test=3003
Test Set Loss 0.6915 | Precision 1.0000 | Recall 0.8667 | F1 0.9286 | AUC 0.9002 | trainTime 0.4248 | exSelTime 0.3262 | testTime 0.0021 | numPos 12.0000 | numNeg 1855.0000
Epoch 0099 | Eval Loss 0.6906 | Precision 1.0000 | Recall 1.0000 | F1 1.0000 | AUC 1.0000 | time 0.0020
ITER=50, #Train=1905, #HeldOut=1098, #Test=3003
Test Set Loss 0.6914 | Precision 1.0000 | Recall 0.9333 | F1 0.9655 | AUC 0.9354 | trainTime 0.4248 | exSelTime 0.3252 | testTime 0.0021 | numPos 13.0000 | numNeg 1892.0000
Epoch 0099 | Eval Loss 0.6906 | Precision 1.0000 | Recall 1.0000 | F1 1.0000 | AUC 1.0000 | time 0.0020
ITER=51, #Train=1943, #HeldOut=1060, #Test=3003
Test Set Loss 0.6914 | Precision 1.0000 | Recall 0.9333 | F1 0.9655 | AUC 0.9354 | trainTime 0.4248 | exSelTime 0.3179 | testTime 0.0020 | numPos 13.0000 | numNeg 1930.0000
Epoch 0099 | Eval Loss 0.6907 | Precision 1.0000 | Recall 1.0000 | F1 1.0000 | AUC 1.0000 | time 0.0019
ITER=52, #Train=1981, #HeldOut=1022, #Test=3003
Test Set Loss 0.6914 | Precision 1.0000 | Recall 0.9333 | F1 0.9655 | AUC 0.9354 | trainTime 0.4248 | exSelTime 0.3193 | testTime 0.0024 | numPos 13.0000 | numNeg 1968.0000
Epoch 0099 | Eval Loss 0.6907 | Precision 1.0000 | Recall 1.0000 | F1 1.0000 | AUC 1.0000 | time 0.0018
ITER=53, #Train=2019, #HeldOut=984, #Test=3003
Test Set Loss 0.6914 | Precision 1.0000 | Recall 0.9333 | F1 0.9655 | AUC 0.9354 | trainTime 0.4248 | exSelTime 0.3117 | testTime 0.0022 | numPos 13.0000 | numNeg 2006.0000
Epoch 0099 | Eval Loss 0.6908 | Precision 1.0000 | Recall 1.0000 | F1 1.0000 | AUC 1.0000 | time 0.0022
ITER=54, #Train=2057, #HeldOut=946, #Test=3003
Test Set Loss 0.6914 | Precision 1.0000 | Recall 0.9333 | F1 0.9655 | AUC 0.9354 | trainTime 0.4248 | exSelTime 0.3162 | testTime 0.0025 | numPos 13.0000 | numNeg 2044.0000
Epoch 0099 | Eval Loss 0.6908 | Precision 1.0000 | Recall 1.0000 | F1 1.0000 | AUC 1.0000 | time 0.0019
ITER=55, #Train=2095, #HeldOut=908, #Test=3003
Test Set Loss 0.6914 | Precision 1.0000 | Recall 0.9333 | F1 0.9655 | AUC 0.9355 | trainTime 0.4248 | exSelTime 0.3064 | testTime 0.0022 | numPos 13.0000 | numNeg 2082.0000
Epoch 0099 | Eval Loss 0.6908 | Precision 1.0000 | Recall 1.0000 | F1 1.0000 | AUC 1.0000 | time 0.0022
ITER=56, #Train=2133, #HeldOut=870, #Test=3003
Test Set Loss 0.6914 | Precision 1.0000 | Recall 0.9333 | F1 0.9655 | AUC 0.9355 | trainTime 0.4248 | exSelTime 0.3026 | testTime 0.0024 | numPos 13.0000 | numNeg 2120.0000
Epoch 0099 | Eval Loss 0.6909 | Precision 1.0000 | Recall 1.0000 | F1 1.0000 | AUC 1.0000 | time 0.0019
ITER=57, #Train=2171, #HeldOut=832, #Test=3003
Test Set Loss 0.6914 | Precision 1.0000 | Recall 0.9333 | F1 0.9655 | AUC 0.9355 | trainTime 0.4248 | exSelTime 0.3081 | testTime 0.0022 | numPos 13.0000 | numNeg 2158.0000
Epoch 0099 | Eval Loss 0.6909 | Precision 1.0000 | Recall 1.0000 | F1 1.0000 | AUC 1.0000 | time 0.0020
ITER=58, #Train=2209, #HeldOut=794, #Test=3003
Test Set Loss 0.6914 | Precision 1.0000 | Recall 0.9333 | F1 0.9655 | AUC 0.9355 | trainTime 0.4248 | exSelTime 0.2966 | testTime 0.0022 | numPos 13.0000 | numNeg 2196.0000
Epoch 0099 | Eval Loss 0.6910 | Precision 1.0000 | Recall 1.0000 | F1 1.0000 | AUC 1.0000 | time 0.0019
ITER=59, #Train=2247, #HeldOut=756, #Test=3003
Test Set Loss 0.6914 | Precision 1.0000 | Recall 0.9333 | F1 0.9655 | AUC 0.9355 | trainTime 0.4248 | exSelTime 0.2932 | testTime 0.0021 | numPos 13.0000 | numNeg 2234.0000
Epoch 0099 | Eval Loss 0.6910 | Precision 1.0000 | Recall 1.0000 | F1 1.0000 | AUC 1.0000 | time 0.0020
ITER=60, #Train=2285, #HeldOut=718, #Test=3003
Test Set Loss 0.6914 | Precision 1.0000 | Recall 0.9333 | F1 0.9655 | AUC 0.9356 | trainTime 0.4248 | exSelTime 0.2978 | testTime 0.0021 | numPos 13.0000 | numNeg 2272.0000
Epoch 0099 | Eval Loss 0.6910 | Precision 1.0000 | Recall 1.0000 | F1 1.0000 | AUC 1.0000 | time 0.0020
ITER=61, #Train=2323, #HeldOut=680, #Test=3003
Test Set Loss 0.6914 | Precision 1.0000 | Recall 0.9333 | F1 0.9655 | AUC 0.9356 | trainTime 0.4248 | exSelTime 0.2877 | testTime 0.0024 | numPos 13.0000 | numNeg 2310.0000
Epoch 0099 | Eval Loss 0.6911 | Precision 1.0000 | Recall 1.0000 | F1 1.0000 | AUC 1.0000 | time 0.0018
ITER=62, #Train=2361, #HeldOut=642, #Test=3003
Test Set Loss 0.6914 | Precision 1.0000 | Recall 0.9333 | F1 0.9655 | AUC 0.9356 | trainTime 0.4248 | exSelTime 0.2859 | testTime 0.0021 | numPos 13.0000 | numNeg 2348.0000
Epoch 0099 | Eval Loss 0.6911 | Precision 1.0000 | Recall 1.0000 | F1 1.0000 | AUC 1.0000 | time 0.0019
ITER=63, #Train=2399, #HeldOut=604, #Test=3003
Test Set Loss 0.6914 | Precision 1.0000 | Recall 0.9333 | F1 0.9655 | AUC 0.9356 | trainTime 0.4248 | exSelTime 0.2838 | testTime 0.0022 | numPos 13.0000 | numNeg 2386.0000
Epoch 0099 | Eval Loss 0.6911 | Precision 1.0000 | Recall 1.0000 | F1 1.0000 | AUC 1.0000 | time 0.0022
ITER=64, #Train=2437, #HeldOut=566, #Test=3003
Test Set Loss 0.6914 | Precision 1.0000 | Recall 0.9333 | F1 0.9655 | AUC 0.9356 | trainTime 0.4248 | exSelTime 0.2757 | testTime 0.0021 | numPos 13.0000 | numNeg 2424.0000
Epoch 0099 | Eval Loss 0.6912 | Precision 1.0000 | Recall 1.0000 | F1 1.0000 | AUC 1.0000 | time 0.0019
ITER=65, #Train=2475, #HeldOut=528, #Test=3003
Test Set Loss 0.6914 | Precision 1.0000 | Recall 0.9333 | F1 0.9655 | AUC 0.9356 | trainTime 0.4248 | exSelTime 0.2733 | testTime 0.0021 | numPos 13.0000 | numNeg 2462.0000
Epoch 0099 | Eval Loss 0.6912 | Precision 1.0000 | Recall 1.0000 | F1 1.0000 | AUC 1.0000 | time 0.0019
ITER=66, #Train=2513, #HeldOut=490, #Test=3003
Test Set Loss 0.6914 | Precision 1.0000 | Recall 0.9333 | F1 0.9655 | AUC 0.9356 | trainTime 0.4248 | exSelTime 0.2694 | testTime 0.0021 | numPos 13.0000 | numNeg 2500.0000
Epoch 0099 | Eval Loss 0.6912 | Precision 1.0000 | Recall 1.0000 | F1 1.0000 | AUC 1.0000 | time 0.0021
ITER=67, #Train=2551, #HeldOut=452, #Test=3003
Test Set Loss 0.6914 | Precision 1.0000 | Recall 0.9333 | F1 0.9655 | AUC 0.9357 | trainTime 0.4248 | exSelTime 0.2705 | testTime 0.0021 | numPos 13.0000 | numNeg 2538.0000
Epoch 0099 | Eval Loss 0.6912 | Precision 1.0000 | Recall 1.0000 | F1 1.0000 | AUC 1.0000 | time 0.0021
ITER=68, #Train=2589, #HeldOut=414, #Test=3003
Test Set Loss 0.6914 | Precision 1.0000 | Recall 0.9333 | F1 0.9655 | AUC 0.9357 | trainTime 0.4248 | exSelTime 0.2632 | testTime 0.0022 | numPos 13.0000 | numNeg 2576.0000
Epoch 0099 | Eval Loss 0.6913 | Precision 1.0000 | Recall 1.0000 | F1 1.0000 | AUC 1.0000 | time 0.0022
ITER=69, #Train=2627, #HeldOut=376, #Test=3003
Test Set Loss 0.6914 | Precision 1.0000 | Recall 0.9333 | F1 0.9655 | AUC 0.9357 | trainTime 0.4248 | exSelTime 0.2596 | testTime 0.0022 | numPos 13.0000 | numNeg 2614.0000
Epoch 0099 | Eval Loss 0.6913 | Precision 1.0000 | Recall 1.0000 | F1 1.0000 | AUC 1.0000 | time 0.0022
ITER=70, #Train=2665, #HeldOut=338, #Test=3003
Test Set Loss 0.6914 | Precision 1.0000 | Recall 0.9333 | F1 0.9655 | AUC 0.9357 | trainTime 0.4248 | exSelTime 1.1641 | testTime 0.0023 | numPos 13.0000 | numNeg 2652.0000
Epoch 0099 | Eval Loss 0.6913 | Precision 1.0000 | Recall 1.0000 | F1 1.0000 | AUC 1.0000 | time 0.0022
ITER=71, #Train=2703, #HeldOut=300, #Test=3003
Test Set Loss 0.6914 | Precision 1.0000 | Recall 0.9333 | F1 0.9655 | AUC 0.9358 | trainTime 0.4248 | exSelTime 1.1098 | testTime 0.0025 | numPos 13.0000 | numNeg 2690.0000
Epoch 0099 | Eval Loss 0.6913 | Precision 1.0000 | Recall 1.0000 | F1 1.0000 | AUC 1.0000 | time 0.0023
ITER=72, #Train=2741, #HeldOut=262, #Test=3003
Test Set Loss 0.6914 | Precision 1.0000 | Recall 0.9333 | F1 0.9655 | AUC 0.9358 | trainTime 0.4248 | exSelTime 1.0881 | testTime 0.0021 | numPos 13.0000 | numNeg 2728.0000
Epoch 0099 | Eval Loss 0.6914 | Precision 1.0000 | Recall 1.0000 | F1 1.0000 | AUC 1.0000 | time 0.0019
ITER=73, #Train=2779, #HeldOut=224, #Test=3003
Test Set Loss 0.6914 | Precision 1.0000 | Recall 0.9333 | F1 0.9655 | AUC 0.9358 | trainTime 0.4248 | exSelTime 0.9266 | testTime 0.0022 | numPos 13.0000 | numNeg 2766.0000
Epoch 0099 | Eval Loss 0.6914 | Precision 1.0000 | Recall 1.0000 | F1 1.0000 | AUC 1.0000 | time 0.0019
ITER=74, #Train=2817, #HeldOut=186, #Test=3003
Test Set Loss 0.6914 | Precision 1.0000 | Recall 0.9333 | F1 0.9655 | AUC 0.9358 | trainTime 0.4248 | exSelTime 0.8813 | testTime 0.0021 | numPos 13.0000 | numNeg 2804.0000
Epoch 0099 | Eval Loss 0.6914 | Precision 1.0000 | Recall 1.0000 | F1 1.0000 | AUC 1.0000 | time 0.0020
ITER=75, #Train=2855, #HeldOut=148, #Test=3003
Test Set Loss 0.6914 | Precision 1.0000 | Recall 0.9333 | F1 0.9655 | AUC 0.9358 | trainTime 0.4248 | exSelTime 0.8258 | testTime 0.0023 | numPos 13.0000 | numNeg 2842.0000
Epoch 0099 | Eval Loss 0.6912 | Precision 1.0000 | Recall 1.0000 | F1 1.0000 | AUC 1.0000 | time 0.0023
ITER=76, #Train=2893, #HeldOut=110, #Test=3003
Test Set Loss 0.6913 | Precision 1.0000 | Recall 1.0000 | F1 1.0000 | AUC 1.0000 | trainTime 0.4248 | exSelTime 0.8002 | testTime 0.0021 | numPos 15.0000 | numNeg 2878.0000
Epoch 0099 | Eval Loss 0.6912 | Precision 1.0000 | Recall 1.0000 | F1 1.0000 | AUC 1.0000 | time 0.0022
ITER=77, #Train=2931, #HeldOut=72, #Test=3003
Test Set Loss 0.6913 | Precision 1.0000 | Recall 1.0000 | F1 1.0000 | AUC 1.0000 | trainTime 0.4248 | exSelTime 0.1084 | testTime 0.0022 | numPos 15.0000 | numNeg 2916.0000
Epoch 0099 | Eval Loss 0.6912 | Precision 1.0000 | Recall 1.0000 | F1 1.0000 | AUC 1.0000 | time 0.0023
ITER=78, #Train=2969, #HeldOut=34, #Test=3003
Test Set Loss 0.6913 | Precision 1.0000 | Recall 1.0000 | F1 1.0000 | AUC 1.0000 | trainTime 0.4248 | exSelTime 0.0978 | testTime 0.0024 | numPos 15.0000 | numNeg 2954.0000
Epoch 0099 | Eval Loss 0.6913 | Precision 1.0000 | Recall 1.0000 | F1 1.0000 | AUC 1.0000 | time 0.0020
ITER=79, #Train=3003, #HeldOut=0, #Test=3003
Test Set Loss 0.6913 | Precision 1.0000 | Recall 1.0000 | F1 1.0000 | AUC 1.0000 | trainTime 0.4248 | exSelTime 0.0767 | testTime 0.0021 | numPos 15.0000 | numNeg 2988.0000
