on cpu
loading data ... from src/model/gnn/dataset/cmt-conference/cmt_conference_Ontology_Node_Embeddings.txt
src/model/gnn/dataset/cmt-conference/cmt_conference_Ontology_Edge_List.txt
src/model/gnn/dataset/cmt-conference/prog_seed_pairs.txt
src/model/gnn/dataset/cmt-conference/pos_neg_pairs.txt
done
Epoch 0099 | Eval Loss 0.6172 | Precision 1.0000 | Recall 1.0000 | F1 1.0000 | AUC 1.0000 | time 0.0015
ITER=0, #Train=5, #HeldOut=2998, #Test=3003
Test Set Loss 1.1140 | Precision 0.0059 | Recall 1.0000 | F1 0.0117 | AUC 0.7493 | trainTime 0.4190 | exSelTime 0.0000 | testTime 0.0021 | numPos -1.0000 | numNeg -1.0000
Epoch 0099 | Eval Loss 0.6843 | Precision 1.0000 | Recall 1.0000 | F1 1.0000 | AUC 1.0000 | time 0.0015
ITER=1, #Train=43, #HeldOut=2960, #Test=3003
Test Set Loss 1.1509 | Precision 0.0062 | Recall 0.9333 | F1 0.0124 | AUC 0.6428 | trainTime 0.4190 | exSelTime 0.2620 | testTime 0.0020 | numPos 1.0000 | numNeg 42.0000
Epoch 0099 | Eval Loss 0.6887 | Precision 1.0000 | Recall 1.0000 | F1 1.0000 | AUC 1.0000 | time 0.0015
ITER=2, #Train=81, #HeldOut=2922, #Test=3003
Test Set Loss 0.9624 | Precision 0.0092 | Recall 0.8667 | F1 0.0183 | AUC 0.7912 | trainTime 0.4190 | exSelTime 0.2607 | testTime 0.0023 | numPos 1.0000 | numNeg 80.0000
Epoch 0099 | Eval Loss 0.6871 | Precision 1.0000 | Recall 1.0000 | F1 1.0000 | AUC 1.0000 | time 0.0016
ITER=3, #Train=119, #HeldOut=2884, #Test=3003
Test Set Loss 1.0065 | Precision 0.0078 | Recall 0.8667 | F1 0.0155 | AUC 0.7422 | trainTime 0.4190 | exSelTime 0.2489 | testTime 0.0020 | numPos 2.0000 | numNeg 117.0000
Epoch 0099 | Eval Loss 0.6887 | Precision 1.0000 | Recall 1.0000 | F1 1.0000 | AUC 1.0000 | time 0.0016
ITER=4, #Train=157, #HeldOut=2846, #Test=3003
Test Set Loss 0.9659 | Precision 0.0099 | Recall 0.9333 | F1 0.0195 | AUC 0.8034 | trainTime 0.4190 | exSelTime 0.2484 | testTime 0.0018 | numPos 2.0000 | numNeg 155.0000
Epoch 0099 | Eval Loss 0.6897 | Precision 1.0000 | Recall 1.0000 | F1 1.0000 | AUC 1.0000 | time 0.0016
ITER=5, #Train=195, #HeldOut=2808, #Test=3003
Test Set Loss 1.0004 | Precision 0.0084 | Recall 0.8667 | F1 0.0165 | AUC 0.7944 | trainTime 0.4190 | exSelTime 0.2435 | testTime 0.0021 | numPos 2.0000 | numNeg 193.0000
Epoch 0099 | Eval Loss 0.6892 | Precision 1.0000 | Recall 1.0000 | F1 1.0000 | AUC 1.0000 | time 0.0015
ITER=6, #Train=233, #HeldOut=2770, #Test=3003
Test Set Loss 0.9502 | Precision 0.0107 | Recall 0.9333 | F1 0.0212 | AUC 0.8325 | trainTime 0.4190 | exSelTime 0.2415 | testTime 0.0023 | numPos 3.0000 | numNeg 230.0000
Epoch 0099 | Eval Loss 0.6881 | Precision 1.0000 | Recall 1.0000 | F1 1.0000 | AUC 1.0000 | time 0.0015
ITER=7, #Train=271, #HeldOut=2732, #Test=3003
Test Set Loss 0.9247 | Precision 0.0127 | Recall 1.0000 | F1 0.0251 | AUC 0.8525 | trainTime 0.4190 | exSelTime 0.2474 | testTime 0.0020 | numPos 4.0000 | numNeg 267.0000
Epoch 0099 | Eval Loss 0.6886 | Precision 1.0000 | Recall 1.0000 | F1 1.0000 | AUC 1.0000 | time 0.0017
ITER=8, #Train=309, #HeldOut=2694, #Test=3003
Test Set Loss 0.9057 | Precision 0.0140 | Recall 1.0000 | F1 0.0276 | AUC 0.8567 | trainTime 0.4190 | exSelTime 0.2364 | testTime 0.0023 | numPos 4.0000 | numNeg 305.0000
Epoch 0099 | Eval Loss 0.6882 | Precision 1.0000 | Recall 1.0000 | F1 1.0000 | AUC 1.0000 | time 0.0014
ITER=9, #Train=347, #HeldOut=2656, #Test=3003
Test Set Loss 0.9019 | Precision 0.0146 | Recall 1.0000 | F1 0.0287 | AUC 0.8274 | trainTime 0.4190 | exSelTime 0.2376 | testTime 0.0022 | numPos 5.0000 | numNeg 342.0000
Epoch 0099 | Eval Loss 0.6885 | Precision 1.0000 | Recall 1.0000 | F1 1.0000 | AUC 1.0000 | time 0.0015
ITER=10, #Train=385, #HeldOut=2618, #Test=3003
Test Set Loss 0.8928 | Precision 0.0142 | Recall 0.9333 | F1 0.0281 | AUC 0.8282 | trainTime 0.4190 | exSelTime 0.2263 | testTime 0.0023 | numPos 5.0000 | numNeg 380.0000
Epoch 0099 | Eval Loss 0.6880 | Precision 1.0000 | Recall 1.0000 | F1 1.0000 | AUC 1.0000 | time 0.0015
ITER=11, #Train=423, #HeldOut=2580, #Test=3003
Test Set Loss 0.8805 | Precision 0.0162 | Recall 1.0000 | F1 0.0318 | AUC 0.8147 | trainTime 0.4190 | exSelTime 0.2239 | testTime 0.0020 | numPos 6.0000 | numNeg 417.0000
Epoch 0099 | Eval Loss 0.6877 | Precision 1.0000 | Recall 1.0000 | F1 1.0000 | AUC 1.0000 | time 0.0017
ITER=12, #Train=461, #HeldOut=2542, #Test=3003
Test Set Loss 0.8764 | Precision 0.0166 | Recall 1.0000 | F1 0.0327 | AUC 0.8170 | trainTime 0.4190 | exSelTime 0.2168 | testTime 0.0024 | numPos 7.0000 | numNeg 454.0000
Epoch 0099 | Eval Loss 0.6880 | Precision 1.0000 | Recall 1.0000 | F1 1.0000 | AUC 1.0000 | time 0.0018
ITER=13, #Train=499, #HeldOut=2504, #Test=3003
Test Set Loss 0.8714 | Precision 0.0170 | Recall 1.0000 | F1 0.0334 | AUC 0.8341 | trainTime 0.4190 | exSelTime 0.2138 | testTime 0.0020 | numPos 7.0000 | numNeg 492.0000
Epoch 0099 | Eval Loss 0.6884 | Precision 1.0000 | Recall 1.0000 | F1 1.0000 | AUC 1.0000 | time 0.0017
ITER=14, #Train=537, #HeldOut=2466, #Test=3003
Test Set Loss 0.8655 | Precision 0.0175 | Recall 1.0000 | F1 0.0344 | AUC 0.8166 | trainTime 0.4190 | exSelTime 0.2076 | testTime 0.0020 | numPos 7.0000 | numNeg 530.0000
Epoch 0099 | Eval Loss 0.6888 | Precision 1.0000 | Recall 1.0000 | F1 1.0000 | AUC 1.0000 | time 0.0017
ITER=15, #Train=575, #HeldOut=2428, #Test=3003
Test Set Loss 0.8556 | Precision 0.0186 | Recall 1.0000 | F1 0.0365 | AUC 0.8261 | trainTime 0.4190 | exSelTime 0.2083 | testTime 0.0020 | numPos 7.0000 | numNeg 568.0000
Epoch 0099 | Eval Loss 0.6891 | Precision 1.0000 | Recall 1.0000 | F1 1.0000 | AUC 1.0000 | time 0.0018
ITER=16, #Train=613, #HeldOut=2390, #Test=3003
Test Set Loss 0.8524 | Precision 0.0178 | Recall 0.9333 | F1 0.0349 | AUC 0.8009 | trainTime 0.4190 | exSelTime 0.2051 | testTime 0.0028 | numPos 7.0000 | numNeg 606.0000
Epoch 0099 | Eval Loss 0.6892 | Precision 1.0000 | Recall 1.0000 | F1 1.0000 | AUC 1.0000 | time 0.0019
ITER=17, #Train=651, #HeldOut=2352, #Test=3003
Test Set Loss 0.8518 | Precision 0.0178 | Recall 0.9333 | F1 0.0349 | AUC 0.8004 | trainTime 0.4190 | exSelTime 0.2035 | testTime 0.0019 | numPos 7.0000 | numNeg 644.0000
Epoch 0099 | Eval Loss 0.6894 | Precision 1.0000 | Recall 1.0000 | F1 1.0000 | AUC 1.0000 | time 0.0017
ITER=18, #Train=689, #HeldOut=2314, #Test=3003
Test Set Loss 0.8516 | Precision 0.0178 | Recall 0.9333 | F1 0.0349 | AUC 0.8002 | trainTime 0.4190 | exSelTime 0.2022 | testTime 0.0021 | numPos 7.0000 | numNeg 682.0000
Epoch 0099 | Eval Loss 0.6892 | Precision 1.0000 | Recall 1.0000 | F1 1.0000 | AUC 1.0000 | time 0.0018
ITER=19, #Train=727, #HeldOut=2276, #Test=3003
Test Set Loss 0.8489 | Precision 0.0192 | Recall 1.0000 | F1 0.0377 | AUC 0.8098 | trainTime 0.4190 | exSelTime 0.2062 | testTime 0.0020 | numPos 8.0000 | numNeg 719.0000
Epoch 0099 | Eval Loss 0.6895 | Precision 1.0000 | Recall 1.0000 | F1 1.0000 | AUC 1.0000 | time 0.0018
ITER=20, #Train=765, #HeldOut=2238, #Test=3003
Test Set Loss 0.8418 | Precision 0.0199 | Recall 1.0000 | F1 0.0391 | AUC 0.8388 | trainTime 0.4190 | exSelTime 0.1970 | testTime 0.0022 | numPos 8.0000 | numNeg 757.0000
Epoch 0099 | Eval Loss 0.6896 | Precision 1.0000 | Recall 1.0000 | F1 1.0000 | AUC 1.0000 | time 0.0017
ITER=21, #Train=803, #HeldOut=2200, #Test=3003
Test Set Loss 0.7784 | Precision 0.0346 | Recall 1.0000 | F1 0.0670 | AUC 0.9320 | trainTime 0.4190 | exSelTime 0.1971 | testTime 0.0020 | numPos 8.0000 | numNeg 795.0000
Epoch 0099 | Eval Loss 0.6897 | Precision 1.0000 | Recall 1.0000 | F1 1.0000 | AUC 1.0000 | time 0.0018
ITER=22, #Train=841, #HeldOut=2162, #Test=3003
Test Set Loss 0.7653 | Precision 0.0369 | Recall 0.9333 | F1 0.0711 | AUC 0.9449 | trainTime 0.4190 | exSelTime 0.1884 | testTime 0.0023 | numPos 8.0000 | numNeg 833.0000
Epoch 0099 | Eval Loss 0.6895 | Precision 1.0000 | Recall 1.0000 | F1 1.0000 | AUC 1.0000 | time 0.0017
ITER=23, #Train=879, #HeldOut=2124, #Test=3003
Test Set Loss 0.7386 | Precision 0.0610 | Recall 1.0000 | F1 0.1149 | AUC 0.9736 | trainTime 0.4190 | exSelTime 0.1846 | testTime 0.0020 | numPos 9.0000 | numNeg 870.0000
Epoch 0099 | Eval Loss 0.6897 | Precision 1.0000 | Recall 1.0000 | F1 1.0000 | AUC 1.0000 | time 0.0018
ITER=24, #Train=917, #HeldOut=2086, #Test=3003
Test Set Loss 0.7288 | Precision 0.0739 | Recall 1.0000 | F1 0.1376 | AUC 0.9781 | trainTime 0.4190 | exSelTime 0.1815 | testTime 0.0020 | numPos 9.0000 | numNeg 908.0000
Epoch 0099 | Eval Loss 0.6898 | Precision 1.0000 | Recall 1.0000 | F1 1.0000 | AUC 1.0000 | time 0.0018
ITER=25, #Train=955, #HeldOut=2048, #Test=3003
Test Set Loss 0.7188 | Precision 0.0993 | Recall 1.0000 | F1 0.1807 | AUC 0.9864 | trainTime 0.4190 | exSelTime 0.1837 | testTime 0.0018 | numPos 9.0000 | numNeg 946.0000
Epoch 0099 | Eval Loss 0.6899 | Precision 1.0000 | Recall 1.0000 | F1 1.0000 | AUC 1.0000 | time 0.0019
ITER=26, #Train=993, #HeldOut=2010, #Test=3003
Test Set Loss 0.7097 | Precision 0.1458 | Recall 0.9333 | F1 0.2523 | AUC 0.9906 | trainTime 0.4190 | exSelTime 0.1699 | testTime 0.0021 | numPos 9.0000 | numNeg 984.0000
Epoch 0099 | Eval Loss 0.6897 | Precision 1.0000 | Recall 1.0000 | F1 1.0000 | AUC 1.0000 | time 0.0019
ITER=27, #Train=1031, #HeldOut=1972, #Test=3003
Test Set Loss 0.7054 | Precision 0.1765 | Recall 1.0000 | F1 0.3000 | AUC 0.9946 | trainTime 0.4190 | exSelTime 0.1722 | testTime 0.0022 | numPos 10.0000 | numNeg 1021.0000
Epoch 0099 | Eval Loss 0.6895 | Precision 1.0000 | Recall 1.0000 | F1 1.0000 | AUC 1.0000 | time 0.0017
ITER=28, #Train=1069, #HeldOut=1934, #Test=3003
Test Set Loss 0.6963 | Precision 0.4118 | Recall 0.9333 | F1 0.5714 | AUC 0.9969 | trainTime 0.4190 | exSelTime 0.1688 | testTime 0.0019 | numPos 11.0000 | numNeg 1058.0000
Epoch 0099 | Eval Loss 0.6895 | Precision 1.0000 | Recall 1.0000 | F1 1.0000 | AUC 1.0000 | time 0.0020
ITER=29, #Train=1107, #HeldOut=1896, #Test=3003
Test Set Loss 0.6944 | Precision 0.5000 | Recall 0.8667 | F1 0.6341 | AUC 0.9974 | trainTime 0.4190 | exSelTime 0.1705 | testTime 0.0021 | numPos 12.0000 | numNeg 1095.0000
Epoch 0099 | Eval Loss 0.6892 | Precision 1.0000 | Recall 1.0000 | F1 1.0000 | AUC 1.0000 | time 0.0018
ITER=30, #Train=1145, #HeldOut=1858, #Test=3003
Test Set Loss 0.6923 | Precision 0.8333 | Recall 1.0000 | F1 0.9091 | AUC 0.9995 | trainTime 0.4190 | exSelTime 0.1615 | testTime 0.0022 | numPos 14.0000 | numNeg 1131.0000
Epoch 0099 | Eval Loss 0.6890 | Precision 1.0000 | Recall 1.0000 | F1 1.0000 | AUC 1.0000 | time 0.0019
ITER=31, #Train=1183, #HeldOut=1820, #Test=3003
Test Set Loss 0.6916 | Precision 0.9375 | Recall 1.0000 | F1 0.9677 | AUC 0.9997 | trainTime 0.4190 | exSelTime 0.1578 | testTime 0.0021 | numPos 14.0000 | numNeg 1169.0000
Epoch 0099 | Eval Loss 0.6890 | Precision 1.0000 | Recall 1.0000 | F1 1.0000 | AUC 1.0000 | time 0.0020
ITER=32, #Train=1221, #HeldOut=1782, #Test=3003
Test Set Loss 0.6915 | Precision 0.9375 | Recall 1.0000 | F1 0.9677 | AUC 0.9997 | trainTime 0.4190 | exSelTime 0.1552 | testTime 0.0020 | numPos 14.0000 | numNeg 1207.0000
Epoch 0099 | Eval Loss 0.6890 | Precision 1.0000 | Recall 1.0000 | F1 1.0000 | AUC 1.0000 | time 0.0022
ITER=33, #Train=1259, #HeldOut=1744, #Test=3003
Test Set Loss 0.6915 | Precision 0.9375 | Recall 1.0000 | F1 0.9677 | AUC 0.9997 | trainTime 0.4190 | exSelTime 0.1644 | testTime 0.0020 | numPos 14.0000 | numNeg 1245.0000
Epoch 0099 | Eval Loss 0.6891 | Precision 1.0000 | Recall 1.0000 | F1 1.0000 | AUC 1.0000 | time 0.0020
ITER=34, #Train=1297, #HeldOut=1706, #Test=3003
Test Set Loss 0.6915 | Precision 0.9375 | Recall 1.0000 | F1 0.9677 | AUC 0.9997 | trainTime 0.4190 | exSelTime 0.1426 | testTime 0.0022 | numPos 14.0000 | numNeg 1283.0000
Epoch 0099 | Eval Loss 0.6892 | Precision 1.0000 | Recall 1.0000 | F1 1.0000 | AUC 1.0000 | time 0.0018
ITER=35, #Train=1335, #HeldOut=1668, #Test=3003
Test Set Loss 0.6915 | Precision 0.9375 | Recall 1.0000 | F1 0.9677 | AUC 0.9997 | trainTime 0.4190 | exSelTime 0.1456 | testTime 0.0020 | numPos 14.0000 | numNeg 1321.0000
Epoch 0099 | Eval Loss 0.6893 | Precision 1.0000 | Recall 1.0000 | F1 1.0000 | AUC 1.0000 | time 0.0018
ITER=36, #Train=1373, #HeldOut=1630, #Test=3003
Test Set Loss 0.6915 | Precision 0.9375 | Recall 1.0000 | F1 0.9677 | AUC 0.9997 | trainTime 0.4190 | exSelTime 0.1380 | testTime 0.0020 | numPos 14.0000 | numNeg 1359.0000
Epoch 0099 | Eval Loss 0.6894 | Precision 1.0000 | Recall 1.0000 | F1 1.0000 | AUC 1.0000 | time 0.0019
ITER=37, #Train=1411, #HeldOut=1592, #Test=3003
Test Set Loss 0.6915 | Precision 0.9375 | Recall 1.0000 | F1 0.9677 | AUC 0.9997 | trainTime 0.4190 | exSelTime 0.1425 | testTime 0.0021 | numPos 14.0000 | numNeg 1397.0000
Epoch 0099 | Eval Loss 0.6895 | Precision 1.0000 | Recall 1.0000 | F1 1.0000 | AUC 1.0000 | time 0.0019
ITER=38, #Train=1449, #HeldOut=1554, #Test=3003
Test Set Loss 0.6915 | Precision 0.9375 | Recall 1.0000 | F1 0.9677 | AUC 0.9997 | trainTime 0.4190 | exSelTime 0.1470 | testTime 0.0022 | numPos 14.0000 | numNeg 1435.0000
Epoch 0099 | Eval Loss 0.6896 | Precision 1.0000 | Recall 1.0000 | F1 1.0000 | AUC 1.0000 | time 0.0021
ITER=39, #Train=1487, #HeldOut=1516, #Test=3003
Test Set Loss 0.6915 | Precision 0.9375 | Recall 1.0000 | F1 0.9677 | AUC 0.9997 | trainTime 0.4190 | exSelTime 0.1389 | testTime 0.0022 | numPos 14.0000 | numNeg 1473.0000
Epoch 0099 | Eval Loss 0.6897 | Precision 1.0000 | Recall 1.0000 | F1 1.0000 | AUC 1.0000 | time 0.0018
ITER=40, #Train=1525, #HeldOut=1478, #Test=3003
Test Set Loss 0.6915 | Precision 0.9375 | Recall 1.0000 | F1 0.9677 | AUC 0.9997 | trainTime 0.4190 | exSelTime 0.1343 | testTime 0.0020 | numPos 14.0000 | numNeg 1511.0000
Epoch 0099 | Eval Loss 0.6898 | Precision 1.0000 | Recall 1.0000 | F1 1.0000 | AUC 1.0000 | time 0.0017
ITER=41, #Train=1563, #HeldOut=1440, #Test=3003
Test Set Loss 0.6915 | Precision 0.9375 | Recall 1.0000 | F1 0.9677 | AUC 0.9997 | trainTime 0.4190 | exSelTime 0.1428 | testTime 0.0019 | numPos 14.0000 | numNeg 1549.0000
Epoch 0099 | Eval Loss 0.6898 | Precision 1.0000 | Recall 1.0000 | F1 1.0000 | AUC 1.0000 | time 0.0018
ITER=42, #Train=1601, #HeldOut=1402, #Test=3003
Test Set Loss 0.6915 | Precision 0.9375 | Recall 1.0000 | F1 0.9677 | AUC 0.9997 | trainTime 0.4190 | exSelTime 0.1244 | testTime 0.0022 | numPos 14.0000 | numNeg 1587.0000
Epoch 0099 | Eval Loss 0.6899 | Precision 1.0000 | Recall 1.0000 | F1 1.0000 | AUC 1.0000 | time 0.0021
ITER=43, #Train=1639, #HeldOut=1364, #Test=3003
Test Set Loss 0.6915 | Precision 0.9375 | Recall 1.0000 | F1 0.9677 | AUC 0.9997 | trainTime 0.4190 | exSelTime 0.1263 | testTime 0.0020 | numPos 14.0000 | numNeg 1625.0000
Epoch 0099 | Eval Loss 0.6900 | Precision 1.0000 | Recall 1.0000 | F1 1.0000 | AUC 1.0000 | time 0.0020
ITER=44, #Train=1677, #HeldOut=1326, #Test=3003
Test Set Loss 0.6915 | Precision 0.9375 | Recall 1.0000 | F1 0.9677 | AUC 0.9997 | trainTime 0.4190 | exSelTime 0.1252 | testTime 0.0021 | numPos 14.0000 | numNeg 1663.0000
Epoch 0099 | Eval Loss 0.6901 | Precision 1.0000 | Recall 1.0000 | F1 1.0000 | AUC 1.0000 | time 0.0019
ITER=45, #Train=1715, #HeldOut=1288, #Test=3003
Test Set Loss 0.6915 | Precision 0.9375 | Recall 1.0000 | F1 0.9677 | AUC 0.9997 | trainTime 0.4190 | exSelTime 0.1269 | testTime 0.0021 | numPos 14.0000 | numNeg 1701.0000
Epoch 0099 | Eval Loss 0.6901 | Precision 1.0000 | Recall 1.0000 | F1 1.0000 | AUC 1.0000 | time 0.0020
ITER=46, #Train=1753, #HeldOut=1250, #Test=3003
Test Set Loss 0.6915 | Precision 0.9375 | Recall 1.0000 | F1 0.9677 | AUC 0.9997 | trainTime 0.4190 | exSelTime 0.1182 | testTime 0.0021 | numPos 14.0000 | numNeg 1739.0000
Epoch 0099 | Eval Loss 0.6902 | Precision 1.0000 | Recall 1.0000 | F1 1.0000 | AUC 1.0000 | time 0.0023
ITER=47, #Train=1791, #HeldOut=1212, #Test=3003
Test Set Loss 0.6915 | Precision 0.9375 | Recall 1.0000 | F1 0.9677 | AUC 0.9997 | trainTime 0.4190 | exSelTime 0.1202 | testTime 0.0022 | numPos 14.0000 | numNeg 1777.0000
Epoch 0099 | Eval Loss 0.6902 | Precision 1.0000 | Recall 1.0000 | F1 1.0000 | AUC 1.0000 | time 0.0021
ITER=48, #Train=1829, #HeldOut=1174, #Test=3003
Test Set Loss 0.6915 | Precision 0.9375 | Recall 1.0000 | F1 0.9677 | AUC 0.9997 | trainTime 0.4190 | exSelTime 0.1107 | testTime 0.0021 | numPos 14.0000 | numNeg 1815.0000
Epoch 0099 | Eval Loss 0.6903 | Precision 1.0000 | Recall 1.0000 | F1 1.0000 | AUC 1.0000 | time 0.0023
ITER=49, #Train=1867, #HeldOut=1136, #Test=3003
Test Set Loss 0.6915 | Precision 0.9375 | Recall 1.0000 | F1 0.9677 | AUC 0.9997 | trainTime 0.4190 | exSelTime 0.1179 | testTime 0.0023 | numPos 14.0000 | numNeg 1853.0000
Epoch 0099 | Eval Loss 0.6904 | Precision 1.0000 | Recall 1.0000 | F1 1.0000 | AUC 1.0000 | time 0.0021
ITER=50, #Train=1905, #HeldOut=1098, #Test=3003
Test Set Loss 0.6915 | Precision 0.9375 | Recall 1.0000 | F1 0.9677 | AUC 0.9997 | trainTime 0.4190 | exSelTime 0.1099 | testTime 0.0022 | numPos 14.0000 | numNeg 1891.0000
Epoch 0099 | Eval Loss 0.6904 | Precision 1.0000 | Recall 1.0000 | F1 1.0000 | AUC 1.0000 | time 0.0019
ITER=51, #Train=1943, #HeldOut=1060, #Test=3003
Test Set Loss 0.6915 | Precision 0.9375 | Recall 1.0000 | F1 0.9677 | AUC 0.9997 | trainTime 0.4190 | exSelTime 0.1035 | testTime 0.0023 | numPos 14.0000 | numNeg 1929.0000
Epoch 0099 | Eval Loss 0.6905 | Precision 1.0000 | Recall 1.0000 | F1 1.0000 | AUC 1.0000 | time 0.0023
ITER=52, #Train=1981, #HeldOut=1022, #Test=3003
Test Set Loss 0.6915 | Precision 0.9375 | Recall 1.0000 | F1 0.9677 | AUC 0.9997 | trainTime 0.4190 | exSelTime 0.1004 | testTime 0.0022 | numPos 14.0000 | numNeg 1967.0000
Epoch 0099 | Eval Loss 0.6905 | Precision 1.0000 | Recall 1.0000 | F1 1.0000 | AUC 1.0000 | time 0.0020
ITER=53, #Train=2019, #HeldOut=984, #Test=3003
Test Set Loss 0.6915 | Precision 0.9375 | Recall 1.0000 | F1 0.9677 | AUC 0.9997 | trainTime 0.4190 | exSelTime 0.0999 | testTime 0.0022 | numPos 14.0000 | numNeg 2005.0000
Epoch 0099 | Eval Loss 0.6906 | Precision 1.0000 | Recall 1.0000 | F1 1.0000 | AUC 1.0000 | time 0.0025
ITER=54, #Train=2057, #HeldOut=946, #Test=3003
Test Set Loss 0.6915 | Precision 0.9375 | Recall 1.0000 | F1 0.9677 | AUC 0.9997 | trainTime 0.4190 | exSelTime 0.0968 | testTime 0.0025 | numPos 14.0000 | numNeg 2043.0000
Epoch 0099 | Eval Loss 0.6906 | Precision 1.0000 | Recall 1.0000 | F1 1.0000 | AUC 1.0000 | time 0.0022
ITER=55, #Train=2095, #HeldOut=908, #Test=3003
Test Set Loss 0.6915 | Precision 0.9375 | Recall 1.0000 | F1 0.9677 | AUC 0.9997 | trainTime 0.4190 | exSelTime 0.0986 | testTime 0.0021 | numPos 14.0000 | numNeg 2081.0000
Epoch 0099 | Eval Loss 0.6907 | Precision 1.0000 | Recall 1.0000 | F1 1.0000 | AUC 1.0000 | time 0.0019
ITER=56, #Train=2133, #HeldOut=870, #Test=3003
Test Set Loss 0.6915 | Precision 0.9375 | Recall 1.0000 | F1 0.9677 | AUC 0.9997 | trainTime 0.4190 | exSelTime 0.0866 | testTime 0.0019 | numPos 14.0000 | numNeg 2119.0000
Epoch 0099 | Eval Loss 0.6907 | Precision 1.0000 | Recall 1.0000 | F1 1.0000 | AUC 1.0000 | time 0.0023
ITER=57, #Train=2171, #HeldOut=832, #Test=3003
Test Set Loss 0.6915 | Precision 0.9375 | Recall 1.0000 | F1 0.9677 | AUC 0.9997 | trainTime 0.4190 | exSelTime 0.0840 | testTime 0.0022 | numPos 14.0000 | numNeg 2157.0000
Epoch 0099 | Eval Loss 0.6907 | Precision 1.0000 | Recall 1.0000 | F1 1.0000 | AUC 1.0000 | time 0.0020
ITER=58, #Train=2209, #HeldOut=794, #Test=3003
Test Set Loss 0.6915 | Precision 0.9375 | Recall 1.0000 | F1 0.9677 | AUC 0.9997 | trainTime 0.4190 | exSelTime 0.0889 | testTime 0.0021 | numPos 14.0000 | numNeg 2195.0000
Epoch 0099 | Eval Loss 0.6908 | Precision 1.0000 | Recall 1.0000 | F1 1.0000 | AUC 1.0000 | time 0.0018
ITER=59, #Train=2247, #HeldOut=756, #Test=3003
Test Set Loss 0.6915 | Precision 0.9375 | Recall 1.0000 | F1 0.9677 | AUC 0.9997 | trainTime 0.4190 | exSelTime 0.0816 | testTime 0.0020 | numPos 14.0000 | numNeg 2233.0000
Epoch 0099 | Eval Loss 0.6908 | Precision 1.0000 | Recall 1.0000 | F1 1.0000 | AUC 1.0000 | time 0.0020
ITER=60, #Train=2285, #HeldOut=718, #Test=3003
Test Set Loss 0.6915 | Precision 0.9375 | Recall 1.0000 | F1 0.9677 | AUC 0.9997 | trainTime 0.4190 | exSelTime 0.0802 | testTime 0.0022 | numPos 14.0000 | numNeg 2271.0000
Epoch 0099 | Eval Loss 0.6909 | Precision 1.0000 | Recall 1.0000 | F1 1.0000 | AUC 1.0000 | time 0.0021
ITER=61, #Train=2323, #HeldOut=680, #Test=3003
Test Set Loss 0.6915 | Precision 0.9375 | Recall 1.0000 | F1 0.9677 | AUC 0.9997 | trainTime 0.4190 | exSelTime 0.0743 | testTime 0.0023 | numPos 14.0000 | numNeg 2309.0000
Epoch 0099 | Eval Loss 0.6909 | Precision 1.0000 | Recall 1.0000 | F1 1.0000 | AUC 1.0000 | time 0.0020
ITER=62, #Train=2361, #HeldOut=642, #Test=3003
Test Set Loss 0.6915 | Precision 0.9375 | Recall 1.0000 | F1 0.9677 | AUC 0.9997 | trainTime 0.4190 | exSelTime 0.0702 | testTime 0.0022 | numPos 14.0000 | numNeg 2347.0000
Epoch 0099 | Eval Loss 0.6909 | Precision 1.0000 | Recall 1.0000 | F1 1.0000 | AUC 1.0000 | time 0.0019
ITER=63, #Train=2399, #HeldOut=604, #Test=3003
Test Set Loss 0.6915 | Precision 0.9375 | Recall 1.0000 | F1 0.9677 | AUC 0.9997 | trainTime 0.4190 | exSelTime 0.0690 | testTime 0.0020 | numPos 14.0000 | numNeg 2385.0000
Epoch 0099 | Eval Loss 0.6910 | Precision 1.0000 | Recall 1.0000 | F1 1.0000 | AUC 1.0000 | time 0.0019
ITER=64, #Train=2437, #HeldOut=566, #Test=3003
Test Set Loss 0.6915 | Precision 0.9375 | Recall 1.0000 | F1 0.9677 | AUC 0.9997 | trainTime 0.4190 | exSelTime 0.0677 | testTime 0.0023 | numPos 14.0000 | numNeg 2423.0000
Epoch 0099 | Eval Loss 0.6910 | Precision 1.0000 | Recall 1.0000 | F1 1.0000 | AUC 1.0000 | time 0.0019
ITER=65, #Train=2475, #HeldOut=528, #Test=3003
Test Set Loss 0.6915 | Precision 0.9375 | Recall 1.0000 | F1 0.9677 | AUC 0.9997 | trainTime 0.4190 | exSelTime 0.0653 | testTime 0.0021 | numPos 14.0000 | numNeg 2461.0000
Epoch 0099 | Eval Loss 0.6910 | Precision 1.0000 | Recall 1.0000 | F1 1.0000 | AUC 1.0000 | time 0.0018
ITER=66, #Train=2513, #HeldOut=490, #Test=3003
Test Set Loss 0.6915 | Precision 0.9375 | Recall 1.0000 | F1 0.9677 | AUC 0.9997 | trainTime 0.4190 | exSelTime 0.0671 | testTime 0.0022 | numPos 14.0000 | numNeg 2499.0000
Epoch 0099 | Eval Loss 0.6911 | Precision 1.0000 | Recall 1.0000 | F1 1.0000 | AUC 1.0000 | time 0.0021
ITER=67, #Train=2551, #HeldOut=452, #Test=3003
Test Set Loss 0.6915 | Precision 0.9375 | Recall 1.0000 | F1 0.9677 | AUC 0.9997 | trainTime 0.4190 | exSelTime 0.0582 | testTime 0.0025 | numPos 14.0000 | numNeg 2537.0000
Epoch 0099 | Eval Loss 0.6911 | Precision 1.0000 | Recall 1.0000 | F1 1.0000 | AUC 1.0000 | time 0.0020
ITER=68, #Train=2589, #HeldOut=414, #Test=3003
Test Set Loss 0.6915 | Precision 0.9375 | Recall 1.0000 | F1 0.9677 | AUC 0.9997 | trainTime 0.4190 | exSelTime 0.0561 | testTime 0.0023 | numPos 14.0000 | numNeg 2575.0000
Epoch 0099 | Eval Loss 0.6911 | Precision 1.0000 | Recall 1.0000 | F1 1.0000 | AUC 1.0000 | time 0.0021
ITER=69, #Train=2627, #HeldOut=376, #Test=3003
Test Set Loss 0.6915 | Precision 0.9375 | Recall 1.0000 | F1 0.9677 | AUC 0.9997 | trainTime 0.4190 | exSelTime 0.0534 | testTime 0.0023 | numPos 14.0000 | numNeg 2613.0000
Epoch 0099 | Eval Loss 0.6912 | Precision 1.0000 | Recall 1.0000 | F1 1.0000 | AUC 1.0000 | time 0.0021
ITER=70, #Train=2665, #HeldOut=338, #Test=3003
Test Set Loss 0.6915 | Precision 0.9375 | Recall 1.0000 | F1 0.9677 | AUC 0.9997 | trainTime 0.4190 | exSelTime 0.0488 | testTime 0.0023 | numPos 14.0000 | numNeg 2651.0000
Epoch 0099 | Eval Loss 0.6912 | Precision 1.0000 | Recall 1.0000 | F1 1.0000 | AUC 1.0000 | time 0.0023
ITER=71, #Train=2703, #HeldOut=300, #Test=3003
Test Set Loss 0.6915 | Precision 0.9375 | Recall 1.0000 | F1 0.9677 | AUC 0.9997 | trainTime 0.4190 | exSelTime 0.0482 | testTime 0.0022 | numPos 14.0000 | numNeg 2689.0000
Epoch 0099 | Eval Loss 0.6912 | Precision 1.0000 | Recall 1.0000 | F1 1.0000 | AUC 1.0000 | time 0.0022
ITER=72, #Train=2741, #HeldOut=262, #Test=3003
Test Set Loss 0.6915 | Precision 0.9375 | Recall 1.0000 | F1 0.9677 | AUC 0.9997 | trainTime 0.4190 | exSelTime 0.0443 | testTime 0.0025 | numPos 14.0000 | numNeg 2727.0000
Epoch 0099 | Eval Loss 0.6912 | Precision 1.0000 | Recall 1.0000 | F1 1.0000 | AUC 1.0000 | time 0.0020
ITER=73, #Train=2779, #HeldOut=224, #Test=3003
Test Set Loss 0.6915 | Precision 0.9375 | Recall 1.0000 | F1 0.9677 | AUC 0.9997 | trainTime 0.4190 | exSelTime 0.0422 | testTime 0.0022 | numPos 14.0000 | numNeg 2765.0000
Epoch 0099 | Eval Loss 0.6913 | Precision 1.0000 | Recall 1.0000 | F1 1.0000 | AUC 1.0000 | time 0.0022
ITER=74, #Train=2817, #HeldOut=186, #Test=3003
Test Set Loss 0.6915 | Precision 0.9375 | Recall 1.0000 | F1 0.9677 | AUC 0.9997 | trainTime 0.4190 | exSelTime 0.0397 | testTime 0.0024 | numPos 14.0000 | numNeg 2803.0000
Epoch 0099 | Eval Loss 0.6913 | Precision 1.0000 | Recall 1.0000 | F1 1.0000 | AUC 1.0000 | time 0.0022
ITER=75, #Train=2855, #HeldOut=148, #Test=3003
Test Set Loss 0.6913 | Precision 1.0000 | Recall 1.0000 | F1 1.0000 | AUC 1.0000 | trainTime 0.4190 | exSelTime 0.0361 | testTime 0.0022 | numPos 14.0000 | numNeg 2841.0000
Epoch 0099 | Eval Loss 0.6912 | Precision 1.0000 | Recall 1.0000 | F1 1.0000 | AUC 1.0000 | time 0.0020
ITER=76, #Train=2893, #HeldOut=110, #Test=3003
Test Set Loss 0.6913 | Precision 1.0000 | Recall 1.0000 | F1 1.0000 | AUC 1.0000 | trainTime 0.4190 | exSelTime 0.0332 | testTime 0.0022 | numPos 15.0000 | numNeg 2878.0000
Epoch 0099 | Eval Loss 0.6912 | Precision 1.0000 | Recall 1.0000 | F1 1.0000 | AUC 1.0000 | time 0.0021
ITER=77, #Train=2931, #HeldOut=72, #Test=3003
Test Set Loss 0.6913 | Precision 1.0000 | Recall 1.0000 | F1 1.0000 | AUC 1.0000 | trainTime 0.4190 | exSelTime 0.0304 | testTime 0.0025 | numPos 15.0000 | numNeg 2916.0000
Epoch 0099 | Eval Loss 0.6912 | Precision 1.0000 | Recall 1.0000 | F1 1.0000 | AUC 1.0000 | time 0.0021
ITER=78, #Train=2969, #HeldOut=34, #Test=3003
Test Set Loss 0.6913 | Precision 1.0000 | Recall 1.0000 | F1 1.0000 | AUC 1.0000 | trainTime 0.4190 | exSelTime 0.0277 | testTime 0.0023 | numPos 15.0000 | numNeg 2954.0000
Epoch 0099 | Eval Loss 0.6913 | Precision 1.0000 | Recall 1.0000 | F1 1.0000 | AUC 1.0000 | time 0.0021
ITER=79, #Train=3003, #HeldOut=0, #Test=3003
Test Set Loss 0.6913 | Precision 1.0000 | Recall 1.0000 | F1 1.0000 | AUC 1.0000 | trainTime 0.4190 | exSelTime 0.0243 | testTime 0.0021 | numPos 15.0000 | numNeg 2988.0000
