on cpu
loading data ... from src/model/gnn/dataset/cmt-conference/cmt_conference_Ontology_Node_Embeddings.txt
src/model/gnn/dataset/cmt-conference/cmt_conference_Ontology_Edge_List.txt
src/model/gnn/dataset/cmt-conference/prog_seed_pairs.txt
src/model/gnn/dataset/cmt-conference/pos_neg_pairs.txt
done
Epoch 0099 | Eval Loss 0.6172 | Precision 1.0000 | Recall 1.0000 | F1 1.0000 | AUC 1.0000 | time 0.0016
ITER=0, #Train=5, #HeldOut=2998, #Test=3003
Test Set Loss 1.2217 | Precision 0.0052 | Recall 1.0000 | F1 0.0104 | AUC 0.5765 | trainTime 0.4328 | exSelTime 0.0000 | testTime 0.0020 | numPos -1.0000 | numNeg -1.0000 | Recall_After 1.0000 | F1_After 0.0104 | AUC_After 0.5765
Epoch 0099 | Eval Loss 0.6755 | Precision 1.0000 | Recall 1.0000 | F1 1.0000 | AUC 1.0000 | time 0.0015
ITER=1, #Train=43, #HeldOut=2960, #Test=3003
Test Set Loss 1.0539 | Precision 0.0067 | Recall 1.0000 | F1 0.0133 | AUC 0.6985 | trainTime 0.4328 | exSelTime 0.5365 | testTime 0.0021 | numPos 2.0000 | numNeg 41.0000 | Recall_After 1.0000 | F1_After 0.0133 | AUC_After 0.6985
Epoch 0099 | Eval Loss 0.6838 | Precision 1.0000 | Recall 1.0000 | F1 1.0000 | AUC 1.0000 | time 0.0015
ITER=2, #Train=81, #HeldOut=2922, #Test=3003
Test Set Loss 0.9612 | Precision 0.0077 | Recall 0.9333 | F1 0.0153 | AUC 0.7717 | trainTime 0.4328 | exSelTime 0.5367 | testTime 0.0020 | numPos 2.0000 | numNeg 79.0000 | Recall_After 0.9333 | F1_After 0.0153 | AUC_After 0.7717
Epoch 0099 | Eval Loss 0.6870 | Precision 1.0000 | Recall 1.0000 | F1 1.0000 | AUC 1.0000 | time 0.0015
ITER=3, #Train=119, #HeldOut=2884, #Test=3003
Test Set Loss 0.9346 | Precision 0.0110 | Recall 1.0000 | F1 0.0218 | AUC 0.8198 | trainTime 0.4328 | exSelTime 0.5256 | testTime 0.0019 | numPos 2.0000 | numNeg 117.0000 | Recall_After 1.0000 | F1_After 0.0218 | AUC_After 0.8198
Epoch 0099 | Eval Loss 0.6885 | Precision 1.0000 | Recall 1.0000 | F1 1.0000 | AUC 1.0000 | time 0.0015
ITER=4, #Train=157, #HeldOut=2846, #Test=3003
Test Set Loss 0.9072 | Precision 0.0090 | Recall 0.8000 | F1 0.0179 | AUC 0.7575 | trainTime 0.4328 | exSelTime 0.5250 | testTime 0.0020 | numPos 2.0000 | numNeg 155.0000 | Recall_After 0.8000 | F1_After 0.0179 | AUC_After 0.7575
Epoch 0099 | Eval Loss 0.6889 | Precision 1.0000 | Recall 1.0000 | F1 1.0000 | AUC 1.0000 | time 0.0015
ITER=5, #Train=195, #HeldOut=2808, #Test=3003
Test Set Loss 0.8455 | Precision 0.0136 | Recall 0.7333 | F1 0.0266 | AUC 0.7298 | trainTime 0.4328 | exSelTime 0.5252 | testTime 0.0020 | numPos 4.0000 | numNeg 191.0000 | Recall_After 0.7333 | F1_After 0.0266 | AUC_After 0.7298
Epoch 0099 | Eval Loss 0.6904 | Precision 1.0000 | Recall 1.0000 | F1 1.0000 | AUC 1.0000 | time 0.0017
ITER=6, #Train=233, #HeldOut=2770, #Test=3003
Test Set Loss 0.8062 | Precision 0.0209 | Recall 0.7333 | F1 0.0407 | AUC 0.8031 | trainTime 0.4328 | exSelTime 0.5253 | testTime 0.0020 | numPos 4.0000 | numNeg 229.0000 | Recall_After 0.7333 | F1_After 0.0407 | AUC_After 0.8031
Epoch 0099 | Eval Loss 0.6897 | Precision 1.0000 | Recall 1.0000 | F1 1.0000 | AUC 1.0000 | time 0.0027
ITER=7, #Train=271, #HeldOut=2732, #Test=3003
Test Set Loss 0.7647 | Precision 0.0327 | Recall 0.6000 | F1 0.0621 | AUC 0.8287 | trainTime 0.4328 | exSelTime 0.5301 | testTime 0.0035 | numPos 4.0000 | numNeg 267.0000 | Recall_After 0.6000 | F1_After 0.0621 | AUC_After 0.8287
Epoch 0099 | Eval Loss 0.6899 | Precision 1.0000 | Recall 1.0000 | F1 1.0000 | AUC 1.0000 | time 0.0021
ITER=8, #Train=309, #HeldOut=2694, #Test=3003
Test Set Loss 0.7615 | Precision 0.0352 | Recall 0.6667 | F1 0.0669 | AUC 0.8337 | trainTime 0.4328 | exSelTime 0.6462 | testTime 0.0024 | numPos 4.0000 | numNeg 305.0000 | Recall_After 0.6667 | F1_After 0.0669 | AUC_After 0.8337
Epoch 0099 | Eval Loss 0.6899 | Precision 1.0000 | Recall 1.0000 | F1 1.0000 | AUC 1.0000 | time 0.0015
ITER=9, #Train=347, #HeldOut=2656, #Test=3003
Test Set Loss 0.7500 | Precision 0.0437 | Recall 0.6667 | F1 0.0820 | AUC 0.8331 | trainTime 0.4328 | exSelTime 0.5541 | testTime 0.0020 | numPos 4.0000 | numNeg 343.0000 | Recall_After 0.6667 | F1_After 0.0820 | AUC_After 0.8331
Epoch 0099 | Eval Loss 0.6956 | Precision 0.7143 | Recall 1.0000 | F1 0.8333 | AUC 1.0000 | time 0.0015
ITER=10, #Train=385, #HeldOut=2618, #Test=3003
Test Set Loss 0.7331 | Precision 0.0579 | Recall 0.4667 | F1 0.1029 | AUC 0.7982 | trainTime 0.4328 | exSelTime 0.5365 | testTime 0.0021 | numPos 5.0000 | numNeg 380.0000 | Recall_After 0.4667 | F1_After 0.1029 | AUC_After 0.7982
Epoch 0099 | Eval Loss 0.6924 | Precision 1.0000 | Recall 1.0000 | F1 1.0000 | AUC 1.0000 | time 0.0017
ITER=11, #Train=423, #HeldOut=2580, #Test=3003
Test Set Loss 0.7099 | Precision 0.2609 | Recall 0.4000 | F1 0.3158 | AUC 0.8082 | trainTime 0.4328 | exSelTime 0.5326 | testTime 0.0024 | numPos 5.0000 | numNeg 418.0000 | Recall_After 0.4000 | F1_After 0.3158 | AUC_After 0.8082
Epoch 0099 | Eval Loss 0.6905 | Precision 1.0000 | Recall 1.0000 | F1 1.0000 | AUC 1.0000 | time 0.0015
ITER=12, #Train=461, #HeldOut=2542, #Test=3003
Test Set Loss 0.7011 | Precision 0.3478 | Recall 0.5333 | F1 0.4211 | AUC 0.8204 | trainTime 0.4328 | exSelTime 0.8805 | testTime 0.0025 | numPos 7.0000 | numNeg 454.0000 | Recall_After 0.5333 | F1_After 0.4211 | AUC_After 0.8204
Epoch 0099 | Eval Loss 0.6893 | Precision 1.0000 | Recall 1.0000 | F1 1.0000 | AUC 1.0000 | time 0.0015
ITER=13, #Train=499, #HeldOut=2504, #Test=3003
Test Set Loss 0.6933 | Precision 0.8889 | Recall 0.5333 | F1 0.6667 | AUC 0.8097 | trainTime 0.4328 | exSelTime 0.5417 | testTime 0.0020 | numPos 7.0000 | numNeg 492.0000 | Recall_After 0.5333 | F1_After 0.6667 | AUC_After 0.8097
Epoch 0099 | Eval Loss 0.6891 | Precision 1.0000 | Recall 1.0000 | F1 1.0000 | AUC 1.0000 | time 0.0021
ITER=14, #Train=537, #HeldOut=2466, #Test=3003
Test Set Loss 0.6924 | Precision 1.0000 | Recall 0.5333 | F1 0.6957 | AUC 0.8071 | trainTime 0.4328 | exSelTime 0.5497 | testTime 0.0021 | numPos 7.0000 | numNeg 530.0000 | Recall_After 0.5333 | F1_After 0.6957 | AUC_After 0.8071
Epoch 0099 | Eval Loss 0.6885 | Precision 1.0000 | Recall 1.0000 | F1 1.0000 | AUC 1.0000 | time 0.0022
ITER=15, #Train=575, #HeldOut=2428, #Test=3003
Test Set Loss 0.6923 | Precision 1.0000 | Recall 0.6000 | F1 0.7500 | AUC 0.8073 | trainTime 0.4328 | exSelTime 0.5050 | testTime 0.0021 | numPos 8.0000 | numNeg 567.0000 | Recall_After 0.6000 | F1_After 0.7500 | AUC_After 0.8073
Epoch 0099 | Eval Loss 0.6886 | Precision 1.0000 | Recall 1.0000 | F1 1.0000 | AUC 1.0000 | time 0.0020
ITER=16, #Train=613, #HeldOut=2390, #Test=3003
Test Set Loss 0.6921 | Precision 1.0000 | Recall 0.6000 | F1 0.7500 | AUC 0.8100 | trainTime 0.4328 | exSelTime 0.5013 | testTime 0.0024 | numPos 8.0000 | numNeg 605.0000 | Recall_After 0.6000 | F1_After 0.7500 | AUC_After 0.8100
Epoch 0099 | Eval Loss 0.6887 | Precision 1.0000 | Recall 1.0000 | F1 1.0000 | AUC 1.0000 | time 0.0017
ITER=17, #Train=651, #HeldOut=2352, #Test=3003
Test Set Loss 0.6921 | Precision 1.0000 | Recall 0.6000 | F1 0.7500 | AUC 0.8114 | trainTime 0.4328 | exSelTime 0.4839 | testTime 0.0020 | numPos 8.0000 | numNeg 643.0000 | Recall_After 0.6000 | F1_After 0.7500 | AUC_After 0.8114
Epoch 0099 | Eval Loss 0.6885 | Precision 1.0000 | Recall 1.0000 | F1 1.0000 | AUC 1.0000 | time 0.0016
ITER=18, #Train=689, #HeldOut=2314, #Test=3003
Test Set Loss 0.6920 | Precision 1.0000 | Recall 0.6667 | F1 0.8000 | AUC 0.8172 | trainTime 0.4328 | exSelTime 0.4875 | testTime 0.0019 | numPos 9.0000 | numNeg 680.0000 | Recall_After 0.6667 | F1_After 0.8000 | AUC_After 0.8172
Epoch 0099 | Eval Loss 0.6886 | Precision 1.0000 | Recall 1.0000 | F1 1.0000 | AUC 1.0000 | time 0.0023
ITER=19, #Train=727, #HeldOut=2276, #Test=3003
Test Set Loss 0.6919 | Precision 1.0000 | Recall 0.6667 | F1 0.8000 | AUC 0.8195 | trainTime 0.4328 | exSelTime 0.4864 | testTime 0.0024 | numPos 9.0000 | numNeg 718.0000 | Recall_After 0.6667 | F1_After 0.8000 | AUC_After 0.8195
Epoch 0099 | Eval Loss 0.6883 | Precision 1.0000 | Recall 1.0000 | F1 1.0000 | AUC 1.0000 | time 0.0019
ITER=20, #Train=765, #HeldOut=2238, #Test=3003
Test Set Loss 0.6925 | Precision 0.7333 | Recall 0.7333 | F1 0.7333 | AUC 0.8454 | trainTime 0.4328 | exSelTime 0.4818 | testTime 0.0021 | numPos 10.0000 | numNeg 755.0000 | Recall_After 0.7333 | F1_After 0.7333 | AUC_After 0.8454
Epoch 0099 | Eval Loss 0.6885 | Precision 1.0000 | Recall 1.0000 | F1 1.0000 | AUC 1.0000 | time 0.0019
ITER=21, #Train=803, #HeldOut=2200, #Test=3003
Test Set Loss 0.6918 | Precision 1.0000 | Recall 0.7333 | F1 0.8462 | AUC 0.8371 | trainTime 0.4328 | exSelTime 0.4770 | testTime 0.0021 | numPos 10.0000 | numNeg 793.0000 | Recall_After 0.7333 | F1_After 0.8462 | AUC_After 0.8371
Epoch 0099 | Eval Loss 0.6887 | Precision 1.0000 | Recall 1.0000 | F1 1.0000 | AUC 1.0000 | time 0.0020
ITER=22, #Train=841, #HeldOut=2162, #Test=3003
Test Set Loss 0.6918 | Precision 1.0000 | Recall 0.7333 | F1 0.8462 | AUC 0.8377 | trainTime 0.4328 | exSelTime 0.4743 | testTime 0.0020 | numPos 10.0000 | numNeg 831.0000 | Recall_After 0.7333 | F1_After 0.8462 | AUC_After 0.8377
Epoch 0099 | Eval Loss 0.6889 | Precision 1.0000 | Recall 1.0000 | F1 1.0000 | AUC 1.0000 | time 0.0017
ITER=23, #Train=879, #HeldOut=2124, #Test=3003
Test Set Loss 0.6918 | Precision 1.0000 | Recall 0.7333 | F1 0.8462 | AUC 0.8380 | trainTime 0.4328 | exSelTime 0.4676 | testTime 0.0022 | numPos 10.0000 | numNeg 869.0000 | Recall_After 0.7333 | F1_After 0.8462 | AUC_After 0.8380
Epoch 0099 | Eval Loss 0.6891 | Precision 1.0000 | Recall 1.0000 | F1 1.0000 | AUC 1.0000 | time 0.0018
ITER=24, #Train=917, #HeldOut=2086, #Test=3003
Test Set Loss 0.6918 | Precision 1.0000 | Recall 0.7333 | F1 0.8462 | AUC 0.8383 | trainTime 0.4328 | exSelTime 0.4615 | testTime 0.0023 | numPos 10.0000 | numNeg 907.0000 | Recall_After 0.7333 | F1_After 0.8462 | AUC_After 0.8383
Epoch 0099 | Eval Loss 0.6892 | Precision 1.0000 | Recall 1.0000 | F1 1.0000 | AUC 1.0000 | time 0.0018
ITER=25, #Train=955, #HeldOut=2048, #Test=3003
Test Set Loss 0.6918 | Precision 1.0000 | Recall 0.7333 | F1 0.8462 | AUC 0.8384 | trainTime 0.4328 | exSelTime 0.4722 | testTime 0.0022 | numPos 10.0000 | numNeg 945.0000 | Recall_After 0.7333 | F1_After 0.8462 | AUC_After 0.8384
Epoch 0099 | Eval Loss 0.6894 | Precision 1.0000 | Recall 1.0000 | F1 1.0000 | AUC 1.0000 | time 0.0017
ITER=26, #Train=993, #HeldOut=2010, #Test=3003
Test Set Loss 0.6918 | Precision 1.0000 | Recall 0.7333 | F1 0.8462 | AUC 0.8385 | trainTime 0.4328 | exSelTime 0.4651 | testTime 0.0020 | numPos 10.0000 | numNeg 983.0000 | Recall_After 0.7333 | F1_After 0.8462 | AUC_After 0.8385
Epoch 0099 | Eval Loss 0.6895 | Precision 1.0000 | Recall 1.0000 | F1 1.0000 | AUC 1.0000 | time 0.0019
ITER=27, #Train=1031, #HeldOut=1972, #Test=3003
Test Set Loss 0.6918 | Precision 1.0000 | Recall 0.7333 | F1 0.8462 | AUC 0.8384 | trainTime 0.4328 | exSelTime 0.4627 | testTime 0.0020 | numPos 10.0000 | numNeg 1021.0000 | Recall_After 0.7333 | F1_After 0.8462 | AUC_After 0.8384
Epoch 0099 | Eval Loss 0.6896 | Precision 1.0000 | Recall 1.0000 | F1 1.0000 | AUC 1.0000 | time 0.0020
ITER=28, #Train=1069, #HeldOut=1934, #Test=3003
Test Set Loss 0.6918 | Precision 1.0000 | Recall 0.7333 | F1 0.8462 | AUC 0.8384 | trainTime 0.4328 | exSelTime 0.4532 | testTime 0.0024 | numPos 10.0000 | numNeg 1059.0000 | Recall_After 0.7333 | F1_After 0.8462 | AUC_After 0.8384
Epoch 0099 | Eval Loss 0.6897 | Precision 1.0000 | Recall 1.0000 | F1 1.0000 | AUC 1.0000 | time 0.0019
ITER=29, #Train=1107, #HeldOut=1896, #Test=3003
Test Set Loss 0.6918 | Precision 1.0000 | Recall 0.7333 | F1 0.8462 | AUC 0.8384 | trainTime 0.4328 | exSelTime 0.4408 | testTime 0.0020 | numPos 10.0000 | numNeg 1097.0000 | Recall_After 0.7333 | F1_After 0.8462 | AUC_After 0.8384
Epoch 0099 | Eval Loss 0.6898 | Precision 1.0000 | Recall 1.0000 | F1 1.0000 | AUC 1.0000 | time 0.0021
ITER=30, #Train=1145, #HeldOut=1858, #Test=3003
Test Set Loss 0.6918 | Precision 1.0000 | Recall 0.7333 | F1 0.8462 | AUC 0.8386 | trainTime 0.4328 | exSelTime 0.4431 | testTime 0.0024 | numPos 10.0000 | numNeg 1135.0000 | Recall_After 0.7333 | F1_After 0.8462 | AUC_After 0.8386
Epoch 0099 | Eval Loss 0.6900 | Precision 1.0000 | Recall 1.0000 | F1 1.0000 | AUC 1.0000 | time 0.0017
ITER=31, #Train=1183, #HeldOut=1820, #Test=3003
Test Set Loss 0.6918 | Precision 1.0000 | Recall 0.7333 | F1 0.8462 | AUC 0.8386 | trainTime 0.4328 | exSelTime 0.4456 | testTime 0.0020 | numPos 10.0000 | numNeg 1173.0000 | Recall_After 0.7333 | F1_After 0.8462 | AUC_After 0.8386
Epoch 0099 | Eval Loss 0.6897 | Precision 1.0000 | Recall 1.0000 | F1 1.0000 | AUC 1.0000 | time 0.0018
ITER=32, #Train=1221, #HeldOut=1782, #Test=3003
Test Set Loss 0.6918 | Precision 0.9231 | Recall 0.8000 | F1 0.8571 | AUC 0.8685 | trainTime 0.4328 | exSelTime 0.4383 | testTime 0.0021 | numPos 11.0000 | numNeg 1210.0000 | Recall_After 0.8000 | F1_After 0.8571 | AUC_After 0.8685
Epoch 0099 | Eval Loss 0.6898 | Precision 1.0000 | Recall 1.0000 | F1 1.0000 | AUC 1.0000 | time 0.0020
ITER=33, #Train=1259, #HeldOut=1744, #Test=3003
Test Set Loss 0.6916 | Precision 1.0000 | Recall 0.8000 | F1 0.8889 | AUC 0.8646 | trainTime 0.4328 | exSelTime 0.4351 | testTime 0.0022 | numPos 11.0000 | numNeg 1248.0000 | Recall_After 0.8000 | F1_After 0.8889 | AUC_After 0.8646
Epoch 0099 | Eval Loss 0.6899 | Precision 1.0000 | Recall 1.0000 | F1 1.0000 | AUC 1.0000 | time 0.0021
ITER=34, #Train=1297, #HeldOut=1706, #Test=3003
Test Set Loss 0.6916 | Precision 1.0000 | Recall 0.8000 | F1 0.8889 | AUC 0.8651 | trainTime 0.4328 | exSelTime 0.4343 | testTime 0.0024 | numPos 11.0000 | numNeg 1286.0000 | Recall_After 0.8000 | F1_After 0.8889 | AUC_After 0.8651
Epoch 0099 | Eval Loss 0.6900 | Precision 1.0000 | Recall 1.0000 | F1 1.0000 | AUC 1.0000 | time 0.0023
ITER=35, #Train=1335, #HeldOut=1668, #Test=3003
Test Set Loss 0.6916 | Precision 1.0000 | Recall 0.8000 | F1 0.8889 | AUC 0.8652 | trainTime 0.4328 | exSelTime 0.5017 | testTime 0.0021 | numPos 11.0000 | numNeg 1324.0000 | Recall_After 0.8000 | F1_After 0.8889 | AUC_After 0.8652
Epoch 0099 | Eval Loss 0.6901 | Precision 1.0000 | Recall 1.0000 | F1 1.0000 | AUC 1.0000 | time 0.0022
ITER=36, #Train=1373, #HeldOut=1630, #Test=3003
Test Set Loss 0.6916 | Precision 1.0000 | Recall 0.8000 | F1 0.8889 | AUC 0.8651 | trainTime 0.4328 | exSelTime 0.4974 | testTime 0.0020 | numPos 11.0000 | numNeg 1362.0000 | Recall_After 0.8000 | F1_After 0.8889 | AUC_After 0.8651
Epoch 0099 | Eval Loss 0.6902 | Precision 1.0000 | Recall 1.0000 | F1 1.0000 | AUC 1.0000 | time 0.0022
ITER=37, #Train=1411, #HeldOut=1592, #Test=3003
Test Set Loss 0.6916 | Precision 1.0000 | Recall 0.8000 | F1 0.8889 | AUC 0.8649 | trainTime 0.4328 | exSelTime 0.4270 | testTime 0.0022 | numPos 11.0000 | numNeg 1400.0000 | Recall_After 0.8000 | F1_After 0.8889 | AUC_After 0.8649
Epoch 0099 | Eval Loss 0.6903 | Precision 1.0000 | Recall 1.0000 | F1 1.0000 | AUC 1.0000 | time 0.0022
ITER=38, #Train=1449, #HeldOut=1554, #Test=3003
Test Set Loss 0.6916 | Precision 1.0000 | Recall 0.8000 | F1 0.8889 | AUC 0.8649 | trainTime 0.4328 | exSelTime 0.4488 | testTime 0.0024 | numPos 11.0000 | numNeg 1438.0000 | Recall_After 0.8000 | F1_After 0.8889 | AUC_After 0.8649
Epoch 0099 | Eval Loss 0.6903 | Precision 1.0000 | Recall 1.0000 | F1 1.0000 | AUC 1.0000 | time 0.0034
ITER=39, #Train=1487, #HeldOut=1516, #Test=3003
Test Set Loss 0.6916 | Precision 1.0000 | Recall 0.8000 | F1 0.8889 | AUC 0.8648 | trainTime 0.4328 | exSelTime 0.4928 | testTime 0.0043 | numPos 11.0000 | numNeg 1476.0000 | Recall_After 0.8000 | F1_After 0.8889 | AUC_After 0.8648
Epoch 0099 | Eval Loss 0.6904 | Precision 1.0000 | Recall 1.0000 | F1 1.0000 | AUC 1.0000 | time 0.0031
ITER=40, #Train=1525, #HeldOut=1478, #Test=3003
Test Set Loss 0.6916 | Precision 1.0000 | Recall 0.8000 | F1 0.8889 | AUC 0.8647 | trainTime 0.4328 | exSelTime 0.6579 | testTime 0.0029 | numPos 11.0000 | numNeg 1514.0000 | Recall_After 0.8000 | F1_After 0.8889 | AUC_After 0.8647
Epoch 0099 | Eval Loss 0.6905 | Precision 1.0000 | Recall 1.0000 | F1 1.0000 | AUC 1.0000 | time 0.0028
ITER=41, #Train=1563, #HeldOut=1440, #Test=3003
Test Set Loss 0.6916 | Precision 1.0000 | Recall 0.8000 | F1 0.8889 | AUC 0.8645 | trainTime 0.4328 | exSelTime 0.5695 | testTime 0.0028 | numPos 11.0000 | numNeg 1552.0000 | Recall_After 0.8000 | F1_After 0.8889 | AUC_After 0.8645
Epoch 0099 | Eval Loss 0.6905 | Precision 1.0000 | Recall 1.0000 | F1 1.0000 | AUC 1.0000 | time 0.0025
ITER=42, #Train=1601, #HeldOut=1402, #Test=3003
Test Set Loss 0.6916 | Precision 1.0000 | Recall 0.8000 | F1 0.8889 | AUC 0.8644 | trainTime 0.4328 | exSelTime 0.4867 | testTime 0.0026 | numPos 11.0000 | numNeg 1590.0000 | Recall_After 0.8000 | F1_After 0.8889 | AUC_After 0.8644
Epoch 0099 | Eval Loss 0.6906 | Precision 1.0000 | Recall 1.0000 | F1 1.0000 | AUC 1.0000 | time 0.0024
ITER=43, #Train=1639, #HeldOut=1364, #Test=3003
Test Set Loss 0.6916 | Precision 1.0000 | Recall 0.8000 | F1 0.8889 | AUC 0.8642 | trainTime 0.4328 | exSelTime 0.5784 | testTime 0.0024 | numPos 11.0000 | numNeg 1628.0000 | Recall_After 0.8000 | F1_After 0.8889 | AUC_After 0.8642
Epoch 0099 | Eval Loss 0.6907 | Precision 1.0000 | Recall 1.0000 | F1 1.0000 | AUC 1.0000 | time 0.0025
ITER=44, #Train=1677, #HeldOut=1326, #Test=3003
Test Set Loss 0.6916 | Precision 1.0000 | Recall 0.8000 | F1 0.8889 | AUC 0.8641 | trainTime 0.4328 | exSelTime 0.4885 | testTime 0.0027 | numPos 11.0000 | numNeg 1666.0000 | Recall_After 0.8000 | F1_After 0.8889 | AUC_After 0.8641
Epoch 0099 | Eval Loss 0.6907 | Precision 1.0000 | Recall 1.0000 | F1 1.0000 | AUC 1.0000 | time 0.0034
ITER=45, #Train=1715, #HeldOut=1288, #Test=3003
Test Set Loss 0.6916 | Precision 1.0000 | Recall 0.8000 | F1 0.8889 | AUC 0.8639 | trainTime 0.4328 | exSelTime 0.5336 | testTime 0.0027 | numPos 11.0000 | numNeg 1704.0000 | Recall_After 0.8000 | F1_After 0.8889 | AUC_After 0.8639
Epoch 0099 | Eval Loss 0.6908 | Precision 1.0000 | Recall 1.0000 | F1 1.0000 | AUC 1.0000 | time 0.0025
ITER=46, #Train=1753, #HeldOut=1250, #Test=3003
Test Set Loss 0.6916 | Precision 1.0000 | Recall 0.8000 | F1 0.8889 | AUC 0.8638 | trainTime 0.4328 | exSelTime 0.5186 | testTime 0.0025 | numPos 11.0000 | numNeg 1742.0000 | Recall_After 0.8000 | F1_After 0.8889 | AUC_After 0.8638
Epoch 0099 | Eval Loss 0.6908 | Precision 1.0000 | Recall 1.0000 | F1 1.0000 | AUC 1.0000 | time 0.0024
ITER=47, #Train=1791, #HeldOut=1212, #Test=3003
Test Set Loss 0.6916 | Precision 1.0000 | Recall 0.8000 | F1 0.8889 | AUC 0.8638 | trainTime 0.4328 | exSelTime 0.4733 | testTime 0.0024 | numPos 11.0000 | numNeg 1780.0000 | Recall_After 0.8000 | F1_After 0.8889 | AUC_After 0.8638
Epoch 0099 | Eval Loss 0.6907 | Precision 1.0000 | Recall 1.0000 | F1 1.0000 | AUC 1.0000 | time 0.0026
ITER=48, #Train=1829, #HeldOut=1174, #Test=3003
Test Set Loss 0.6917 | Precision 0.9286 | Recall 0.8667 | F1 0.8966 | AUC 0.8865 | trainTime 0.4328 | exSelTime 0.4839 | testTime 0.0023 | numPos 12.0000 | numNeg 1817.0000 | Recall_After 0.8667 | F1_After 0.8966 | AUC_After 0.8865
Epoch 0099 | Eval Loss 0.6907 | Precision 1.0000 | Recall 1.0000 | F1 1.0000 | AUC 1.0000 | time 0.0024
ITER=49, #Train=1867, #HeldOut=1136, #Test=3003
Test Set Loss 0.6915 | Precision 1.0000 | Recall 0.8667 | F1 0.9286 | AUC 0.8871 | trainTime 0.4328 | exSelTime 0.4847 | testTime 0.0026 | numPos 12.0000 | numNeg 1855.0000 | Recall_After 0.8667 | F1_After 0.9286 | AUC_After 0.8871
Epoch 0099 | Eval Loss 0.6908 | Precision 1.0000 | Recall 1.0000 | F1 1.0000 | AUC 1.0000 | time 0.0022
ITER=50, #Train=1905, #HeldOut=1098, #Test=3003
Test Set Loss 0.6915 | Precision 1.0000 | Recall 0.8667 | F1 0.9286 | AUC 0.8875 | trainTime 0.4328 | exSelTime 0.5099 | testTime 0.0023 | numPos 12.0000 | numNeg 1893.0000 | Recall_After 0.8667 | F1_After 0.9286 | AUC_After 0.8875
Epoch 0099 | Eval Loss 0.6908 | Precision 1.0000 | Recall 1.0000 | F1 1.0000 | AUC 1.0000 | time 0.0021
ITER=51, #Train=1943, #HeldOut=1060, #Test=3003
Test Set Loss 0.6915 | Precision 1.0000 | Recall 0.8667 | F1 0.9286 | AUC 0.8876 | trainTime 0.4328 | exSelTime 0.5074 | testTime 0.0021 | numPos 12.0000 | numNeg 1931.0000 | Recall_After 0.8667 | F1_After 0.9286 | AUC_After 0.8876
Epoch 0099 | Eval Loss 0.6908 | Precision 1.0000 | Recall 1.0000 | F1 1.0000 | AUC 1.0000 | time 0.0022
ITER=52, #Train=1981, #HeldOut=1022, #Test=3003
Test Set Loss 0.6915 | Precision 1.0000 | Recall 0.8667 | F1 0.9286 | AUC 0.8877 | trainTime 0.4328 | exSelTime 0.4718 | testTime 0.0026 | numPos 12.0000 | numNeg 1969.0000 | Recall_After 0.8667 | F1_After 0.9286 | AUC_After 0.8877
Epoch 0099 | Eval Loss 0.6909 | Precision 1.0000 | Recall 1.0000 | F1 1.0000 | AUC 1.0000 | time 0.0024
ITER=53, #Train=2019, #HeldOut=984, #Test=3003
Test Set Loss 0.6915 | Precision 1.0000 | Recall 0.8667 | F1 0.9286 | AUC 0.8880 | trainTime 0.4328 | exSelTime 0.4555 | testTime 0.0025 | numPos 12.0000 | numNeg 2007.0000 | Recall_After 0.8667 | F1_After 0.9286 | AUC_After 0.8880
Epoch 0099 | Eval Loss 0.6909 | Precision 1.0000 | Recall 1.0000 | F1 1.0000 | AUC 1.0000 | time 0.0024
ITER=54, #Train=2057, #HeldOut=946, #Test=3003
Test Set Loss 0.6915 | Precision 1.0000 | Recall 0.8667 | F1 0.9286 | AUC 0.8880 | trainTime 0.4328 | exSelTime 0.4483 | testTime 0.0028 | numPos 12.0000 | numNeg 2045.0000 | Recall_After 0.8667 | F1_After 0.9286 | AUC_After 0.8880
Epoch 0099 | Eval Loss 0.6910 | Precision 1.0000 | Recall 1.0000 | F1 1.0000 | AUC 1.0000 | time 0.0023
ITER=55, #Train=2095, #HeldOut=908, #Test=3003
Test Set Loss 0.6915 | Precision 1.0000 | Recall 0.8667 | F1 0.9286 | AUC 0.8882 | trainTime 0.4328 | exSelTime 0.4490 | testTime 0.0024 | numPos 12.0000 | numNeg 2083.0000 | Recall_After 0.8667 | F1_After 0.9286 | AUC_After 0.8882
Epoch 0099 | Eval Loss 0.6910 | Precision 1.0000 | Recall 1.0000 | F1 1.0000 | AUC 1.0000 | time 0.0024
ITER=56, #Train=2133, #HeldOut=870, #Test=3003
Test Set Loss 0.6915 | Precision 1.0000 | Recall 0.8667 | F1 0.9286 | AUC 0.8883 | trainTime 0.4328 | exSelTime 0.4443 | testTime 0.0023 | numPos 12.0000 | numNeg 2121.0000 | Recall_After 0.8667 | F1_After 0.9286 | AUC_After 0.8883
Epoch 0099 | Eval Loss 0.6910 | Precision 1.0000 | Recall 1.0000 | F1 1.0000 | AUC 1.0000 | time 0.0025
ITER=57, #Train=2171, #HeldOut=832, #Test=3003
Test Set Loss 0.6915 | Precision 1.0000 | Recall 0.8667 | F1 0.9286 | AUC 0.8884 | trainTime 0.4328 | exSelTime 0.4411 | testTime 0.0025 | numPos 12.0000 | numNeg 2159.0000 | Recall_After 0.8667 | F1_After 0.9286 | AUC_After 0.8884
Epoch 0099 | Eval Loss 0.6911 | Precision 1.0000 | Recall 1.0000 | F1 1.0000 | AUC 1.0000 | time 0.0026
ITER=58, #Train=2209, #HeldOut=794, #Test=3003
Test Set Loss 0.6915 | Precision 1.0000 | Recall 0.8667 | F1 0.9286 | AUC 0.8884 | trainTime 0.4328 | exSelTime 0.4347 | testTime 0.0024 | numPos 12.0000 | numNeg 2197.0000 | Recall_After 0.8667 | F1_After 0.9286 | AUC_After 0.8884
Epoch 0099 | Eval Loss 0.6911 | Precision 1.0000 | Recall 1.0000 | F1 1.0000 | AUC 1.0000 | time 0.0024
ITER=59, #Train=2247, #HeldOut=756, #Test=3003
Test Set Loss 0.6915 | Precision 1.0000 | Recall 0.8667 | F1 0.9286 | AUC 0.8884 | trainTime 0.4328 | exSelTime 0.4281 | testTime 0.0025 | numPos 12.0000 | numNeg 2235.0000 | Recall_After 0.8667 | F1_After 0.9286 | AUC_After 0.8884
Epoch 0099 | Eval Loss 0.6912 | Precision 1.0000 | Recall 1.0000 | F1 1.0000 | AUC 1.0000 | time 0.0021
ITER=60, #Train=2285, #HeldOut=718, #Test=3003
Test Set Loss 0.6915 | Precision 1.0000 | Recall 0.8667 | F1 0.9286 | AUC 0.8884 | trainTime 0.4328 | exSelTime 0.4408 | testTime 0.0024 | numPos 12.0000 | numNeg 2273.0000 | Recall_After 0.8667 | F1_After 0.9286 | AUC_After 0.8884
Epoch 0099 | Eval Loss 0.6910 | Precision 1.0000 | Recall 1.0000 | F1 1.0000 | AUC 1.0000 | time 0.0023
ITER=61, #Train=2323, #HeldOut=680, #Test=3003
Test Set Loss 0.6914 | Precision 1.0000 | Recall 0.9333 | F1 0.9655 | AUC 0.9354 | trainTime 0.4328 | exSelTime 0.4719 | testTime 0.0026 | numPos 13.0000 | numNeg 2310.0000 | Recall_After 0.9333 | F1_After 0.9655 | AUC_After 0.9354
Epoch 0099 | Eval Loss 0.6911 | Precision 1.0000 | Recall 1.0000 | F1 1.0000 | AUC 1.0000 | time 0.0022
ITER=62, #Train=2361, #HeldOut=642, #Test=3003
Test Set Loss 0.6914 | Precision 1.0000 | Recall 0.9333 | F1 0.9655 | AUC 0.9354 | trainTime 0.4328 | exSelTime 1.9690 | testTime 0.0024 | numPos 13.0000 | numNeg 2348.0000 | Recall_After 0.9333 | F1_After 0.9655 | AUC_After 0.9354
Epoch 0099 | Eval Loss 0.6911 | Precision 1.0000 | Recall 1.0000 | F1 1.0000 | AUC 1.0000 | time 0.0023
ITER=63, #Train=2399, #HeldOut=604, #Test=3003
Test Set Loss 0.6914 | Precision 1.0000 | Recall 0.9333 | F1 0.9655 | AUC 0.9355 | trainTime 0.4328 | exSelTime 2.2149 | testTime 0.0023 | numPos 13.0000 | numNeg 2386.0000 | Recall_After 0.9333 | F1_After 0.9655 | AUC_After 0.9355
Epoch 0099 | Eval Loss 0.6911 | Precision 1.0000 | Recall 1.0000 | F1 1.0000 | AUC 1.0000 | time 0.0027
ITER=64, #Train=2437, #HeldOut=566, #Test=3003
Test Set Loss 0.6914 | Precision 1.0000 | Recall 0.9333 | F1 0.9655 | AUC 0.9355 | trainTime 0.4328 | exSelTime 1.8085 | testTime 0.0029 | numPos 13.0000 | numNeg 2424.0000 | Recall_After 0.9333 | F1_After 0.9655 | AUC_After 0.9355
Epoch 0099 | Eval Loss 0.6912 | Precision 1.0000 | Recall 1.0000 | F1 1.0000 | AUC 1.0000 | time 0.0027
ITER=65, #Train=2475, #HeldOut=528, #Test=3003
Test Set Loss 0.6914 | Precision 1.0000 | Recall 0.9333 | F1 0.9655 | AUC 0.9355 | trainTime 0.4328 | exSelTime 2.2569 | testTime 0.0026 | numPos 13.0000 | numNeg 2462.0000 | Recall_After 0.9333 | F1_After 0.9655 | AUC_After 0.9355
Epoch 0099 | Eval Loss 0.6912 | Precision 1.0000 | Recall 1.0000 | F1 1.0000 | AUC 1.0000 | time 0.0076
ITER=66, #Train=2513, #HeldOut=490, #Test=3003
Test Set Loss 0.6914 | Precision 1.0000 | Recall 0.9333 | F1 0.9655 | AUC 0.9355 | trainTime 0.4328 | exSelTime 2.0867 | testTime 0.0123 | numPos 13.0000 | numNeg 2500.0000 | Recall_After 0.9333 | F1_After 0.9655 | AUC_After 0.9355
Epoch 0099 | Eval Loss 0.6912 | Precision 1.0000 | Recall 1.0000 | F1 1.0000 | AUC 1.0000 | time 0.0030
ITER=67, #Train=2551, #HeldOut=452, #Test=3003
Test Set Loss 0.6914 | Precision 1.0000 | Recall 0.9333 | F1 0.9655 | AUC 0.9355 | trainTime 0.4328 | exSelTime 2.1904 | testTime 0.0029 | numPos 13.0000 | numNeg 2538.0000 | Recall_After 0.9333 | F1_After 0.9655 | AUC_After 0.9355
Epoch 0099 | Eval Loss 0.6912 | Precision 1.0000 | Recall 1.0000 | F1 1.0000 | AUC 1.0000 | time 0.0027
ITER=68, #Train=2589, #HeldOut=414, #Test=3003
Test Set Loss 0.6914 | Precision 1.0000 | Recall 0.9333 | F1 0.9655 | AUC 0.9355 | trainTime 0.4328 | exSelTime 1.8294 | testTime 0.0034 | numPos 13.0000 | numNeg 2576.0000 | Recall_After 0.9333 | F1_After 0.9655 | AUC_After 0.9355
Epoch 0099 | Eval Loss 0.6913 | Precision 1.0000 | Recall 1.0000 | F1 1.0000 | AUC 1.0000 | time 0.0023
ITER=69, #Train=2627, #HeldOut=376, #Test=3003
Test Set Loss 0.6914 | Precision 1.0000 | Recall 0.9333 | F1 0.9655 | AUC 0.9356 | trainTime 0.4328 | exSelTime 1.8560 | testTime 0.0025 | numPos 13.0000 | numNeg 2614.0000 | Recall_After 0.9333 | F1_After 0.9655 | AUC_After 0.9356
Epoch 0099 | Eval Loss 0.6913 | Precision 1.0000 | Recall 1.0000 | F1 1.0000 | AUC 1.0000 | time 0.0025
ITER=70, #Train=2665, #HeldOut=338, #Test=3003
Test Set Loss 0.6914 | Precision 1.0000 | Recall 0.9333 | F1 0.9655 | AUC 0.9356 | trainTime 0.4328 | exSelTime 1.6909 | testTime 0.0025 | numPos 13.0000 | numNeg 2652.0000 | Recall_After 0.9333 | F1_After 0.9655 | AUC_After 0.9356
Epoch 0099 | Eval Loss 0.6913 | Precision 1.0000 | Recall 1.0000 | F1 1.0000 | AUC 1.0000 | time 0.0031
ITER=71, #Train=2703, #HeldOut=300, #Test=3003
Test Set Loss 0.6914 | Precision 1.0000 | Recall 0.9333 | F1 0.9655 | AUC 0.9356 | trainTime 0.4328 | exSelTime 1.3126 | testTime 0.0031 | numPos 13.0000 | numNeg 2690.0000 | Recall_After 0.9333 | F1_After 0.9655 | AUC_After 0.9356
Epoch 0099 | Eval Loss 0.6913 | Precision 1.0000 | Recall 1.0000 | F1 1.0000 | AUC 1.0000 | time 0.0024
ITER=72, #Train=2741, #HeldOut=262, #Test=3003
Test Set Loss 0.6914 | Precision 1.0000 | Recall 0.9333 | F1 0.9655 | AUC 0.9356 | trainTime 0.4328 | exSelTime 1.2608 | testTime 0.0025 | numPos 13.0000 | numNeg 2728.0000 | Recall_After 0.9333 | F1_After 0.9655 | AUC_After 0.9356
Epoch 0099 | Eval Loss 0.6914 | Precision 1.0000 | Recall 1.0000 | F1 1.0000 | AUC 1.0000 | time 0.0027
ITER=73, #Train=2779, #HeldOut=224, #Test=3003
Test Set Loss 0.6914 | Precision 1.0000 | Recall 0.9333 | F1 0.9655 | AUC 0.9356 | trainTime 0.4328 | exSelTime 1.1744 | testTime 0.0030 | numPos 13.0000 | numNeg 2766.0000 | Recall_After 0.9333 | F1_After 0.9655 | AUC_After 0.9356
Epoch 0099 | Eval Loss 0.6914 | Precision 1.0000 | Recall 1.0000 | F1 1.0000 | AUC 1.0000 | time 0.0031
ITER=74, #Train=2817, #HeldOut=186, #Test=3003
Test Set Loss 0.6914 | Precision 1.0000 | Recall 0.9333 | F1 0.9655 | AUC 0.9356 | trainTime 0.4328 | exSelTime 1.1998 | testTime 0.0029 | numPos 13.0000 | numNeg 2804.0000 | Recall_After 0.9333 | F1_After 0.9655 | AUC_After 0.9356
Epoch 0099 | Eval Loss 0.6914 | Precision 1.0000 | Recall 1.0000 | F1 1.0000 | AUC 1.0000 | time 0.0027
ITER=75, #Train=2855, #HeldOut=148, #Test=3003
Test Set Loss 0.6914 | Precision 1.0000 | Recall 0.9333 | F1 0.9655 | AUC 0.9356 | trainTime 0.4328 | exSelTime 1.1519 | testTime 0.0029 | numPos 13.0000 | numNeg 2842.0000 | Recall_After 0.9333 | F1_After 0.9655 | AUC_After 0.9356
Epoch 0099 | Eval Loss 0.6914 | Precision 1.0000 | Recall 1.0000 | F1 1.0000 | AUC 1.0000 | time 0.0031
ITER=76, #Train=2893, #HeldOut=110, #Test=3003
Test Set Loss 0.6914 | Precision 1.0000 | Recall 0.9333 | F1 0.9655 | AUC 0.9357 | trainTime 0.4328 | exSelTime 1.1246 | testTime 0.0030 | numPos 13.0000 | numNeg 2880.0000 | Recall_After 0.9333 | F1_After 0.9655 | AUC_After 0.9357
Epoch 0099 | Eval Loss 0.6915 | Precision 1.0000 | Recall 1.0000 | F1 1.0000 | AUC 1.0000 | time 0.0029
ITER=77, #Train=2931, #HeldOut=72, #Test=3003
Test Set Loss 0.6914 | Precision 1.0000 | Recall 0.9333 | F1 0.9655 | AUC 0.9357 | trainTime 0.4328 | exSelTime 1.1222 | testTime 0.0029 | numPos 13.0000 | numNeg 2918.0000 | Recall_After 0.9333 | F1_After 0.9655 | AUC_After 0.9357
Epoch 0099 | Eval Loss 0.6914 | Precision 1.0000 | Recall 1.0000 | F1 1.0000 | AUC 1.0000 | time 0.0030
ITER=78, #Train=2969, #HeldOut=34, #Test=3003
Test Set Loss 0.6914 | Precision 1.0000 | Recall 0.9333 | F1 0.9655 | AUC 0.9357 | trainTime 0.4328 | exSelTime 1.1611 | testTime 0.0033 | numPos 14.0000 | numNeg 2955.0000 | Recall_After 0.9333 | F1_After 0.9655 | AUC_After 0.9357
Epoch 0099 | Eval Loss 0.6913 | Precision 1.0000 | Recall 1.0000 | F1 1.0000 | AUC 1.0000 | time 0.0029
ITER=79, #Train=3003, #HeldOut=0, #Test=3003
Test Set Loss 0.6913 | Precision 1.0000 | Recall 1.0000 | F1 1.0000 | AUC 1.0000 | trainTime 0.4328 | exSelTime 0.1235 | testTime 0.0029 | numPos 15.0000 | numNeg 2988.0000 | Recall_After 1.0000 | F1_After 1.0000 | AUC_After 1.0000
