on cpu
loading data ... from src/model/gnn/dataset/cmt-conference/cmt_conference_Ontology_Node_Embeddings.txt
src/model/gnn/dataset/cmt-conference/cmt_conference_Ontology_Edge_List.txt
src/model/gnn/dataset/cmt-conference/prog_seed_pairs.txt
src/model/gnn/dataset/cmt-conference/pos_neg_pairs.txt
done
Epoch 0099 | Eval Loss 0.6172 | Precision 1.0000 | Recall 1.0000 | F1 1.0000 | AUC 1.0000 | time 0.0015
ITER=0, #Train=5, #HeldOut=2998, #Test=3003
Test Set Loss 1.1867 | Precision 0.0052 | Recall 0.9333 | F1 0.0102 | AUC 0.6515 | trainTime 0.4123 | exSelTime 0.0000 | testTime 0.0023 | numPos -1.0000 | numNeg -1.0000
Epoch 0099 | Eval Loss 0.6755 | Precision 1.0000 | Recall 1.0000 | F1 1.0000 | AUC 1.0000 | time 0.0016
ITER=1, #Train=43, #HeldOut=2960, #Test=3003
Test Set Loss 1.0372 | Precision 0.0083 | Recall 1.0000 | F1 0.0164 | AUC 0.7244 | trainTime 0.4123 | exSelTime 0.2581 | testTime 0.0022 | numPos 2.0000 | numNeg 41.0000
Epoch 0099 | Eval Loss 0.6839 | Precision 1.0000 | Recall 1.0000 | F1 1.0000 | AUC 1.0000 | time 0.0015
ITER=2, #Train=81, #HeldOut=2922, #Test=3003
Test Set Loss 0.9741 | Precision 0.0080 | Recall 0.8667 | F1 0.0158 | AUC 0.7349 | trainTime 0.4123 | exSelTime 0.2557 | testTime 0.0024 | numPos 2.0000 | numNeg 79.0000
Epoch 0099 | Eval Loss 0.6870 | Precision 1.0000 | Recall 1.0000 | F1 1.0000 | AUC 1.0000 | time 0.0016
ITER=3, #Train=119, #HeldOut=2884, #Test=3003
Test Set Loss 0.9504 | Precision 0.0084 | Recall 0.8000 | F1 0.0166 | AUC 0.7189 | trainTime 0.4123 | exSelTime 0.2560 | testTime 0.0022 | numPos 2.0000 | numNeg 117.0000
Epoch 0099 | Eval Loss 0.6861 | Precision 1.0000 | Recall 1.0000 | F1 1.0000 | AUC 1.0000 | time 0.0017
ITER=4, #Train=157, #HeldOut=2846, #Test=3003
Test Set Loss 0.9197 | Precision 0.0087 | Recall 0.7333 | F1 0.0171 | AUC 0.7143 | trainTime 0.4123 | exSelTime 0.2588 | testTime 0.0021 | numPos 3.0000 | numNeg 154.0000
Epoch 0099 | Eval Loss 0.6879 | Precision 1.0000 | Recall 1.0000 | F1 1.0000 | AUC 1.0000 | time 0.0015
ITER=5, #Train=195, #HeldOut=2808, #Test=3003
Test Set Loss 0.8833 | Precision 0.0112 | Recall 0.8000 | F1 0.0221 | AUC 0.7386 | trainTime 0.4123 | exSelTime 0.2410 | testTime 0.0022 | numPos 3.0000 | numNeg 192.0000
Epoch 0099 | Eval Loss 0.6886 | Precision 1.0000 | Recall 1.0000 | F1 1.0000 | AUC 1.0000 | time 0.0016
ITER=6, #Train=233, #HeldOut=2770, #Test=3003
Test Set Loss 0.8550 | Precision 0.0140 | Recall 0.8000 | F1 0.0276 | AUC 0.8160 | trainTime 0.4123 | exSelTime 0.2453 | testTime 0.0025 | numPos 3.0000 | numNeg 230.0000
Epoch 0099 | Eval Loss 0.6897 | Precision 1.0000 | Recall 1.0000 | F1 1.0000 | AUC 1.0000 | time 0.0015
ITER=7, #Train=271, #HeldOut=2732, #Test=3003
Test Set Loss 0.8068 | Precision 0.0185 | Recall 0.7333 | F1 0.0361 | AUC 0.7622 | trainTime 0.4123 | exSelTime 0.2505 | testTime 0.0019 | numPos 3.0000 | numNeg 268.0000
Epoch 0099 | Eval Loss 0.6902 | Precision 1.0000 | Recall 1.0000 | F1 1.0000 | AUC 1.0000 | time 0.0014
ITER=8, #Train=309, #HeldOut=2694, #Test=3003
Test Set Loss 0.7907 | Precision 0.0198 | Recall 0.6667 | F1 0.0384 | AUC 0.7368 | trainTime 0.4123 | exSelTime 0.2408 | testTime 0.0019 | numPos 3.0000 | numNeg 306.0000
Epoch 0099 | Eval Loss 0.6945 | Precision 0.8000 | Recall 1.0000 | F1 0.8889 | AUC 1.0000 | time 0.0014
ITER=9, #Train=347, #HeldOut=2656, #Test=3003
Test Set Loss 0.7427 | Precision 0.0549 | Recall 0.6000 | F1 0.1006 | AUC 0.7442 | trainTime 0.4123 | exSelTime 0.2277 | testTime 0.0021 | numPos 4.0000 | numNeg 343.0000
Epoch 0099 | Eval Loss 0.6906 | Precision 1.0000 | Recall 1.0000 | F1 1.0000 | AUC 1.0000 | time 0.0016
ITER=10, #Train=385, #HeldOut=2618, #Test=3003
Test Set Loss 0.7238 | Precision 0.0662 | Recall 0.6000 | F1 0.1192 | AUC 0.7571 | trainTime 0.4123 | exSelTime 0.2345 | testTime 0.0023 | numPos 4.0000 | numNeg 381.0000
Epoch 0099 | Eval Loss 0.6903 | Precision 1.0000 | Recall 1.0000 | F1 1.0000 | AUC 1.0000 | time 0.0015
ITER=11, #Train=423, #HeldOut=2580, #Test=3003
Test Set Loss 0.7048 | Precision 0.2667 | Recall 0.5333 | F1 0.3556 | AUC 0.7891 | trainTime 0.4123 | exSelTime 0.2156 | testTime 0.0027 | numPos 5.0000 | numNeg 418.0000
Epoch 0099 | Eval Loss 0.6889 | Precision 1.0000 | Recall 1.0000 | F1 1.0000 | AUC 1.0000 | time 0.0014
ITER=12, #Train=461, #HeldOut=2542, #Test=3003
Test Set Loss 0.6978 | Precision 0.4211 | Recall 0.5333 | F1 0.4706 | AUC 0.7661 | trainTime 0.4123 | exSelTime 0.2236 | testTime 0.0022 | numPos 7.0000 | numNeg 454.0000
Epoch 0099 | Eval Loss 0.6881 | Precision 1.0000 | Recall 1.0000 | F1 1.0000 | AUC 1.0000 | time 0.0015
ITER=13, #Train=499, #HeldOut=2504, #Test=3003
Test Set Loss 0.6937 | Precision 0.6923 | Recall 0.6000 | F1 0.6429 | AUC 0.7588 | trainTime 0.4123 | exSelTime 0.2155 | testTime 0.0022 | numPos 8.0000 | numNeg 491.0000
Epoch 0099 | Eval Loss 0.6881 | Precision 1.0000 | Recall 1.0000 | F1 1.0000 | AUC 1.0000 | time 0.0018
ITER=14, #Train=537, #HeldOut=2466, #Test=3003
Test Set Loss 0.6924 | Precision 0.9000 | Recall 0.6000 | F1 0.7200 | AUC 0.7576 | trainTime 0.4123 | exSelTime 0.2152 | testTime 0.0020 | numPos 8.0000 | numNeg 529.0000
Epoch 0099 | Eval Loss 0.6882 | Precision 1.0000 | Recall 1.0000 | F1 1.0000 | AUC 1.0000 | time 0.0020
ITER=15, #Train=575, #HeldOut=2428, #Test=3003
Test Set Loss 0.6923 | Precision 0.9000 | Recall 0.6000 | F1 0.7200 | AUC 0.7632 | trainTime 0.4123 | exSelTime 0.2185 | testTime 0.0020 | numPos 8.0000 | numNeg 567.0000
Epoch 0099 | Eval Loss 0.6884 | Precision 1.0000 | Recall 1.0000 | F1 1.0000 | AUC 1.0000 | time 0.0021
ITER=16, #Train=613, #HeldOut=2390, #Test=3003
Test Set Loss 0.6923 | Precision 0.9000 | Recall 0.6000 | F1 0.7200 | AUC 0.7625 | trainTime 0.4123 | exSelTime 0.2117 | testTime 0.0022 | numPos 8.0000 | numNeg 605.0000
Epoch 0099 | Eval Loss 0.6886 | Precision 1.0000 | Recall 1.0000 | F1 1.0000 | AUC 1.0000 | time 0.0017
ITER=17, #Train=651, #HeldOut=2352, #Test=3003
Test Set Loss 0.6922 | Precision 0.9000 | Recall 0.6000 | F1 0.7200 | AUC 0.7628 | trainTime 0.4123 | exSelTime 0.2113 | testTime 0.0020 | numPos 8.0000 | numNeg 643.0000
Epoch 0099 | Eval Loss 0.6888 | Precision 1.0000 | Recall 1.0000 | F1 1.0000 | AUC 1.0000 | time 0.0021
ITER=18, #Train=689, #HeldOut=2314, #Test=3003
Test Set Loss 0.6922 | Precision 0.9000 | Recall 0.6000 | F1 0.7200 | AUC 0.7629 | trainTime 0.4123 | exSelTime 0.2156 | testTime 0.0020 | numPos 8.0000 | numNeg 681.0000
Epoch 0099 | Eval Loss 0.6890 | Precision 1.0000 | Recall 1.0000 | F1 1.0000 | AUC 1.0000 | time 0.0020
ITER=19, #Train=727, #HeldOut=2276, #Test=3003
Test Set Loss 0.6922 | Precision 0.9000 | Recall 0.6000 | F1 0.7200 | AUC 0.7626 | trainTime 0.4123 | exSelTime 0.2026 | testTime 0.0023 | numPos 8.0000 | numNeg 719.0000
Epoch 0099 | Eval Loss 0.6892 | Precision 1.0000 | Recall 1.0000 | F1 1.0000 | AUC 1.0000 | time 0.0017
ITER=20, #Train=765, #HeldOut=2238, #Test=3003
Test Set Loss 0.6922 | Precision 0.9000 | Recall 0.6000 | F1 0.7200 | AUC 0.7626 | trainTime 0.4123 | exSelTime 0.1936 | testTime 0.0020 | numPos 8.0000 | numNeg 757.0000
Epoch 0099 | Eval Loss 0.6894 | Precision 1.0000 | Recall 1.0000 | F1 1.0000 | AUC 1.0000 | time 0.0019
ITER=21, #Train=803, #HeldOut=2200, #Test=3003
Test Set Loss 0.6922 | Precision 0.9000 | Recall 0.6000 | F1 0.7200 | AUC 0.7626 | trainTime 0.4123 | exSelTime 0.1912 | testTime 0.0020 | numPos 8.0000 | numNeg 795.0000
Epoch 0099 | Eval Loss 0.6896 | Precision 1.0000 | Recall 1.0000 | F1 1.0000 | AUC 1.0000 | time 0.0019
ITER=22, #Train=841, #HeldOut=2162, #Test=3003
Test Set Loss 0.6922 | Precision 0.9000 | Recall 0.6000 | F1 0.7200 | AUC 0.7627 | trainTime 0.4123 | exSelTime 0.2033 | testTime 0.0021 | numPos 8.0000 | numNeg 833.0000
Epoch 0099 | Eval Loss 0.6897 | Precision 1.0000 | Recall 1.0000 | F1 1.0000 | AUC 1.0000 | time 0.0020
ITER=23, #Train=879, #HeldOut=2124, #Test=3003
Test Set Loss 0.6922 | Precision 0.9000 | Recall 0.6000 | F1 0.7200 | AUC 0.7627 | trainTime 0.4123 | exSelTime 0.1880 | testTime 0.0020 | numPos 8.0000 | numNeg 871.0000
Epoch 0099 | Eval Loss 0.6899 | Precision 1.0000 | Recall 1.0000 | F1 1.0000 | AUC 1.0000 | time 0.0020
ITER=24, #Train=917, #HeldOut=2086, #Test=3003
Test Set Loss 0.6922 | Precision 0.9000 | Recall 0.6000 | F1 0.7200 | AUC 0.7626 | trainTime 0.4123 | exSelTime 0.1818 | testTime 0.0025 | numPos 8.0000 | numNeg 909.0000
Epoch 0099 | Eval Loss 0.6900 | Precision 1.0000 | Recall 1.0000 | F1 1.0000 | AUC 1.0000 | time 0.0018
ITER=25, #Train=955, #HeldOut=2048, #Test=3003
Test Set Loss 0.6922 | Precision 0.9000 | Recall 0.6000 | F1 0.7200 | AUC 0.7625 | trainTime 0.4123 | exSelTime 0.1888 | testTime 0.0020 | numPos 8.0000 | numNeg 947.0000
Epoch 0099 | Eval Loss 0.6897 | Precision 1.0000 | Recall 1.0000 | F1 1.0000 | AUC 1.0000 | time 0.0019
ITER=26, #Train=993, #HeldOut=2010, #Test=3003
Test Set Loss 0.6922 | Precision 0.9091 | Recall 0.6667 | F1 0.7692 | AUC 0.7879 | trainTime 0.4123 | exSelTime 0.1839 | testTime 0.0020 | numPos 9.0000 | numNeg 984.0000
Epoch 0099 | Eval Loss 0.6899 | Precision 1.0000 | Recall 1.0000 | F1 1.0000 | AUC 1.0000 | time 0.0018
ITER=27, #Train=1031, #HeldOut=1972, #Test=3003
Test Set Loss 0.6921 | Precision 0.9091 | Recall 0.6667 | F1 0.7692 | AUC 0.7825 | trainTime 0.4123 | exSelTime 0.1798 | testTime 0.0020 | numPos 9.0000 | numNeg 1022.0000
Epoch 0099 | Eval Loss 0.6900 | Precision 1.0000 | Recall 1.0000 | F1 1.0000 | AUC 1.0000 | time 0.0021
ITER=28, #Train=1069, #HeldOut=1934, #Test=3003
Test Set Loss 0.6921 | Precision 0.9091 | Recall 0.6667 | F1 0.7692 | AUC 0.7818 | trainTime 0.4123 | exSelTime 0.1750 | testTime 0.0020 | numPos 9.0000 | numNeg 1060.0000
Epoch 0099 | Eval Loss 0.6901 | Precision 1.0000 | Recall 1.0000 | F1 1.0000 | AUC 1.0000 | time 0.0018
ITER=29, #Train=1107, #HeldOut=1896, #Test=3003
Test Set Loss 0.6921 | Precision 0.9091 | Recall 0.6667 | F1 0.7692 | AUC 0.7810 | trainTime 0.4123 | exSelTime 0.1766 | testTime 0.0021 | numPos 9.0000 | numNeg 1098.0000
Epoch 0099 | Eval Loss 0.6902 | Precision 1.0000 | Recall 1.0000 | F1 1.0000 | AUC 1.0000 | time 0.0018
ITER=30, #Train=1145, #HeldOut=1858, #Test=3003
Test Set Loss 0.6921 | Precision 0.9091 | Recall 0.6667 | F1 0.7692 | AUC 0.7804 | trainTime 0.4123 | exSelTime 0.1735 | testTime 0.0020 | numPos 9.0000 | numNeg 1136.0000
Epoch 0099 | Eval Loss 0.6902 | Precision 1.0000 | Recall 1.0000 | F1 1.0000 | AUC 1.0000 | time 0.0018
ITER=31, #Train=1183, #HeldOut=1820, #Test=3003
Test Set Loss 0.6921 | Precision 0.9167 | Recall 0.7333 | F1 0.8148 | AUC 0.7949 | trainTime 0.4123 | exSelTime 0.1649 | testTime 0.0020 | numPos 10.0000 | numNeg 1173.0000
Epoch 0099 | Eval Loss 0.6901 | Precision 1.0000 | Recall 1.0000 | F1 1.0000 | AUC 1.0000 | time 0.0021
ITER=32, #Train=1221, #HeldOut=1782, #Test=3003
Test Set Loss 0.6920 | Precision 0.9167 | Recall 0.7333 | F1 0.8148 | AUC 0.7974 | trainTime 0.4123 | exSelTime 0.1622 | testTime 0.0023 | numPos 10.0000 | numNeg 1211.0000
Epoch 0099 | Eval Loss 0.6902 | Precision 1.0000 | Recall 1.0000 | F1 1.0000 | AUC 1.0000 | time 0.0018
ITER=33, #Train=1259, #HeldOut=1744, #Test=3003
Test Set Loss 0.6920 | Precision 0.9167 | Recall 0.7333 | F1 0.8148 | AUC 0.7992 | trainTime 0.4123 | exSelTime 0.1598 | testTime 0.0022 | numPos 10.0000 | numNeg 1249.0000
Epoch 0099 | Eval Loss 0.6902 | Precision 1.0000 | Recall 1.0000 | F1 1.0000 | AUC 1.0000 | time 0.0023
ITER=34, #Train=1297, #HeldOut=1706, #Test=3003
Test Set Loss 0.6920 | Precision 0.9167 | Recall 0.7333 | F1 0.8148 | AUC 0.7999 | trainTime 0.4123 | exSelTime 0.1600 | testTime 0.0022 | numPos 10.0000 | numNeg 1287.0000
Epoch 0099 | Eval Loss 0.6903 | Precision 1.0000 | Recall 1.0000 | F1 1.0000 | AUC 1.0000 | time 0.0019
ITER=35, #Train=1335, #HeldOut=1668, #Test=3003
Test Set Loss 0.6920 | Precision 0.9167 | Recall 0.7333 | F1 0.8148 | AUC 0.8003 | trainTime 0.4123 | exSelTime 0.1529 | testTime 0.0022 | numPos 10.0000 | numNeg 1325.0000
Epoch 0099 | Eval Loss 0.6904 | Precision 1.0000 | Recall 1.0000 | F1 1.0000 | AUC 1.0000 | time 0.0020
ITER=36, #Train=1373, #HeldOut=1630, #Test=3003
Test Set Loss 0.6920 | Precision 0.9167 | Recall 0.7333 | F1 0.8148 | AUC 0.8007 | trainTime 0.4123 | exSelTime 0.1517 | testTime 0.0022 | numPos 10.0000 | numNeg 1363.0000
Epoch 0099 | Eval Loss 0.6905 | Precision 1.0000 | Recall 1.0000 | F1 1.0000 | AUC 1.0000 | time 0.0019
ITER=37, #Train=1411, #HeldOut=1592, #Test=3003
Test Set Loss 0.6920 | Precision 0.9167 | Recall 0.7333 | F1 0.8148 | AUC 0.8008 | trainTime 0.4123 | exSelTime 0.1493 | testTime 0.0021 | numPos 10.0000 | numNeg 1401.0000
Epoch 0099 | Eval Loss 0.6905 | Precision 1.0000 | Recall 1.0000 | F1 1.0000 | AUC 1.0000 | time 0.0018
ITER=38, #Train=1449, #HeldOut=1554, #Test=3003
Test Set Loss 0.6920 | Precision 0.9167 | Recall 0.7333 | F1 0.8148 | AUC 0.8010 | trainTime 0.4123 | exSelTime 0.1466 | testTime 0.0020 | numPos 10.0000 | numNeg 1439.0000
Epoch 0099 | Eval Loss 0.6906 | Precision 1.0000 | Recall 1.0000 | F1 1.0000 | AUC 1.0000 | time 0.0018
ITER=39, #Train=1487, #HeldOut=1516, #Test=3003
Test Set Loss 0.6920 | Precision 0.9167 | Recall 0.7333 | F1 0.8148 | AUC 0.8009 | trainTime 0.4123 | exSelTime 0.1418 | testTime 0.0021 | numPos 10.0000 | numNeg 1477.0000
Epoch 0099 | Eval Loss 0.6907 | Precision 1.0000 | Recall 1.0000 | F1 1.0000 | AUC 1.0000 | time 0.0017
ITER=40, #Train=1525, #HeldOut=1478, #Test=3003
Test Set Loss 0.6920 | Precision 0.9167 | Recall 0.7333 | F1 0.8148 | AUC 0.8009 | trainTime 0.4123 | exSelTime 0.1433 | testTime 0.0021 | numPos 10.0000 | numNeg 1515.0000
Epoch 0099 | Eval Loss 0.6907 | Precision 1.0000 | Recall 1.0000 | F1 1.0000 | AUC 1.0000 | time 0.0022
ITER=41, #Train=1563, #HeldOut=1440, #Test=3003
Test Set Loss 0.6920 | Precision 0.9167 | Recall 0.7333 | F1 0.8148 | AUC 0.8008 | trainTime 0.4123 | exSelTime 0.1356 | testTime 0.0020 | numPos 10.0000 | numNeg 1553.0000
Epoch 0099 | Eval Loss 0.6908 | Precision 1.0000 | Recall 1.0000 | F1 1.0000 | AUC 1.0000 | time 0.0018
ITER=42, #Train=1601, #HeldOut=1402, #Test=3003
Test Set Loss 0.6920 | Precision 0.9167 | Recall 0.7333 | F1 0.8148 | AUC 0.8009 | trainTime 0.4123 | exSelTime 0.1374 | testTime 0.0023 | numPos 10.0000 | numNeg 1591.0000
Epoch 0099 | Eval Loss 0.6908 | Precision 1.0000 | Recall 1.0000 | F1 1.0000 | AUC 1.0000 | time 0.0020
ITER=43, #Train=1639, #HeldOut=1364, #Test=3003
Test Set Loss 0.6920 | Precision 0.9167 | Recall 0.7333 | F1 0.8148 | AUC 0.8008 | trainTime 0.4123 | exSelTime 0.1344 | testTime 0.0019 | numPos 10.0000 | numNeg 1629.0000
Epoch 0099 | Eval Loss 0.6909 | Precision 1.0000 | Recall 1.0000 | F1 1.0000 | AUC 1.0000 | time 0.0022
ITER=44, #Train=1677, #HeldOut=1326, #Test=3003
Test Set Loss 0.6920 | Precision 0.9167 | Recall 0.7333 | F1 0.8148 | AUC 0.8008 | trainTime 0.4123 | exSelTime 0.1326 | testTime 0.0020 | numPos 10.0000 | numNeg 1667.0000
Epoch 0099 | Eval Loss 0.6909 | Precision 1.0000 | Recall 1.0000 | F1 1.0000 | AUC 1.0000 | time 0.0017
ITER=45, #Train=1715, #HeldOut=1288, #Test=3003
Test Set Loss 0.6920 | Precision 0.9167 | Recall 0.7333 | F1 0.8148 | AUC 0.8007 | trainTime 0.4123 | exSelTime 0.1314 | testTime 0.0021 | numPos 10.0000 | numNeg 1705.0000
Epoch 0099 | Eval Loss 0.6910 | Precision 1.0000 | Recall 1.0000 | F1 1.0000 | AUC 1.0000 | time 0.0021
ITER=46, #Train=1753, #HeldOut=1250, #Test=3003
Test Set Loss 0.6920 | Precision 0.9167 | Recall 0.7333 | F1 0.8148 | AUC 0.8007 | trainTime 0.4123 | exSelTime 0.1286 | testTime 0.0022 | numPos 10.0000 | numNeg 1743.0000
Epoch 0099 | Eval Loss 0.6910 | Precision 1.0000 | Recall 1.0000 | F1 1.0000 | AUC 1.0000 | time 0.0020
ITER=47, #Train=1791, #HeldOut=1212, #Test=3003
Test Set Loss 0.6920 | Precision 0.9167 | Recall 0.7333 | F1 0.8148 | AUC 0.8008 | trainTime 0.4123 | exSelTime 0.1219 | testTime 0.0020 | numPos 10.0000 | numNeg 1781.0000
Epoch 0099 | Eval Loss 0.6911 | Precision 1.0000 | Recall 1.0000 | F1 1.0000 | AUC 1.0000 | time 0.0022
ITER=48, #Train=1829, #HeldOut=1174, #Test=3003
Test Set Loss 0.6920 | Precision 0.9167 | Recall 0.7333 | F1 0.8148 | AUC 0.8006 | trainTime 0.4123 | exSelTime 0.1249 | testTime 0.0028 | numPos 10.0000 | numNeg 1819.0000
Epoch 0099 | Eval Loss 0.6909 | Precision 1.0000 | Recall 1.0000 | F1 1.0000 | AUC 1.0000 | time 0.0020
ITER=49, #Train=1867, #HeldOut=1136, #Test=3003
Test Set Loss 0.6918 | Precision 0.9231 | Recall 0.8000 | F1 0.8571 | AUC 0.8417 | trainTime 0.4123 | exSelTime 0.1167 | testTime 0.0023 | numPos 11.0000 | numNeg 1856.0000
Epoch 0099 | Eval Loss 0.6910 | Precision 1.0000 | Recall 1.0000 | F1 1.0000 | AUC 1.0000 | time 0.0023
ITER=50, #Train=1905, #HeldOut=1098, #Test=3003
Test Set Loss 0.6918 | Precision 0.9231 | Recall 0.8000 | F1 0.8571 | AUC 0.8424 | trainTime 0.4123 | exSelTime 0.1098 | testTime 0.0024 | numPos 11.0000 | numNeg 1894.0000
Epoch 0099 | Eval Loss 0.6908 | Precision 1.0000 | Recall 1.0000 | F1 1.0000 | AUC 1.0000 | time 0.0020
ITER=51, #Train=1943, #HeldOut=1060, #Test=3003
Test Set Loss 0.6917 | Precision 0.9286 | Recall 0.8667 | F1 0.8966 | AUC 0.8768 | trainTime 0.4123 | exSelTime 0.1107 | testTime 0.0025 | numPos 12.0000 | numNeg 1931.0000
Epoch 0099 | Eval Loss 0.6909 | Precision 1.0000 | Recall 1.0000 | F1 1.0000 | AUC 1.0000 | time 0.0019
ITER=52, #Train=1981, #HeldOut=1022, #Test=3003
Test Set Loss 0.6917 | Precision 0.9286 | Recall 0.8667 | F1 0.8966 | AUC 0.8760 | trainTime 0.4123 | exSelTime 0.1116 | testTime 0.0020 | numPos 12.0000 | numNeg 1969.0000
Epoch 0099 | Eval Loss 0.6909 | Precision 1.0000 | Recall 1.0000 | F1 1.0000 | AUC 1.0000 | time 0.0021
ITER=53, #Train=2019, #HeldOut=984, #Test=3003
Test Set Loss 0.6917 | Precision 0.9286 | Recall 0.8667 | F1 0.8966 | AUC 0.8763 | trainTime 0.4123 | exSelTime 0.1074 | testTime 0.0022 | numPos 12.0000 | numNeg 2007.0000
Epoch 0099 | Eval Loss 0.6909 | Precision 1.0000 | Recall 1.0000 | F1 1.0000 | AUC 1.0000 | time 0.0021
ITER=54, #Train=2057, #HeldOut=946, #Test=3003
Test Set Loss 0.6917 | Precision 0.9286 | Recall 0.8667 | F1 0.8966 | AUC 0.8766 | trainTime 0.4123 | exSelTime 0.1024 | testTime 0.0024 | numPos 12.0000 | numNeg 2045.0000
Epoch 0099 | Eval Loss 0.6910 | Precision 1.0000 | Recall 1.0000 | F1 1.0000 | AUC 1.0000 | time 0.0019
ITER=55, #Train=2095, #HeldOut=908, #Test=3003
Test Set Loss 0.6917 | Precision 0.9286 | Recall 0.8667 | F1 0.8966 | AUC 0.8767 | trainTime 0.4123 | exSelTime 0.1023 | testTime 0.0021 | numPos 12.0000 | numNeg 2083.0000
Epoch 0099 | Eval Loss 0.6910 | Precision 1.0000 | Recall 1.0000 | F1 1.0000 | AUC 1.0000 | time 0.0020
ITER=56, #Train=2133, #HeldOut=870, #Test=3003
Test Set Loss 0.6917 | Precision 0.9286 | Recall 0.8667 | F1 0.8966 | AUC 0.8768 | trainTime 0.4123 | exSelTime 0.0993 | testTime 0.0022 | numPos 12.0000 | numNeg 2121.0000
Epoch 0099 | Eval Loss 0.6911 | Precision 1.0000 | Recall 1.0000 | F1 1.0000 | AUC 1.0000 | time 0.0022
ITER=57, #Train=2171, #HeldOut=832, #Test=3003
Test Set Loss 0.6917 | Precision 0.9286 | Recall 0.8667 | F1 0.8966 | AUC 0.8769 | trainTime 0.4123 | exSelTime 0.1002 | testTime 0.0026 | numPos 12.0000 | numNeg 2159.0000
Epoch 0099 | Eval Loss 0.6911 | Precision 1.0000 | Recall 1.0000 | F1 1.0000 | AUC 1.0000 | time 0.0022
ITER=58, #Train=2209, #HeldOut=794, #Test=3003
Test Set Loss 0.6917 | Precision 0.9286 | Recall 0.8667 | F1 0.8966 | AUC 0.8770 | trainTime 0.4123 | exSelTime 0.0911 | testTime 0.0021 | numPos 12.0000 | numNeg 2197.0000
Epoch 0099 | Eval Loss 0.6911 | Precision 1.0000 | Recall 1.0000 | F1 1.0000 | AUC 1.0000 | time 0.0021
ITER=59, #Train=2247, #HeldOut=756, #Test=3003
Test Set Loss 0.6917 | Precision 0.9286 | Recall 0.8667 | F1 0.8966 | AUC 0.8770 | trainTime 0.4123 | exSelTime 0.0935 | testTime 0.0022 | numPos 12.0000 | numNeg 2235.0000
Epoch 0099 | Eval Loss 0.6912 | Precision 1.0000 | Recall 1.0000 | F1 1.0000 | AUC 1.0000 | time 0.0021
ITER=60, #Train=2285, #HeldOut=718, #Test=3003
Test Set Loss 0.6917 | Precision 0.9286 | Recall 0.8667 | F1 0.8966 | AUC 0.8771 | trainTime 0.4123 | exSelTime 0.0904 | testTime 0.0020 | numPos 12.0000 | numNeg 2273.0000
Epoch 0099 | Eval Loss 0.6912 | Precision 1.0000 | Recall 1.0000 | F1 1.0000 | AUC 1.0000 | time 0.0023
ITER=61, #Train=2323, #HeldOut=680, #Test=3003
Test Set Loss 0.6917 | Precision 0.9286 | Recall 0.8667 | F1 0.8966 | AUC 0.8772 | trainTime 0.4123 | exSelTime 0.0865 | testTime 0.0023 | numPos 12.0000 | numNeg 2311.0000
Epoch 0099 | Eval Loss 0.6912 | Precision 1.0000 | Recall 1.0000 | F1 1.0000 | AUC 1.0000 | time 0.0020
ITER=62, #Train=2361, #HeldOut=642, #Test=3003
Test Set Loss 0.6917 | Precision 0.9286 | Recall 0.8667 | F1 0.8966 | AUC 0.8773 | trainTime 0.4123 | exSelTime 0.0836 | testTime 0.0022 | numPos 12.0000 | numNeg 2349.0000
Epoch 0099 | Eval Loss 0.6912 | Precision 1.0000 | Recall 1.0000 | F1 1.0000 | AUC 1.0000 | time 0.0018
ITER=63, #Train=2399, #HeldOut=604, #Test=3003
Test Set Loss 0.6917 | Precision 0.9286 | Recall 0.8667 | F1 0.8966 | AUC 0.8773 | trainTime 0.4123 | exSelTime 0.0798 | testTime 0.0021 | numPos 12.0000 | numNeg 2387.0000
Epoch 0099 | Eval Loss 0.6913 | Precision 1.0000 | Recall 1.0000 | F1 1.0000 | AUC 1.0000 | time 0.0023
ITER=64, #Train=2437, #HeldOut=566, #Test=3003
Test Set Loss 0.6917 | Precision 0.9286 | Recall 0.8667 | F1 0.8966 | AUC 0.8773 | trainTime 0.4123 | exSelTime 0.0797 | testTime 0.0021 | numPos 12.0000 | numNeg 2425.0000
Epoch 0099 | Eval Loss 0.6913 | Precision 1.0000 | Recall 1.0000 | F1 1.0000 | AUC 1.0000 | time 0.0021
ITER=65, #Train=2475, #HeldOut=528, #Test=3003
Test Set Loss 0.6917 | Precision 0.9286 | Recall 0.8667 | F1 0.8966 | AUC 0.8773 | trainTime 0.4123 | exSelTime 0.0762 | testTime 0.0022 | numPos 12.0000 | numNeg 2463.0000
Epoch 0099 | Eval Loss 0.6913 | Precision 1.0000 | Recall 1.0000 | F1 1.0000 | AUC 1.0000 | time 0.0026
ITER=66, #Train=2513, #HeldOut=490, #Test=3003
Test Set Loss 0.6917 | Precision 0.9286 | Recall 0.8667 | F1 0.8966 | AUC 0.8774 | trainTime 0.4123 | exSelTime 0.0726 | testTime 0.0026 | numPos 12.0000 | numNeg 2501.0000
Epoch 0099 | Eval Loss 0.6914 | Precision 1.0000 | Recall 1.0000 | F1 1.0000 | AUC 1.0000 | time 0.0021
ITER=67, #Train=2551, #HeldOut=452, #Test=3003
Test Set Loss 0.6917 | Precision 0.9286 | Recall 0.8667 | F1 0.8966 | AUC 0.8775 | trainTime 0.4123 | exSelTime 0.0820 | testTime 0.0021 | numPos 12.0000 | numNeg 2539.0000
Epoch 0099 | Eval Loss 0.6914 | Precision 1.0000 | Recall 1.0000 | F1 1.0000 | AUC 1.0000 | time 0.0022
ITER=68, #Train=2589, #HeldOut=414, #Test=3003
Test Set Loss 0.6917 | Precision 0.9286 | Recall 0.8667 | F1 0.8966 | AUC 0.8775 | trainTime 0.4123 | exSelTime 0.0669 | testTime 0.0021 | numPos 12.0000 | numNeg 2577.0000
Epoch 0099 | Eval Loss 0.6914 | Precision 1.0000 | Recall 1.0000 | F1 1.0000 | AUC 1.0000 | time 0.0022
ITER=69, #Train=2627, #HeldOut=376, #Test=3003
Test Set Loss 0.6917 | Precision 0.9286 | Recall 0.8667 | F1 0.8966 | AUC 0.8775 | trainTime 0.4123 | exSelTime 0.0618 | testTime 0.0022 | numPos 12.0000 | numNeg 2615.0000
Epoch 0099 | Eval Loss 0.6914 | Precision 1.0000 | Recall 1.0000 | F1 1.0000 | AUC 1.0000 | time 0.0021
ITER=70, #Train=2665, #HeldOut=338, #Test=3003
Test Set Loss 0.6917 | Precision 0.9286 | Recall 0.8667 | F1 0.8966 | AUC 0.8775 | trainTime 0.4123 | exSelTime 0.0593 | testTime 0.0022 | numPos 12.0000 | numNeg 2653.0000
Epoch 0099 | Eval Loss 0.6913 | Precision 1.0000 | Recall 1.0000 | F1 1.0000 | AUC 1.0000 | time 0.0021
ITER=71, #Train=2703, #HeldOut=300, #Test=3003
Test Set Loss 0.6916 | Precision 0.9333 | Recall 0.9333 | F1 0.9333 | AUC 0.9349 | trainTime 0.4123 | exSelTime 0.0570 | testTime 0.0020 | numPos 13.0000 | numNeg 2690.0000
Epoch 0099 | Eval Loss 0.6914 | Precision 1.0000 | Recall 1.0000 | F1 1.0000 | AUC 1.0000 | time 0.0023
ITER=72, #Train=2741, #HeldOut=262, #Test=3003
Test Set Loss 0.6916 | Precision 0.9333 | Recall 0.9333 | F1 0.9333 | AUC 0.9349 | trainTime 0.4123 | exSelTime 0.0577 | testTime 0.0023 | numPos 13.0000 | numNeg 2728.0000
Epoch 0099 | Eval Loss 0.6914 | Precision 1.0000 | Recall 1.0000 | F1 1.0000 | AUC 1.0000 | time 0.0021
ITER=73, #Train=2779, #HeldOut=224, #Test=3003
Test Set Loss 0.6916 | Precision 0.9333 | Recall 0.9333 | F1 0.9333 | AUC 0.9349 | trainTime 0.4123 | exSelTime 0.0519 | testTime 0.0024 | numPos 13.0000 | numNeg 2766.0000
Epoch 0099 | Eval Loss 0.6914 | Precision 1.0000 | Recall 1.0000 | F1 1.0000 | AUC 1.0000 | time 0.0021
ITER=74, #Train=2817, #HeldOut=186, #Test=3003
Test Set Loss 0.6916 | Precision 0.9333 | Recall 0.9333 | F1 0.9333 | AUC 0.9350 | trainTime 0.4123 | exSelTime 0.0498 | testTime 0.0021 | numPos 13.0000 | numNeg 2804.0000
Epoch 0099 | Eval Loss 0.6914 | Precision 1.0000 | Recall 1.0000 | F1 1.0000 | AUC 1.0000 | time 0.0021
ITER=75, #Train=2855, #HeldOut=148, #Test=3003
Test Set Loss 0.6916 | Precision 0.9333 | Recall 0.9333 | F1 0.9333 | AUC 0.9351 | trainTime 0.4123 | exSelTime 0.0476 | testTime 0.0022 | numPos 13.0000 | numNeg 2842.0000
Epoch 0099 | Eval Loss 0.6914 | Precision 1.0000 | Recall 1.0000 | F1 1.0000 | AUC 1.0000 | time 0.0021
ITER=76, #Train=2893, #HeldOut=110, #Test=3003
Test Set Loss 0.6916 | Precision 0.9333 | Recall 0.9333 | F1 0.9333 | AUC 0.9351 | trainTime 0.4123 | exSelTime 0.0485 | testTime 0.0025 | numPos 13.0000 | numNeg 2880.0000
Epoch 0099 | Eval Loss 0.6915 | Precision 1.0000 | Recall 1.0000 | F1 1.0000 | AUC 1.0000 | time 0.0021
ITER=77, #Train=2931, #HeldOut=72, #Test=3003
Test Set Loss 0.6916 | Precision 0.9333 | Recall 0.9333 | F1 0.9333 | AUC 0.9351 | trainTime 0.4123 | exSelTime 0.0414 | testTime 0.0023 | numPos 13.0000 | numNeg 2918.0000
Epoch 0099 | Eval Loss 0.6914 | Precision 1.0000 | Recall 1.0000 | F1 1.0000 | AUC 1.0000 | time 0.0022
ITER=78, #Train=2969, #HeldOut=34, #Test=3003
Test Set Loss 0.6913 | Precision 1.0000 | Recall 1.0000 | F1 1.0000 | AUC 1.0000 | trainTime 0.4123 | exSelTime 0.0386 | testTime 0.0033 | numPos 14.0000 | numNeg 2955.0000
Epoch 0099 | Eval Loss 0.6913 | Precision 1.0000 | Recall 1.0000 | F1 1.0000 | AUC 1.0000 | time 0.0019
ITER=79, #Train=3003, #HeldOut=0, #Test=3003
Test Set Loss 0.6913 | Precision 1.0000 | Recall 1.0000 | F1 1.0000 | AUC 1.0000 | trainTime 0.4123 | exSelTime 0.0358 | testTime 0.0022 | numPos 15.0000 | numNeg 2988.0000
