on cpu
loading data ... from src/model/gnn/dataset/cmt-conference/cmt_conference_Ontology_Node_Embeddings.txt
src/model/gnn/dataset/cmt-conference/cmt_conference_Ontology_Edge_List.txt
src/model/gnn/dataset/cmt-conference/prog_seed_pairs.txt
src/model/gnn/dataset/cmt-conference/pos_neg_pairs.txt
done
Epoch 0099 | Eval Loss 0.6172 | Precision 1.0000 | Recall 1.0000 | F1 1.0000 | AUC 1.0000 | time 0.0015
ITER=0, #Train=5, #HeldOut=2998, #Test=3003
Test Set Loss 1.1721 | Precision 0.0054 | Recall 1.0000 | F1 0.0107 | AUC 0.7210 | trainTime 0.4211 | exSelTime 0.0000 | testTime 0.0022 | numPos -1.0000 | numNeg -1.0000
Epoch 0099 | Eval Loss 0.6582 | Precision 1.0000 | Recall 1.0000 | F1 1.0000 | AUC 1.0000 | time 0.0015
ITER=1, #Train=43, #HeldOut=2960, #Test=3003
Test Set Loss 1.0341 | Precision 0.0084 | Recall 1.0000 | F1 0.0167 | AUC 0.7952 | trainTime 0.4211 | exSelTime 0.5110 | testTime 0.0028 | numPos 4.0000 | numNeg 39.0000
Epoch 0099 | Eval Loss 0.6701 | Precision 1.0000 | Recall 1.0000 | F1 1.0000 | AUC 1.0000 | time 0.0015
ITER=2, #Train=81, #HeldOut=2922, #Test=3003
Test Set Loss 0.9421 | Precision 0.0104 | Recall 0.9333 | F1 0.0205 | AUC 0.8132 | trainTime 0.4211 | exSelTime 0.5103 | testTime 0.0022 | numPos 5.0000 | numNeg 76.0000
Epoch 0099 | Eval Loss 0.6746 | Precision 1.0000 | Recall 1.0000 | F1 1.0000 | AUC 1.0000 | time 0.0015
ITER=3, #Train=119, #HeldOut=2884, #Test=3003
Test Set Loss 0.9743 | Precision 0.0091 | Recall 0.9333 | F1 0.0180 | AUC 0.8020 | trainTime 0.4211 | exSelTime 0.5236 | testTime 0.0022 | numPos 6.0000 | numNeg 113.0000
Epoch 0099 | Eval Loss 0.6792 | Precision 1.0000 | Recall 1.0000 | F1 1.0000 | AUC 1.0000 | time 0.0015
ITER=4, #Train=157, #HeldOut=2846, #Test=3003
Test Set Loss 0.8629 | Precision 0.0160 | Recall 0.9333 | F1 0.0315 | AUC 0.8959 | trainTime 0.4211 | exSelTime 0.4970 | testTime 0.0019 | numPos 6.0000 | numNeg 151.0000
Epoch 0099 | Eval Loss 0.6835 | Precision 1.0000 | Recall 1.0000 | F1 1.0000 | AUC 1.0000 | time 0.0015
ITER=5, #Train=195, #HeldOut=2808, #Test=3003
Test Set Loss 0.8485 | Precision 0.0156 | Recall 0.8667 | F1 0.0307 | AUC 0.8687 | trainTime 0.4211 | exSelTime 0.4904 | testTime 0.0023 | numPos 6.0000 | numNeg 189.0000
Epoch 0099 | Eval Loss 0.6843 | Precision 1.0000 | Recall 1.0000 | F1 1.0000 | AUC 1.0000 | time 0.0016
ITER=6, #Train=233, #HeldOut=2770, #Test=3003
Test Set Loss 0.7879 | Precision 0.0291 | Recall 0.9333 | F1 0.0565 | AUC 0.9378 | trainTime 0.4211 | exSelTime 0.4951 | testTime 0.0019 | numPos 6.0000 | numNeg 227.0000
Epoch 0099 | Eval Loss 0.6907 | Precision 1.0000 | Recall 0.8750 | F1 0.9333 | AUC 0.9995 | time 0.0015
ITER=7, #Train=271, #HeldOut=2732, #Test=3003
Test Set Loss 0.7567 | Precision 0.0553 | Recall 0.8667 | F1 0.1040 | AUC 0.9333 | trainTime 0.4211 | exSelTime 0.4857 | testTime 0.0020 | numPos 8.0000 | numNeg 263.0000
Epoch 0099 | Eval Loss 0.6843 | Precision 1.0000 | Recall 1.0000 | F1 1.0000 | AUC 1.0000 | time 0.0015
ITER=8, #Train=309, #HeldOut=2694, #Test=3003
Test Set Loss 0.7536 | Precision 0.0432 | Recall 0.8000 | F1 0.0819 | AUC 0.9394 | trainTime 0.4211 | exSelTime 0.4880 | testTime 0.0022 | numPos 9.0000 | numNeg 300.0000
Epoch 0099 | Eval Loss 0.6826 | Precision 1.0000 | Recall 1.0000 | F1 1.0000 | AUC 1.0000 | time 0.0016
ITER=9, #Train=347, #HeldOut=2656, #Test=3003
Test Set Loss 0.7363 | Precision 0.0622 | Recall 0.8000 | F1 0.1154 | AUC 0.9432 | trainTime 0.4211 | exSelTime 0.4875 | testTime 0.0020 | numPos 11.0000 | numNeg 336.0000
Epoch 0099 | Eval Loss 0.6859 | Precision 0.9167 | Recall 1.0000 | F1 0.9565 | AUC 1.0000 | time 0.0016
ITER=10, #Train=385, #HeldOut=2618, #Test=3003
Test Set Loss 0.7153 | Precision 0.1379 | Recall 0.8000 | F1 0.2353 | AUC 0.9547 | trainTime 0.4211 | exSelTime 0.4823 | testTime 0.0023 | numPos 11.0000 | numNeg 374.0000
Epoch 0099 | Eval Loss 0.6894 | Precision 0.9167 | Recall 1.0000 | F1 0.9565 | AUC 0.9998 | time 0.0015
ITER=11, #Train=423, #HeldOut=2580, #Test=3003
Test Set Loss 0.7012 | Precision 0.4000 | Recall 0.8000 | F1 0.5333 | AUC 0.9461 | trainTime 0.4211 | exSelTime 0.4806 | testTime 0.0021 | numPos 11.0000 | numNeg 412.0000
Epoch 0099 | Eval Loss 0.6877 | Precision 0.9167 | Recall 1.0000 | F1 0.9565 | AUC 1.0000 | time 0.0015
ITER=12, #Train=461, #HeldOut=2542, #Test=3003
Test Set Loss 0.6946 | Precision 0.9231 | Recall 0.8000 | F1 0.8571 | AUC 0.9442 | trainTime 0.4211 | exSelTime 0.4862 | testTime 0.0027 | numPos 11.0000 | numNeg 450.0000
Epoch 0099 | Eval Loss 0.6855 | Precision 1.0000 | Recall 1.0000 | F1 1.0000 | AUC 1.0000 | time 0.0016
ITER=13, #Train=499, #HeldOut=2504, #Test=3003
Test Set Loss 0.6926 | Precision 0.9286 | Recall 0.8667 | F1 0.8966 | AUC 0.9453 | trainTime 0.4211 | exSelTime 0.4959 | testTime 0.0022 | numPos 12.0000 | numNeg 487.0000
Epoch 0099 | Eval Loss 0.6854 | Precision 1.0000 | Recall 1.0000 | F1 1.0000 | AUC 1.0000 | time 0.0023
ITER=14, #Train=537, #HeldOut=2466, #Test=3003
Test Set Loss 0.6917 | Precision 1.0000 | Recall 0.8667 | F1 0.9286 | AUC 0.9428 | trainTime 0.4211 | exSelTime 0.4745 | testTime 0.0020 | numPos 12.0000 | numNeg 525.0000
Epoch 0099 | Eval Loss 0.6857 | Precision 1.0000 | Recall 1.0000 | F1 1.0000 | AUC 1.0000 | time 0.0021
ITER=15, #Train=575, #HeldOut=2428, #Test=3003
Test Set Loss 0.6916 | Precision 1.0000 | Recall 0.8667 | F1 0.9286 | AUC 0.9421 | trainTime 0.4211 | exSelTime 0.4672 | testTime 0.0020 | numPos 12.0000 | numNeg 563.0000
Epoch 0099 | Eval Loss 0.6860 | Precision 1.0000 | Recall 1.0000 | F1 1.0000 | AUC 1.0000 | time 0.0019
ITER=16, #Train=613, #HeldOut=2390, #Test=3003
Test Set Loss 0.6916 | Precision 1.0000 | Recall 0.8667 | F1 0.9286 | AUC 0.9420 | trainTime 0.4211 | exSelTime 0.4691 | testTime 0.0019 | numPos 12.0000 | numNeg 601.0000
Epoch 0099 | Eval Loss 0.6863 | Precision 1.0000 | Recall 1.0000 | F1 1.0000 | AUC 1.0000 | time 0.0019
ITER=17, #Train=651, #HeldOut=2352, #Test=3003
Test Set Loss 0.6915 | Precision 1.0000 | Recall 0.8667 | F1 0.9286 | AUC 0.9417 | trainTime 0.4211 | exSelTime 0.4689 | testTime 0.0020 | numPos 12.0000 | numNeg 639.0000
Epoch 0099 | Eval Loss 0.6867 | Precision 1.0000 | Recall 1.0000 | F1 1.0000 | AUC 1.0000 | time 0.0018
ITER=18, #Train=689, #HeldOut=2314, #Test=3003
Test Set Loss 0.6915 | Precision 1.0000 | Recall 0.8667 | F1 0.9286 | AUC 0.9414 | trainTime 0.4211 | exSelTime 0.4687 | testTime 0.0020 | numPos 12.0000 | numNeg 677.0000
Epoch 0099 | Eval Loss 0.6870 | Precision 1.0000 | Recall 1.0000 | F1 1.0000 | AUC 1.0000 | time 0.0020
ITER=19, #Train=727, #HeldOut=2276, #Test=3003
Test Set Loss 0.6915 | Precision 1.0000 | Recall 0.8667 | F1 0.9286 | AUC 0.9414 | trainTime 0.4211 | exSelTime 0.4672 | testTime 0.0021 | numPos 12.0000 | numNeg 715.0000
Epoch 0099 | Eval Loss 0.6873 | Precision 1.0000 | Recall 1.0000 | F1 1.0000 | AUC 1.0000 | time 0.0019
ITER=20, #Train=765, #HeldOut=2238, #Test=3003
Test Set Loss 0.6915 | Precision 1.0000 | Recall 0.8667 | F1 0.9286 | AUC 0.9413 | trainTime 0.4211 | exSelTime 0.4550 | testTime 0.0021 | numPos 12.0000 | numNeg 753.0000
Epoch 0099 | Eval Loss 0.6875 | Precision 1.0000 | Recall 1.0000 | F1 1.0000 | AUC 1.0000 | time 0.0019
ITER=21, #Train=803, #HeldOut=2200, #Test=3003
Test Set Loss 0.6915 | Precision 1.0000 | Recall 0.8667 | F1 0.9286 | AUC 0.9412 | trainTime 0.4211 | exSelTime 0.4511 | testTime 0.0021 | numPos 12.0000 | numNeg 791.0000
Epoch 0099 | Eval Loss 0.6875 | Precision 1.0000 | Recall 1.0000 | F1 1.0000 | AUC 1.0000 | time 0.0020
ITER=22, #Train=841, #HeldOut=2162, #Test=3003
Test Set Loss 0.6916 | Precision 0.9333 | Recall 0.9333 | F1 0.9333 | AUC 0.9504 | trainTime 0.4211 | exSelTime 0.4506 | testTime 0.0024 | numPos 13.0000 | numNeg 828.0000
Epoch 0099 | Eval Loss 0.6877 | Precision 1.0000 | Recall 1.0000 | F1 1.0000 | AUC 1.0000 | time 0.0017
ITER=23, #Train=879, #HeldOut=2124, #Test=3003
Test Set Loss 0.6914 | Precision 1.0000 | Recall 0.9333 | F1 0.9655 | AUC 0.9497 | trainTime 0.4211 | exSelTime 0.4560 | testTime 0.0020 | numPos 13.0000 | numNeg 866.0000
Epoch 0099 | Eval Loss 0.6879 | Precision 1.0000 | Recall 1.0000 | F1 1.0000 | AUC 1.0000 | time 0.0018
ITER=24, #Train=917, #HeldOut=2086, #Test=3003
Test Set Loss 0.6914 | Precision 1.0000 | Recall 0.9333 | F1 0.9655 | AUC 0.9497 | trainTime 0.4211 | exSelTime 0.4459 | testTime 0.0021 | numPos 13.0000 | numNeg 904.0000
Epoch 0099 | Eval Loss 0.6880 | Precision 1.0000 | Recall 1.0000 | F1 1.0000 | AUC 1.0000 | time 0.0019
ITER=25, #Train=955, #HeldOut=2048, #Test=3003
Test Set Loss 0.6914 | Precision 1.0000 | Recall 0.9333 | F1 0.9655 | AUC 0.9498 | trainTime 0.4211 | exSelTime 0.4431 | testTime 0.0019 | numPos 13.0000 | numNeg 942.0000
Epoch 0099 | Eval Loss 0.6882 | Precision 1.0000 | Recall 1.0000 | F1 1.0000 | AUC 1.0000 | time 0.0019
ITER=26, #Train=993, #HeldOut=2010, #Test=3003
Test Set Loss 0.6914 | Precision 1.0000 | Recall 0.9333 | F1 0.9655 | AUC 0.9499 | trainTime 0.4211 | exSelTime 0.4390 | testTime 0.0019 | numPos 13.0000 | numNeg 980.0000
Epoch 0099 | Eval Loss 0.6884 | Precision 1.0000 | Recall 1.0000 | F1 1.0000 | AUC 1.0000 | time 0.0020
ITER=27, #Train=1031, #HeldOut=1972, #Test=3003
Test Set Loss 0.6914 | Precision 1.0000 | Recall 0.9333 | F1 0.9655 | AUC 0.9500 | trainTime 0.4211 | exSelTime 0.4431 | testTime 0.0025 | numPos 13.0000 | numNeg 1018.0000
Epoch 0099 | Eval Loss 0.6886 | Precision 1.0000 | Recall 1.0000 | F1 1.0000 | AUC 1.0000 | time 0.0019
ITER=28, #Train=1069, #HeldOut=1934, #Test=3003
Test Set Loss 0.6914 | Precision 1.0000 | Recall 0.9333 | F1 0.9655 | AUC 0.9499 | trainTime 0.4211 | exSelTime 0.4264 | testTime 0.0020 | numPos 13.0000 | numNeg 1056.0000
Epoch 0099 | Eval Loss 0.6887 | Precision 1.0000 | Recall 1.0000 | F1 1.0000 | AUC 1.0000 | time 0.0019
ITER=29, #Train=1107, #HeldOut=1896, #Test=3003
Test Set Loss 0.6914 | Precision 1.0000 | Recall 0.9333 | F1 0.9655 | AUC 0.9500 | trainTime 0.4211 | exSelTime 0.4276 | testTime 0.0024 | numPos 13.0000 | numNeg 1094.0000
Epoch 0099 | Eval Loss 0.6889 | Precision 1.0000 | Recall 1.0000 | F1 1.0000 | AUC 1.0000 | time 0.0018
ITER=30, #Train=1145, #HeldOut=1858, #Test=3003
Test Set Loss 0.6914 | Precision 1.0000 | Recall 0.9333 | F1 0.9655 | AUC 0.9501 | trainTime 0.4211 | exSelTime 0.4440 | testTime 0.0019 | numPos 13.0000 | numNeg 1132.0000
Epoch 0099 | Eval Loss 0.6890 | Precision 1.0000 | Recall 1.0000 | F1 1.0000 | AUC 1.0000 | time 0.0022
ITER=31, #Train=1183, #HeldOut=1820, #Test=3003
Test Set Loss 0.6914 | Precision 1.0000 | Recall 0.9333 | F1 0.9655 | AUC 0.9502 | trainTime 0.4211 | exSelTime 0.4329 | testTime 0.0022 | numPos 13.0000 | numNeg 1170.0000
Epoch 0099 | Eval Loss 0.6891 | Precision 1.0000 | Recall 1.0000 | F1 1.0000 | AUC 1.0000 | time 0.0021
ITER=32, #Train=1221, #HeldOut=1782, #Test=3003
Test Set Loss 0.6914 | Precision 1.0000 | Recall 0.9333 | F1 0.9655 | AUC 0.9502 | trainTime 0.4211 | exSelTime 0.4292 | testTime 0.0023 | numPos 13.0000 | numNeg 1208.0000
Epoch 0099 | Eval Loss 0.6892 | Precision 1.0000 | Recall 1.0000 | F1 1.0000 | AUC 1.0000 | time 0.0019
ITER=33, #Train=1259, #HeldOut=1744, #Test=3003
Test Set Loss 0.6914 | Precision 1.0000 | Recall 0.9333 | F1 0.9655 | AUC 0.9503 | trainTime 0.4211 | exSelTime 0.4291 | testTime 0.0024 | numPos 13.0000 | numNeg 1246.0000
Epoch 0099 | Eval Loss 0.6894 | Precision 1.0000 | Recall 1.0000 | F1 1.0000 | AUC 1.0000 | time 0.0018
ITER=34, #Train=1297, #HeldOut=1706, #Test=3003
Test Set Loss 0.6914 | Precision 1.0000 | Recall 0.9333 | F1 0.9655 | AUC 0.9504 | trainTime 0.4211 | exSelTime 0.4231 | testTime 0.0022 | numPos 13.0000 | numNeg 1284.0000
Epoch 0099 | Eval Loss 0.6895 | Precision 1.0000 | Recall 1.0000 | F1 1.0000 | AUC 1.0000 | time 0.0020
ITER=35, #Train=1335, #HeldOut=1668, #Test=3003
Test Set Loss 0.6914 | Precision 1.0000 | Recall 0.9333 | F1 0.9655 | AUC 0.9504 | trainTime 0.4211 | exSelTime 0.4294 | testTime 0.0018 | numPos 13.0000 | numNeg 1322.0000
Epoch 0099 | Eval Loss 0.6896 | Precision 1.0000 | Recall 1.0000 | F1 1.0000 | AUC 1.0000 | time 0.0017
ITER=36, #Train=1373, #HeldOut=1630, #Test=3003
Test Set Loss 0.6914 | Precision 1.0000 | Recall 0.9333 | F1 0.9655 | AUC 0.9504 | trainTime 0.4211 | exSelTime 0.4153 | testTime 0.0019 | numPos 13.0000 | numNeg 1360.0000
Epoch 0099 | Eval Loss 0.6897 | Precision 1.0000 | Recall 1.0000 | F1 1.0000 | AUC 1.0000 | time 0.0022
ITER=37, #Train=1411, #HeldOut=1592, #Test=3003
Test Set Loss 0.6914 | Precision 1.0000 | Recall 0.9333 | F1 0.9655 | AUC 0.9505 | trainTime 0.4211 | exSelTime 0.4157 | testTime 0.0023 | numPos 13.0000 | numNeg 1398.0000
Epoch 0099 | Eval Loss 0.6897 | Precision 1.0000 | Recall 1.0000 | F1 1.0000 | AUC 1.0000 | time 0.0021
ITER=38, #Train=1449, #HeldOut=1554, #Test=3003
Test Set Loss 0.6914 | Precision 1.0000 | Recall 0.9333 | F1 0.9655 | AUC 0.9505 | trainTime 0.4211 | exSelTime 0.4131 | testTime 0.0024 | numPos 13.0000 | numNeg 1436.0000
Epoch 0099 | Eval Loss 0.6898 | Precision 1.0000 | Recall 1.0000 | F1 1.0000 | AUC 1.0000 | time 0.0020
ITER=39, #Train=1487, #HeldOut=1516, #Test=3003
Test Set Loss 0.6914 | Precision 1.0000 | Recall 0.9333 | F1 0.9655 | AUC 0.9506 | trainTime 0.4211 | exSelTime 0.4151 | testTime 0.0021 | numPos 13.0000 | numNeg 1474.0000
Epoch 0099 | Eval Loss 0.6899 | Precision 1.0000 | Recall 1.0000 | F1 1.0000 | AUC 1.0000 | time 0.0020
ITER=40, #Train=1525, #HeldOut=1478, #Test=3003
Test Set Loss 0.6914 | Precision 1.0000 | Recall 0.9333 | F1 0.9655 | AUC 0.9506 | trainTime 0.4211 | exSelTime 0.3993 | testTime 0.0022 | numPos 13.0000 | numNeg 1512.0000
Epoch 0099 | Eval Loss 0.6900 | Precision 1.0000 | Recall 1.0000 | F1 1.0000 | AUC 1.0000 | time 0.0020
ITER=41, #Train=1563, #HeldOut=1440, #Test=3003
Test Set Loss 0.6914 | Precision 1.0000 | Recall 0.9333 | F1 0.9655 | AUC 0.9506 | trainTime 0.4211 | exSelTime 0.4022 | testTime 0.0020 | numPos 13.0000 | numNeg 1550.0000
Epoch 0099 | Eval Loss 0.6901 | Precision 1.0000 | Recall 1.0000 | F1 1.0000 | AUC 1.0000 | time 0.0020
ITER=42, #Train=1601, #HeldOut=1402, #Test=3003
Test Set Loss 0.6914 | Precision 1.0000 | Recall 0.9333 | F1 0.9655 | AUC 0.9507 | trainTime 0.4211 | exSelTime 0.4024 | testTime 0.0019 | numPos 13.0000 | numNeg 1588.0000
Epoch 0099 | Eval Loss 0.6901 | Precision 1.0000 | Recall 1.0000 | F1 1.0000 | AUC 1.0000 | time 0.0020
ITER=43, #Train=1639, #HeldOut=1364, #Test=3003
Test Set Loss 0.6914 | Precision 1.0000 | Recall 0.9333 | F1 0.9655 | AUC 0.9507 | trainTime 0.4211 | exSelTime 0.3898 | testTime 0.0021 | numPos 13.0000 | numNeg 1626.0000
Epoch 0099 | Eval Loss 0.6902 | Precision 1.0000 | Recall 1.0000 | F1 1.0000 | AUC 1.0000 | time 0.0023
ITER=44, #Train=1677, #HeldOut=1326, #Test=3003
Test Set Loss 0.6914 | Precision 1.0000 | Recall 0.9333 | F1 0.9655 | AUC 0.9508 | trainTime 0.4211 | exSelTime 0.3982 | testTime 0.0023 | numPos 13.0000 | numNeg 1664.0000
Epoch 0099 | Eval Loss 0.6903 | Precision 1.0000 | Recall 1.0000 | F1 1.0000 | AUC 1.0000 | time 0.0022
ITER=45, #Train=1715, #HeldOut=1288, #Test=3003
Test Set Loss 0.6914 | Precision 1.0000 | Recall 0.9333 | F1 0.9655 | AUC 0.9509 | trainTime 0.4211 | exSelTime 0.3939 | testTime 0.0021 | numPos 13.0000 | numNeg 1702.0000
Epoch 0099 | Eval Loss 0.6903 | Precision 1.0000 | Recall 1.0000 | F1 1.0000 | AUC 1.0000 | time 0.0019
ITER=46, #Train=1753, #HeldOut=1250, #Test=3003
Test Set Loss 0.6914 | Precision 1.0000 | Recall 0.9333 | F1 0.9655 | AUC 0.9510 | trainTime 0.4211 | exSelTime 0.3909 | testTime 0.0021 | numPos 13.0000 | numNeg 1740.0000
Epoch 0099 | Eval Loss 0.6904 | Precision 1.0000 | Recall 1.0000 | F1 1.0000 | AUC 1.0000 | time 0.0023
ITER=47, #Train=1791, #HeldOut=1212, #Test=3003
Test Set Loss 0.6914 | Precision 1.0000 | Recall 0.9333 | F1 0.9655 | AUC 0.9510 | trainTime 0.4211 | exSelTime 0.3744 | testTime 0.0022 | numPos 13.0000 | numNeg 1778.0000
Epoch 0099 | Eval Loss 0.6905 | Precision 1.0000 | Recall 1.0000 | F1 1.0000 | AUC 1.0000 | time 0.0019
ITER=48, #Train=1829, #HeldOut=1174, #Test=3003
Test Set Loss 0.6914 | Precision 1.0000 | Recall 0.9333 | F1 0.9655 | AUC 0.9510 | trainTime 0.4211 | exSelTime 0.3746 | testTime 0.0020 | numPos 13.0000 | numNeg 1816.0000
Epoch 0099 | Eval Loss 0.6905 | Precision 1.0000 | Recall 1.0000 | F1 1.0000 | AUC 1.0000 | time 0.0017
ITER=49, #Train=1867, #HeldOut=1136, #Test=3003
Test Set Loss 0.6914 | Precision 1.0000 | Recall 0.9333 | F1 0.9655 | AUC 0.9511 | trainTime 0.4211 | exSelTime 0.3874 | testTime 0.0022 | numPos 13.0000 | numNeg 1854.0000
Epoch 0099 | Eval Loss 0.6906 | Precision 1.0000 | Recall 1.0000 | F1 1.0000 | AUC 1.0000 | time 0.0021
ITER=50, #Train=1905, #HeldOut=1098, #Test=3003
Test Set Loss 0.6914 | Precision 1.0000 | Recall 0.9333 | F1 0.9655 | AUC 0.9512 | trainTime 0.4211 | exSelTime 0.3723 | testTime 0.0023 | numPos 13.0000 | numNeg 1892.0000
Epoch 0099 | Eval Loss 0.6906 | Precision 1.0000 | Recall 1.0000 | F1 1.0000 | AUC 1.0000 | time 0.0018
ITER=51, #Train=1943, #HeldOut=1060, #Test=3003
Test Set Loss 0.6914 | Precision 1.0000 | Recall 0.9333 | F1 0.9655 | AUC 0.9512 | trainTime 0.4211 | exSelTime 0.3690 | testTime 0.0021 | numPos 13.0000 | numNeg 1930.0000
Epoch 0099 | Eval Loss 0.6907 | Precision 1.0000 | Recall 1.0000 | F1 1.0000 | AUC 1.0000 | time 0.0022
ITER=52, #Train=1981, #HeldOut=1022, #Test=3003
Test Set Loss 0.6914 | Precision 1.0000 | Recall 0.9333 | F1 0.9655 | AUC 0.9513 | trainTime 0.4211 | exSelTime 0.3649 | testTime 0.0021 | numPos 13.0000 | numNeg 1968.0000
Epoch 0099 | Eval Loss 0.6907 | Precision 1.0000 | Recall 1.0000 | F1 1.0000 | AUC 1.0000 | time 0.0022
ITER=53, #Train=2019, #HeldOut=984, #Test=3003
Test Set Loss 0.6914 | Precision 1.0000 | Recall 0.9333 | F1 0.9655 | AUC 0.9514 | trainTime 0.4211 | exSelTime 0.3611 | testTime 0.0024 | numPos 13.0000 | numNeg 2006.0000
Epoch 0099 | Eval Loss 0.6907 | Precision 1.0000 | Recall 1.0000 | F1 1.0000 | AUC 1.0000 | time 0.0021
ITER=54, #Train=2057, #HeldOut=946, #Test=3003
Test Set Loss 0.6914 | Precision 1.0000 | Recall 0.9333 | F1 0.9655 | AUC 0.9515 | trainTime 0.4211 | exSelTime 0.3562 | testTime 0.0020 | numPos 13.0000 | numNeg 2044.0000
Epoch 0099 | Eval Loss 0.6908 | Precision 1.0000 | Recall 1.0000 | F1 1.0000 | AUC 1.0000 | time 0.0024
ITER=55, #Train=2095, #HeldOut=908, #Test=3003
Test Set Loss 0.6914 | Precision 1.0000 | Recall 0.9333 | F1 0.9655 | AUC 0.9515 | trainTime 0.4211 | exSelTime 0.3552 | testTime 0.0022 | numPos 13.0000 | numNeg 2082.0000
Epoch 0099 | Eval Loss 0.6908 | Precision 1.0000 | Recall 1.0000 | F1 1.0000 | AUC 1.0000 | time 0.0023
ITER=56, #Train=2133, #HeldOut=870, #Test=3003
Test Set Loss 0.6914 | Precision 1.0000 | Recall 0.9333 | F1 0.9655 | AUC 0.9516 | trainTime 0.4211 | exSelTime 0.3604 | testTime 0.0022 | numPos 13.0000 | numNeg 2120.0000
Epoch 0099 | Eval Loss 0.6909 | Precision 1.0000 | Recall 1.0000 | F1 1.0000 | AUC 1.0000 | time 0.0020
ITER=57, #Train=2171, #HeldOut=832, #Test=3003
Test Set Loss 0.6914 | Precision 1.0000 | Recall 0.9333 | F1 0.9655 | AUC 0.9516 | trainTime 0.4211 | exSelTime 0.3536 | testTime 0.0022 | numPos 13.0000 | numNeg 2158.0000
Epoch 0099 | Eval Loss 0.6909 | Precision 1.0000 | Recall 1.0000 | F1 1.0000 | AUC 1.0000 | time 0.0019
ITER=58, #Train=2209, #HeldOut=794, #Test=3003
Test Set Loss 0.6914 | Precision 1.0000 | Recall 0.9333 | F1 0.9655 | AUC 0.9516 | trainTime 0.4211 | exSelTime 0.3485 | testTime 0.0027 | numPos 13.0000 | numNeg 2196.0000
Epoch 0099 | Eval Loss 0.6910 | Precision 1.0000 | Recall 1.0000 | F1 1.0000 | AUC 1.0000 | time 0.0021
ITER=59, #Train=2247, #HeldOut=756, #Test=3003
Test Set Loss 0.6914 | Precision 1.0000 | Recall 0.9333 | F1 0.9655 | AUC 0.9516 | trainTime 0.4211 | exSelTime 0.3427 | testTime 0.0020 | numPos 13.0000 | numNeg 2234.0000
Epoch 0099 | Eval Loss 0.6910 | Precision 1.0000 | Recall 1.0000 | F1 1.0000 | AUC 1.0000 | time 0.0018
ITER=60, #Train=2285, #HeldOut=718, #Test=3003
Test Set Loss 0.6914 | Precision 1.0000 | Recall 0.9333 | F1 0.9655 | AUC 0.9516 | trainTime 0.4211 | exSelTime 0.3410 | testTime 0.0020 | numPos 13.0000 | numNeg 2272.0000
Epoch 0099 | Eval Loss 0.6910 | Precision 1.0000 | Recall 1.0000 | F1 1.0000 | AUC 1.0000 | time 0.0021
ITER=61, #Train=2323, #HeldOut=680, #Test=3003
Test Set Loss 0.6914 | Precision 1.0000 | Recall 0.9333 | F1 0.9655 | AUC 0.9517 | trainTime 0.4211 | exSelTime 0.3383 | testTime 0.0024 | numPos 13.0000 | numNeg 2310.0000
Epoch 0099 | Eval Loss 0.6909 | Precision 1.0000 | Recall 1.0000 | F1 1.0000 | AUC 1.0000 | time 0.0019
ITER=62, #Train=2361, #HeldOut=642, #Test=3003
Test Set Loss 0.6917 | Precision 0.8824 | Recall 1.0000 | F1 0.9375 | AUC 0.9997 | trainTime 0.4211 | exSelTime 0.3335 | testTime 0.0020 | numPos 14.0000 | numNeg 2347.0000
Epoch 0099 | Eval Loss 0.6909 | Precision 1.0000 | Recall 1.0000 | F1 1.0000 | AUC 1.0000 | time 0.0019
ITER=63, #Train=2399, #HeldOut=604, #Test=3003
Test Set Loss 0.6915 | Precision 0.9375 | Recall 1.0000 | F1 0.9677 | AUC 0.9998 | trainTime 0.4211 | exSelTime 1.3988 | testTime 0.0022 | numPos 14.0000 | numNeg 2385.0000
Epoch 0099 | Eval Loss 0.6910 | Precision 1.0000 | Recall 1.0000 | F1 1.0000 | AUC 1.0000 | time 0.0024
ITER=64, #Train=2437, #HeldOut=566, #Test=3003
Test Set Loss 0.6913 | Precision 1.0000 | Recall 1.0000 | F1 1.0000 | AUC 1.0000 | trainTime 0.4211 | exSelTime 1.3604 | testTime 0.0030 | numPos 14.0000 | numNeg 2423.0000
Epoch 0099 | Eval Loss 0.6910 | Precision 1.0000 | Recall 1.0000 | F1 1.0000 | AUC 1.0000 | time 0.0022
ITER=65, #Train=2475, #HeldOut=528, #Test=3003
Test Set Loss 0.6913 | Precision 1.0000 | Recall 1.0000 | F1 1.0000 | AUC 1.0000 | trainTime 0.4211 | exSelTime 1.3509 | testTime 0.0024 | numPos 14.0000 | numNeg 2461.0000
Epoch 0099 | Eval Loss 0.6910 | Precision 1.0000 | Recall 1.0000 | F1 1.0000 | AUC 1.0000 | time 0.0021
ITER=66, #Train=2513, #HeldOut=490, #Test=3003
Test Set Loss 0.6913 | Precision 1.0000 | Recall 1.0000 | F1 1.0000 | AUC 1.0000 | trainTime 0.4211 | exSelTime 1.3212 | testTime 0.0024 | numPos 14.0000 | numNeg 2499.0000
Epoch 0099 | Eval Loss 0.6911 | Precision 1.0000 | Recall 1.0000 | F1 1.0000 | AUC 1.0000 | time 0.0022
ITER=67, #Train=2551, #HeldOut=452, #Test=3003
Test Set Loss 0.6913 | Precision 1.0000 | Recall 1.0000 | F1 1.0000 | AUC 1.0000 | trainTime 0.4211 | exSelTime 1.3307 | testTime 0.0023 | numPos 14.0000 | numNeg 2537.0000
Epoch 0099 | Eval Loss 0.6911 | Precision 1.0000 | Recall 1.0000 | F1 1.0000 | AUC 1.0000 | time 0.0023
ITER=68, #Train=2589, #HeldOut=414, #Test=3003
Test Set Loss 0.6913 | Precision 1.0000 | Recall 1.0000 | F1 1.0000 | AUC 1.0000 | trainTime 0.4211 | exSelTime 1.2786 | testTime 0.0024 | numPos 14.0000 | numNeg 2575.0000
Epoch 0099 | Eval Loss 0.6911 | Precision 1.0000 | Recall 1.0000 | F1 1.0000 | AUC 1.0000 | time 0.0022
ITER=69, #Train=2627, #HeldOut=376, #Test=3003
Test Set Loss 0.6913 | Precision 1.0000 | Recall 1.0000 | F1 1.0000 | AUC 1.0000 | trainTime 0.4211 | exSelTime 1.3473 | testTime 0.0030 | numPos 14.0000 | numNeg 2613.0000
Epoch 0099 | Eval Loss 0.6912 | Precision 1.0000 | Recall 1.0000 | F1 1.0000 | AUC 1.0000 | time 0.0023
ITER=70, #Train=2665, #HeldOut=338, #Test=3003
Test Set Loss 0.6913 | Precision 1.0000 | Recall 1.0000 | F1 1.0000 | AUC 1.0000 | trainTime 0.4211 | exSelTime 1.1870 | testTime 0.0023 | numPos 14.0000 | numNeg 2651.0000
Epoch 0099 | Eval Loss 0.6912 | Precision 1.0000 | Recall 1.0000 | F1 1.0000 | AUC 1.0000 | time 0.0022
ITER=71, #Train=2703, #HeldOut=300, #Test=3003
Test Set Loss 0.6913 | Precision 1.0000 | Recall 1.0000 | F1 1.0000 | AUC 1.0000 | trainTime 0.4211 | exSelTime 1.1481 | testTime 0.0024 | numPos 14.0000 | numNeg 2689.0000
Epoch 0099 | Eval Loss 0.6912 | Precision 1.0000 | Recall 1.0000 | F1 1.0000 | AUC 1.0000 | time 0.0024
ITER=72, #Train=2741, #HeldOut=262, #Test=3003
Test Set Loss 0.6913 | Precision 1.0000 | Recall 1.0000 | F1 1.0000 | AUC 1.0000 | trainTime 0.4211 | exSelTime 1.1089 | testTime 0.0022 | numPos 14.0000 | numNeg 2727.0000
Epoch 0099 | Eval Loss 0.6912 | Precision 1.0000 | Recall 1.0000 | F1 1.0000 | AUC 1.0000 | time 0.0021
ITER=73, #Train=2779, #HeldOut=224, #Test=3003
Test Set Loss 0.6913 | Precision 1.0000 | Recall 1.0000 | F1 1.0000 | AUC 1.0000 | trainTime 0.4211 | exSelTime 0.9262 | testTime 0.0021 | numPos 14.0000 | numNeg 2765.0000
Epoch 0099 | Eval Loss 0.6913 | Precision 1.0000 | Recall 1.0000 | F1 1.0000 | AUC 1.0000 | time 0.0021
ITER=74, #Train=2817, #HeldOut=186, #Test=3003
Test Set Loss 0.6913 | Precision 1.0000 | Recall 1.0000 | F1 1.0000 | AUC 1.0000 | trainTime 0.4211 | exSelTime 0.9012 | testTime 0.0023 | numPos 14.0000 | numNeg 2803.0000
Epoch 0099 | Eval Loss 0.6913 | Precision 1.0000 | Recall 1.0000 | F1 1.0000 | AUC 1.0000 | time 0.0024
ITER=75, #Train=2855, #HeldOut=148, #Test=3003
Test Set Loss 0.6913 | Precision 1.0000 | Recall 1.0000 | F1 1.0000 | AUC 1.0000 | trainTime 0.4211 | exSelTime 0.8948 | testTime 0.0023 | numPos 14.0000 | numNeg 2841.0000
Epoch 0099 | Eval Loss 0.6913 | Precision 1.0000 | Recall 1.0000 | F1 1.0000 | AUC 1.0000 | time 0.0020
ITER=76, #Train=2893, #HeldOut=110, #Test=3003
Test Set Loss 0.6913 | Precision 1.0000 | Recall 1.0000 | F1 1.0000 | AUC 1.0000 | trainTime 0.4211 | exSelTime 0.8408 | testTime 0.0021 | numPos 14.0000 | numNeg 2879.0000
Epoch 0099 | Eval Loss 0.6913 | Precision 1.0000 | Recall 1.0000 | F1 1.0000 | AUC 1.0000 | time 0.0022
ITER=77, #Train=2931, #HeldOut=72, #Test=3003
Test Set Loss 0.6913 | Precision 1.0000 | Recall 1.0000 | F1 1.0000 | AUC 1.0000 | trainTime 0.4211 | exSelTime 0.8415 | testTime 0.0024 | numPos 14.0000 | numNeg 2917.0000
Epoch 0099 | Eval Loss 0.6914 | Precision 1.0000 | Recall 1.0000 | F1 1.0000 | AUC 1.0000 | time 0.0020
ITER=78, #Train=2969, #HeldOut=34, #Test=3003
Test Set Loss 0.6913 | Precision 1.0000 | Recall 1.0000 | F1 1.0000 | AUC 1.0000 | trainTime 0.4211 | exSelTime 0.7901 | testTime 0.0021 | numPos 14.0000 | numNeg 2955.0000
Epoch 0099 | Eval Loss 0.6913 | Precision 1.0000 | Recall 1.0000 | F1 1.0000 | AUC 1.0000 | time 0.0023
ITER=79, #Train=3003, #HeldOut=0, #Test=3003
Test Set Loss 0.6913 | Precision 1.0000 | Recall 1.0000 | F1 1.0000 | AUC 1.0000 | trainTime 0.4211 | exSelTime 0.7161 | testTime 0.0021 | numPos 15.0000 | numNeg 2988.0000
