on cpu
src/model/gnn/dataset/cmt-conference-bertmap/prog_seed_pairs.txt
src/model/gnn/dataset/cmt-conference-bertmap/pos_neg_pairs.txt
initialize BERT for Binary Classification from the Pretrained BERT model at: bert-base-uncased ...

data files loaded with sizes:
	[# Train]: 5, [# Test]: 46
{'train_runtime': 15.2974, 'train_samples_per_second': 32.685, 'train_steps_per_second': 6.537, 'train_loss': 0.354244270324707}
ITER=0, #Train=5, #HeldOut=41, #Test=46
Test Set Loss 0.9056 | PrecisionBeforeBlocking 0.2000 | RecallBeforeBlocking 0.3333 | F1BeforeBlocking 0.2500 | AUCBeforeBlocking 0.5045 | trainTime 17.1610 | exSelTime 0.0000 | testTime 0.0601 | numPos -1.0000 | numNeg -1.0000 | Recall_AfterBlocking 0.2000 | F1_AfterBlocking 0.2000 | AUC_AfterBlocking 0.3027
totalEx=6, totalInferences=0, infer_Precision=1.0, infer_Recall=1.0, infer_F1=1.0, infer_TP=0, infer_TN=0, infer_FP=0, infer_FN=0, minK=0, maxK=0
initialize BERT for Binary Classification from the Pretrained BERT model at: bert-base-uncased ...

data files loaded with sizes:
	[# Train]: 6, [# Test]: 46
{'train_runtime': 13.1027, 'train_samples_per_second': 45.792, 'train_steps_per_second': 7.632, 'train_loss': 0.31819995880126956}
ITER=1, #Train=6, #HeldOut=40, #Test=46
Test Set Loss 1.3371 | PrecisionBeforeBlocking 0.1538 | RecallBeforeBlocking 0.2222 | F1BeforeBlocking 0.1818 | AUCBeforeBlocking 0.4625 | trainTime 13.2246 | exSelTime 0.0001 | testTime 0.0589 | numPos 1.0000 | numNeg 5.0000 | Recall_AfterBlocking 0.1333 | F1_AfterBlocking 0.1429 | AUC_AfterBlocking 0.2775
totalEx=8, totalInferences=1, infer_Precision=1.0, infer_Recall=1.0, infer_F1=1.0, infer_TP=1, infer_TN=0, infer_FP=0, infer_FN=0, minK=1, maxK=1
initialize BERT for Binary Classification from the Pretrained BERT model at: bert-base-uncased ...

data files loaded with sizes:
	[# Train]: 8, [# Test]: 46
{'train_runtime': 16.4118, 'train_samples_per_second': 48.745, 'train_steps_per_second': 6.093, 'train_loss': 0.39290752410888674}
ITER=2, #Train=8, #HeldOut=38, #Test=46
Test Set Loss 1.0416 | PrecisionBeforeBlocking 0.2500 | RecallBeforeBlocking 0.4444 | F1BeforeBlocking 0.3200 | AUCBeforeBlocking 0.5601 | trainTime 16.5299 | exSelTime 0.0001 | testTime 0.0626 | numPos 3.0000 | numNeg 5.0000 | Recall_AfterBlocking 0.2667 | F1_AfterBlocking 0.2581 | AUC_AfterBlocking 0.3360
totalEx=9, totalInferences=0, infer_Precision=1.0, infer_Recall=1.0, infer_F1=1.0, infer_TP=0, infer_TN=0, infer_FP=0, infer_FN=0, minK=0, maxK=0
initialize BERT for Binary Classification from the Pretrained BERT model at: bert-base-uncased ...

data files loaded with sizes:
	[# Train]: 9, [# Test]: 46
{'train_runtime': 14.4432, 'train_samples_per_second': 62.313, 'train_steps_per_second': 6.924, 'train_loss': 0.3912156295776367}
ITER=3, #Train=9, #HeldOut=37, #Test=46
Test Set Loss 1.0307 | PrecisionBeforeBlocking 0.2857 | RecallBeforeBlocking 0.4444 | F1BeforeBlocking 0.3478 | AUCBeforeBlocking 0.5871 | trainTime 14.7667 | exSelTime 0.0001 | testTime 0.0603 | numPos 3.0000 | numNeg 6.0000 | Recall_AfterBlocking 0.2667 | F1_AfterBlocking 0.2759 | AUC_AfterBlocking 0.3523
totalEx=10, totalInferences=0, infer_Precision=1.0, infer_Recall=1.0, infer_F1=1.0, infer_TP=0, infer_TN=0, infer_FP=0, infer_FN=0, minK=0, maxK=0
initialize BERT for Binary Classification from the Pretrained BERT model at: bert-base-uncased ...

data files loaded with sizes:
	[# Train]: 10, [# Test]: 46
{'train_runtime': 13.5361, 'train_samples_per_second': 73.876, 'train_steps_per_second': 7.388, 'train_loss': 0.3797822189331055}
ITER=4, #Train=10, #HeldOut=36, #Test=46
Test Set Loss 0.6959 | PrecisionBeforeBlocking 0.4444 | RecallBeforeBlocking 0.4444 | F1BeforeBlocking 0.4444 | AUCBeforeBlocking 0.6547 | trainTime 13.6672 | exSelTime 0.0001 | testTime 0.0603 | numPos 3.0000 | numNeg 7.0000 | Recall_AfterBlocking 0.2667 | F1_AfterBlocking 0.3333 | AUC_AfterBlocking 0.3928
totalEx=11, totalInferences=0, infer_Precision=1.0, infer_Recall=1.0, infer_F1=1.0, infer_TP=0, infer_TN=0, infer_FP=0, infer_FN=0, minK=0, maxK=0
initialize BERT for Binary Classification from the Pretrained BERT model at: bert-base-uncased ...

data files loaded with sizes:
	[# Train]: 11, [# Test]: 46
{'train_runtime': 13.5182, 'train_samples_per_second': 81.372, 'train_steps_per_second': 7.397, 'train_loss': 0.37015705108642577}
ITER=5, #Train=11, #HeldOut=35, #Test=46
Test Set Loss 0.8172 | PrecisionBeforeBlocking 0.3636 | RecallBeforeBlocking 0.4444 | F1BeforeBlocking 0.4000 | AUCBeforeBlocking 0.6276 | trainTime 13.6504 | exSelTime 0.0001 | testTime 0.0603 | numPos 3.0000 | numNeg 8.0000 | Recall_AfterBlocking 0.2667 | F1_AfterBlocking 0.3077 | AUC_AfterBlocking 0.3766
totalEx=12, totalInferences=0, infer_Precision=1.0, infer_Recall=1.0, infer_F1=1.0, infer_TP=0, infer_TN=0, infer_FP=0, infer_FN=0, minK=0, maxK=0
initialize BERT for Binary Classification from the Pretrained BERT model at: bert-base-uncased ...

data files loaded with sizes:
	[# Train]: 12, [# Test]: 46
{'train_runtime': 18.3489, 'train_samples_per_second': 65.399, 'train_steps_per_second': 5.45, 'train_loss': 0.3587784194946289}
ITER=6, #Train=12, #HeldOut=34, #Test=46
Test Set Loss 0.9194 | PrecisionBeforeBlocking 0.3636 | RecallBeforeBlocking 0.4444 | F1BeforeBlocking 0.4000 | AUCBeforeBlocking 0.6276 | trainTime 18.4712 | exSelTime 0.0001 | testTime 0.1037 | numPos 3.0000 | numNeg 9.0000 | Recall_AfterBlocking 0.2667 | F1_AfterBlocking 0.3077 | AUC_AfterBlocking 0.3766
totalEx=13, totalInferences=0, infer_Precision=1.0, infer_Recall=1.0, infer_F1=1.0, infer_TP=0, infer_TN=0, infer_FP=0, infer_FN=0, minK=0, maxK=0
initialize BERT for Binary Classification from the Pretrained BERT model at: bert-base-uncased ...

data files loaded with sizes:
	[# Train]: 13, [# Test]: 46
{'train_runtime': 19.3545, 'train_samples_per_second': 67.168, 'train_steps_per_second': 5.167, 'train_loss': 0.3505991363525391}
ITER=7, #Train=13, #HeldOut=33, #Test=46
Test Set Loss 0.6618 | PrecisionBeforeBlocking 0.5714 | RecallBeforeBlocking 0.4444 | F1BeforeBlocking 0.5000 | AUCBeforeBlocking 0.6817 | trainTime 19.4835 | exSelTime 0.0001 | testTime 0.0596 | numPos 3.0000 | numNeg 10.0000 | Recall_AfterBlocking 0.2667 | F1_AfterBlocking 0.3636 | AUC_AfterBlocking 0.4090
totalEx=14, totalInferences=0, infer_Precision=1.0, infer_Recall=1.0, infer_F1=1.0, infer_TP=0, infer_TN=0, infer_FP=0, infer_FN=0, minK=0, maxK=0
initialize BERT for Binary Classification from the Pretrained BERT model at: bert-base-uncased ...

data files loaded with sizes:
	[# Train]: 14, [# Test]: 46
{'train_runtime': 13.3816, 'train_samples_per_second': 104.622, 'train_steps_per_second': 7.473, 'train_loss': 0.3600659561157227}
ITER=8, #Train=14, #HeldOut=32, #Test=46
Test Set Loss 0.6885 | PrecisionBeforeBlocking 0.5714 | RecallBeforeBlocking 0.4444 | F1BeforeBlocking 0.5000 | AUCBeforeBlocking 0.6817 | trainTime 13.4982 | exSelTime 0.0001 | testTime 0.0604 | numPos 3.0000 | numNeg 11.0000 | Recall_AfterBlocking 0.2667 | F1_AfterBlocking 0.3636 | AUC_AfterBlocking 0.4090
totalEx=15, totalInferences=0, infer_Precision=1.0, infer_Recall=1.0, infer_F1=1.0, infer_TP=0, infer_TN=0, infer_FP=0, infer_FN=0, minK=0, maxK=0
initialize BERT for Binary Classification from the Pretrained BERT model at: bert-base-uncased ...

data files loaded with sizes:
	[# Train]: 15, [# Test]: 46
{'train_runtime': 13.4215, 'train_samples_per_second': 111.761, 'train_steps_per_second': 7.451, 'train_loss': 0.34537567138671876}
ITER=9, #Train=15, #HeldOut=31, #Test=46
Test Set Loss 0.6762 | PrecisionBeforeBlocking 0.5714 | RecallBeforeBlocking 0.4444 | F1BeforeBlocking 0.5000 | AUCBeforeBlocking 0.6817 | trainTime 13.5378 | exSelTime 0.0001 | testTime 0.0613 | numPos 3.0000 | numNeg 12.0000 | Recall_AfterBlocking 0.2667 | F1_AfterBlocking 0.3636 | AUC_AfterBlocking 0.4090
totalEx=16, totalInferences=0, infer_Precision=1.0, infer_Recall=1.0, infer_F1=1.0, infer_TP=0, infer_TN=0, infer_FP=0, infer_FN=0, minK=0, maxK=0
initialize BERT for Binary Classification from the Pretrained BERT model at: bert-base-uncased ...

data files loaded with sizes:
	[# Train]: 16, [# Test]: 46
{'train_runtime': 13.4829, 'train_samples_per_second': 118.669, 'train_steps_per_second': 7.417, 'train_loss': 0.3358837890625}
ITER=10, #Train=16, #HeldOut=30, #Test=46
Test Set Loss 0.6881 | PrecisionBeforeBlocking 0.5714 | RecallBeforeBlocking 0.4444 | F1BeforeBlocking 0.5000 | AUCBeforeBlocking 0.6817 | trainTime 13.6047 | exSelTime 0.0001 | testTime 0.0617 | numPos 3.0000 | numNeg 13.0000 | Recall_AfterBlocking 0.2667 | F1_AfterBlocking 0.3636 | AUC_AfterBlocking 0.4090
totalEx=17, totalInferences=0, infer_Precision=1.0, infer_Recall=1.0, infer_F1=1.0, infer_TP=0, infer_TN=0, infer_FP=0, infer_FN=0, minK=0, maxK=0
initialize BERT for Binary Classification from the Pretrained BERT model at: bert-base-uncased ...

data files loaded with sizes:
	[# Train]: 17, [# Test]: 46
{'train_runtime': 20.8102, 'train_samples_per_second': 81.691, 'train_steps_per_second': 4.805, 'train_loss': 0.3421605682373047}
ITER=11, #Train=17, #HeldOut=29, #Test=46
Test Set Loss 0.6051 | PrecisionBeforeBlocking 0.7500 | RecallBeforeBlocking 0.3333 | F1BeforeBlocking 0.4615 | AUCBeforeBlocking 0.6532 | trainTime 20.9403 | exSelTime 0.0001 | testTime 0.0592 | numPos 3.0000 | numNeg 14.0000 | Recall_AfterBlocking 0.2000 | F1_AfterBlocking 0.3158 | AUC_AfterBlocking 0.3919
totalEx=18, totalInferences=0, infer_Precision=1.0, infer_Recall=1.0, infer_F1=1.0, infer_TP=0, infer_TN=0, infer_FP=0, infer_FN=0, minK=0, maxK=0
initialize BERT for Binary Classification from the Pretrained BERT model at: bert-base-uncased ...

data files loaded with sizes:
	[# Train]: 18, [# Test]: 46
{'train_runtime': 21.2567, 'train_samples_per_second': 84.679, 'train_steps_per_second': 4.704, 'train_loss': 0.33761810302734374}
ITER=12, #Train=18, #HeldOut=28, #Test=46
Test Set Loss 0.6186 | PrecisionBeforeBlocking 0.6667 | RecallBeforeBlocking 0.4444 | F1BeforeBlocking 0.5333 | AUCBeforeBlocking 0.6952 | trainTime 21.3728 | exSelTime 0.0001 | testTime 0.0597 | numPos 3.0000 | numNeg 15.0000 | Recall_AfterBlocking 0.2667 | F1_AfterBlocking 0.3810 | AUC_AfterBlocking 0.4171
totalEx=19, totalInferences=0, infer_Precision=1.0, infer_Recall=1.0, infer_F1=1.0, infer_TP=0, infer_TN=0, infer_FP=0, infer_FN=0, minK=0, maxK=0
initialize BERT for Binary Classification from the Pretrained BERT model at: bert-base-uncased ...

data files loaded with sizes:
	[# Train]: 19, [# Test]: 46
{'train_runtime': 13.2767, 'train_samples_per_second': 143.108, 'train_steps_per_second': 7.532, 'train_loss': 0.3309095001220703}
ITER=13, #Train=19, #HeldOut=27, #Test=46
Test Set Loss 0.6262 | PrecisionBeforeBlocking 0.7500 | RecallBeforeBlocking 0.3333 | F1BeforeBlocking 0.4615 | AUCBeforeBlocking 0.6532 | trainTime 13.3955 | exSelTime 0.0001 | testTime 0.0588 | numPos 3.0000 | numNeg 16.0000 | Recall_AfterBlocking 0.2000 | F1_AfterBlocking 0.3158 | AUC_AfterBlocking 0.3919
totalEx=20, totalInferences=0, infer_Precision=1.0, infer_Recall=1.0, infer_F1=1.0, infer_TP=0, infer_TN=0, infer_FP=0, infer_FN=0, minK=0, maxK=0
initialize BERT for Binary Classification from the Pretrained BERT model at: bert-base-uncased ...

data files loaded with sizes:
	[# Train]: 20, [# Test]: 46
{'train_runtime': 13.4073, 'train_samples_per_second': 149.173, 'train_steps_per_second': 7.459, 'train_loss': 0.3591785049438477}
ITER=14, #Train=20, #HeldOut=26, #Test=46
Test Set Loss 0.5669 | PrecisionBeforeBlocking 0.8000 | RecallBeforeBlocking 0.4444 | F1BeforeBlocking 0.5714 | AUCBeforeBlocking 0.7087 | trainTime 13.5380 | exSelTime 0.0001 | testTime 0.0594 | numPos 4.0000 | numNeg 16.0000 | Recall_AfterBlocking 0.2667 | F1_AfterBlocking 0.4000 | AUC_AfterBlocking 0.4252
totalEx=21, totalInferences=0, infer_Precision=1.0, infer_Recall=1.0, infer_F1=1.0, infer_TP=0, infer_TN=0, infer_FP=0, infer_FN=0, minK=0, maxK=0
initialize BERT for Binary Classification from the Pretrained BERT model at: bert-base-uncased ...

data files loaded with sizes:
	[# Train]: 21, [# Test]: 46
{'train_runtime': 13.8508, 'train_samples_per_second': 151.615, 'train_steps_per_second': 7.22, 'train_loss': 0.36046512603759767}
ITER=15, #Train=21, #HeldOut=25, #Test=46
Test Set Loss 0.5812 | PrecisionBeforeBlocking 0.8000 | RecallBeforeBlocking 0.4444 | F1BeforeBlocking 0.5714 | AUCBeforeBlocking 0.7087 | trainTime 13.9701 | exSelTime 0.0001 | testTime 0.0595 | numPos 4.0000 | numNeg 17.0000 | Recall_AfterBlocking 0.2667 | F1_AfterBlocking 0.4000 | AUC_AfterBlocking 0.4252
totalEx=22, totalInferences=0, infer_Precision=1.0, infer_Recall=1.0, infer_F1=1.0, infer_TP=0, infer_TN=0, infer_FP=0, infer_FN=0, minK=0, maxK=0
initialize BERT for Binary Classification from the Pretrained BERT model at: bert-base-uncased ...

data files loaded with sizes:
	[# Train]: 22, [# Test]: 46
{'train_runtime': 13.6927, 'train_samples_per_second': 160.669, 'train_steps_per_second': 7.303, 'train_loss': 0.353271484375}
ITER=16, #Train=22, #HeldOut=24, #Test=46
Test Set Loss 0.5861 | PrecisionBeforeBlocking 0.8000 | RecallBeforeBlocking 0.4444 | F1BeforeBlocking 0.5714 | AUCBeforeBlocking 0.7087 | trainTime 13.8262 | exSelTime 0.0001 | testTime 0.0613 | numPos 4.0000 | numNeg 18.0000 | Recall_AfterBlocking 0.2667 | F1_AfterBlocking 0.4000 | AUC_AfterBlocking 0.4252
totalEx=23, totalInferences=0, infer_Precision=1.0, infer_Recall=1.0, infer_F1=1.0, infer_TP=0, infer_TN=0, infer_FP=0, infer_FN=0, minK=0, maxK=0
initialize BERT for Binary Classification from the Pretrained BERT model at: bert-base-uncased ...

data files loaded with sizes:
	[# Train]: 23, [# Test]: 46
{'train_runtime': 13.7892, 'train_samples_per_second': 166.797, 'train_steps_per_second': 7.252, 'train_loss': 0.3481165313720703}
ITER=17, #Train=23, #HeldOut=23, #Test=46
Test Set Loss 0.5739 | PrecisionBeforeBlocking 0.6667 | RecallBeforeBlocking 0.4444 | F1BeforeBlocking 0.5333 | AUCBeforeBlocking 0.6952 | trainTime 13.8879 | exSelTime 0.0001 | testTime 0.0582 | numPos 4.0000 | numNeg 19.0000 | Recall_AfterBlocking 0.2667 | F1_AfterBlocking 0.3810 | AUC_AfterBlocking 0.4171
totalEx=24, totalInferences=0, infer_Precision=1.0, infer_Recall=1.0, infer_F1=1.0, infer_TP=0, infer_TN=0, infer_FP=0, infer_FN=0, minK=0, maxK=0
initialize BERT for Binary Classification from the Pretrained BERT model at: bert-base-uncased ...

data files loaded with sizes:
	[# Train]: 24, [# Test]: 46
{'train_runtime': 13.8926, 'train_samples_per_second': 172.754, 'train_steps_per_second': 7.198, 'train_loss': 0.3642133331298828}
ITER=18, #Train=24, #HeldOut=22, #Test=46
Test Set Loss 0.4644 | PrecisionBeforeBlocking 0.8333 | RecallBeforeBlocking 0.5556 | F1BeforeBlocking 0.6667 | AUCBeforeBlocking 0.7643 | trainTime 14.0194 | exSelTime 0.0001 | testTime 0.0612 | numPos 5.0000 | numNeg 19.0000 | Recall_AfterBlocking 0.3333 | F1_AfterBlocking 0.4762 | AUC_AfterBlocking 0.4586
totalEx=25, totalInferences=0, infer_Precision=1.0, infer_Recall=1.0, infer_F1=1.0, infer_TP=0, infer_TN=0, infer_FP=0, infer_FN=0, minK=0, maxK=0
initialize BERT for Binary Classification from the Pretrained BERT model at: bert-base-uncased ...

data files loaded with sizes:
	[# Train]: 25, [# Test]: 46
{'train_runtime': 13.6011, 'train_samples_per_second': 183.808, 'train_steps_per_second': 7.352, 'train_loss': 0.35519901275634763}
ITER=19, #Train=25, #HeldOut=21, #Test=46
Test Set Loss 0.4749 | PrecisionBeforeBlocking 0.8333 | RecallBeforeBlocking 0.5556 | F1BeforeBlocking 0.6667 | AUCBeforeBlocking 0.7643 | trainTime 13.7268 | exSelTime 0.0001 | testTime 0.0586 | numPos 5.0000 | numNeg 20.0000 | Recall_AfterBlocking 0.3333 | F1_AfterBlocking 0.4762 | AUC_AfterBlocking 0.4586
totalEx=26, totalInferences=0, infer_Precision=1.0, infer_Recall=1.0, infer_F1=1.0, infer_TP=0, infer_TN=0, infer_FP=0, infer_FN=0, minK=0, maxK=0
initialize BERT for Binary Classification from the Pretrained BERT model at: bert-base-uncased ...

data files loaded with sizes:
	[# Train]: 26, [# Test]: 46
{'train_runtime': 13.6104, 'train_samples_per_second': 191.03, 'train_steps_per_second': 7.347, 'train_loss': 0.35014034271240235}
ITER=20, #Train=26, #HeldOut=20, #Test=46
Test Set Loss 0.4828 | PrecisionBeforeBlocking 0.8333 | RecallBeforeBlocking 0.5556 | F1BeforeBlocking 0.6667 | AUCBeforeBlocking 0.7643 | trainTime 13.7495 | exSelTime 0.0001 | testTime 0.0594 | numPos 5.0000 | numNeg 21.0000 | Recall_AfterBlocking 0.3333 | F1_AfterBlocking 0.4762 | AUC_AfterBlocking 0.4586
totalEx=27, totalInferences=0, infer_Precision=1.0, infer_Recall=1.0, infer_F1=1.0, infer_TP=0, infer_TN=0, infer_FP=0, infer_FN=0, minK=0, maxK=0
initialize BERT for Binary Classification from the Pretrained BERT model at: bert-base-uncased ...

data files loaded with sizes:
	[# Train]: 27, [# Test]: 46
{'train_runtime': 13.6947, 'train_samples_per_second': 197.157, 'train_steps_per_second': 7.302, 'train_loss': 0.37241233825683595}
ITER=21, #Train=27, #HeldOut=19, #Test=46
Test Set Loss 0.3831 | PrecisionBeforeBlocking 0.8571 | RecallBeforeBlocking 0.6667 | F1BeforeBlocking 0.7500 | AUCBeforeBlocking 0.8198 | trainTime 13.8497 | exSelTime 0.0001 | testTime 0.0578 | numPos 6.0000 | numNeg 21.0000 | Recall_AfterBlocking 0.4000 | F1_AfterBlocking 0.5455 | AUC_AfterBlocking 0.4919
totalEx=28, totalInferences=0, infer_Precision=1.0, infer_Recall=1.0, infer_F1=1.0, infer_TP=0, infer_TN=0, infer_FP=0, infer_FN=0, minK=0, maxK=0
initialize BERT for Binary Classification from the Pretrained BERT model at: bert-base-uncased ...

data files loaded with sizes:
	[# Train]: 28, [# Test]: 46
{'train_runtime': 13.8807, 'train_samples_per_second': 201.719, 'train_steps_per_second': 7.204, 'train_loss': 0.3708256912231445}
ITER=22, #Train=28, #HeldOut=18, #Test=46
Test Set Loss 0.3154 | PrecisionBeforeBlocking 1.0000 | RecallBeforeBlocking 0.6667 | F1BeforeBlocking 0.8000 | AUCBeforeBlocking 0.8333 | trainTime 14.0032 | exSelTime 0.0001 | testTime 0.0586 | numPos 6.0000 | numNeg 22.0000 | Recall_AfterBlocking 0.4000 | F1_AfterBlocking 0.5714 | AUC_AfterBlocking 0.5000
totalEx=29, totalInferences=0, infer_Precision=1.0, infer_Recall=1.0, infer_F1=1.0, infer_TP=0, infer_TN=0, infer_FP=0, infer_FN=0, minK=0, maxK=0
initialize BERT for Binary Classification from the Pretrained BERT model at: bert-base-uncased ...

data files loaded with sizes:
	[# Train]: 29, [# Test]: 46
{'train_runtime': 13.8992, 'train_samples_per_second': 208.646, 'train_steps_per_second': 7.195, 'train_loss': 0.37553955078125}
ITER=23, #Train=29, #HeldOut=17, #Test=46
Test Set Loss 0.3141 | PrecisionBeforeBlocking 1.0000 | RecallBeforeBlocking 0.6667 | F1BeforeBlocking 0.8000 | AUCBeforeBlocking 0.8333 | trainTime 14.0294 | exSelTime 0.0001 | testTime 0.0591 | numPos 6.0000 | numNeg 23.0000 | Recall_AfterBlocking 0.4000 | F1_AfterBlocking 0.5714 | AUC_AfterBlocking 0.5000
totalEx=30, totalInferences=0, infer_Precision=1.0, infer_Recall=1.0, infer_F1=1.0, infer_TP=0, infer_TN=0, infer_FP=0, infer_FN=0, minK=0, maxK=0
initialize BERT for Binary Classification from the Pretrained BERT model at: bert-base-uncased ...

data files loaded with sizes:
	[# Train]: 30, [# Test]: 46
{'train_runtime': 13.6051, 'train_samples_per_second': 220.506, 'train_steps_per_second': 7.35, 'train_loss': 0.38044158935546873}
ITER=24, #Train=30, #HeldOut=16, #Test=46
Test Set Loss 0.2189 | PrecisionBeforeBlocking 1.0000 | RecallBeforeBlocking 0.7778 | F1BeforeBlocking 0.8750 | AUCBeforeBlocking 0.8889 | trainTime 13.7306 | exSelTime 0.0001 | testTime 0.0589 | numPos 7.0000 | numNeg 23.0000 | Recall_AfterBlocking 0.4667 | F1_AfterBlocking 0.6364 | AUC_AfterBlocking 0.5333
totalEx=31, totalInferences=0, infer_Precision=1.0, infer_Recall=1.0, infer_F1=1.0, infer_TP=0, infer_TN=0, infer_FP=0, infer_FN=0, minK=0, maxK=0
initialize BERT for Binary Classification from the Pretrained BERT model at: bert-base-uncased ...

data files loaded with sizes:
	[# Train]: 31, [# Test]: 46
{'train_runtime': 13.5676, 'train_samples_per_second': 228.486, 'train_steps_per_second': 7.371, 'train_loss': 0.38107158660888674}
ITER=25, #Train=31, #HeldOut=15, #Test=46
Test Set Loss 0.2151 | PrecisionBeforeBlocking 1.0000 | RecallBeforeBlocking 0.7778 | F1BeforeBlocking 0.8750 | AUCBeforeBlocking 0.8889 | trainTime 13.6919 | exSelTime 0.0001 | testTime 0.0583 | numPos 7.0000 | numNeg 24.0000 | Recall_AfterBlocking 0.4667 | F1_AfterBlocking 0.6364 | AUC_AfterBlocking 0.5333
totalEx=32, totalInferences=0, infer_Precision=1.0, infer_Recall=1.0, infer_F1=1.0, infer_TP=0, infer_TN=0, infer_FP=0, infer_FN=0, minK=0, maxK=0
initialize BERT for Binary Classification from the Pretrained BERT model at: bert-base-uncased ...

data files loaded with sizes:
	[# Train]: 32, [# Test]: 46
{'train_runtime': 13.6822, 'train_samples_per_second': 233.881, 'train_steps_per_second': 7.309, 'train_loss': 0.3762009429931641}
ITER=26, #Train=32, #HeldOut=14, #Test=46
Test Set Loss 0.2176 | PrecisionBeforeBlocking 1.0000 | RecallBeforeBlocking 0.7778 | F1BeforeBlocking 0.8750 | AUCBeforeBlocking 0.8889 | trainTime 13.8138 | exSelTime 0.0001 | testTime 0.0581 | numPos 7.0000 | numNeg 25.0000 | Recall_AfterBlocking 0.4667 | F1_AfterBlocking 0.6364 | AUC_AfterBlocking 0.5333
totalEx=33, totalInferences=0, infer_Precision=1.0, infer_Recall=1.0, infer_F1=1.0, infer_TP=0, infer_TN=0, infer_FP=0, infer_FN=0, minK=0, maxK=0
initialize BERT for Binary Classification from the Pretrained BERT model at: bert-base-uncased ...

data files loaded with sizes:
	[# Train]: 33, [# Test]: 46
{'train_runtime': 13.7949, 'train_samples_per_second': 239.218, 'train_steps_per_second': 7.249, 'train_loss': 0.37910507202148436}
ITER=27, #Train=33, #HeldOut=13, #Test=46
Test Set Loss 0.2236 | PrecisionBeforeBlocking 1.0000 | RecallBeforeBlocking 0.7778 | F1BeforeBlocking 0.8750 | AUCBeforeBlocking 0.8889 | trainTime 13.9003 | exSelTime 0.0001 | testTime 0.0594 | numPos 7.0000 | numNeg 26.0000 | Recall_AfterBlocking 0.4667 | F1_AfterBlocking 0.6364 | AUC_AfterBlocking 0.5333
totalEx=34, totalInferences=0, infer_Precision=1.0, infer_Recall=1.0, infer_F1=1.0, infer_TP=0, infer_TN=0, infer_FP=0, infer_FN=0, minK=0, maxK=0
initialize BERT for Binary Classification from the Pretrained BERT model at: bert-base-uncased ...

data files loaded with sizes:
	[# Train]: 34, [# Test]: 46
{'train_runtime': 13.9104, 'train_samples_per_second': 244.422, 'train_steps_per_second': 7.189, 'train_loss': 0.3900901412963867}
ITER=28, #Train=34, #HeldOut=12, #Test=46
Test Set Loss 0.1163 | PrecisionBeforeBlocking 1.0000 | RecallBeforeBlocking 0.8889 | F1BeforeBlocking 0.9412 | AUCBeforeBlocking 0.9444 | trainTime 14.0426 | exSelTime 0.0001 | testTime 0.0593 | numPos 8.0000 | numNeg 26.0000 | Recall_AfterBlocking 0.5333 | F1_AfterBlocking 0.6957 | AUC_AfterBlocking 0.5667
totalEx=35, totalInferences=0, infer_Precision=1.0, infer_Recall=1.0, infer_F1=1.0, infer_TP=0, infer_TN=0, infer_FP=0, infer_FN=0, minK=0, maxK=0
initialize BERT for Binary Classification from the Pretrained BERT model at: bert-base-uncased ...

data files loaded with sizes:
	[# Train]: 35, [# Test]: 46
{'train_runtime': 14.1241, 'train_samples_per_second': 247.803, 'train_steps_per_second': 7.08, 'train_loss': 0.3790732955932617}
ITER=29, #Train=35, #HeldOut=11, #Test=46
Test Set Loss 0.1151 | PrecisionBeforeBlocking 1.0000 | RecallBeforeBlocking 0.8889 | F1BeforeBlocking 0.9412 | AUCBeforeBlocking 0.9444 | trainTime 14.2188 | exSelTime 0.0001 | testTime 0.0586 | numPos 8.0000 | numNeg 27.0000 | Recall_AfterBlocking 0.5333 | F1_AfterBlocking 0.6957 | AUC_AfterBlocking 0.5667
totalEx=36, totalInferences=0, infer_Precision=1.0, infer_Recall=1.0, infer_F1=1.0, infer_TP=0, infer_TN=0, infer_FP=0, infer_FN=0, minK=0, maxK=0
initialize BERT for Binary Classification from the Pretrained BERT model at: bert-base-uncased ...

data files loaded with sizes:
	[# Train]: 36, [# Test]: 46
{'train_runtime': 13.9624, 'train_samples_per_second': 257.836, 'train_steps_per_second': 7.162, 'train_loss': 0.38097286224365234}
ITER=30, #Train=36, #HeldOut=10, #Test=46
Test Set Loss 0.1165 | PrecisionBeforeBlocking 1.0000 | RecallBeforeBlocking 0.8889 | F1BeforeBlocking 0.9412 | AUCBeforeBlocking 0.9444 | trainTime 14.1019 | exSelTime 0.0001 | testTime 0.0583 | numPos 8.0000 | numNeg 28.0000 | Recall_AfterBlocking 0.5333 | F1_AfterBlocking 0.6957 | AUC_AfterBlocking 0.5667
totalEx=37, totalInferences=0, infer_Precision=1.0, infer_Recall=1.0, infer_F1=1.0, infer_TP=0, infer_TN=0, infer_FP=0, infer_FN=0, minK=0, maxK=0
initialize BERT for Binary Classification from the Pretrained BERT model at: bert-base-uncased ...

data files loaded with sizes:
	[# Train]: 37, [# Test]: 46
{'train_runtime': 14.2521, 'train_samples_per_second': 259.611, 'train_steps_per_second': 7.017, 'train_loss': 0.3804034805297852}
ITER=31, #Train=37, #HeldOut=9, #Test=46
Test Set Loss 0.1171 | PrecisionBeforeBlocking 1.0000 | RecallBeforeBlocking 0.8889 | F1BeforeBlocking 0.9412 | AUCBeforeBlocking 0.9444 | trainTime 14.3985 | exSelTime 0.0001 | testTime 0.0610 | numPos 8.0000 | numNeg 29.0000 | Recall_AfterBlocking 0.5333 | F1_AfterBlocking 0.6957 | AUC_AfterBlocking 0.5667
totalEx=38, totalInferences=0, infer_Precision=1.0, infer_Recall=1.0, infer_F1=1.0, infer_TP=0, infer_TN=0, infer_FP=0, infer_FN=0, minK=0, maxK=0
initialize BERT for Binary Classification from the Pretrained BERT model at: bert-base-uncased ...

data files loaded with sizes:
	[# Train]: 38, [# Test]: 46
{'train_runtime': 14.2392, 'train_samples_per_second': 266.87, 'train_steps_per_second': 7.023, 'train_loss': 0.37865238189697265}
ITER=32, #Train=38, #HeldOut=8, #Test=46
Test Set Loss 0.1174 | PrecisionBeforeBlocking 1.0000 | RecallBeforeBlocking 0.8889 | F1BeforeBlocking 0.9412 | AUCBeforeBlocking 0.9444 | trainTime 14.3793 | exSelTime 0.0000 | testTime 0.0594 | numPos 8.0000 | numNeg 30.0000 | Recall_AfterBlocking 0.5333 | F1_AfterBlocking 0.6957 | AUC_AfterBlocking 0.5667
totalEx=39, totalInferences=0, infer_Precision=1.0, infer_Recall=1.0, infer_F1=1.0, infer_TP=0, infer_TN=0, infer_FP=0, infer_FN=0, minK=0, maxK=0
initialize BERT for Binary Classification from the Pretrained BERT model at: bert-base-uncased ...

data files loaded with sizes:
	[# Train]: 39, [# Test]: 46
{'train_runtime': 14.3024, 'train_samples_per_second': 272.681, 'train_steps_per_second': 6.992, 'train_loss': 0.37962242126464846}
ITER=33, #Train=39, #HeldOut=7, #Test=46
Test Set Loss 0.1182 | PrecisionBeforeBlocking 1.0000 | RecallBeforeBlocking 0.8889 | F1BeforeBlocking 0.9412 | AUCBeforeBlocking 0.9444 | trainTime 14.4198 | exSelTime 0.0001 | testTime 0.0583 | numPos 8.0000 | numNeg 31.0000 | Recall_AfterBlocking 0.5333 | F1_AfterBlocking 0.6957 | AUC_AfterBlocking 0.5667
totalEx=40, totalInferences=0, infer_Precision=1.0, infer_Recall=1.0, infer_F1=1.0, infer_TP=0, infer_TN=0, infer_FP=0, infer_FN=0, minK=0, maxK=0
initialize BERT for Binary Classification from the Pretrained BERT model at: bert-base-uncased ...

data files loaded with sizes:
	[# Train]: 40, [# Test]: 46
{'train_runtime': 14.4756, 'train_samples_per_second': 276.327, 'train_steps_per_second': 6.908, 'train_loss': 0.36876266479492187}
ITER=34, #Train=40, #HeldOut=6, #Test=46
Test Set Loss 0.1190 | PrecisionBeforeBlocking 1.0000 | RecallBeforeBlocking 0.8889 | F1BeforeBlocking 0.9412 | AUCBeforeBlocking 0.9444 | trainTime 14.5934 | exSelTime 0.0001 | testTime 0.0586 | numPos 8.0000 | numNeg 32.0000 | Recall_AfterBlocking 0.5333 | F1_AfterBlocking 0.6957 | AUC_AfterBlocking 0.5667
totalEx=41, totalInferences=0, infer_Precision=1.0, infer_Recall=1.0, infer_F1=1.0, infer_TP=0, infer_TN=0, infer_FP=0, infer_FN=0, minK=0, maxK=0
initialize BERT for Binary Classification from the Pretrained BERT model at: bert-base-uncased ...

data files loaded with sizes:
	[# Train]: 41, [# Test]: 46
{'train_runtime': 14.651, 'train_samples_per_second': 279.845, 'train_steps_per_second': 6.825, 'train_loss': 0.37077701568603516}
ITER=35, #Train=41, #HeldOut=5, #Test=46
Test Set Loss 0.1208 | PrecisionBeforeBlocking 1.0000 | RecallBeforeBlocking 0.8889 | F1BeforeBlocking 0.9412 | AUCBeforeBlocking 0.9444 | trainTime 14.7473 | exSelTime 0.0001 | testTime 0.0587 | numPos 8.0000 | numNeg 33.0000 | Recall_AfterBlocking 0.5333 | F1_AfterBlocking 0.6957 | AUC_AfterBlocking 0.5667
totalEx=42, totalInferences=0, infer_Precision=1.0, infer_Recall=1.0, infer_F1=1.0, infer_TP=0, infer_TN=0, infer_FP=0, infer_FN=0, minK=0, maxK=0
initialize BERT for Binary Classification from the Pretrained BERT model at: bert-base-uncased ...

data files loaded with sizes:
	[# Train]: 42, [# Test]: 46
{'train_runtime': 14.6933, 'train_samples_per_second': 285.845, 'train_steps_per_second': 6.806, 'train_loss': 0.3712529373168945}
ITER=36, #Train=42, #HeldOut=4, #Test=46
Test Set Loss 0.1183 | PrecisionBeforeBlocking 1.0000 | RecallBeforeBlocking 0.8889 | F1BeforeBlocking 0.9412 | AUCBeforeBlocking 0.9444 | trainTime 14.7865 | exSelTime 0.0001 | testTime 0.0580 | numPos 8.0000 | numNeg 34.0000 | Recall_AfterBlocking 0.5333 | F1_AfterBlocking 0.6957 | AUC_AfterBlocking 0.5667
totalEx=43, totalInferences=0, infer_Precision=1.0, infer_Recall=1.0, infer_F1=1.0, infer_TP=0, infer_TN=0, infer_FP=0, infer_FN=0, minK=0, maxK=0
initialize BERT for Binary Classification from the Pretrained BERT model at: bert-base-uncased ...

data files loaded with sizes:
	[# Train]: 43, [# Test]: 46
{'train_runtime': 14.534, 'train_samples_per_second': 295.859, 'train_steps_per_second': 6.88, 'train_loss': 0.3695569229125977}
ITER=37, #Train=43, #HeldOut=3, #Test=46
Test Set Loss 0.1221 | PrecisionBeforeBlocking 1.0000 | RecallBeforeBlocking 0.8889 | F1BeforeBlocking 0.9412 | AUCBeforeBlocking 0.9444 | trainTime 14.6641 | exSelTime 0.0000 | testTime 0.0588 | numPos 8.0000 | numNeg 35.0000 | Recall_AfterBlocking 0.5333 | F1_AfterBlocking 0.6957 | AUC_AfterBlocking 0.5667
totalEx=44, totalInferences=0, infer_Precision=1.0, infer_Recall=1.0, infer_F1=1.0, infer_TP=0, infer_TN=0, infer_FP=0, infer_FN=0, minK=0, maxK=0
initialize BERT for Binary Classification from the Pretrained BERT model at: bert-base-uncased ...

data files loaded with sizes:
	[# Train]: 44, [# Test]: 46
{'train_runtime': 14.799, 'train_samples_per_second': 297.318, 'train_steps_per_second': 6.757, 'train_loss': 0.36710968017578127}
ITER=38, #Train=44, #HeldOut=2, #Test=46
Test Set Loss 0.1210 | PrecisionBeforeBlocking 1.0000 | RecallBeforeBlocking 0.8889 | F1BeforeBlocking 0.9412 | AUCBeforeBlocking 0.9444 | trainTime 14.9404 | exSelTime 0.0001 | testTime 0.0588 | numPos 8.0000 | numNeg 36.0000 | Recall_AfterBlocking 0.5333 | F1_AfterBlocking 0.6957 | AUC_AfterBlocking 0.5667
totalEx=45, totalInferences=0, infer_Precision=1.0, infer_Recall=1.0, infer_F1=1.0, infer_TP=0, infer_TN=0, infer_FP=0, infer_FN=0, minK=0, maxK=0
initialize BERT for Binary Classification from the Pretrained BERT model at: bert-base-uncased ...

data files loaded with sizes:
	[# Train]: 45, [# Test]: 46
{'train_runtime': 14.6236, 'train_samples_per_second': 307.722, 'train_steps_per_second': 6.838, 'train_loss': 0.3785544204711914}
ITER=39, #Train=45, #HeldOut=1, #Test=46
Test Set Loss 0.0241 | PrecisionBeforeBlocking 1.0000 | RecallBeforeBlocking 1.0000 | F1BeforeBlocking 1.0000 | AUCBeforeBlocking 1.0000 | trainTime 14.7378 | exSelTime 0.0000 | testTime 0.0584 | numPos 9.0000 | numNeg 36.0000 | Recall_AfterBlocking 0.6000 | F1_AfterBlocking 0.7500 | AUC_AfterBlocking 0.6000
totalEx=46, totalInferences=0, infer_Precision=1.0, infer_Recall=1.0, infer_F1=1.0, infer_TP=0, infer_TN=0, infer_FP=0, infer_FN=0, minK=0, maxK=0
initialize BERT for Binary Classification from the Pretrained BERT model at: bert-base-uncased ...

data files loaded with sizes:
	[# Train]: 46, [# Test]: 46
{'train_runtime': 14.927, 'train_samples_per_second': 308.166, 'train_steps_per_second': 6.699, 'train_loss': 0.375822868347168}
ITER=40, #Train=46, #HeldOut=0, #Test=46
Test Set Loss 0.0202 | PrecisionBeforeBlocking 1.0000 | RecallBeforeBlocking 1.0000 | F1BeforeBlocking 1.0000 | AUCBeforeBlocking 1.0000 | trainTime 15.0324 | exSelTime 0.0000 | testTime 0.0610 | numPos 9.0000 | numNeg 37.0000 | Recall_AfterBlocking 0.6000 | F1_AfterBlocking 0.7500 | AUC_AfterBlocking 0.6000
