on cpu
loading data ... from src/model/gnn/dataset/cmt-conference-block/cmt_conference_Ontology_Node_Embeddings.txt
src/model/gnn/dataset/cmt-conference-block/cmt_conference_Ontology_Edge_List.txt
src/model/gnn/dataset/cmt-conference-block/prog_seed_pairs.txt
src/model/gnn/dataset/cmt-conference-block/pos_neg_pairs.txt
done
Epoch 0099 | Eval Loss 0.5033 | Precision 1.0000 | Recall 1.0000 | F1 1.0000 | AUC 1.0000 | time 0.0016
ITER=0, #Train=6, #HeldOut=26, #Test=32
Test Set Loss 0.8613 | Precision 0.4000 | Recall 0.9091 | F1 0.5556 | AUC 0.6991 | trainTime 0.4200 | exSelTime 0.0000 | testTime 0.0017 | numPos -1.0000 | numNeg -1.0000 | Recall_After 0.6667 | F1_After 0.5000 | AUC_After 0.5127
Epoch 0099 | Eval Loss 0.6299 | Precision 1.0000 | Recall 1.0000 | F1 1.0000 | AUC 1.0000 | time 0.0021
Epoch 0099 | Eval Loss 0.5032 | Precision 1.0000 | Recall 1.0000 | F1 1.0000 | AUC 1.0000 | time 0.0020
Epoch 0099 | Eval Loss 0.4761 | Precision 1.0000 | Recall 1.0000 | F1 1.0000 | AUC 1.0000 | time 0.0017
ITER=1, #Train=7, #HeldOut=25, #Test=32
Test Set Loss 0.8665 | Precision 0.4074 | Recall 1.0000 | F1 0.5789 | AUC 0.7792 | trainTime 0.4200 | exSelTime 16.1340 | testTime 0.0018 | numPos 4.0000 | numNeg 3.0000 | Recall_After 0.7333 | F1_After 0.5238 | AUC_After 0.5714
Epoch 0099 | Eval Loss 0.4218 | Precision 1.0000 | Recall 1.0000 | F1 1.0000 | AUC 1.0000 | time 0.0022
Epoch 0099 | Eval Loss 0.5304 | Precision 1.0000 | Recall 1.0000 | F1 1.0000 | AUC 1.0000 | time 0.0021
Epoch 0099 | Eval Loss 0.5033 | Precision 1.0000 | Recall 1.0000 | F1 1.0000 | AUC 1.0000 | time 0.0017
ITER=2, #Train=8, #HeldOut=24, #Test=32
Test Set Loss 0.8307 | Precision 0.4231 | Recall 1.0000 | F1 0.5946 | AUC 0.8139 | trainTime 0.4200 | exSelTime 16.6272 | testTime 0.0017 | numPos 4.0000 | numNeg 4.0000 | Recall_After 0.7333 | F1_After 0.5366 | AUC_After 0.5968
Epoch 0099 | Eval Loss 0.6457 | Precision 1.0000 | Recall 1.0000 | F1 1.0000 | AUC 1.0000 | time 0.0022
Epoch 0099 | Eval Loss 0.5508 | Precision 1.0000 | Recall 1.0000 | F1 1.0000 | AUC 1.0000 | time 0.0019
Epoch 0099 | Eval Loss 0.5243 | Precision 1.0000 | Recall 1.0000 | F1 1.0000 | AUC 1.0000 | time 0.0017
ITER=3, #Train=9, #HeldOut=23, #Test=32
Test Set Loss 0.8314 | Precision 0.4231 | Recall 1.0000 | F1 0.5946 | AUC 0.8225 | trainTime 0.4200 | exSelTime 16.6260 | testTime 0.0017 | numPos 4.0000 | numNeg 5.0000 | Recall_After 0.7333 | F1_After 0.5366 | AUC_After 0.6032
Epoch 0099 | Eval Loss 0.6088 | Precision 1.0000 | Recall 1.0000 | F1 1.0000 | AUC 1.0000 | time 0.0020
Epoch 0099 | Eval Loss 0.5244 | Precision 1.0000 | Recall 1.0000 | F1 1.0000 | AUC 1.0000 | time 0.0019
Epoch 0099 | Eval Loss 0.5412 | Precision 1.0000 | Recall 1.0000 | F1 1.0000 | AUC 1.0000 | time 0.0018
ITER=4, #Train=10, #HeldOut=22, #Test=32
Test Set Loss 0.7999 | Precision 0.4583 | Recall 1.0000 | F1 0.6286 | AUC 0.8788 | trainTime 0.4200 | exSelTime 16.9089 | testTime 0.0018 | numPos 4.0000 | numNeg 6.0000 | Recall_After 0.7333 | F1_After 0.5641 | AUC_After 0.6444
Epoch 0099 | Eval Loss 0.6553 | Precision 1.0000 | Recall 1.0000 | F1 1.0000 | AUC 1.0000 | time 0.0019
Epoch 0099 | Eval Loss 0.5793 | Precision 1.0000 | Recall 1.0000 | F1 1.0000 | AUC 1.0000 | time 0.0019
Epoch 0099 | Eval Loss 0.5550 | Precision 1.0000 | Recall 1.0000 | F1 1.0000 | AUC 1.0000 | time 0.0017
ITER=5, #Train=11, #HeldOut=21, #Test=32
Test Set Loss 0.7540 | Precision 0.5500 | Recall 1.0000 | F1 0.7097 | AUC 0.8268 | trainTime 0.4200 | exSelTime 17.1555 | testTime 0.0018 | numPos 4.0000 | numNeg 7.0000 | Recall_After 0.7333 | F1_After 0.6286 | AUC_After 0.6063
Epoch 0099 | Eval Loss 0.5206 | Precision 1.0000 | Recall 1.0000 | F1 1.0000 | AUC 1.0000 | time 0.0051
Epoch 0099 | Eval Loss 0.5896 | Precision 1.0000 | Recall 1.0000 | F1 1.0000 | AUC 1.0000 | time 0.0024
Epoch 0099 | Eval Loss 0.5665 | Precision 1.0000 | Recall 1.0000 | F1 1.0000 | AUC 1.0000 | time 0.0017
ITER=6, #Train=12, #HeldOut=20, #Test=32
Test Set Loss 0.7644 | Precision 0.5000 | Recall 1.0000 | F1 0.6667 | AUC 0.8442 | trainTime 0.4200 | exSelTime 18.0249 | testTime 0.0017 | numPos 4.0000 | numNeg 8.0000 | Recall_After 0.7333 | F1_After 0.5946 | AUC_After 0.6190
Epoch 0099 | Eval Loss 0.5032 | Precision 1.0000 | Recall 1.0000 | F1 1.0000 | AUC 1.0000 | time 0.0020
Epoch 0099 | Eval Loss 0.5982 | Precision 1.0000 | Recall 1.0000 | F1 1.0000 | AUC 1.0000 | time 0.0018
Epoch 0099 | Eval Loss 0.5763 | Precision 1.0000 | Recall 1.0000 | F1 1.0000 | AUC 1.0000 | time 0.0017
ITER=7, #Train=13, #HeldOut=19, #Test=32
Test Set Loss 0.7469 | Precision 0.5263 | Recall 0.9091 | F1 0.6667 | AUC 0.7965 | trainTime 0.4200 | exSelTime 16.9406 | testTime 0.0017 | numPos 4.0000 | numNeg 9.0000 | Recall_After 0.6667 | F1_After 0.5882 | AUC_After 0.5841
Epoch 0099 | Eval Loss 0.6348 | Precision 1.0000 | Recall 1.0000 | F1 1.0000 | AUC 1.0000 | time 0.0020
Epoch 0099 | Eval Loss 0.6932 | Precision 0.0000 | Recall 0.0000 | F1 0.0000 | AUC nan | time 0.0019
Epoch 0099 | Eval Loss 0.5575 | Precision 1.0000 | Recall 1.0000 | F1 1.0000 | AUC 1.0000 | time 0.0017
ITER=8, #Train=14, #HeldOut=18, #Test=32
Test Set Loss 0.7593 | Precision 0.5000 | Recall 0.9091 | F1 0.6452 | AUC 0.8139 | trainTime 0.4200 | exSelTime 16.5957 | testTime 0.0017 | numPos 5.0000 | numNeg 9.0000 | Recall_After 0.6667 | F1_After 0.5714 | AUC_After 0.5968
Epoch 0099 | Eval Loss 0.6119 | Precision 1.0000 | Recall 1.0000 | F1 1.0000 | AUC 1.0000 | time 0.0022
Epoch 0099 | Eval Loss 0.5304 | Precision 1.0000 | Recall 1.0000 | F1 1.0000 | AUC 1.0000 | time 0.0021
Epoch 0099 | Eval Loss 0.5665 | Precision 1.0000 | Recall 1.0000 | F1 1.0000 | AUC 1.0000 | time 0.0020
ITER=9, #Train=15, #HeldOut=17, #Test=32
Test Set Loss 0.7672 | Precision 0.5000 | Recall 0.9091 | F1 0.6452 | AUC 0.8139 | trainTime 0.4200 | exSelTime 16.5402 | testTime 0.0020 | numPos 5.0000 | numNeg 10.0000 | Recall_After 0.6667 | F1_After 0.5714 | AUC_After 0.5968
Epoch 0099 | Eval Loss 0.5159 | Precision 1.0000 | Recall 1.0000 | F1 1.0000 | AUC 1.0000 | time 0.0022
Epoch 0099 | Eval Loss 0.5160 | Precision 1.0000 | Recall 1.0000 | F1 1.0000 | AUC 1.0000 | time 0.0022
Epoch 0099 | Eval Loss 0.5507 | Precision 1.0000 | Recall 1.0000 | F1 1.0000 | AUC 1.0000 | time 0.0021
ITER=10, #Train=16, #HeldOut=16, #Test=32
Test Set Loss 0.7724 | Precision 0.5000 | Recall 1.0000 | F1 0.6667 | AUC 0.9113 | trainTime 0.4200 | exSelTime 17.6814 | testTime 0.0021 | numPos 6.0000 | numNeg 10.0000 | Recall_After 0.7333 | F1_After 0.5946 | AUC_After 0.6683
Epoch 0099 | Eval Loss 0.4320 | Precision 1.0000 | Recall 1.0000 | F1 1.0000 | AUC 1.0000 | time 0.0022
Epoch 0099 | Eval Loss 0.5983 | Precision 1.0000 | Recall 1.0000 | F1 1.0000 | AUC 1.0000 | time 0.0021
Epoch 0099 | Eval Loss 0.5591 | Precision 1.0000 | Recall 1.0000 | F1 1.0000 | AUC 1.0000 | time 0.0021
ITER=11, #Train=17, #HeldOut=15, #Test=32
Test Set Loss 0.7441 | Precision 0.5238 | Recall 1.0000 | F1 0.6875 | AUC 0.8723 | trainTime 0.4200 | exSelTime 18.0387 | testTime 0.0022 | numPos 6.0000 | numNeg 11.0000 | Recall_After 0.7333 | F1_After 0.6111 | AUC_After 0.6397
Epoch 0099 | Eval Loss 0.5815 | Precision 1.0000 | Recall 1.0000 | F1 1.0000 | AUC 1.0000 | time 0.0021
Epoch 0099 | Eval Loss 0.6038 | Precision 1.0000 | Recall 1.0000 | F1 1.0000 | AUC 1.0000 | time 0.0021
Epoch 0099 | Eval Loss 0.5454 | Precision 1.0000 | Recall 1.0000 | F1 1.0000 | AUC 1.0000 | time 0.0021
ITER=12, #Train=18, #HeldOut=14, #Test=32
Test Set Loss 0.7437 | Precision 0.5238 | Recall 1.0000 | F1 0.6875 | AUC 0.8745 | trainTime 0.4200 | exSelTime 17.5317 | testTime 0.0021 | numPos 7.0000 | numNeg 11.0000 | Recall_After 0.7333 | F1_After 0.6111 | AUC_After 0.6413
Epoch 0099 | Eval Loss 0.4822 | Precision 1.0000 | Recall 1.0000 | F1 1.0000 | AUC 1.0000 | time 0.0022
Epoch 0099 | Eval Loss 0.5455 | Precision 1.0000 | Recall 1.0000 | F1 1.0000 | AUC 1.0000 | time 0.0021
Epoch 0099 | Eval Loss 0.5532 | Precision 1.0000 | Recall 1.0000 | F1 1.0000 | AUC 1.0000 | time 0.0020
ITER=13, #Train=19, #HeldOut=13, #Test=32
Test Set Loss 0.7146 | Precision 0.5789 | Recall 1.0000 | F1 0.7333 | AUC 0.8225 | trainTime 0.4200 | exSelTime 17.8028 | testTime 0.0022 | numPos 7.0000 | numNeg 12.0000 | Recall_After 0.7333 | F1_After 0.6471 | AUC_After 0.6032
Epoch 0099 | Eval Loss 0.6132 | Precision 1.0000 | Recall 1.0000 | F1 1.0000 | AUC 1.0000 | time 0.0024
Epoch 0099 | Eval Loss 0.6332 | Precision 1.0000 | Recall 1.0000 | F1 1.0000 | AUC 1.0000 | time 0.0021
Epoch 0099 | Eval Loss 0.5602 | Precision 1.0000 | Recall 1.0000 | F1 1.0000 | AUC 1.0000 | time 0.0021
ITER=14, #Train=20, #HeldOut=12, #Test=32
Test Set Loss 0.7013 | Precision 0.6111 | Recall 1.0000 | F1 0.7586 | AUC 0.8528 | trainTime 0.4200 | exSelTime 17.6990 | testTime 0.0023 | numPos 7.0000 | numNeg 13.0000 | Recall_After 0.7333 | F1_After 0.6667 | AUC_After 0.6254
Epoch 0099 | Eval Loss 0.5412 | Precision 1.0000 | Recall 1.0000 | F1 1.0000 | AUC 1.0000 | time 0.0022
Epoch 0099 | Eval Loss 0.5603 | Precision 1.0000 | Recall 1.0000 | F1 1.0000 | AUC 1.0000 | time 0.0021
Epoch 0099 | Eval Loss 0.5665 | Precision 1.0000 | Recall 1.0000 | F1 1.0000 | AUC 1.0000 | time 0.0022
ITER=15, #Train=21, #HeldOut=11, #Test=32
Test Set Loss 0.6871 | Precision 0.6471 | Recall 1.0000 | F1 0.7857 | AUC 0.8268 | trainTime 0.4200 | exSelTime 17.7829 | testTime 0.0022 | numPos 7.0000 | numNeg 14.0000 | Recall_After 0.7333 | F1_After 0.6875 | AUC_After 0.6063
Epoch 0099 | Eval Loss 0.5304 | Precision 1.0000 | Recall 1.0000 | F1 1.0000 | AUC 1.0000 | time 0.0021
Epoch 0099 | Eval Loss 0.6389 | Precision 1.0000 | Recall 1.0000 | F1 1.0000 | AUC 1.0000 | time 0.0021
Epoch 0099 | Eval Loss 0.5550 | Precision 1.0000 | Recall 1.0000 | F1 1.0000 | AUC 1.0000 | time 0.0020
ITER=16, #Train=22, #HeldOut=10, #Test=32
Test Set Loss 0.6870 | Precision 0.6471 | Recall 1.0000 | F1 0.7857 | AUC 0.8225 | trainTime 0.4200 | exSelTime 17.8744 | testTime 0.0021 | numPos 8.0000 | numNeg 14.0000 | Recall_After 0.7333 | F1_After 0.6875 | AUC_After 0.6032
Epoch 0099 | Eval Loss 0.5551 | Precision 1.0000 | Recall 1.0000 | F1 1.0000 | AUC 1.0000 | time 0.0022
Epoch 0099 | Eval Loss 0.5378 | Precision 1.0000 | Recall 1.0000 | F1 1.0000 | AUC 1.0000 | time 0.0022
Epoch 0099 | Eval Loss 0.5610 | Precision 1.0000 | Recall 1.0000 | F1 1.0000 | AUC 1.0000 | time 0.0021
ITER=17, #Train=23, #HeldOut=9, #Test=32
Test Set Loss 0.6679 | Precision 0.6875 | Recall 1.0000 | F1 0.8148 | AUC 0.8571 | trainTime 0.4200 | exSelTime 17.8094 | testTime 0.0022 | numPos 8.0000 | numNeg 15.0000 | Recall_After 0.7333 | F1_After 0.7097 | AUC_After 0.6286
Epoch 0099 | Eval Loss 0.5446 | Precision 1.0000 | Recall 1.0000 | F1 1.0000 | AUC 1.0000 | time 0.0024
Epoch 0099 | Eval Loss 0.5776 | Precision 1.0000 | Recall 1.0000 | F1 1.0000 | AUC 1.0000 | time 0.0022
Epoch 0099 | Eval Loss 0.5665 | Precision 1.0000 | Recall 1.0000 | F1 1.0000 | AUC 1.0000 | time 0.0021
ITER=18, #Train=24, #HeldOut=8, #Test=32
Test Set Loss 0.6457 | Precision 0.7333 | Recall 1.0000 | F1 0.8462 | AUC 0.8874 | trainTime 0.4200 | exSelTime 17.9837 | testTime 0.0022 | numPos 8.0000 | numNeg 16.0000 | Recall_After 0.7333 | F1_After 0.7333 | AUC_After 0.6508
Epoch 0099 | Eval Loss 0.5665 | Precision 1.0000 | Recall 1.0000 | F1 1.0000 | AUC 1.0000 | time 0.0023
Epoch 0099 | Eval Loss 0.5508 | Precision 1.0000 | Recall 1.0000 | F1 1.0000 | AUC 1.0000 | time 0.0022
Epoch 0099 | Eval Loss 0.5716 | Precision 1.0000 | Recall 1.0000 | F1 1.0000 | AUC 1.0000 | time 0.0022
ITER=19, #Train=25, #HeldOut=7, #Test=32
Test Set Loss 0.6154 | Precision 0.7857 | Recall 1.0000 | F1 0.8800 | AUC 0.9459 | trainTime 0.4200 | exSelTime 19.1156 | testTime 0.0023 | numPos 8.0000 | numNeg 17.0000 | Recall_After 0.7333 | F1_After 0.7586 | AUC_After 0.6937
Epoch 0099 | Eval Loss 0.6629 | Precision 1.0000 | Recall 1.0000 | F1 1.0000 | AUC 1.0000 | time 0.0026
Epoch 0099 | Eval Loss 0.5564 | Precision 1.0000 | Recall 1.0000 | F1 1.0000 | AUC 1.0000 | time 0.0024
Epoch 0099 | Eval Loss 0.5763 | Precision 1.0000 | Recall 1.0000 | F1 1.0000 | AUC 1.0000 | time 0.0023
ITER=20, #Train=26, #HeldOut=6, #Test=32
Test Set Loss 0.6159 | Precision 0.7857 | Recall 1.0000 | F1 0.8800 | AUC 0.9459 | trainTime 0.4200 | exSelTime 20.1503 | testTime 0.0022 | numPos 8.0000 | numNeg 18.0000 | Recall_After 0.7333 | F1_After 0.7586 | AUC_After 0.6937
Epoch 0099 | Eval Loss 0.5764 | Precision 1.0000 | Recall 1.0000 | F1 1.0000 | AUC 1.0000 | time 0.0024
Epoch 0099 | Eval Loss 0.5665 | Precision 1.0000 | Recall 1.0000 | F1 1.0000 | AUC 1.0000 | time 0.0023
ITER=21, #Train=27, #HeldOut=5, #Test=32
Test Set Loss 0.6159 | Precision 0.7857 | Recall 1.0000 | F1 0.8800 | AUC 0.9459 | trainTime 0.4200 | exSelTime 20.1284 | testTime 0.0024 | numPos 9.0000 | numNeg 18.0000 | Recall_After 0.7333 | F1_After 0.7586 | AUC_After 0.6937
Epoch 0099 | Eval Loss 0.5384 | Precision 1.0000 | Recall 1.0000 | F1 1.0000 | AUC 1.0000 | time 0.0025
Epoch 0099 | Eval Loss 0.4822 | Precision 1.0000 | Recall 1.0000 | F1 1.0000 | AUC 1.0000 | time 0.0023
Epoch 0099 | Eval Loss 0.5711 | Precision 1.0000 | Recall 1.0000 | F1 1.0000 | AUC 1.0000 | time 0.0023
ITER=22, #Train=28, #HeldOut=4, #Test=32
Test Set Loss 0.6014 | Precision 0.8462 | Recall 1.0000 | F1 0.9167 | AUC 0.9545 | trainTime 0.4200 | exSelTime 19.9474 | testTime 0.0023 | numPos 9.0000 | numNeg 19.0000 | Recall_After 0.7333 | F1_After 0.7857 | AUC_After 0.7000
Epoch 0099 | Eval Loss 0.5033 | Precision 1.0000 | Recall 1.0000 | F1 1.0000 | AUC 1.0000 | time 0.0023
Epoch 0099 | Eval Loss 0.5982 | Precision 1.0000 | Recall 1.0000 | F1 1.0000 | AUC 1.0000 | time 0.0022
Epoch 0099 | Eval Loss 0.5813 | Precision 1.0000 | Recall 1.0000 | F1 1.0000 | AUC 1.0000 | time 0.0022
ITER=23, #Train=29, #HeldOut=3, #Test=32
Test Set Loss 0.5876 | Precision 0.9167 | Recall 1.0000 | F1 0.9565 | AUC 0.9913 | trainTime 0.4200 | exSelTime 19.0510 | testTime 0.0022 | numPos 9.0000 | numNeg 20.0000 | Recall_After 0.7333 | F1_After 0.8148 | AUC_After 0.7270
Epoch 0099 | Eval Loss 0.6016 | Precision 1.0000 | Recall 1.0000 | F1 1.0000 | AUC 1.0000 | time 0.0024
Epoch 0099 | Eval Loss 0.6278 | Precision 1.0000 | Recall 1.0000 | F1 1.0000 | AUC 1.0000 | time 0.0028
Epoch 0099 | Eval Loss 0.5666 | Precision 1.0000 | Recall 1.0000 | F1 1.0000 | AUC 1.0000 | time 0.0021
ITER=24, #Train=30, #HeldOut=2, #Test=32
Test Set Loss 0.5820 | Precision 0.9167 | Recall 1.0000 | F1 0.9565 | AUC 1.0000 | trainTime 0.4200 | exSelTime 18.8901 | testTime 0.0023 | numPos 10.0000 | numNeg 20.0000 | Recall_After 0.7333 | F1_After 0.8148 | AUC_After 0.7333
Epoch 0099 | Eval Loss 0.5413 | Precision 1.0000 | Recall 1.0000 | F1 1.0000 | AUC 1.0000 | time 0.0022
Epoch 0099 | Eval Loss 0.5794 | Precision 1.0000 | Recall 1.0000 | F1 1.0000 | AUC 1.0000 | time 0.0022
Epoch 0099 | Eval Loss 0.5584 | Precision 1.0000 | Recall 1.0000 | F1 1.0000 | AUC 1.0000 | time 0.0022
ITER=25, #Train=31, #HeldOut=1, #Test=32
Test Set Loss 0.5819 | Precision 0.9167 | Recall 1.0000 | F1 0.9565 | AUC 1.0000 | trainTime 0.4200 | exSelTime 18.2721 | testTime 0.0021 | numPos 11.0000 | numNeg 20.0000 | Recall_After 0.7333 | F1_After 0.8148 | AUC_After 0.7333
Epoch 0099 | Eval Loss 0.5339 | Precision 1.0000 | Recall 1.0000 | F1 1.0000 | AUC 1.0000 | time 0.0023
Epoch 0099 | Eval Loss 0.5707 | Precision 1.0000 | Recall 1.0000 | F1 1.0000 | AUC 1.0000 | time 0.0022
Epoch 0099 | Eval Loss 0.5626 | Precision 1.0000 | Recall 1.0000 | F1 1.0000 | AUC 1.0000 | time 0.0021
ITER=26, #Train=32, #HeldOut=0, #Test=32
Test Set Loss 0.5626 | Precision 1.0000 | Recall 1.0000 | F1 1.0000 | AUC 1.0000 | trainTime 0.4200 | exSelTime 18.4561 | testTime 0.0022 | numPos 11.0000 | numNeg 21.0000 | Recall_After 0.7333 | F1_After 0.8462 | AUC_After 0.7333
