on cpu
loading data ... from src/model/gnn/dataset/cmt-conference-block/cmt_conference_Ontology_Node_Embeddings.txt
src/model/gnn/dataset/cmt-conference-block/cmt_conference_Ontology_Edge_List.txt
src/model/gnn/dataset/cmt-conference-block/prog_seed_pairs.txt
src/model/gnn/dataset/cmt-conference-block/pos_neg_pairs.txt
done
Epoch 0099 | Eval Loss 0.5032 | Precision 1.0000 | Recall 1.0000 | F1 1.0000 | AUC 1.0000 | time 0.0021
ITER=0, #Train=6, #HeldOut=26, #Test=32
Test Set Loss 0.8576 | Precision 0.3929 | Recall 1.0000 | F1 0.5641 | AUC 0.7619 | trainTime 0.4601 | exSelTime 0.0000 | testTime 0.0017 | numPos -1.0000 | numNeg -1.0000 | Recall_After 0.7333 | F1_After 0.5116 | AUC_After 0.5587
Epoch 0099 | Eval Loss 0.5665 | Precision 1.0000 | Recall 1.0000 | F1 1.0000 | AUC 1.0000 | time 0.0019
Epoch 0099 | Eval Loss 0.5665 | Precision 1.0000 | Recall 1.0000 | F1 1.0000 | AUC 1.0000 | time 0.0018
Epoch 0099 | Eval Loss 0.5303 | Precision 1.0000 | Recall 1.0000 | F1 1.0000 | AUC 1.0000 | time 0.0021
ITER=1, #Train=7, #HeldOut=25, #Test=32
Test Set Loss 0.8577 | Precision 0.3929 | Recall 1.0000 | F1 0.5641 | AUC 0.7619 | trainTime 0.4601 | exSelTime 16.3328 | testTime 0.0015 | numPos 3.0000 | numNeg 4.0000 | Recall_After 0.7333 | F1_After 0.5116 | AUC_After 0.5587
Epoch 0099 | Eval Loss 0.6389 | Precision 1.0000 | Recall 1.0000 | F1 1.0000 | AUC 1.0000 | time 0.0020
Epoch 0099 | Eval Loss 0.5303 | Precision 1.0000 | Recall 1.0000 | F1 1.0000 | AUC 1.0000 | time 0.0019
Epoch 0099 | Eval Loss 0.5507 | Precision 1.0000 | Recall 1.0000 | F1 1.0000 | AUC 1.0000 | time 0.0018
ITER=2, #Train=8, #HeldOut=24, #Test=32
Test Set Loss 0.7927 | Precision 0.4231 | Recall 1.0000 | F1 0.5946 | AUC 0.7662 | trainTime 0.4601 | exSelTime 16.3855 | testTime 0.0015 | numPos 3.0000 | numNeg 5.0000 | Recall_After 0.7333 | F1_After 0.5366 | AUC_After 0.5619
Epoch 0099 | Eval Loss 0.5982 | Precision 1.0000 | Recall 1.0000 | F1 1.0000 | AUC 1.0000 | time 0.0019
Epoch 0099 | Eval Loss 0.5507 | Precision 1.0000 | Recall 1.0000 | F1 1.0000 | AUC 1.0000 | time 0.0019
Epoch 0099 | Eval Loss 0.5665 | Precision 1.0000 | Recall 1.0000 | F1 1.0000 | AUC 1.0000 | time 0.0018
ITER=3, #Train=9, #HeldOut=23, #Test=32
Test Set Loss 0.7896 | Precision 0.4400 | Recall 1.0000 | F1 0.6111 | AUC 0.7749 | trainTime 0.4601 | exSelTime 16.3405 | testTime 0.0017 | numPos 3.0000 | numNeg 6.0000 | Recall_After 0.7333 | F1_After 0.5500 | AUC_After 0.5683
Epoch 0099 | Eval Loss 0.5665 | Precision 1.0000 | Recall 1.0000 | F1 1.0000 | AUC 1.0000 | time 0.0020
Epoch 0099 | Eval Loss 0.6087 | Precision 1.0000 | Recall 1.0000 | F1 1.0000 | AUC 1.0000 | time 0.0019
Epoch 0099 | Eval Loss 0.5792 | Precision 1.0000 | Recall 1.0000 | F1 1.0000 | AUC 1.0000 | time 0.0017
ITER=4, #Train=10, #HeldOut=22, #Test=32
Test Set Loss 0.7866 | Precision 0.4762 | Recall 0.9091 | F1 0.6250 | AUC 0.7403 | trainTime 0.4601 | exSelTime 16.1716 | testTime 0.0017 | numPos 3.0000 | numNeg 7.0000 | Recall_After 0.6667 | F1_After 0.5556 | AUC_After 0.5429
Epoch 0099 | Eval Loss 0.5792 | Precision 1.0000 | Recall 1.0000 | F1 1.0000 | AUC 1.0000 | time 0.0020
Epoch 0099 | Eval Loss 0.5792 | Precision 1.0000 | Recall 1.0000 | F1 1.0000 | AUC 1.0000 | time 0.0017
Epoch 0099 | Eval Loss 0.5895 | Precision 1.0000 | Recall 1.0000 | F1 1.0000 | AUC 1.0000 | time 0.0017
ITER=5, #Train=11, #HeldOut=21, #Test=32
Test Set Loss 0.7767 | Precision 0.5000 | Recall 0.9091 | F1 0.6452 | AUC 0.7338 | trainTime 0.4601 | exSelTime 16.3497 | testTime 0.0019 | numPos 3.0000 | numNeg 8.0000 | Recall_After 0.6667 | F1_After 0.5714 | AUC_After 0.5381
Epoch 0099 | Eval Loss 0.5895 | Precision 1.0000 | Recall 1.0000 | F1 1.0000 | AUC 1.0000 | time 0.0022
Epoch 0099 | Eval Loss 0.4514 | Precision 1.0000 | Recall 1.0000 | F1 1.0000 | AUC 1.0000 | time 0.0024
Epoch 0099 | Eval Loss 0.5665 | Precision 1.0000 | Recall 1.0000 | F1 1.0000 | AUC 1.0000 | time 0.0021
ITER=6, #Train=12, #HeldOut=20, #Test=32
Test Set Loss 0.7748 | Precision 0.5000 | Recall 0.9091 | F1 0.6452 | AUC 0.7143 | trainTime 0.4601 | exSelTime 16.2862 | testTime 0.0022 | numPos 4.0000 | numNeg 8.0000 | Recall_After 0.6667 | F1_After 0.5714 | AUC_After 0.5238
Epoch 0099 | Eval Loss 0.5982 | Precision 1.0000 | Recall 1.0000 | F1 1.0000 | AUC 1.0000 | time 0.0019
Epoch 0099 | Eval Loss 0.5665 | Precision 1.0000 | Recall 1.0000 | F1 1.0000 | AUC 1.0000 | time 0.0018
Epoch 0099 | Eval Loss 0.5470 | Precision 1.0000 | Recall 1.0000 | F1 1.0000 | AUC 1.0000 | time 0.0017
ITER=7, #Train=13, #HeldOut=19, #Test=32
Test Set Loss 0.7746 | Precision 0.5000 | Recall 0.9091 | F1 0.6452 | AUC 0.6991 | trainTime 0.4601 | exSelTime 16.3510 | testTime 0.0016 | numPos 5.0000 | numNeg 8.0000 | Recall_After 0.6667 | F1_After 0.5714 | AUC_After 0.5127
Epoch 0099 | Eval Loss 0.4886 | Precision 1.0000 | Recall 1.0000 | F1 1.0000 | AUC 1.0000 | time 0.0019
Epoch 0099 | Eval Loss 0.4886 | Precision 1.0000 | Recall 1.0000 | F1 1.0000 | AUC 1.0000 | time 0.0018
Epoch 0099 | Eval Loss 0.5575 | Precision 1.0000 | Recall 1.0000 | F1 1.0000 | AUC 1.0000 | time 0.0017
ITER=8, #Train=14, #HeldOut=18, #Test=32
Test Set Loss 0.7785 | Precision 0.5000 | Recall 1.0000 | F1 0.6667 | AUC 0.7229 | trainTime 0.4601 | exSelTime 16.6147 | testTime 0.0015 | numPos 5.0000 | numNeg 9.0000 | Recall_After 0.7333 | F1_After 0.5946 | AUC_After 0.5302
Epoch 0099 | Eval Loss 0.5304 | Precision 1.0000 | Recall 1.0000 | F1 1.0000 | AUC 1.0000 | time 0.0018
Epoch 0099 | Eval Loss 0.6118 | Precision 1.0000 | Recall 1.0000 | F1 1.0000 | AUC 1.0000 | time 0.0018
Epoch 0099 | Eval Loss 0.5665 | Precision 1.0000 | Recall 1.0000 | F1 1.0000 | AUC 1.0000 | time 0.0015
ITER=9, #Train=15, #HeldOut=17, #Test=32
Test Set Loss 0.7788 | Precision 0.5000 | Recall 1.0000 | F1 0.6667 | AUC 0.7186 | trainTime 0.4601 | exSelTime 16.7067 | testTime 0.0017 | numPos 5.0000 | numNeg 10.0000 | Recall_After 0.7333 | F1_After 0.5946 | AUC_After 0.5270
Epoch 0099 | Eval Loss 0.5159 | Precision 1.0000 | Recall 1.0000 | F1 1.0000 | AUC 1.0000 | time 0.0025
Epoch 0099 | Eval Loss 0.5412 | Precision 1.0000 | Recall 1.0000 | F1 1.0000 | AUC 1.0000 | time 0.0020
Epoch 0099 | Eval Loss 0.5744 | Precision 1.0000 | Recall 1.0000 | F1 1.0000 | AUC 1.0000 | time 0.0018
ITER=10, #Train=16, #HeldOut=16, #Test=32
Test Set Loss 0.7580 | Precision 0.5238 | Recall 1.0000 | F1 0.6875 | AUC 0.8009 | trainTime 0.4601 | exSelTime 16.7875 | testTime 0.0019 | numPos 5.0000 | numNeg 11.0000 | Recall_After 0.7333 | F1_After 0.6111 | AUC_After 0.5873
Epoch 0099 | Eval Loss 0.5507 | Precision 1.0000 | Recall 1.0000 | F1 1.0000 | AUC 1.0000 | time 0.0018
Epoch 0099 | Eval Loss 0.5744 | Precision 1.0000 | Recall 1.0000 | F1 1.0000 | AUC 1.0000 | time 0.0018
Epoch 0099 | Eval Loss 0.5591 | Precision 1.0000 | Recall 1.0000 | F1 1.0000 | AUC 1.0000 | time 0.0017
ITER=11, #Train=17, #HeldOut=15, #Test=32
Test Set Loss 0.7581 | Precision 0.5238 | Recall 1.0000 | F1 0.6875 | AUC 0.7987 | trainTime 0.4601 | exSelTime 16.5969 | testTime 0.0015 | numPos 6.0000 | numNeg 11.0000 | Recall_After 0.7333 | F1_After 0.6111 | AUC_After 0.5857
Epoch 0099 | Eval Loss 0.5368 | Precision 1.0000 | Recall 1.0000 | F1 1.0000 | AUC 1.0000 | time 0.0019
Epoch 0099 | Eval Loss 0.5815 | Precision 1.0000 | Recall 1.0000 | F1 1.0000 | AUC 1.0000 | time 0.0018
Epoch 0099 | Eval Loss 0.5454 | Precision 1.0000 | Recall 1.0000 | F1 1.0000 | AUC 1.0000 | time 0.0017
ITER=12, #Train=18, #HeldOut=14, #Test=32
Test Set Loss 0.7565 | Precision 0.5238 | Recall 1.0000 | F1 0.6875 | AUC 0.8398 | trainTime 0.4601 | exSelTime 16.5571 | testTime 0.0017 | numPos 7.0000 | numNeg 11.0000 | Recall_After 0.7333 | F1_After 0.6111 | AUC_After 0.6159
Epoch 0099 | Eval Loss 0.4821 | Precision 1.0000 | Recall 1.0000 | F1 1.0000 | AUC 1.0000 | time 0.0019
Epoch 0099 | Eval Loss 0.5877 | Precision 1.0000 | Recall 1.0000 | F1 1.0000 | AUC 1.0000 | time 0.0018
Epoch 0099 | Eval Loss 0.5332 | Precision 1.0000 | Recall 1.0000 | F1 1.0000 | AUC 1.0000 | time 0.0016
ITER=13, #Train=19, #HeldOut=13, #Test=32
Test Set Loss 0.7565 | Precision 0.5238 | Recall 1.0000 | F1 0.6875 | AUC 0.8355 | trainTime 0.4601 | exSelTime 17.1905 | testTime 0.0016 | numPos 8.0000 | numNeg 11.0000 | Recall_After 0.7333 | F1_After 0.6111 | AUC_After 0.6127
Epoch 0099 | Eval Loss 0.4933 | Precision 1.0000 | Recall 1.0000 | F1 1.0000 | AUC 1.0000 | time 0.0019
Epoch 0099 | Eval Loss 0.5732 | Precision 1.0000 | Recall 1.0000 | F1 1.0000 | AUC 1.0000 | time 0.0018
Epoch 0099 | Eval Loss 0.5412 | Precision 1.0000 | Recall 1.0000 | F1 1.0000 | AUC 1.0000 | time 0.0017
ITER=14, #Train=20, #HeldOut=12, #Test=32
Test Set Loss 0.7370 | Precision 0.5500 | Recall 1.0000 | F1 0.7097 | AUC 0.8182 | trainTime 0.4601 | exSelTime 16.8498 | testTime 0.0015 | numPos 8.0000 | numNeg 12.0000 | Recall_After 0.7333 | F1_After 0.6286 | AUC_After 0.6000
Epoch 0099 | Eval Loss 0.5222 | Precision 1.0000 | Recall 1.0000 | F1 1.0000 | AUC 1.0000 | time 0.0019
Epoch 0099 | Eval Loss 0.5222 | Precision 1.0000 | Recall 1.0000 | F1 1.0000 | AUC 1.0000 | time 0.0018
Epoch 0099 | Eval Loss 0.5485 | Precision 1.0000 | Recall 1.0000 | F1 1.0000 | AUC 1.0000 | time 0.0015
ITER=15, #Train=21, #HeldOut=11, #Test=32
Test Set Loss 0.7146 | Precision 0.5789 | Recall 1.0000 | F1 0.7333 | AUC 0.8874 | trainTime 0.4601 | exSelTime 16.5989 | testTime 0.0016 | numPos 8.0000 | numNeg 13.0000 | Recall_After 0.7333 | F1_After 0.6471 | AUC_After 0.6508
Epoch 0099 | Eval Loss 0.5484 | Precision 1.0000 | Recall 1.0000 | F1 1.0000 | AUC 1.0000 | time 0.0018
Epoch 0099 | Eval Loss 0.5484 | Precision 1.0000 | Recall 1.0000 | F1 1.0000 | AUC 1.0000 | time 0.0019
Epoch 0099 | Eval Loss 0.5552 | Precision 1.0000 | Recall 1.0000 | F1 1.0000 | AUC 1.0000 | time 0.0017
ITER=16, #Train=22, #HeldOut=10, #Test=32
Test Set Loss 0.6994 | Precision 0.5882 | Recall 0.9091 | F1 0.7143 | AUC 0.9307 | trainTime 0.4601 | exSelTime 16.5738 | testTime 0.0017 | numPos 8.0000 | numNeg 14.0000 | Recall_After 0.6667 | F1_After 0.6250 | AUC_After 0.6825
Epoch 0099 | Eval Loss 0.5378 | Precision 1.0000 | Recall 1.0000 | F1 1.0000 | AUC 1.0000 | time 0.0018
Epoch 0099 | Eval Loss 0.4514 | Precision 1.0000 | Recall 1.0000 | F1 1.0000 | AUC 1.0000 | time 0.0018
Epoch 0099 | Eval Loss 0.5446 | Precision 1.0000 | Recall 1.0000 | F1 1.0000 | AUC 1.0000 | time 0.0018
ITER=17, #Train=23, #HeldOut=9, #Test=32
Test Set Loss 0.6966 | Precision 0.6111 | Recall 1.0000 | F1 0.7586 | AUC 0.9091 | trainTime 0.4601 | exSelTime 17.0380 | testTime 0.0017 | numPos 9.0000 | numNeg 14.0000 | Recall_After 0.7333 | F1_After 0.6667 | AUC_After 0.6667
Epoch 0099 | Eval Loss 0.5942 | Precision 1.0000 | Recall 1.0000 | F1 1.0000 | AUC 1.0000 | time 0.0020
Epoch 0099 | Eval Loss 0.5778 | Precision 1.0000 | Recall 1.0000 | F1 1.0000 | AUC 1.0000 | time 0.0020
Epoch 0099 | Eval Loss 0.5509 | Precision 1.0000 | Recall 1.0000 | F1 1.0000 | AUC 1.0000 | time 0.0017
ITER=18, #Train=24, #HeldOut=8, #Test=32
Test Set Loss 0.6608 | Precision 0.6875 | Recall 1.0000 | F1 0.8148 | AUC 0.9481 | trainTime 0.4601 | exSelTime 16.8984 | testTime 0.0018 | numPos 9.0000 | numNeg 15.0000 | Recall_After 0.7333 | F1_After 0.7097 | AUC_After 0.6952
Epoch 0099 | Eval Loss 0.5665 | Precision 1.0000 | Recall 1.0000 | F1 1.0000 | AUC 1.0000 | time 0.0019
Epoch 0099 | Eval Loss 0.5033 | Precision 1.0000 | Recall 1.0000 | F1 1.0000 | AUC 1.0000 | time 0.0018
Epoch 0099 | Eval Loss 0.5565 | Precision 1.0000 | Recall 1.0000 | F1 1.0000 | AUC 1.0000 | time 0.0016
ITER=19, #Train=25, #HeldOut=7, #Test=32
Test Set Loss 0.6603 | Precision 0.6875 | Recall 1.0000 | F1 0.8148 | AUC 0.9307 | trainTime 0.4601 | exSelTime 17.0922 | testTime 0.0020 | numPos 9.0000 | numNeg 16.0000 | Recall_After 0.7333 | F1_After 0.7097 | AUC_After 0.6825
Epoch 0099 | Eval Loss 0.5718 | Precision 1.0000 | Recall 1.0000 | F1 1.0000 | AUC 1.0000 | time 0.0018
Epoch 0099 | Eval Loss 0.6172 | Precision 1.0000 | Recall 1.0000 | F1 1.0000 | AUC 1.0000 | time 0.0018
Epoch 0099 | Eval Loss 0.5618 | Precision 1.0000 | Recall 1.0000 | F1 1.0000 | AUC 1.0000 | time 0.0018
ITER=20, #Train=26, #HeldOut=6, #Test=32
Test Set Loss 0.6342 | Precision 0.7333 | Recall 1.0000 | F1 0.8462 | AUC 0.9567 | trainTime 0.4601 | exSelTime 16.9610 | testTime 0.0019 | numPos 9.0000 | numNeg 17.0000 | Recall_After 0.7333 | F1_After 0.7333 | AUC_After 0.7016
Epoch 0099 | Eval Loss 0.6495 | Precision 1.0000 | Recall 1.0000 | F1 1.0000 | AUC 1.0000 | time 0.0021
Epoch 0099 | Eval Loss 0.5763 | Precision 1.0000 | Recall 1.0000 | F1 1.0000 | AUC 1.0000 | time 0.0019
Epoch 0099 | Eval Loss 0.5667 | Precision 1.0000 | Recall 1.0000 | F1 1.0000 | AUC 1.0000 | time 0.0020
ITER=21, #Train=27, #HeldOut=5, #Test=32
Test Set Loss 0.6186 | Precision 0.7857 | Recall 1.0000 | F1 0.8800 | AUC 0.9784 | trainTime 0.4601 | exSelTime 17.3897 | testTime 0.0019 | numPos 9.0000 | numNeg 18.0000 | Recall_After 0.7333 | F1_After 0.7586 | AUC_After 0.7175
Epoch 0099 | Eval Loss 0.5947 | Precision 1.0000 | Recall 1.0000 | F1 1.0000 | AUC 1.0000 | time 0.0018
Epoch 0099 | Eval Loss 0.5103 | Precision 1.0000 | Recall 1.0000 | F1 1.0000 | AUC 1.0000 | time 0.0018
Epoch 0099 | Eval Loss 0.5712 | Precision 1.0000 | Recall 1.0000 | F1 1.0000 | AUC 1.0000 | time 0.0018
ITER=22, #Train=28, #HeldOut=4, #Test=32
Test Set Loss 0.5910 | Precision 0.9167 | Recall 1.0000 | F1 0.9565 | AUC 0.9870 | trainTime 0.4601 | exSelTime 17.1295 | testTime 0.0015 | numPos 9.0000 | numNeg 19.0000 | Recall_After 0.7333 | F1_After 0.8148 | AUC_After 0.7238
Epoch 0099 | Eval Loss 0.5440 | Precision 1.0000 | Recall 1.0000 | F1 1.0000 | AUC 1.0000 | time 0.0019
Epoch 0099 | Eval Loss 0.5576 | Precision 1.0000 | Recall 1.0000 | F1 1.0000 | AUC 1.0000 | time 0.0018
Epoch 0099 | Eval Loss 0.5754 | Precision 1.0000 | Recall 1.0000 | F1 1.0000 | AUC 1.0000 | time 0.0018
ITER=23, #Train=29, #HeldOut=3, #Test=32
Test Set Loss 0.5830 | Precision 0.9167 | Recall 1.0000 | F1 0.9565 | AUC 0.9870 | trainTime 0.4601 | exSelTime 16.8716 | testTime 0.0018 | numPos 9.0000 | numNeg 20.0000 | Recall_After 0.7333 | F1_After 0.8148 | AUC_After 0.7238
Epoch 0099 | Eval Loss 0.6146 | Precision 1.0000 | Recall 1.0000 | F1 1.0000 | AUC 1.0000 | time 0.0019
Epoch 0099 | Eval Loss 0.5230 | Precision 1.0000 | Recall 1.0000 | F1 1.0000 | AUC 1.0000 | time 0.0019
Epoch 0099 | Eval Loss 0.5666 | Precision 1.0000 | Recall 1.0000 | F1 1.0000 | AUC 1.0000 | time 0.0018
ITER=24, #Train=30, #HeldOut=2, #Test=32
Test Set Loss 0.5823 | Precision 0.9167 | Recall 1.0000 | F1 0.9565 | AUC 0.9870 | trainTime 0.4601 | exSelTime 16.6119 | testTime 0.0018 | numPos 10.0000 | numNeg 20.0000 | Recall_After 0.7333 | F1_After 0.8148 | AUC_After 0.7238
Epoch 0099 | Eval Loss 0.5793 | Precision 1.0000 | Recall 1.0000 | F1 1.0000 | AUC 1.0000 | time 0.0020
Epoch 0099 | Eval Loss 0.6046 | Precision 1.0000 | Recall 1.0000 | F1 1.0000 | AUC 1.0000 | time 0.0018
Epoch 0099 | Eval Loss 0.5584 | Precision 1.0000 | Recall 1.0000 | F1 1.0000 | AUC 1.0000 | time 0.0017
ITER=25, #Train=31, #HeldOut=1, #Test=32
Test Set Loss 0.5820 | Precision 0.9167 | Recall 1.0000 | F1 0.9565 | AUC 0.9827 | trainTime 0.4601 | exSelTime 17.3724 | testTime 0.0016 | numPos 11.0000 | numNeg 20.0000 | Recall_After 0.7333 | F1_After 0.8148 | AUC_After 0.7206
Epoch 0099 | Eval Loss 0.5340 | Precision 1.0000 | Recall 1.0000 | F1 1.0000 | AUC 1.0000 | time 0.0035
Epoch 0099 | Eval Loss 0.5584 | Precision 1.0000 | Recall 1.0000 | F1 1.0000 | AUC 1.0000 | time 0.0025
Epoch 0099 | Eval Loss 0.5626 | Precision 1.0000 | Recall 1.0000 | F1 1.0000 | AUC 1.0000 | time 0.0016
ITER=26, #Train=32, #HeldOut=0, #Test=32
Test Set Loss 0.5626 | Precision 1.0000 | Recall 1.0000 | F1 1.0000 | AUC 1.0000 | trainTime 0.4601 | exSelTime 17.4788 | testTime 0.0016 | numPos 11.0000 | numNeg 21.0000 | Recall_After 0.7333 | F1_After 0.8462 | AUC_After 0.7333
