on cpu
loading data ... from src/model/gnn/dataset/cmt-conference-block/cmt_conference_Ontology_Node_Embeddings.txt
src/model/gnn/dataset/cmt-conference-block/cmt_conference_Ontology_Edge_List.txt
src/model/gnn/dataset/cmt-conference-block/prog_seed_pairs.txt
src/model/gnn/dataset/cmt-conference-block/pos_neg_pairs.txt
done
Epoch 0099 | Eval Loss 0.6172 | Precision 1.0000 | Recall 1.0000 | F1 1.0000 | AUC 1.0000 | time 0.0021
ITER=0, #Train=5, #HeldOut=70, #Test=75
Test Set Loss 0.9703 | Precision 0.2131 | Recall 1.0000 | F1 0.3514 | AUC 0.6780 | trainTime 0.6572 | exSelTime 0.0000 | testTime 0.0021 | numPos -1.0000 | numNeg -1.0000 | Recall_After 0.8667 | F1_After 0.3421 | AUC_After 0.5876
Epoch 0099 | Eval Loss 0.6298 | Precision 1.0000 | Recall 1.0000 | F1 1.0000 | AUC 1.0000 | time 0.0020
ITER=1, #Train=6, #HeldOut=69, #Test=75
Test Set Loss 0.9611 | Precision 0.1964 | Recall 0.8462 | F1 0.3188 | AUC 0.6154 | trainTime 0.6572 | exSelTime 0.0002 | testTime 0.0021 | numPos 1.0000 | numNeg 5.0000 | Recall_After 0.7333 | F1_After 0.3099 | AUC_After 0.5333
Epoch 0099 | Eval Loss 0.6389 | Precision 1.0000 | Recall 1.0000 | F1 1.0000 | AUC 1.0000 | time 0.0019
ITER=2, #Train=7, #HeldOut=68, #Test=75
Test Set Loss 0.9610 | Precision 0.2075 | Recall 0.8462 | F1 0.3333 | AUC 0.6290 | trainTime 0.6572 | exSelTime 0.0000 | testTime 0.0021 | numPos 1.0000 | numNeg 6.0000 | Recall_After 0.7333 | F1_After 0.3235 | AUC_After 0.5452
Epoch 0099 | Eval Loss 0.6457 | Precision 1.0000 | Recall 1.0000 | F1 1.0000 | AUC 1.0000 | time 0.0020
ITER=3, #Train=8, #HeldOut=67, #Test=75
Test Set Loss 0.9243 | Precision 0.2553 | Recall 0.9231 | F1 0.4000 | AUC 0.6390 | trainTime 0.6572 | exSelTime 0.0000 | testTime 0.0021 | numPos 1.0000 | numNeg 7.0000 | Recall_After 0.8000 | F1_After 0.3871 | AUC_After 0.5538
Epoch 0099 | Eval Loss 0.6510 | Precision 1.0000 | Recall 1.0000 | F1 1.0000 | AUC 1.0000 | time 0.0019
ITER=4, #Train=9, #HeldOut=66, #Test=75
Test Set Loss 0.9160 | Precision 0.2667 | Recall 0.9231 | F1 0.4138 | AUC 0.6352 | trainTime 0.6572 | exSelTime 0.0000 | testTime 0.0021 | numPos 1.0000 | numNeg 8.0000 | Recall_After 0.8000 | F1_After 0.4000 | AUC_After 0.5505
Epoch 0099 | Eval Loss 0.6552 | Precision 1.0000 | Recall 1.0000 | F1 1.0000 | AUC 1.0000 | time 0.0021
ITER=5, #Train=10, #HeldOut=65, #Test=75
Test Set Loss 0.9007 | Precision 0.2558 | Recall 0.8462 | F1 0.3929 | AUC 0.6514 | trainTime 0.6572 | exSelTime 0.0000 | testTime 0.0021 | numPos 1.0000 | numNeg 9.0000 | Recall_After 0.7333 | F1_After 0.3793 | AUC_After 0.5645
Epoch 0099 | Eval Loss 0.6586 | Precision 1.0000 | Recall 1.0000 | F1 1.0000 | AUC 1.0000 | time 0.0019
ITER=6, #Train=11, #HeldOut=64, #Test=75
Test Set Loss 0.8843 | Precision 0.2368 | Recall 0.6923 | F1 0.3529 | AUC 0.6632 | trainTime 0.6572 | exSelTime 0.0000 | testTime 0.0020 | numPos 1.0000 | numNeg 10.0000 | Recall_After 0.6000 | F1_After 0.3396 | AUC_After 0.5747
Epoch 0099 | Eval Loss 0.6615 | Precision 1.0000 | Recall 1.0000 | F1 1.0000 | AUC 1.0000 | time 0.0020
ITER=7, #Train=12, #HeldOut=63, #Test=75
Test Set Loss 0.8622 | Precision 0.2895 | Recall 0.8462 | F1 0.4314 | AUC 0.7258 | trainTime 0.6572 | exSelTime 0.0000 | testTime 0.0021 | numPos 1.0000 | numNeg 11.0000 | Recall_After 0.7333 | F1_After 0.4151 | AUC_After 0.6290
Epoch 0099 | Eval Loss 0.6639 | Precision 1.0000 | Recall 1.0000 | F1 1.0000 | AUC 1.0000 | time 0.0021
ITER=8, #Train=13, #HeldOut=62, #Test=75
Test Set Loss 0.8626 | Precision 0.2895 | Recall 0.8462 | F1 0.4314 | AUC 0.7258 | trainTime 0.6572 | exSelTime 0.0000 | testTime 0.0020 | numPos 1.0000 | numNeg 12.0000 | Recall_After 0.7333 | F1_After 0.4151 | AUC_After 0.6290
Epoch 0099 | Eval Loss 0.6660 | Precision 1.0000 | Recall 1.0000 | F1 1.0000 | AUC 1.0000 | time 0.0020
ITER=9, #Train=14, #HeldOut=61, #Test=75
Test Set Loss 0.8656 | Precision 0.2821 | Recall 0.8462 | F1 0.4231 | AUC 0.7221 | trainTime 0.6572 | exSelTime 0.0000 | testTime 0.0021 | numPos 1.0000 | numNeg 13.0000 | Recall_After 0.7333 | F1_After 0.4074 | AUC_After 0.6258
Epoch 0099 | Eval Loss 0.6678 | Precision 1.0000 | Recall 1.0000 | F1 1.0000 | AUC 1.0000 | time 0.0025
ITER=10, #Train=15, #HeldOut=60, #Test=75
Test Set Loss 0.8647 | Precision 0.2821 | Recall 0.8462 | F1 0.4231 | AUC 0.7208 | trainTime 0.6572 | exSelTime 0.0000 | testTime 0.0022 | numPos 1.0000 | numNeg 14.0000 | Recall_After 0.7333 | F1_After 0.4074 | AUC_After 0.6247
Epoch 0099 | Eval Loss 0.6694 | Precision 1.0000 | Recall 1.0000 | F1 1.0000 | AUC 1.0000 | time 0.0020
ITER=11, #Train=16, #HeldOut=59, #Test=75
Test Set Loss 0.8662 | Precision 0.2821 | Recall 0.8462 | F1 0.4231 | AUC 0.7171 | trainTime 0.6572 | exSelTime 0.0000 | testTime 0.0021 | numPos 1.0000 | numNeg 15.0000 | Recall_After 0.7333 | F1_After 0.4074 | AUC_After 0.6215
Epoch 0099 | Eval Loss 0.6708 | Precision 1.0000 | Recall 1.0000 | F1 1.0000 | AUC 1.0000 | time 0.0020
ITER=12, #Train=17, #HeldOut=58, #Test=75
Test Set Loss 0.8663 | Precision 0.2821 | Recall 0.8462 | F1 0.4231 | AUC 0.7159 | trainTime 0.6572 | exSelTime 0.0000 | testTime 0.0019 | numPos 1.0000 | numNeg 16.0000 | Recall_After 0.7333 | F1_After 0.4074 | AUC_After 0.6204
Epoch 0099 | Eval Loss 0.6721 | Precision 1.0000 | Recall 1.0000 | F1 1.0000 | AUC 1.0000 | time 0.0022
ITER=13, #Train=18, #HeldOut=57, #Test=75
Test Set Loss 0.8577 | Precision 0.3095 | Recall 1.0000 | F1 0.4727 | AUC 0.7779 | trainTime 0.6572 | exSelTime 0.0000 | testTime 0.0020 | numPos 1.0000 | numNeg 17.0000 | Recall_After 0.8667 | F1_After 0.4561 | AUC_After 0.6742
Epoch 0099 | Eval Loss 0.6532 | Precision 1.0000 | Recall 1.0000 | F1 1.0000 | AUC 1.0000 | time 0.0020
ITER=14, #Train=19, #HeldOut=56, #Test=75
Test Set Loss 0.8569 | Precision 0.3095 | Recall 1.0000 | F1 0.4727 | AUC 0.7761 | trainTime 0.6572 | exSelTime 0.0000 | testTime 0.0021 | numPos 2.0000 | numNeg 17.0000 | Recall_After 0.8667 | F1_After 0.4561 | AUC_After 0.6726
Epoch 0099 | Eval Loss 0.6552 | Precision 1.0000 | Recall 1.0000 | F1 1.0000 | AUC 1.0000 | time 0.0023
ITER=15, #Train=20, #HeldOut=55, #Test=75
Test Set Loss 0.8502 | Precision 0.3250 | Recall 1.0000 | F1 0.4906 | AUC 0.7630 | trainTime 0.6572 | exSelTime 0.0000 | testTime 0.0022 | numPos 2.0000 | numNeg 18.0000 | Recall_After 0.8667 | F1_After 0.4727 | AUC_After 0.6613
Epoch 0099 | Eval Loss 0.6570 | Precision 1.0000 | Recall 1.0000 | F1 1.0000 | AUC 1.0000 | time 0.0021
ITER=16, #Train=21, #HeldOut=54, #Test=75
Test Set Loss 0.8315 | Precision 0.3514 | Recall 1.0000 | F1 0.5200 | AUC 0.7432 | trainTime 0.6572 | exSelTime 0.0000 | testTime 0.0022 | numPos 2.0000 | numNeg 19.0000 | Recall_After 0.8667 | F1_After 0.5000 | AUC_After 0.6441
Epoch 0099 | Eval Loss 0.6587 | Precision 1.0000 | Recall 1.0000 | F1 1.0000 | AUC 1.0000 | time 0.0022
ITER=17, #Train=22, #HeldOut=53, #Test=75
Test Set Loss 0.8339 | Precision 0.3056 | Recall 0.8462 | F1 0.4490 | AUC 0.7432 | trainTime 0.6572 | exSelTime 0.0000 | testTime 0.0021 | numPos 2.0000 | numNeg 20.0000 | Recall_After 0.7333 | F1_After 0.4314 | AUC_After 0.6441
Epoch 0099 | Eval Loss 0.6602 | Precision 1.0000 | Recall 1.0000 | F1 1.0000 | AUC 1.0000 | time 0.0022
ITER=18, #Train=23, #HeldOut=52, #Test=75
Test Set Loss 0.8427 | Precision 0.3333 | Recall 1.0000 | F1 0.5000 | AUC 0.7320 | trainTime 0.6572 | exSelTime 0.0000 | testTime 0.0022 | numPos 2.0000 | numNeg 21.0000 | Recall_After 0.8667 | F1_After 0.4815 | AUC_After 0.6344
Epoch 0099 | Eval Loss 0.6615 | Precision 1.0000 | Recall 1.0000 | F1 1.0000 | AUC 1.0000 | time 0.0023
ITER=19, #Train=24, #HeldOut=51, #Test=75
Test Set Loss 0.8386 | Precision 0.3421 | Recall 1.0000 | F1 0.5098 | AUC 0.7246 | trainTime 0.6572 | exSelTime 0.0000 | testTime 0.0020 | numPos 2.0000 | numNeg 22.0000 | Recall_After 0.8667 | F1_After 0.4906 | AUC_After 0.6280
Epoch 0099 | Eval Loss 0.6628 | Precision 1.0000 | Recall 1.0000 | F1 1.0000 | AUC 1.0000 | time 0.0023
ITER=20, #Train=25, #HeldOut=50, #Test=75
Test Set Loss 0.8327 | Precision 0.3514 | Recall 1.0000 | F1 0.5200 | AUC 0.7159 | trainTime 0.6572 | exSelTime 0.0000 | testTime 0.0023 | numPos 2.0000 | numNeg 23.0000 | Recall_After 0.8667 | F1_After 0.5000 | AUC_After 0.6204
Epoch 0099 | Eval Loss 0.6640 | Precision 1.0000 | Recall 1.0000 | F1 1.0000 | AUC 1.0000 | time 0.0023
ITER=21, #Train=26, #HeldOut=49, #Test=75
Test Set Loss 0.8583 | Precision 0.3250 | Recall 1.0000 | F1 0.4906 | AUC 0.6923 | trainTime 0.6572 | exSelTime 0.0000 | testTime 0.0025 | numPos 2.0000 | numNeg 24.0000 | Recall_After 0.8667 | F1_After 0.4727 | AUC_After 0.6000
Epoch 0099 | Eval Loss 0.6651 | Precision 1.0000 | Recall 1.0000 | F1 1.0000 | AUC 1.0000 | time 0.0019
ITER=22, #Train=27, #HeldOut=48, #Test=75
Test Set Loss 0.8399 | Precision 0.3333 | Recall 1.0000 | F1 0.5000 | AUC 0.7395 | trainTime 0.6572 | exSelTime 0.0000 | testTime 0.0020 | numPos 2.0000 | numNeg 25.0000 | Recall_After 0.8667 | F1_After 0.4815 | AUC_After 0.6409
Epoch 0099 | Eval Loss 0.6661 | Precision 1.0000 | Recall 1.0000 | F1 1.0000 | AUC 1.0000 | time 0.0019
ITER=23, #Train=28, #HeldOut=47, #Test=75
Test Set Loss 0.8400 | Precision 0.3333 | Recall 1.0000 | F1 0.5000 | AUC 0.7407 | trainTime 0.6572 | exSelTime 0.0000 | testTime 0.0019 | numPos 2.0000 | numNeg 26.0000 | Recall_After 0.8667 | F1_After 0.4815 | AUC_After 0.6419
Epoch 0099 | Eval Loss 0.6670 | Precision 1.0000 | Recall 1.0000 | F1 1.0000 | AUC 1.0000 | time 0.0020
ITER=24, #Train=29, #HeldOut=46, #Test=75
Test Set Loss 0.8401 | Precision 0.3333 | Recall 1.0000 | F1 0.5000 | AUC 0.7407 | trainTime 0.6572 | exSelTime 0.0000 | testTime 0.0020 | numPos 2.0000 | numNeg 27.0000 | Recall_After 0.8667 | F1_After 0.4815 | AUC_After 0.6419
Epoch 0099 | Eval Loss 0.6678 | Precision 1.0000 | Recall 1.0000 | F1 1.0000 | AUC 1.0000 | time 0.0020
ITER=25, #Train=30, #HeldOut=45, #Test=75
Test Set Loss 0.8401 | Precision 0.3333 | Recall 1.0000 | F1 0.5000 | AUC 0.7419 | trainTime 0.6572 | exSelTime 0.0000 | testTime 0.0019 | numPos 2.0000 | numNeg 28.0000 | Recall_After 0.8667 | F1_After 0.4815 | AUC_After 0.6430
Epoch 0099 | Eval Loss 0.6687 | Precision 1.0000 | Recall 1.0000 | F1 1.0000 | AUC 1.0000 | time 0.0020
ITER=26, #Train=31, #HeldOut=44, #Test=75
Test Set Loss 0.8398 | Precision 0.3077 | Recall 0.9231 | F1 0.4615 | AUC 0.7699 | trainTime 0.6572 | exSelTime 0.0000 | testTime 0.0019 | numPos 2.0000 | numNeg 29.0000 | Recall_After 0.8000 | F1_After 0.4444 | AUC_After 0.6672
Epoch 0099 | Eval Loss 0.6695 | Precision 1.0000 | Recall 1.0000 | F1 1.0000 | AUC 1.0000 | time 0.0021
ITER=27, #Train=32, #HeldOut=43, #Test=75
Test Set Loss 0.8096 | Precision 0.3611 | Recall 1.0000 | F1 0.5306 | AUC 0.8052 | trainTime 0.6572 | exSelTime 0.0000 | testTime 0.0020 | numPos 2.0000 | numNeg 30.0000 | Recall_After 0.8667 | F1_After 0.5098 | AUC_After 0.6978
Epoch 0099 | Eval Loss 0.6702 | Precision 1.0000 | Recall 1.0000 | F1 1.0000 | AUC 1.0000 | time 0.0020
ITER=28, #Train=33, #HeldOut=42, #Test=75
Test Set Loss 0.8088 | Precision 0.3714 | Recall 1.0000 | F1 0.5417 | AUC 0.8164 | trainTime 0.6572 | exSelTime 0.0000 | testTime 0.0020 | numPos 2.0000 | numNeg 31.0000 | Recall_After 0.8667 | F1_After 0.5200 | AUC_After 0.7075
Epoch 0099 | Eval Loss 0.6708 | Precision 1.0000 | Recall 1.0000 | F1 1.0000 | AUC 1.0000 | time 0.0020
ITER=29, #Train=34, #HeldOut=41, #Test=75
Test Set Loss 0.8058 | Precision 0.3824 | Recall 1.0000 | F1 0.5532 | AUC 0.8058 | trainTime 0.6572 | exSelTime 0.0000 | testTime 0.0019 | numPos 2.0000 | numNeg 32.0000 | Recall_After 0.8667 | F1_After 0.5306 | AUC_After 0.6984
Epoch 0099 | Eval Loss 0.6715 | Precision 1.0000 | Recall 1.0000 | F1 1.0000 | AUC 1.0000 | time 0.0018
ITER=30, #Train=35, #HeldOut=40, #Test=75
Test Set Loss 0.8044 | Precision 0.3824 | Recall 1.0000 | F1 0.5532 | AUC 0.8127 | trainTime 0.6572 | exSelTime 0.0000 | testTime 0.0020 | numPos 2.0000 | numNeg 33.0000 | Recall_After 0.8667 | F1_After 0.5306 | AUC_After 0.7043
Epoch 0099 | Eval Loss 0.6721 | Precision 1.0000 | Recall 1.0000 | F1 1.0000 | AUC 1.0000 | time 0.0020
ITER=31, #Train=36, #HeldOut=39, #Test=75
Test Set Loss 0.7871 | Precision 0.4062 | Recall 1.0000 | F1 0.5778 | AUC 0.8002 | trainTime 0.6572 | exSelTime 0.0000 | testTime 0.0019 | numPos 2.0000 | numNeg 34.0000 | Recall_After 0.8667 | F1_After 0.5532 | AUC_After 0.6935
Epoch 0099 | Eval Loss 0.6726 | Precision 1.0000 | Recall 1.0000 | F1 1.0000 | AUC 1.0000 | time 0.0019
ITER=32, #Train=37, #HeldOut=38, #Test=75
Test Set Loss 0.7866 | Precision 0.4062 | Recall 1.0000 | F1 0.5778 | AUC 0.7990 | trainTime 0.6572 | exSelTime 0.0000 | testTime 0.0020 | numPos 2.0000 | numNeg 35.0000 | Recall_After 0.8667 | F1_After 0.5532 | AUC_After 0.6925
Epoch 0099 | Eval Loss 0.6732 | Precision 1.0000 | Recall 1.0000 | F1 1.0000 | AUC 1.0000 | time 0.0019
ITER=33, #Train=38, #HeldOut=37, #Test=75
Test Set Loss 0.7762 | Precision 0.4194 | Recall 1.0000 | F1 0.5909 | AUC 0.8635 | trainTime 0.6572 | exSelTime 0.0000 | testTime 0.0021 | numPos 2.0000 | numNeg 36.0000 | Recall_After 0.8667 | F1_After 0.5652 | AUC_After 0.7484
Epoch 0099 | Eval Loss 0.6737 | Precision 1.0000 | Recall 1.0000 | F1 1.0000 | AUC 1.0000 | time 0.0019
ITER=34, #Train=39, #HeldOut=36, #Test=75
Test Set Loss 0.7705 | Precision 0.4333 | Recall 1.0000 | F1 0.6047 | AUC 0.8548 | trainTime 0.6572 | exSelTime 0.0000 | testTime 0.0020 | numPos 2.0000 | numNeg 37.0000 | Recall_After 0.8667 | F1_After 0.5778 | AUC_After 0.7409
Epoch 0099 | Eval Loss 0.6742 | Precision 1.0000 | Recall 1.0000 | F1 1.0000 | AUC 1.0000 | time 0.0020
ITER=35, #Train=40, #HeldOut=35, #Test=75
Test Set Loss 0.7637 | Precision 0.4483 | Recall 1.0000 | F1 0.6190 | AUC 0.8784 | trainTime 0.6572 | exSelTime 0.0000 | testTime 0.0019 | numPos 2.0000 | numNeg 38.0000 | Recall_After 0.8667 | F1_After 0.5909 | AUC_After 0.7613
Epoch 0099 | Eval Loss 0.6747 | Precision 1.0000 | Recall 1.0000 | F1 1.0000 | AUC 1.0000 | time 0.0019
ITER=36, #Train=41, #HeldOut=34, #Test=75
Test Set Loss 0.7415 | Precision 0.5000 | Recall 1.0000 | F1 0.6667 | AUC 0.8921 | trainTime 0.6572 | exSelTime 0.0000 | testTime 0.0020 | numPos 2.0000 | numNeg 39.0000 | Recall_After 0.8667 | F1_After 0.6341 | AUC_After 0.7731
Epoch 0099 | Eval Loss 0.6660 | Precision 1.0000 | Recall 1.0000 | F1 1.0000 | AUC 1.0000 | time 0.0020
ITER=37, #Train=42, #HeldOut=33, #Test=75
Test Set Loss 0.7421 | Precision 0.4815 | Recall 1.0000 | F1 0.6500 | AUC 0.8933 | trainTime 0.6572 | exSelTime 0.0000 | testTime 0.0020 | numPos 3.0000 | numNeg 39.0000 | Recall_After 0.8667 | F1_After 0.6190 | AUC_After 0.7742
Epoch 0099 | Eval Loss 0.6667 | Precision 1.0000 | Recall 1.0000 | F1 1.0000 | AUC 1.0000 | time 0.0019
ITER=38, #Train=43, #HeldOut=32, #Test=75
Test Set Loss 0.7349 | Precision 0.4800 | Recall 0.9231 | F1 0.6316 | AUC 0.8976 | trainTime 0.6572 | exSelTime 0.0000 | testTime 0.0019 | numPos 3.0000 | numNeg 40.0000 | Recall_After 0.8000 | F1_After 0.6000 | AUC_After 0.7780
Epoch 0099 | Eval Loss 0.6673 | Precision 1.0000 | Recall 1.0000 | F1 1.0000 | AUC 1.0000 | time 0.0019
ITER=39, #Train=44, #HeldOut=31, #Test=75
Test Set Loss 0.7342 | Precision 0.4800 | Recall 0.9231 | F1 0.6316 | AUC 0.9057 | trainTime 0.6572 | exSelTime 0.0000 | testTime 0.0019 | numPos 3.0000 | numNeg 41.0000 | Recall_After 0.8000 | F1_After 0.6000 | AUC_After 0.7849
Epoch 0099 | Eval Loss 0.6678 | Precision 1.0000 | Recall 1.0000 | F1 1.0000 | AUC 1.0000 | time 0.0022
ITER=40, #Train=45, #HeldOut=30, #Test=75
Test Set Loss 0.7334 | Precision 0.4800 | Recall 0.9231 | F1 0.6316 | AUC 0.9057 | trainTime 0.6572 | exSelTime 0.0000 | testTime 0.0023 | numPos 3.0000 | numNeg 42.0000 | Recall_After 0.8000 | F1_After 0.6000 | AUC_After 0.7849
Epoch 0099 | Eval Loss 0.6601 | Precision 1.0000 | Recall 1.0000 | F1 1.0000 | AUC 1.0000 | time 0.0021
ITER=41, #Train=46, #HeldOut=29, #Test=75
Test Set Loss 0.7304 | Precision 0.5000 | Recall 0.9231 | F1 0.6486 | AUC 0.9007 | trainTime 0.6572 | exSelTime 0.0000 | testTime 0.0019 | numPos 4.0000 | numNeg 42.0000 | Recall_After 0.8000 | F1_After 0.6154 | AUC_After 0.7806
Epoch 0099 | Eval Loss 0.6608 | Precision 1.0000 | Recall 1.0000 | F1 1.0000 | AUC 1.0000 | time 0.0021
ITER=42, #Train=47, #HeldOut=28, #Test=75
Test Set Loss 0.7291 | Precision 0.5200 | Recall 1.0000 | F1 0.6842 | AUC 0.8952 | trainTime 0.6572 | exSelTime 0.0000 | testTime 0.0020 | numPos 4.0000 | numNeg 43.0000 | Recall_After 0.8667 | F1_After 0.6500 | AUC_After 0.7758
Epoch 0099 | Eval Loss 0.6615 | Precision 1.0000 | Recall 1.0000 | F1 1.0000 | AUC 1.0000 | time 0.0020
ITER=43, #Train=48, #HeldOut=27, #Test=75
Test Set Loss 0.7154 | Precision 0.5652 | Recall 1.0000 | F1 0.7222 | AUC 0.9194 | trainTime 0.6572 | exSelTime 0.0000 | testTime 0.0017 | numPos 4.0000 | numNeg 44.0000 | Recall_After 0.8667 | F1_After 0.6842 | AUC_After 0.7968
Epoch 0099 | Eval Loss 0.6544 | Precision 1.0000 | Recall 1.0000 | F1 1.0000 | AUC 1.0000 | time 0.0021
ITER=44, #Train=49, #HeldOut=26, #Test=75
Test Set Loss 0.7156 | Precision 0.5455 | Recall 0.9231 | F1 0.6857 | AUC 0.9169 | trainTime 0.6572 | exSelTime 0.0000 | testTime 0.0020 | numPos 5.0000 | numNeg 44.0000 | Recall_After 0.8000 | F1_After 0.6486 | AUC_After 0.7946
Epoch 0099 | Eval Loss 0.6552 | Precision 1.0000 | Recall 1.0000 | F1 1.0000 | AUC 1.0000 | time 0.0020
ITER=45, #Train=50, #HeldOut=25, #Test=75
Test Set Loss 0.7151 | Precision 0.5652 | Recall 1.0000 | F1 0.7222 | AUC 0.9194 | trainTime 0.6572 | exSelTime 0.0000 | testTime 0.0020 | numPos 5.0000 | numNeg 45.0000 | Recall_After 0.8667 | F1_After 0.6842 | AUC_After 0.7968
Epoch 0099 | Eval Loss 0.6559 | Precision 1.0000 | Recall 1.0000 | F1 1.0000 | AUC 1.0000 | time 0.0019
ITER=46, #Train=51, #HeldOut=24, #Test=75
Test Set Loss 0.7133 | Precision 0.5455 | Recall 0.9231 | F1 0.6857 | AUC 0.9175 | trainTime 0.6572 | exSelTime 0.0000 | testTime 0.0022 | numPos 5.0000 | numNeg 46.0000 | Recall_After 0.8000 | F1_After 0.6486 | AUC_After 0.7952
Epoch 0099 | Eval Loss 0.6566 | Precision 1.0000 | Recall 1.0000 | F1 1.0000 | AUC 1.0000 | time 0.0020
ITER=47, #Train=52, #HeldOut=23, #Test=75
Test Set Loss 0.7070 | Precision 0.5714 | Recall 0.9231 | F1 0.7059 | AUC 0.9175 | trainTime 0.6572 | exSelTime 0.0000 | testTime 0.0020 | numPos 5.0000 | numNeg 47.0000 | Recall_After 0.8000 | F1_After 0.6667 | AUC_After 0.7952
Epoch 0099 | Eval Loss 0.6502 | Precision 1.0000 | Recall 1.0000 | F1 1.0000 | AUC 1.0000 | time 0.0021
ITER=48, #Train=53, #HeldOut=22, #Test=75
Test Set Loss 0.7059 | Precision 0.5714 | Recall 0.9231 | F1 0.7059 | AUC 0.9305 | trainTime 0.6572 | exSelTime 0.0000 | testTime 0.0023 | numPos 6.0000 | numNeg 47.0000 | Recall_After 0.8000 | F1_After 0.6667 | AUC_After 0.8065
Epoch 0099 | Eval Loss 0.6510 | Precision 1.0000 | Recall 1.0000 | F1 1.0000 | AUC 1.0000 | time 0.0019
ITER=49, #Train=54, #HeldOut=21, #Test=75
Test Set Loss 0.7035 | Precision 0.5714 | Recall 0.9231 | F1 0.7059 | AUC 0.9268 | trainTime 0.6572 | exSelTime 0.0000 | testTime 0.0019 | numPos 6.0000 | numNeg 48.0000 | Recall_After 0.8000 | F1_After 0.6667 | AUC_After 0.8032
Epoch 0099 | Eval Loss 0.6448 | Precision 1.0000 | Recall 1.0000 | F1 1.0000 | AUC 1.0000 | time 0.0020
ITER=50, #Train=55, #HeldOut=20, #Test=75
Test Set Loss 0.7040 | Precision 0.5714 | Recall 0.9231 | F1 0.7059 | AUC 0.9299 | trainTime 0.6572 | exSelTime 0.0000 | testTime 0.0021 | numPos 7.0000 | numNeg 48.0000 | Recall_After 0.8000 | F1_After 0.6667 | AUC_After 0.8059
Epoch 0099 | Eval Loss 0.6457 | Precision 1.0000 | Recall 1.0000 | F1 1.0000 | AUC 1.0000 | time 0.0022
ITER=51, #Train=56, #HeldOut=19, #Test=75
Test Set Loss 0.6909 | Precision 0.6111 | Recall 0.8462 | F1 0.7097 | AUC 0.9404 | trainTime 0.6572 | exSelTime 0.0000 | testTime 0.0021 | numPos 7.0000 | numNeg 49.0000 | Recall_After 0.7333 | F1_After 0.6667 | AUC_After 0.8151
Epoch 0099 | Eval Loss 0.6465 | Precision 1.0000 | Recall 1.0000 | F1 1.0000 | AUC 1.0000 | time 0.0021
ITER=52, #Train=57, #HeldOut=18, #Test=75
Test Set Loss 0.6912 | Precision 0.6111 | Recall 0.8462 | F1 0.7097 | AUC 0.9417 | trainTime 0.6572 | exSelTime 0.0000 | testTime 0.0020 | numPos 7.0000 | numNeg 50.0000 | Recall_After 0.7333 | F1_After 0.6667 | AUC_After 0.8161
Epoch 0099 | Eval Loss 0.6473 | Precision 1.0000 | Recall 1.0000 | F1 1.0000 | AUC 1.0000 | time 0.0021
ITER=53, #Train=58, #HeldOut=17, #Test=75
Test Set Loss 0.6630 | Precision 0.7857 | Recall 0.8462 | F1 0.8148 | AUC 0.9684 | trainTime 0.6572 | exSelTime 0.0000 | testTime 0.0018 | numPos 7.0000 | numNeg 51.0000 | Recall_After 0.7333 | F1_After 0.7586 | AUC_After 0.8392
Epoch 0099 | Eval Loss 0.6416 | Precision 1.0000 | Recall 1.0000 | F1 1.0000 | AUC 1.0000 | time 0.0021
ITER=54, #Train=59, #HeldOut=16, #Test=75
Test Set Loss 0.6632 | Precision 0.7857 | Recall 0.8462 | F1 0.8148 | AUC 0.9646 | trainTime 0.6572 | exSelTime 0.0000 | testTime 0.0022 | numPos 8.0000 | numNeg 51.0000 | Recall_After 0.7333 | F1_After 0.7586 | AUC_After 0.8360
Epoch 0099 | Eval Loss 0.6425 | Precision 1.0000 | Recall 1.0000 | F1 1.0000 | AUC 1.0000 | time 0.0015
ITER=55, #Train=60, #HeldOut=15, #Test=75
Test Set Loss 0.6534 | Precision 0.8571 | Recall 0.9231 | F1 0.8889 | AUC 0.9789 | trainTime 0.6572 | exSelTime 0.0000 | testTime 0.0015 | numPos 8.0000 | numNeg 52.0000 | Recall_After 0.8000 | F1_After 0.8276 | AUC_After 0.8484
Epoch 0099 | Eval Loss 0.6433 | Precision 1.0000 | Recall 1.0000 | F1 1.0000 | AUC 1.0000 | time 0.0016
ITER=56, #Train=61, #HeldOut=14, #Test=75
Test Set Loss 0.6535 | Precision 0.8571 | Recall 0.9231 | F1 0.8889 | AUC 0.9789 | trainTime 0.6572 | exSelTime 0.0000 | testTime 0.0016 | numPos 8.0000 | numNeg 53.0000 | Recall_After 0.8000 | F1_After 0.8276 | AUC_After 0.8484
Epoch 0099 | Eval Loss 0.6380 | Precision 1.0000 | Recall 1.0000 | F1 1.0000 | AUC 1.0000 | time 0.0015
ITER=57, #Train=62, #HeldOut=13, #Test=75
Test Set Loss 0.6510 | Precision 0.8125 | Recall 1.0000 | F1 0.8966 | AUC 0.9783 | trainTime 0.6572 | exSelTime 0.0000 | testTime 0.0018 | numPos 9.0000 | numNeg 53.0000 | Recall_After 0.8667 | F1_After 0.8387 | AUC_After 0.8478
Epoch 0099 | Eval Loss 0.6389 | Precision 1.0000 | Recall 1.0000 | F1 1.0000 | AUC 1.0000 | time 0.0015
ITER=58, #Train=63, #HeldOut=12, #Test=75
Test Set Loss 0.6508 | Precision 0.8125 | Recall 1.0000 | F1 0.8966 | AUC 0.9783 | trainTime 0.6572 | exSelTime 0.0000 | testTime 0.0015 | numPos 9.0000 | numNeg 54.0000 | Recall_After 0.8667 | F1_After 0.8387 | AUC_After 0.8478
Epoch 0099 | Eval Loss 0.6397 | Precision 1.0000 | Recall 1.0000 | F1 1.0000 | AUC 1.0000 | time 0.0015
ITER=59, #Train=64, #HeldOut=11, #Test=75
Test Set Loss 0.6508 | Precision 0.8125 | Recall 1.0000 | F1 0.8966 | AUC 0.9783 | trainTime 0.6572 | exSelTime 0.0000 | testTime 0.0015 | numPos 9.0000 | numNeg 55.0000 | Recall_After 0.8667 | F1_After 0.8387 | AUC_After 0.8478
Epoch 0099 | Eval Loss 0.6406 | Precision 1.0000 | Recall 1.0000 | F1 1.0000 | AUC 1.0000 | time 0.0014
ITER=60, #Train=65, #HeldOut=10, #Test=75
Test Set Loss 0.6510 | Precision 0.8125 | Recall 1.0000 | F1 0.8966 | AUC 0.9783 | trainTime 0.6572 | exSelTime 0.0000 | testTime 0.0015 | numPos 9.0000 | numNeg 56.0000 | Recall_After 0.8667 | F1_After 0.8387 | AUC_After 0.8478
Epoch 0099 | Eval Loss 0.6356 | Precision 1.0000 | Recall 1.0000 | F1 1.0000 | AUC 1.0000 | time 0.0015
ITER=61, #Train=66, #HeldOut=9, #Test=75
Test Set Loss 0.6507 | Precision 0.8125 | Recall 1.0000 | F1 0.8966 | AUC 0.9814 | trainTime 0.6572 | exSelTime 0.0000 | testTime 0.0016 | numPos 10.0000 | numNeg 56.0000 | Recall_After 0.8667 | F1_After 0.8387 | AUC_After 0.8505
Epoch 0099 | Eval Loss 0.6308 | Precision 1.0000 | Recall 1.0000 | F1 1.0000 | AUC 1.0000 | time 0.0015
ITER=62, #Train=67, #HeldOut=8, #Test=75
Test Set Loss 0.6502 | Precision 0.8125 | Recall 1.0000 | F1 0.8966 | AUC 0.9814 | trainTime 0.6572 | exSelTime 0.0000 | testTime 0.0017 | numPos 11.0000 | numNeg 56.0000 | Recall_After 0.8667 | F1_After 0.8387 | AUC_After 0.8505
Epoch 0099 | Eval Loss 0.6317 | Precision 1.0000 | Recall 1.0000 | F1 1.0000 | AUC 1.0000 | time 0.0015
ITER=63, #Train=68, #HeldOut=7, #Test=75
Test Set Loss 0.6500 | Precision 0.8125 | Recall 1.0000 | F1 0.8966 | AUC 0.9820 | trainTime 0.6572 | exSelTime 0.0000 | testTime 0.0015 | numPos 11.0000 | numNeg 57.0000 | Recall_After 0.8667 | F1_After 0.8387 | AUC_After 0.8511
Epoch 0099 | Eval Loss 0.6326 | Precision 1.0000 | Recall 1.0000 | F1 1.0000 | AUC 1.0000 | time 0.0015
ITER=64, #Train=69, #HeldOut=6, #Test=75
Test Set Loss 0.6363 | Precision 0.9286 | Recall 1.0000 | F1 0.9630 | AUC 0.9876 | trainTime 0.6572 | exSelTime 0.0000 | testTime 0.0015 | numPos 11.0000 | numNeg 58.0000 | Recall_After 0.8667 | F1_After 0.8966 | AUC_After 0.8559
Epoch 0099 | Eval Loss 0.6335 | Precision 1.0000 | Recall 1.0000 | F1 1.0000 | AUC 1.0000 | time 0.0015
ITER=65, #Train=70, #HeldOut=5, #Test=75
Test Set Loss 0.6358 | Precision 1.0000 | Recall 0.9231 | F1 0.9600 | AUC 0.9801 | trainTime 0.6572 | exSelTime 0.0000 | testTime 0.0014 | numPos 11.0000 | numNeg 59.0000 | Recall_After 0.8000 | F1_After 0.8889 | AUC_After 0.8495
Epoch 0099 | Eval Loss 0.6290 | Precision 1.0000 | Recall 1.0000 | F1 1.0000 | AUC 1.0000 | time 0.0015
ITER=66, #Train=71, #HeldOut=4, #Test=75
Test Set Loss 0.6311 | Precision 0.9286 | Recall 1.0000 | F1 0.9630 | AUC 1.0000 | trainTime 0.6572 | exSelTime 0.0000 | testTime 0.0015 | numPos 12.0000 | numNeg 59.0000 | Recall_After 0.8667 | F1_After 0.8966 | AUC_After 0.8667
Epoch 0099 | Eval Loss 0.6299 | Precision 1.0000 | Recall 1.0000 | F1 1.0000 | AUC 1.0000 | time 0.0015
ITER=67, #Train=72, #HeldOut=3, #Test=75
Test Set Loss 0.6312 | Precision 0.9286 | Recall 1.0000 | F1 0.9630 | AUC 1.0000 | trainTime 0.6572 | exSelTime 0.0000 | testTime 0.0017 | numPos 12.0000 | numNeg 60.0000 | Recall_After 0.8667 | F1_After 0.8966 | AUC_After 0.8667
Epoch 0099 | Eval Loss 0.6255 | Precision 1.0000 | Recall 1.0000 | F1 1.0000 | AUC 1.0000 | time 0.0019
ITER=68, #Train=73, #HeldOut=2, #Test=75
Test Set Loss 0.6313 | Precision 0.9286 | Recall 1.0000 | F1 0.9630 | AUC 1.0000 | trainTime 0.6572 | exSelTime 0.0000 | testTime 0.0020 | numPos 13.0000 | numNeg 60.0000 | Recall_After 0.8667 | F1_After 0.8966 | AUC_After 0.8667
Epoch 0099 | Eval Loss 0.6264 | Precision 1.0000 | Recall 1.0000 | F1 1.0000 | AUC 1.0000 | time 0.0019
ITER=69, #Train=74, #HeldOut=1, #Test=75
Test Set Loss 0.6313 | Precision 0.9286 | Recall 1.0000 | F1 0.9630 | AUC 1.0000 | trainTime 0.6572 | exSelTime 0.0000 | testTime 0.0017 | numPos 13.0000 | numNeg 61.0000 | Recall_After 0.8667 | F1_After 0.8966 | AUC_After 0.8667
Epoch 0099 | Eval Loss 0.6273 | Precision 1.0000 | Recall 1.0000 | F1 1.0000 | AUC 1.0000 | time 0.0016
ITER=70, #Train=75, #HeldOut=0, #Test=75
Test Set Loss 0.6273 | Precision 1.0000 | Recall 1.0000 | F1 1.0000 | AUC 1.0000 | trainTime 0.6572 | exSelTime 0.0000 | testTime 0.0017 | numPos 13.0000 | numNeg 62.0000 | Recall_After 0.8667 | F1_After 0.9286 | AUC_After 0.8667
