on cpu
loading data ... from src/model/gnn/dataset/cmt-conference-block/cmt_conference_Ontology_Node_Embeddings.txt
src/model/gnn/dataset/cmt-conference-block/cmt_conference_Ontology_Edge_List.txt
src/model/gnn/dataset/cmt-conference-block/prog_seed_pairs.txt
src/model/gnn/dataset/cmt-conference-block/pos_neg_pairs.txt
done
Epoch 0099 | Eval Loss 0.5033 | Precision 1.0000 | Recall 1.0000 | F1 1.0000 | AUC 1.0000 | time 0.0020
ITER=0, #Train=6, #HeldOut=26, #Test=32
Test Set Loss 0.8689 | Precision 0.3846 | Recall 0.9091 | F1 0.5405 | AUC 0.6234 | trainTime 0.5272 | exSelTime 0.0000 | testTime 0.0019 | numPos -1.0000 | numNeg -1.0000 | Recall_After 0.6667 | F1_After 0.4878 | AUC_After 0.4571
Epoch 0099 | Eval Loss 0.5304 | Precision 1.0000 | Recall 1.0000 | F1 1.0000 | AUC 1.0000 | time 0.0019
ITER=1, #Train=7, #HeldOut=25, #Test=32
Test Set Loss 0.8427 | Precision 0.4231 | Recall 1.0000 | F1 0.5946 | AUC 0.7013 | trainTime 0.5272 | exSelTime 0.0001 | testTime 0.0019 | numPos 3.0000 | numNeg 4.0000 | Recall_After 0.7333 | F1_After 0.5366 | AUC_After 0.5143
Epoch 0099 | Eval Loss 0.5507 | Precision 1.0000 | Recall 1.0000 | F1 1.0000 | AUC 1.0000 | time 0.0021
ITER=2, #Train=8, #HeldOut=24, #Test=32
Test Set Loss 0.8301 | Precision 0.4167 | Recall 0.9091 | F1 0.5714 | AUC 0.6905 | trainTime 0.5272 | exSelTime 0.0000 | testTime 0.0023 | numPos 3.0000 | numNeg 5.0000 | Recall_After 0.6667 | F1_After 0.5128 | AUC_After 0.5063
Epoch 0099 | Eval Loss 0.5243 | Precision 1.0000 | Recall 1.0000 | F1 1.0000 | AUC 1.0000 | time 0.0020
ITER=3, #Train=9, #HeldOut=23, #Test=32
Test Set Loss 0.8302 | Precision 0.4167 | Recall 0.9091 | F1 0.5714 | AUC 0.6861 | trainTime 0.5272 | exSelTime 0.0000 | testTime 0.0018 | numPos 4.0000 | numNeg 5.0000 | Recall_After 0.6667 | F1_After 0.5128 | AUC_After 0.5032
Epoch 0099 | Eval Loss 0.5412 | Precision 1.0000 | Recall 1.0000 | F1 1.0000 | AUC 1.0000 | time 0.0019
ITER=4, #Train=10, #HeldOut=22, #Test=32
Test Set Loss 0.8068 | Precision 0.4348 | Recall 0.9091 | F1 0.5882 | AUC 0.8398 | trainTime 0.5272 | exSelTime 0.0000 | testTime 0.0021 | numPos 4.0000 | numNeg 6.0000 | Recall_After 0.6667 | F1_After 0.5263 | AUC_After 0.6159
Epoch 0099 | Eval Loss 0.5551 | Precision 1.0000 | Recall 1.0000 | F1 1.0000 | AUC 1.0000 | time 0.0020
ITER=5, #Train=11, #HeldOut=21, #Test=32
Test Set Loss 0.7683 | Precision 0.4762 | Recall 0.9091 | F1 0.6250 | AUC 0.8160 | trainTime 0.5272 | exSelTime 0.0000 | testTime 0.0020 | numPos 4.0000 | numNeg 7.0000 | Recall_After 0.6667 | F1_After 0.5556 | AUC_After 0.5984
Epoch 0099 | Eval Loss 0.5666 | Precision 1.0000 | Recall 1.0000 | F1 1.0000 | AUC 1.0000 | time 0.0019
ITER=6, #Train=12, #HeldOut=20, #Test=32
Test Set Loss 0.7202 | Precision 0.5625 | Recall 0.8182 | F1 0.6667 | AUC 0.8182 | trainTime 0.5272 | exSelTime 0.0000 | testTime 0.0019 | numPos 4.0000 | numNeg 8.0000 | Recall_After 0.6000 | F1_After 0.5806 | AUC_After 0.6000
Epoch 0099 | Eval Loss 0.5471 | Precision 1.0000 | Recall 1.0000 | F1 1.0000 | AUC 1.0000 | time 0.0015
ITER=7, #Train=13, #HeldOut=19, #Test=32
Test Set Loss 0.7212 | Precision 0.5882 | Recall 0.9091 | F1 0.7143 | AUC 0.7944 | trainTime 0.5272 | exSelTime 0.0000 | testTime 0.0014 | numPos 5.0000 | numNeg 8.0000 | Recall_After 0.6667 | F1_After 0.6250 | AUC_After 0.5825
Epoch 0099 | Eval Loss 0.5575 | Precision 1.0000 | Recall 1.0000 | F1 1.0000 | AUC 1.0000 | time 0.0015
ITER=8, #Train=14, #HeldOut=18, #Test=32
Test Set Loss 0.7134 | Precision 0.5882 | Recall 0.9091 | F1 0.7143 | AUC 0.7987 | trainTime 0.5272 | exSelTime 0.0000 | testTime 0.0014 | numPos 5.0000 | numNeg 9.0000 | Recall_After 0.6667 | F1_After 0.6250 | AUC_After 0.5857
Epoch 0099 | Eval Loss 0.5665 | Precision 1.0000 | Recall 1.0000 | F1 1.0000 | AUC 1.0000 | time 0.0017
ITER=9, #Train=15, #HeldOut=17, #Test=32
Test Set Loss 0.6906 | Precision 0.6250 | Recall 0.9091 | F1 0.7407 | AUC 0.8485 | trainTime 0.5272 | exSelTime 0.0000 | testTime 0.0015 | numPos 5.0000 | numNeg 10.0000 | Recall_After 0.6667 | F1_After 0.6452 | AUC_After 0.6222
Epoch 0099 | Eval Loss 0.5745 | Precision 1.0000 | Recall 1.0000 | F1 1.0000 | AUC 1.0000 | time 0.0016
ITER=10, #Train=16, #HeldOut=16, #Test=32
Test Set Loss 0.6792 | Precision 0.6667 | Recall 0.9091 | F1 0.7692 | AUC 0.8485 | trainTime 0.5272 | exSelTime 0.0000 | testTime 0.0015 | numPos 5.0000 | numNeg 11.0000 | Recall_After 0.6667 | F1_After 0.6667 | AUC_After 0.6222
Epoch 0099 | Eval Loss 0.5815 | Precision 1.0000 | Recall 1.0000 | F1 1.0000 | AUC 1.0000 | time 0.0014
ITER=11, #Train=17, #HeldOut=15, #Test=32
Test Set Loss 0.6776 | Precision 0.6667 | Recall 0.9091 | F1 0.7692 | AUC 0.8442 | trainTime 0.5272 | exSelTime 0.0000 | testTime 0.0015 | numPos 5.0000 | numNeg 12.0000 | Recall_After 0.6667 | F1_After 0.6667 | AUC_After 0.6190
Epoch 0099 | Eval Loss 0.5665 | Precision 1.0000 | Recall 1.0000 | F1 1.0000 | AUC 1.0000 | time 0.0018
ITER=12, #Train=18, #HeldOut=14, #Test=32
Test Set Loss 0.6774 | Precision 0.6667 | Recall 0.9091 | F1 0.7692 | AUC 0.8398 | trainTime 0.5272 | exSelTime 0.0000 | testTime 0.0020 | numPos 6.0000 | numNeg 12.0000 | Recall_After 0.6667 | F1_After 0.6667 | AUC_After 0.6159
Epoch 0099 | Eval Loss 0.5732 | Precision 1.0000 | Recall 1.0000 | F1 1.0000 | AUC 1.0000 | time 0.0015
ITER=13, #Train=19, #HeldOut=13, #Test=32
Test Set Loss 0.6773 | Precision 0.6667 | Recall 0.9091 | F1 0.7692 | AUC 0.8398 | trainTime 0.5272 | exSelTime 0.0000 | testTime 0.0015 | numPos 6.0000 | numNeg 13.0000 | Recall_After 0.6667 | F1_After 0.6667 | AUC_After 0.6159
Epoch 0099 | Eval Loss 0.5602 | Precision 1.0000 | Recall 1.0000 | F1 1.0000 | AUC 1.0000 | time 0.0018
ITER=14, #Train=20, #HeldOut=12, #Test=32
Test Set Loss 0.6772 | Precision 0.6667 | Recall 0.9091 | F1 0.7692 | AUC 0.8398 | trainTime 0.5272 | exSelTime 0.0000 | testTime 0.0015 | numPos 7.0000 | numNeg 13.0000 | Recall_After 0.6667 | F1_After 0.6667 | AUC_After 0.6159
Epoch 0099 | Eval Loss 0.5666 | Precision 1.0000 | Recall 1.0000 | F1 1.0000 | AUC 1.0000 | time 0.0014
ITER=15, #Train=21, #HeldOut=11, #Test=32
Test Set Loss 0.6463 | Precision 0.7143 | Recall 0.9091 | F1 0.8000 | AUC 0.8442 | trainTime 0.5272 | exSelTime 0.0000 | testTime 0.0015 | numPos 7.0000 | numNeg 14.0000 | Recall_After 0.6667 | F1_After 0.6897 | AUC_After 0.6190
Epoch 0099 | Eval Loss 0.5550 | Precision 1.0000 | Recall 1.0000 | F1 1.0000 | AUC 1.0000 | time 0.0016
ITER=16, #Train=22, #HeldOut=10, #Test=32
Test Set Loss 0.6469 | Precision 0.7143 | Recall 0.9091 | F1 0.8000 | AUC 0.8442 | trainTime 0.5272 | exSelTime 0.0000 | testTime 0.0016 | numPos 8.0000 | numNeg 14.0000 | Recall_After 0.6667 | F1_After 0.6897 | AUC_After 0.6190
Epoch 0099 | Eval Loss 0.5610 | Precision 1.0000 | Recall 1.0000 | F1 1.0000 | AUC 1.0000 | time 0.0015
ITER=17, #Train=23, #HeldOut=9, #Test=32
Test Set Loss 0.6496 | Precision 0.7500 | Recall 0.8182 | F1 0.7826 | AUC 0.9069 | trainTime 0.5272 | exSelTime 0.0000 | testTime 0.0015 | numPos 8.0000 | numNeg 15.0000 | Recall_After 0.6000 | F1_After 0.6667 | AUC_After 0.6651
Epoch 0099 | Eval Loss 0.5507 | Precision 1.0000 | Recall 1.0000 | F1 1.0000 | AUC 1.0000 | time 0.0016
ITER=18, #Train=24, #HeldOut=8, #Test=32
Test Set Loss 0.6400 | Precision 0.7143 | Recall 0.9091 | F1 0.8000 | AUC 0.9177 | trainTime 0.5272 | exSelTime 0.0000 | testTime 0.0015 | numPos 9.0000 | numNeg 15.0000 | Recall_After 0.6667 | F1_After 0.6897 | AUC_After 0.6730
Epoch 0099 | Eval Loss 0.5565 | Precision 1.0000 | Recall 1.0000 | F1 1.0000 | AUC 1.0000 | time 0.0015
ITER=19, #Train=25, #HeldOut=7, #Test=32
Test Set Loss 0.6221 | Precision 0.7857 | Recall 1.0000 | F1 0.8800 | AUC 0.9827 | trainTime 0.5272 | exSelTime 0.0000 | testTime 0.0015 | numPos 9.0000 | numNeg 16.0000 | Recall_After 0.7333 | F1_After 0.7586 | AUC_After 0.7206
Epoch 0099 | Eval Loss 0.5617 | Precision 1.0000 | Recall 1.0000 | F1 1.0000 | AUC 1.0000 | time 0.0017
ITER=20, #Train=26, #HeldOut=6, #Test=32
Test Set Loss 0.6210 | Precision 0.7857 | Recall 1.0000 | F1 0.8800 | AUC 0.9827 | trainTime 0.5272 | exSelTime 0.0000 | testTime 0.0016 | numPos 9.0000 | numNeg 17.0000 | Recall_After 0.7333 | F1_After 0.7586 | AUC_After 0.7206
Epoch 0099 | Eval Loss 0.5525 | Precision 1.0000 | Recall 1.0000 | F1 1.0000 | AUC 1.0000 | time 0.0016
ITER=21, #Train=27, #HeldOut=5, #Test=32
Test Set Loss 0.6173 | Precision 0.7857 | Recall 1.0000 | F1 0.8800 | AUC 0.9957 | trainTime 0.5272 | exSelTime 0.0000 | testTime 0.0016 | numPos 10.0000 | numNeg 17.0000 | Recall_After 0.7333 | F1_After 0.7586 | AUC_After 0.7302
Epoch 0099 | Eval Loss 0.5575 | Precision 1.0000 | Recall 1.0000 | F1 1.0000 | AUC 1.0000 | time 0.0016
ITER=22, #Train=28, #HeldOut=4, #Test=32
Test Set Loss 0.6012 | Precision 0.9091 | Recall 0.9091 | F1 0.9091 | AUC 0.9610 | trainTime 0.5272 | exSelTime 0.0000 | testTime 0.0016 | numPos 10.0000 | numNeg 18.0000 | Recall_After 0.6667 | F1_After 0.7692 | AUC_After 0.7048
Epoch 0099 | Eval Loss 0.5622 | Precision 1.0000 | Recall 1.0000 | F1 1.0000 | AUC 1.0000 | time 0.0017
ITER=23, #Train=29, #HeldOut=3, #Test=32
Test Set Loss 0.5905 | Precision 0.9091 | Recall 0.9091 | F1 0.9091 | AUC 0.9784 | trainTime 0.5272 | exSelTime 0.0000 | testTime 0.0015 | numPos 10.0000 | numNeg 19.0000 | Recall_After 0.6667 | F1_After 0.7692 | AUC_After 0.7175
Epoch 0099 | Eval Loss 0.5665 | Precision 1.0000 | Recall 1.0000 | F1 1.0000 | AUC 1.0000 | time 0.0016
ITER=24, #Train=30, #HeldOut=2, #Test=32
Test Set Loss 0.5909 | Precision 0.9091 | Recall 0.9091 | F1 0.9091 | AUC 0.9784 | trainTime 0.5272 | exSelTime 0.0000 | testTime 0.0015 | numPos 10.0000 | numNeg 20.0000 | Recall_After 0.6667 | F1_After 0.7692 | AUC_After 0.7175
Epoch 0099 | Eval Loss 0.5706 | Precision 1.0000 | Recall 1.0000 | F1 1.0000 | AUC 1.0000 | time 0.0015
ITER=25, #Train=31, #HeldOut=1, #Test=32
Test Set Loss 0.5744 | Precision 1.0000 | Recall 0.9091 | F1 0.9524 | AUC 0.9524 | trainTime 0.5272 | exSelTime 0.0000 | testTime 0.0016 | numPos 10.0000 | numNeg 21.0000 | Recall_After 0.6667 | F1_After 0.8000 | AUC_After 0.6984
Epoch 0099 | Eval Loss 0.5626 | Precision 1.0000 | Recall 1.0000 | F1 1.0000 | AUC 1.0000 | time 0.0016
ITER=26, #Train=32, #HeldOut=0, #Test=32
Test Set Loss 0.5626 | Precision 1.0000 | Recall 1.0000 | F1 1.0000 | AUC 1.0000 | trainTime 0.5272 | exSelTime 0.0000 | testTime 0.0015 | numPos 11.0000 | numNeg 21.0000 | Recall_After 0.7333 | F1_After 0.8462 | AUC_After 0.7333
