on cpu
loading data ... from src/model/gnn/dataset/human-mouse-negsample/human_mouse_Ontology_Node_Embeddings.txt
src/model/gnn/dataset/human-mouse-negsample/human_mouse_Ontology_Edge_List.txt
src/model/gnn/dataset/human-mouse-negsample/prog_seed_pairs.txt
src/model/gnn/dataset/human-mouse-negsample/pos_neg_pairs.txt
done
Epoch 0099 | Eval Loss 0.6552 | Precision 1.0000 | Recall 1.0000 | F1 1.0000 | AUC 1.0000 | time 0.0598
ITER=0, #Train=10, #HeldOut=15150, #Test=15160
Test Set Loss 0.9691 | Precision 0.1144 | Recall 0.9954 | F1 0.2052 | AUC 0.8425 | trainTime 10.4875 | exSelTime 0.0000 | testTime 0.0655 | numPos -1.0000 | numNeg -1.0000 | Recall_After 0.9954 | F1_After 0.2052 | AUC_After 0.8425
Epoch 0099 | Eval Loss 0.5622 | Precision 1.0000 | Recall 1.0000 | F1 1.0000 | AUC 1.0000 | time 0.1369
ITER=1, #Train=202, #HeldOut=14958, #Test=15160
Test Set Loss 1.0292 | Precision 0.1250 | Recall 0.9763 | F1 0.2216 | AUC 0.7739 | trainTime 10.4875 | exSelTime 16.5708 | testTime 0.0815 | numPos 71.0000 | numNeg 131.0000 | Recall_After 0.9763 | F1_After 0.2216 | AUC_After 0.7739
Epoch 0099 | Eval Loss 0.6324 | Precision 0.8560 | Recall 1.0000 | F1 0.9224 | AUC 1.0000 | time 0.0577
ITER=2, #Train=394, #HeldOut=14766, #Test=15160
Test Set Loss 0.9301 | Precision 0.1625 | Recall 0.9756 | F1 0.2785 | AUC 0.8685 | trainTime 10.4875 | exSelTime 19.6690 | testTime 0.0612 | numPos 107.0000 | numNeg 287.0000 | Recall_After 0.9756 | F1_After 0.2785 | AUC_After 0.8685
Epoch 0099 | Eval Loss 0.6231 | Precision 0.9281 | Recall 1.0000 | F1 0.9627 | AUC 0.9999 | time 0.0554
ITER=3, #Train=586, #HeldOut=14574, #Test=15160
Test Set Loss 0.9212 | Precision 0.1638 | Recall 0.9809 | F1 0.2807 | AUC 0.9025 | trainTime 10.4875 | exSelTime 16.1688 | testTime 0.0645 | numPos 155.0000 | numNeg 431.0000 | Recall_After 0.9809 | F1_After 0.2807 | AUC_After 0.9025
Epoch 0099 | Eval Loss 0.6346 | Precision 0.8721 | Recall 1.0000 | F1 0.9317 | AUC 0.9998 | time 0.0604
ITER=4, #Train=778, #HeldOut=14382, #Test=15160
Test Set Loss 0.9124 | Precision 0.1624 | Recall 0.9763 | F1 0.2785 | AUC 0.9213 | trainTime 10.4875 | exSelTime 15.2841 | testTime 0.0623 | numPos 191.0000 | numNeg 587.0000 | Recall_After 0.9763 | F1_After 0.2785 | AUC_After 0.9213
Epoch 0099 | Eval Loss 0.6350 | Precision 0.9036 | Recall 1.0000 | F1 0.9494 | AUC 1.0000 | time 0.1119
ITER=5, #Train=970, #HeldOut=14190, #Test=15160
Test Set Loss 0.9182 | Precision 0.1548 | Recall 0.9697 | F1 0.2670 | AUC 0.9226 | trainTime 10.4875 | exSelTime 15.5675 | testTime 0.1200 | numPos 225.0000 | numNeg 745.0000 | Recall_After 0.9697 | F1_After 0.2670 | AUC_After 0.9226
Epoch 0099 | Eval Loss 0.6519 | Precision 0.8344 | Recall 1.0000 | F1 0.9097 | AUC 0.9998 | time 0.0629
ITER=6, #Train=1162, #HeldOut=13998, #Test=15160
Test Set Loss 0.8978 | Precision 0.1730 | Recall 0.9736 | F1 0.2938 | AUC 0.9231 | trainTime 10.4875 | exSelTime 20.4135 | testTime 0.0687 | numPos 252.0000 | numNeg 910.0000 | Recall_After 0.9736 | F1_After 0.2938 | AUC_After 0.9231
Epoch 0099 | Eval Loss 0.6569 | Precision 0.8289 | Recall 1.0000 | F1 0.9065 | AUC 0.9998 | time 0.0682
ITER=7, #Train=1354, #HeldOut=13806, #Test=15160
Test Set Loss 0.8884 | Precision 0.1728 | Recall 0.9723 | F1 0.2934 | AUC 0.9374 | trainTime 10.4875 | exSelTime 15.7081 | testTime 0.0725 | numPos 281.0000 | numNeg 1073.0000 | Recall_After 0.9723 | F1_After 0.2934 | AUC_After 0.9374
Epoch 0099 | Eval Loss 0.6549 | Precision 0.8636 | Recall 1.0000 | F1 0.9268 | AUC 1.0000 | time 0.0631
ITER=8, #Train=1546, #HeldOut=13614, #Test=15160
Test Set Loss 0.8869 | Precision 0.1722 | Recall 0.9736 | F1 0.2926 | AUC 0.9460 | trainTime 10.4875 | exSelTime 17.0522 | testTime 0.0827 | numPos 304.0000 | numNeg 1242.0000 | Recall_After 0.9736 | F1_After 0.2926 | AUC_After 0.9460
Epoch 0099 | Eval Loss 0.6573 | Precision 0.8568 | Recall 1.0000 | F1 0.9229 | AUC 1.0000 | time 0.0800
ITER=9, #Train=1738, #HeldOut=13422, #Test=15160
Test Set Loss 0.8768 | Precision 0.1807 | Recall 0.9657 | F1 0.3045 | AUC 0.9452 | trainTime 10.4875 | exSelTime 18.0343 | testTime 0.0749 | numPos 335.0000 | numNeg 1403.0000 | Recall_After 0.9657 | F1_After 0.3045 | AUC_After 0.9452
Epoch 0099 | Eval Loss 0.6551 | Precision 0.8708 | Recall 1.0000 | F1 0.9309 | AUC 1.0000 | time 0.0648
ITER=10, #Train=1930, #HeldOut=13230, #Test=15160
Test Set Loss 0.8725 | Precision 0.1852 | Recall 0.9730 | F1 0.3112 | AUC 0.9509 | trainTime 10.4875 | exSelTime 19.9018 | testTime 0.0724 | numPos 364.0000 | numNeg 1566.0000 | Recall_After 0.9730 | F1_After 0.3112 | AUC_After 0.9509
Epoch 0099 | Eval Loss 0.6575 | Precision 0.8694 | Recall 1.0000 | F1 0.9301 | AUC 1.0000 | time 0.0696
ITER=11, #Train=2122, #HeldOut=13038, #Test=15160
Test Set Loss 0.8657 | Precision 0.1927 | Recall 0.9697 | F1 0.3215 | AUC 0.9549 | trainTime 10.4875 | exSelTime 23.2520 | testTime 0.0720 | numPos 386.0000 | numNeg 1736.0000 | Recall_After 0.9697 | F1_After 0.3215 | AUC_After 0.9549
Epoch 0099 | Eval Loss 0.6567 | Precision 0.8891 | Recall 1.0000 | F1 0.9413 | AUC 1.0000 | time 0.0837
ITER=12, #Train=2314, #HeldOut=12846, #Test=15160
Test Set Loss 0.8607 | Precision 0.2000 | Recall 0.9650 | F1 0.3314 | AUC 0.9554 | trainTime 10.4875 | exSelTime 23.3398 | testTime 0.0855 | numPos 417.0000 | numNeg 1897.0000 | Recall_After 0.9650 | F1_After 0.3314 | AUC_After 0.9554
Epoch 0099 | Eval Loss 0.6592 | Precision 0.8760 | Recall 1.0000 | F1 0.9339 | AUC 1.0000 | time 0.0739
ITER=13, #Train=2506, #HeldOut=12654, #Test=15160
Test Set Loss 0.8558 | Precision 0.2068 | Recall 0.9710 | F1 0.3410 | AUC 0.9605 | trainTime 10.4875 | exSelTime 23.8128 | testTime 0.0762 | numPos 438.0000 | numNeg 2068.0000 | Recall_After 0.9710 | F1_After 0.3410 | AUC_After 0.9605
Epoch 0099 | Eval Loss 0.6561 | Precision 0.9128 | Recall 1.0000 | F1 0.9544 | AUC 1.0000 | time 0.0839
ITER=14, #Train=2698, #HeldOut=12462, #Test=15160
Test Set Loss 0.8501 | Precision 0.2157 | Recall 0.9730 | F1 0.3531 | AUC 0.9639 | trainTime 10.4875 | exSelTime 22.8091 | testTime 0.0866 | numPos 471.0000 | numNeg 2227.0000 | Recall_After 0.9730 | F1_After 0.3531 | AUC_After 0.9639
Epoch 0099 | Eval Loss 0.6578 | Precision 0.9071 | Recall 1.0000 | F1 0.9513 | AUC 1.0000 | time 0.0817
ITER=15, #Train=2890, #HeldOut=12270, #Test=15160
Test Set Loss 0.8446 | Precision 0.2219 | Recall 0.9743 | F1 0.3615 | AUC 0.9665 | trainTime 10.4875 | exSelTime 24.8196 | testTime 0.0802 | numPos 488.0000 | numNeg 2402.0000 | Recall_After 0.9743 | F1_After 0.3615 | AUC_After 0.9665
Epoch 0099 | Eval Loss 0.6576 | Precision 0.9218 | Recall 1.0000 | F1 0.9593 | AUC 1.0000 | time 0.0703
ITER=16, #Train=3082, #HeldOut=12078, #Test=15160
Test Set Loss 0.8405 | Precision 0.2294 | Recall 0.9710 | F1 0.3712 | AUC 0.9663 | trainTime 10.4875 | exSelTime 22.5261 | testTime 0.0891 | numPos 507.0000 | numNeg 2575.0000 | Recall_After 0.9710 | F1_After 0.3712 | AUC_After 0.9663
Epoch 0099 | Eval Loss 0.6576 | Precision 0.9335 | Recall 1.0000 | F1 0.9656 | AUC 1.0000 | time 0.0933
ITER=17, #Train=3274, #HeldOut=11886, #Test=15160
Test Set Loss 0.8360 | Precision 0.2336 | Recall 0.9664 | F1 0.3762 | AUC 0.9670 | trainTime 10.4875 | exSelTime 27.5127 | testTime 0.0936 | numPos 519.0000 | numNeg 2755.0000 | Recall_After 0.9664 | F1_After 0.3762 | AUC_After 0.9670
Epoch 0099 | Eval Loss 0.6603 | Precision 0.9296 | Recall 1.0000 | F1 0.9635 | AUC 1.0000 | time 0.0676
ITER=18, #Train=3466, #HeldOut=11694, #Test=15160
Test Set Loss 0.8322 | Precision 0.2389 | Recall 0.9690 | F1 0.3833 | AUC 0.9684 | trainTime 10.4875 | exSelTime 24.7459 | testTime 0.0732 | numPos 528.0000 | numNeg 2938.0000 | Recall_After 0.9690 | F1_After 0.3833 | AUC_After 0.9684
Epoch 0099 | Eval Loss 0.6625 | Precision 0.9355 | Recall 1.0000 | F1 0.9667 | AUC 1.0000 | time 0.0805
ITER=19, #Train=3658, #HeldOut=11502, #Test=15160
Test Set Loss 0.8268 | Precision 0.2473 | Recall 0.9664 | F1 0.3939 | AUC 0.9671 | trainTime 10.4875 | exSelTime 25.8483 | testTime 0.0771 | numPos 537.0000 | numNeg 3121.0000 | Recall_After 0.9664 | F1_After 0.3939 | AUC_After 0.9671
Epoch 0099 | Eval Loss 0.6620 | Precision 0.9462 | Recall 1.0000 | F1 0.9723 | AUC 1.0000 | time 0.0787
ITER=20, #Train=3850, #HeldOut=11310, #Test=15160
Test Set Loss 0.8223 | Precision 0.2535 | Recall 0.9677 | F1 0.4017 | AUC 0.9692 | trainTime 10.4875 | exSelTime 24.9302 | testTime 0.0782 | numPos 545.0000 | numNeg 3305.0000 | Recall_After 0.9677 | F1_After 0.4017 | AUC_After 0.9692
Epoch 0099 | Eval Loss 0.6635 | Precision 0.9522 | Recall 1.0000 | F1 0.9755 | AUC 1.0000 | time 0.0870
ITER=21, #Train=4042, #HeldOut=11118, #Test=15160
Test Set Loss 0.8171 | Precision 0.2605 | Recall 0.9690 | F1 0.4106 | AUC 0.9723 | trainTime 10.4875 | exSelTime 23.0117 | testTime 0.0779 | numPos 558.0000 | numNeg 3484.0000 | Recall_After 0.9690 | F1_After 0.4106 | AUC_After 0.9723
Epoch 0099 | Eval Loss 0.6637 | Precision 0.9513 | Recall 1.0000 | F1 0.9751 | AUC 1.0000 | time 0.0807
ITER=22, #Train=4234, #HeldOut=10926, #Test=15160
Test Set Loss 0.8125 | Precision 0.2693 | Recall 0.9690 | F1 0.4215 | AUC 0.9729 | trainTime 10.4875 | exSelTime 21.5134 | testTime 0.0748 | numPos 567.0000 | numNeg 3667.0000 | Recall_After 0.9690 | F1_After 0.4215 | AUC_After 0.9729
Epoch 0099 | Eval Loss 0.6658 | Precision 0.9378 | Recall 1.0000 | F1 0.9679 | AUC 1.0000 | time 0.0645
ITER=23, #Train=4426, #HeldOut=10734, #Test=15160
Test Set Loss 0.8079 | Precision 0.2747 | Recall 0.9664 | F1 0.4278 | AUC 0.9721 | trainTime 10.4875 | exSelTime 22.3534 | testTime 0.0709 | numPos 573.0000 | numNeg 3853.0000 | Recall_After 0.9664 | F1_After 0.4278 | AUC_After 0.9721
Epoch 0099 | Eval Loss 0.6643 | Precision 0.9699 | Recall 1.0000 | F1 0.9847 | AUC 1.0000 | time 0.0757
ITER=24, #Train=4618, #HeldOut=10542, #Test=15160
Test Set Loss 0.8028 | Precision 0.2856 | Recall 0.9703 | F1 0.4413 | AUC 0.9743 | trainTime 10.4875 | exSelTime 23.6463 | testTime 0.0756 | numPos 581.0000 | numNeg 4037.0000 | Recall_After 0.9703 | F1_After 0.4413 | AUC_After 0.9743
Epoch 0099 | Eval Loss 0.6650 | Precision 0.9607 | Recall 1.0000 | F1 0.9799 | AUC 1.0000 | time 0.0682
ITER=25, #Train=4810, #HeldOut=10350, #Test=15160
Test Set Loss 0.7968 | Precision 0.2927 | Recall 0.9703 | F1 0.4497 | AUC 0.9744 | trainTime 10.4875 | exSelTime 23.0948 | testTime 0.0921 | numPos 586.0000 | numNeg 4224.0000 | Recall_After 0.9703 | F1_After 0.4497 | AUC_After 0.9744
Epoch 0099 | Eval Loss 0.6678 | Precision 0.9437 | Recall 1.0000 | F1 0.9711 | AUC 1.0000 | time 0.0775
ITER=26, #Train=5002, #HeldOut=10158, #Test=15160
Test Set Loss 0.7906 | Precision 0.3046 | Recall 0.9697 | F1 0.4636 | AUC 0.9753 | trainTime 10.4875 | exSelTime 21.6046 | testTime 0.0832 | numPos 587.0000 | numNeg 4415.0000 | Recall_After 0.9697 | F1_After 0.4636 | AUC_After 0.9753
Epoch 0099 | Eval Loss 0.6674 | Precision 0.9610 | Recall 1.0000 | F1 0.9801 | AUC 1.0000 | time 0.0806
ITER=27, #Train=5194, #HeldOut=9966, #Test=15160
Test Set Loss 0.7848 | Precision 0.3162 | Recall 0.9677 | F1 0.4766 | AUC 0.9767 | trainTime 10.4875 | exSelTime 23.3906 | testTime 0.0724 | numPos 591.0000 | numNeg 4603.0000 | Recall_After 0.9677 | F1_After 0.4766 | AUC_After 0.9767
Epoch 0099 | Eval Loss 0.6686 | Precision 0.9598 | Recall 1.0000 | F1 0.9795 | AUC 1.0000 | time 0.0733
ITER=28, #Train=5386, #HeldOut=9774, #Test=15160
Test Set Loss 0.7800 | Precision 0.3243 | Recall 0.9664 | F1 0.4856 | AUC 0.9776 | trainTime 10.4875 | exSelTime 23.4765 | testTime 0.0777 | numPos 597.0000 | numNeg 4789.0000 | Recall_After 0.9664 | F1_After 0.4856 | AUC_After 0.9776
Epoch 0099 | Eval Loss 0.6682 | Precision 0.9743 | Recall 1.0000 | F1 0.9870 | AUC 1.0000 | time 0.0938
ITER=29, #Train=5578, #HeldOut=9582, #Test=15160
Test Set Loss 0.7743 | Precision 0.3359 | Recall 0.9677 | F1 0.4987 | AUC 0.9794 | trainTime 10.4875 | exSelTime 22.7132 | testTime 0.0862 | numPos 607.0000 | numNeg 4971.0000 | Recall_After 0.9677 | F1_After 0.4987 | AUC_After 0.9794
Epoch 0099 | Eval Loss 0.6678 | Precision 0.9792 | Recall 1.0000 | F1 0.9895 | AUC 1.0000 | time 0.0806
ITER=30, #Train=5770, #HeldOut=9390, #Test=15160
Test Set Loss 0.7682 | Precision 0.3522 | Recall 0.9697 | F1 0.5167 | AUC 0.9809 | trainTime 10.4875 | exSelTime 21.0129 | testTime 0.0860 | numPos 612.0000 | numNeg 5158.0000 | Recall_After 0.9697 | F1_After 0.5167 | AUC_After 0.9809
Epoch 0099 | Eval Loss 0.6689 | Precision 0.9671 | Recall 1.0000 | F1 0.9833 | AUC 1.0000 | time 0.0757
ITER=31, #Train=5962, #HeldOut=9198, #Test=15160
Test Set Loss 0.7630 | Precision 0.3644 | Recall 0.9716 | F1 0.5300 | AUC 0.9821 | trainTime 10.4875 | exSelTime 20.4816 | testTime 0.0782 | numPos 618.0000 | numNeg 5344.0000 | Recall_After 0.9716 | F1_After 0.5300 | AUC_After 0.9821
Epoch 0099 | Eval Loss 0.6688 | Precision 0.9689 | Recall 1.0000 | F1 0.9842 | AUC 1.0000 | time 0.0704
ITER=32, #Train=6154, #HeldOut=9006, #Test=15160
Test Set Loss 0.7571 | Precision 0.3784 | Recall 0.9743 | F1 0.5451 | AUC 0.9842 | trainTime 10.4875 | exSelTime 22.6478 | testTime 0.0918 | numPos 623.0000 | numNeg 5531.0000 | Recall_After 0.9743 | F1_After 0.5451 | AUC_After 0.9842
Epoch 0099 | Eval Loss 0.6681 | Precision 0.9783 | Recall 1.0000 | F1 0.9890 | AUC 1.0000 | time 0.0811
ITER=33, #Train=6346, #HeldOut=8814, #Test=15160
Test Set Loss 0.7527 | Precision 0.3872 | Recall 0.9730 | F1 0.5540 | AUC 0.9845 | trainTime 10.4875 | exSelTime 21.2415 | testTime 0.0720 | numPos 632.0000 | numNeg 5714.0000 | Recall_After 0.9730 | F1_After 0.5540 | AUC_After 0.9845
Epoch 0099 | Eval Loss 0.6690 | Precision 0.9829 | Recall 1.0000 | F1 0.9914 | AUC 1.0000 | time 0.0772
ITER=34, #Train=6538, #HeldOut=8622, #Test=15160
Test Set Loss 0.7468 | Precision 0.4060 | Recall 0.9763 | F1 0.5735 | AUC 0.9855 | trainTime 10.4875 | exSelTime 19.7618 | testTime 0.0941 | numPos 634.0000 | numNeg 5904.0000 | Recall_After 0.9763 | F1_After 0.5735 | AUC_After 0.9855
Epoch 0099 | Eval Loss 0.6692 | Precision 0.9845 | Recall 1.0000 | F1 0.9922 | AUC 1.0000 | time 0.0701
ITER=35, #Train=6730, #HeldOut=8430, #Test=15160
Test Set Loss 0.7419 | Precision 0.4199 | Recall 0.9749 | F1 0.5870 | AUC 0.9852 | trainTime 10.4875 | exSelTime 21.3828 | testTime 0.0736 | numPos 636.0000 | numNeg 6094.0000 | Recall_After 0.9749 | F1_After 0.5870 | AUC_After 0.9852
Epoch 0099 | Eval Loss 0.6692 | Precision 0.9907 | Recall 1.0000 | F1 0.9953 | AUC 1.0000 | time 0.0746
ITER=36, #Train=6922, #HeldOut=8238, #Test=15160
Test Set Loss 0.7363 | Precision 0.4378 | Recall 0.9723 | F1 0.6037 | AUC 0.9855 | trainTime 10.4875 | exSelTime 21.4327 | testTime 0.0751 | numPos 639.0000 | numNeg 6283.0000 | Recall_After 0.9723 | F1_After 0.6037 | AUC_After 0.9855
Epoch 0099 | Eval Loss 0.6694 | Precision 0.9923 | Recall 1.0000 | F1 0.9961 | AUC 1.0000 | time 0.0617
ITER=37, #Train=7114, #HeldOut=8046, #Test=15160
Test Set Loss 0.7309 | Precision 0.4550 | Recall 0.9730 | F1 0.6200 | AUC 0.9854 | trainTime 10.4875 | exSelTime 17.5929 | testTime 0.0659 | numPos 641.0000 | numNeg 6473.0000 | Recall_After 0.9730 | F1_After 0.6200 | AUC_After 0.9854
Epoch 0099 | Eval Loss 0.6700 | Precision 0.9892 | Recall 1.0000 | F1 0.9946 | AUC 1.0000 | time 0.0621
ITER=38, #Train=7306, #HeldOut=7854, #Test=15160
Test Set Loss 0.7250 | Precision 0.4835 | Recall 0.9743 | F1 0.6462 | AUC 0.9862 | trainTime 10.4875 | exSelTime 18.3731 | testTime 0.0703 | numPos 642.0000 | numNeg 6664.0000 | Recall_After 0.9743 | F1_After 0.6462 | AUC_After 0.9862
Epoch 0099 | Eval Loss 0.6701 | Precision 0.9969 | Recall 1.0000 | F1 0.9985 | AUC 1.0000 | time 0.0756
ITER=39, #Train=7498, #HeldOut=7662, #Test=15160
Test Set Loss 0.7197 | Precision 0.5010 | Recall 0.9743 | F1 0.6617 | AUC 0.9870 | trainTime 10.4875 | exSelTime 16.6379 | testTime 0.0750 | numPos 647.0000 | numNeg 6851.0000 | Recall_After 0.9743 | F1_After 0.6617 | AUC_After 0.9870
Epoch 0099 | Eval Loss 0.6701 | Precision 0.9939 | Recall 1.0000 | F1 0.9969 | AUC 1.0000 | time 0.0732
ITER=40, #Train=7690, #HeldOut=7470, #Test=15160
Test Set Loss 0.7130 | Precision 0.5330 | Recall 0.9743 | F1 0.6891 | AUC 0.9874 | trainTime 10.4875 | exSelTime 18.5347 | testTime 0.0625 | numPos 649.0000 | numNeg 7041.0000 | Recall_After 0.9743 | F1_After 0.6891 | AUC_After 0.9874
Epoch 0099 | Eval Loss 0.6702 | Precision 0.9924 | Recall 1.0000 | F1 0.9962 | AUC 1.0000 | time 0.0734
ITER=41, #Train=7882, #HeldOut=7278, #Test=15160
Test Set Loss 0.7070 | Precision 0.5620 | Recall 0.9749 | F1 0.7130 | AUC 0.9882 | trainTime 10.4875 | exSelTime 17.3827 | testTime 0.0687 | numPos 651.0000 | numNeg 7231.0000 | Recall_After 0.9749 | F1_After 0.7130 | AUC_After 0.9882
Epoch 0099 | Eval Loss 0.6701 | Precision 0.9909 | Recall 1.0000 | F1 0.9954 | AUC 1.0000 | time 0.0644
ITER=42, #Train=8074, #HeldOut=7086, #Test=15160
Test Set Loss 0.7010 | Precision 0.5926 | Recall 0.9749 | F1 0.7372 | AUC 0.9878 | trainTime 10.4875 | exSelTime 15.6624 | testTime 0.0649 | numPos 652.0000 | numNeg 7422.0000 | Recall_After 0.9749 | F1_After 0.7372 | AUC_After 0.9878
Epoch 0099 | Eval Loss 0.6701 | Precision 0.9954 | Recall 1.0000 | F1 0.9977 | AUC 1.0000 | time 0.0593
ITER=43, #Train=8266, #HeldOut=6894, #Test=15160
Test Set Loss 0.6952 | Precision 0.6355 | Recall 0.9743 | F1 0.7693 | AUC 0.9881 | trainTime 10.4875 | exSelTime 16.8887 | testTime 0.0606 | numPos 655.0000 | numNeg 7611.0000 | Recall_After 0.9743 | F1_After 0.7693 | AUC_After 0.9881
Epoch 0099 | Eval Loss 0.6700 | Precision 0.9970 | Recall 1.0000 | F1 0.9985 | AUC 1.0000 | time 0.0705
ITER=44, #Train=8458, #HeldOut=6702, #Test=15160
Test Set Loss 0.6892 | Precision 0.6789 | Recall 0.9749 | F1 0.8004 | AUC 0.9882 | trainTime 10.4875 | exSelTime 18.2824 | testTime 0.0610 | numPos 656.0000 | numNeg 7802.0000 | Recall_After 0.9749 | F1_After 0.8004 | AUC_After 0.9882
Epoch 0099 | Eval Loss 0.6702 | Precision 0.9955 | Recall 1.0000 | F1 0.9977 | AUC 1.0000 | time 0.0710
ITER=45, #Train=8650, #HeldOut=6510, #Test=15160
Test Set Loss 0.6834 | Precision 0.7306 | Recall 0.9769 | F1 0.8360 | AUC 0.9882 | trainTime 10.4875 | exSelTime 15.4125 | testTime 0.0613 | numPos 657.0000 | numNeg 7993.0000 | Recall_After 0.9769 | F1_After 0.8360 | AUC_After 0.9882
Epoch 0099 | Eval Loss 0.6700 | Precision 0.9970 | Recall 1.0000 | F1 0.9985 | AUC 1.0000 | time 0.0675
ITER=46, #Train=8842, #HeldOut=6318, #Test=15160
Test Set Loss 0.6781 | Precision 0.7773 | Recall 0.9763 | F1 0.8655 | AUC 0.9884 | trainTime 10.4875 | exSelTime 15.0876 | testTime 0.0624 | numPos 659.0000 | numNeg 8183.0000 | Recall_After 0.9763 | F1_After 0.8655 | AUC_After 0.9884
Epoch 0099 | Eval Loss 0.6698 | Precision 0.9970 | Recall 1.0000 | F1 0.9985 | AUC 1.0000 | time 0.0724
ITER=47, #Train=9034, #HeldOut=6126, #Test=15160
Test Set Loss 0.6732 | Precision 0.8354 | Recall 0.9776 | F1 0.9009 | AUC 0.9886 | trainTime 10.4875 | exSelTime 16.4027 | testTime 0.0708 | numPos 665.0000 | numNeg 8369.0000 | Recall_After 0.9776 | F1_After 0.9009 | AUC_After 0.9886
Epoch 0099 | Eval Loss 0.6695 | Precision 0.9985 | Recall 1.0000 | F1 0.9993 | AUC 1.0000 | time 0.0682
ITER=48, #Train=9226, #HeldOut=5934, #Test=15160
Test Set Loss 0.6683 | Precision 0.8933 | Recall 0.9776 | F1 0.9335 | AUC 0.9883 | trainTime 10.4875 | exSelTime 15.7833 | testTime 0.0728 | numPos 667.0000 | numNeg 8559.0000 | Recall_After 0.9776 | F1_After 0.9335 | AUC_After 0.9883
Epoch 0099 | Eval Loss 0.6693 | Precision 1.0000 | Recall 1.0000 | F1 1.0000 | AUC 1.0000 | time 0.0799
ITER=49, #Train=9418, #HeldOut=5742, #Test=15160
Test Set Loss 0.6639 | Precision 0.9550 | Recall 0.9789 | F1 0.9668 | AUC 0.9886 | trainTime 10.4875 | exSelTime 15.0013 | testTime 0.0852 | numPos 671.0000 | numNeg 8747.0000 | Recall_After 0.9789 | F1_After 0.9668 | AUC_After 0.9886
Epoch 0099 | Eval Loss 0.6693 | Precision 1.0000 | Recall 1.0000 | F1 1.0000 | AUC 1.0000 | time 0.0727
ITER=50, #Train=9610, #HeldOut=5550, #Test=15160
Test Set Loss 0.6605 | Precision 0.9920 | Recall 0.9789 | F1 0.9854 | AUC 0.9888 | trainTime 10.4875 | exSelTime 15.0373 | testTime 0.0718 | numPos 673.0000 | numNeg 8937.0000 | Recall_After 0.9789 | F1_After 0.9854 | AUC_After 0.9888
Epoch 0099 | Eval Loss 0.6692 | Precision 1.0000 | Recall 1.0000 | F1 1.0000 | AUC 1.0000 | time 0.0527
ITER=51, #Train=9802, #HeldOut=5358, #Test=15160
Test Set Loss 0.6585 | Precision 0.9960 | Recall 0.9809 | F1 0.9884 | AUC 0.9888 | trainTime 10.4875 | exSelTime 16.1960 | testTime 0.0612 | numPos 676.0000 | numNeg 9126.0000 | Recall_After 0.9809 | F1_After 0.9884 | AUC_After 0.9888
Epoch 0099 | Eval Loss 0.6692 | Precision 1.0000 | Recall 1.0000 | F1 1.0000 | AUC 1.0000 | time 0.0626
ITER=52, #Train=9994, #HeldOut=5166, #Test=15160
Test Set Loss 0.6576 | Precision 0.9967 | Recall 0.9822 | F1 0.9894 | AUC 0.9891 | trainTime 10.4875 | exSelTime 15.1766 | testTime 0.0792 | numPos 678.0000 | numNeg 9316.0000 | Recall_After 0.9822 | F1_After 0.9894 | AUC_After 0.9891
Epoch 0099 | Eval Loss 0.6693 | Precision 1.0000 | Recall 1.0000 | F1 1.0000 | AUC 1.0000 | time 0.0809
ITER=53, #Train=10186, #HeldOut=4974, #Test=15160
Test Set Loss 0.6571 | Precision 0.9973 | Recall 0.9822 | F1 0.9897 | AUC 0.9891 | trainTime 10.4875 | exSelTime 14.3996 | testTime 0.0813 | numPos 679.0000 | numNeg 9507.0000 | Recall_After 0.9822 | F1_After 0.9897 | AUC_After 0.9891
Epoch 0099 | Eval Loss 0.6693 | Precision 1.0000 | Recall 1.0000 | F1 1.0000 | AUC 1.0000 | time 0.0644
ITER=54, #Train=10378, #HeldOut=4782, #Test=15160
Test Set Loss 0.6567 | Precision 0.9973 | Recall 0.9848 | F1 0.9910 | AUC 0.9895 | trainTime 10.4875 | exSelTime 15.3564 | testTime 0.0747 | numPos 683.0000 | numNeg 9695.0000 | Recall_After 0.9848 | F1_After 0.9910 | AUC_After 0.9895
Epoch 0099 | Eval Loss 0.6695 | Precision 1.0000 | Recall 1.0000 | F1 1.0000 | AUC 1.0000 | time 0.0759
ITER=55, #Train=10570, #HeldOut=4590, #Test=15160
Test Set Loss 0.6565 | Precision 0.9973 | Recall 0.9861 | F1 0.9917 | AUC 0.9897 | trainTime 10.4875 | exSelTime 15.4342 | testTime 0.0670 | numPos 685.0000 | numNeg 9885.0000 | Recall_After 0.9861 | F1_After 0.9917 | AUC_After 0.9897
Epoch 0099 | Eval Loss 0.6697 | Precision 1.0000 | Recall 1.0000 | F1 1.0000 | AUC 1.0000 | time 0.0833
ITER=56, #Train=10762, #HeldOut=4398, #Test=15160
Test Set Loss 0.6564 | Precision 0.9973 | Recall 0.9861 | F1 0.9917 | AUC 0.9896 | trainTime 10.4875 | exSelTime 13.2092 | testTime 0.0698 | numPos 686.0000 | numNeg 10076.0000 | Recall_After 0.9861 | F1_After 0.9917 | AUC_After 0.9896
Epoch 0099 | Eval Loss 0.6700 | Precision 1.0000 | Recall 1.0000 | F1 1.0000 | AUC 1.0000 | time 0.0721
ITER=57, #Train=10954, #HeldOut=4206, #Test=15160
Test Set Loss 0.6563 | Precision 0.9973 | Recall 0.9861 | F1 0.9917 | AUC 0.9896 | trainTime 10.4875 | exSelTime 13.7950 | testTime 0.0714 | numPos 686.0000 | numNeg 10268.0000 | Recall_After 0.9861 | F1_After 0.9917 | AUC_After 0.9896
Epoch 0099 | Eval Loss 0.6703 | Precision 1.0000 | Recall 1.0000 | F1 1.0000 | AUC 1.0000 | time 0.0577
ITER=58, #Train=11146, #HeldOut=4014, #Test=15160
Test Set Loss 0.6562 | Precision 0.9973 | Recall 0.9868 | F1 0.9920 | AUC 0.9899 | trainTime 10.4875 | exSelTime 14.4292 | testTime 0.0816 | numPos 687.0000 | numNeg 10459.0000 | Recall_After 0.9868 | F1_After 0.9920 | AUC_After 0.9899
Epoch 0099 | Eval Loss 0.6706 | Precision 1.0000 | Recall 1.0000 | F1 1.0000 | AUC 1.0000 | time 0.0695
ITER=59, #Train=11338, #HeldOut=3822, #Test=15160
Test Set Loss 0.6562 | Precision 0.9973 | Recall 0.9868 | F1 0.9920 | AUC 0.9899 | trainTime 10.4875 | exSelTime 11.5186 | testTime 0.0693 | numPos 687.0000 | numNeg 10651.0000 | Recall_After 0.9868 | F1_After 0.9920 | AUC_After 0.9899
Epoch 0099 | Eval Loss 0.6709 | Precision 1.0000 | Recall 1.0000 | F1 1.0000 | AUC 1.0000 | time 0.0617
ITER=60, #Train=11530, #HeldOut=3630, #Test=15160
Test Set Loss 0.6561 | Precision 0.9973 | Recall 0.9868 | F1 0.9920 | AUC 0.9899 | trainTime 10.4875 | exSelTime 13.6939 | testTime 0.0575 | numPos 687.0000 | numNeg 10843.0000 | Recall_After 0.9868 | F1_After 0.9920 | AUC_After 0.9899
Epoch 0099 | Eval Loss 0.6712 | Precision 1.0000 | Recall 1.0000 | F1 1.0000 | AUC 1.0000 | time 0.0727
ITER=61, #Train=11722, #HeldOut=3438, #Test=15160
Test Set Loss 0.6561 | Precision 0.9973 | Recall 0.9875 | F1 0.9924 | AUC 0.9902 | trainTime 10.4875 | exSelTime 13.7664 | testTime 0.0658 | numPos 688.0000 | numNeg 11034.0000 | Recall_After 0.9875 | F1_After 0.9924 | AUC_After 0.9902
Epoch 0099 | Eval Loss 0.6714 | Precision 1.0000 | Recall 1.0000 | F1 1.0000 | AUC 1.0000 | time 0.0671
ITER=62, #Train=11914, #HeldOut=3246, #Test=15160
Test Set Loss 0.6560 | Precision 0.9973 | Recall 0.9881 | F1 0.9927 | AUC 0.9907 | trainTime 10.4875 | exSelTime 10.8438 | testTime 0.0691 | numPos 693.0000 | numNeg 11221.0000 | Recall_After 0.9881 | F1_After 0.9927 | AUC_After 0.9907
Epoch 0099 | Eval Loss 0.6716 | Precision 1.0000 | Recall 1.0000 | F1 1.0000 | AUC 1.0000 | time 0.0587
ITER=63, #Train=12106, #HeldOut=3054, #Test=15160
Test Set Loss 0.6560 | Precision 0.9973 | Recall 0.9894 | F1 0.9934 | AUC 0.9915 | trainTime 10.4875 | exSelTime 12.3012 | testTime 0.0600 | numPos 695.0000 | numNeg 11411.0000 | Recall_After 0.9894 | F1_After 0.9934 | AUC_After 0.9915
Epoch 0099 | Eval Loss 0.6719 | Precision 1.0000 | Recall 1.0000 | F1 1.0000 | AUC 1.0000 | time 0.0678
ITER=64, #Train=12298, #HeldOut=2862, #Test=15160
Test Set Loss 0.6559 | Precision 0.9973 | Recall 0.9908 | F1 0.9940 | AUC 0.9924 | trainTime 10.4875 | exSelTime 12.3010 | testTime 0.0762 | numPos 697.0000 | numNeg 11601.0000 | Recall_After 0.9908 | F1_After 0.9940 | AUC_After 0.9924
Epoch 0099 | Eval Loss 0.6722 | Precision 1.0000 | Recall 1.0000 | F1 1.0000 | AUC 1.0000 | time 0.0665
ITER=65, #Train=12490, #HeldOut=2670, #Test=15160
Test Set Loss 0.6560 | Precision 0.9967 | Recall 0.9927 | F1 0.9947 | AUC 0.9939 | trainTime 10.4875 | exSelTime 10.5054 | testTime 0.0688 | numPos 700.0000 | numNeg 11790.0000 | Recall_After 0.9927 | F1_After 0.9947 | AUC_After 0.9939
Epoch 0099 | Eval Loss 0.6724 | Precision 1.0000 | Recall 1.0000 | F1 1.0000 | AUC 1.0000 | time 0.0645
ITER=66, #Train=12682, #HeldOut=2478, #Test=15160
Test Set Loss 0.6558 | Precision 0.9974 | Recall 0.9947 | F1 0.9960 | AUC 0.9952 | trainTime 10.4875 | exSelTime 10.9546 | testTime 0.0664 | numPos 703.0000 | numNeg 11979.0000 | Recall_After 0.9947 | F1_After 0.9960 | AUC_After 0.9952
Epoch 0099 | Eval Loss 0.6726 | Precision 1.0000 | Recall 1.0000 | F1 1.0000 | AUC 1.0000 | time 0.0722
ITER=67, #Train=12874, #HeldOut=2286, #Test=15160
Test Set Loss 0.6557 | Precision 0.9974 | Recall 0.9954 | F1 0.9964 | AUC 0.9957 | trainTime 10.4875 | exSelTime 11.8984 | testTime 0.0731 | numPos 704.0000 | numNeg 12170.0000 | Recall_After 0.9954 | F1_After 0.9964 | AUC_After 0.9957
Epoch 0099 | Eval Loss 0.6729 | Precision 1.0000 | Recall 1.0000 | F1 1.0000 | AUC 1.0000 | time 0.0844
ITER=68, #Train=13066, #HeldOut=2094, #Test=15160
Test Set Loss 0.6557 | Precision 0.9974 | Recall 0.9960 | F1 0.9967 | AUC 0.9961 | trainTime 10.4875 | exSelTime 9.8301 | testTime 0.0753 | numPos 705.0000 | numNeg 12361.0000 | Recall_After 0.9960 | F1_After 0.9967 | AUC_After 0.9961
Epoch 0099 | Eval Loss 0.6731 | Precision 1.0000 | Recall 1.0000 | F1 1.0000 | AUC 1.0000 | time 0.0777
ITER=69, #Train=13258, #HeldOut=1902, #Test=15160
Test Set Loss 0.6556 | Precision 0.9974 | Recall 0.9960 | F1 0.9967 | AUC 0.9961 | trainTime 10.4875 | exSelTime 11.4568 | testTime 0.0667 | numPos 706.0000 | numNeg 12552.0000 | Recall_After 0.9960 | F1_After 0.9967 | AUC_After 0.9961
Epoch 0099 | Eval Loss 0.6734 | Precision 1.0000 | Recall 1.0000 | F1 1.0000 | AUC 1.0000 | time 0.0850
ITER=70, #Train=13450, #HeldOut=1710, #Test=15160
Test Set Loss 0.6556 | Precision 0.9974 | Recall 0.9960 | F1 0.9967 | AUC 0.9961 | trainTime 10.4875 | exSelTime 8.8701 | testTime 0.0829 | numPos 706.0000 | numNeg 12744.0000 | Recall_After 0.9960 | F1_After 0.9967 | AUC_After 0.9961
Epoch 0099 | Eval Loss 0.6736 | Precision 1.0000 | Recall 1.0000 | F1 1.0000 | AUC 1.0000 | time 0.0576
ITER=71, #Train=13642, #HeldOut=1518, #Test=15160
Test Set Loss 0.6556 | Precision 0.9974 | Recall 0.9967 | F1 0.9970 | AUC 0.9967 | trainTime 10.4875 | exSelTime 9.8837 | testTime 0.0597 | numPos 707.0000 | numNeg 12935.0000 | Recall_After 0.9967 | F1_After 0.9970 | AUC_After 0.9967
Epoch 0099 | Eval Loss 0.6739 | Precision 1.0000 | Recall 1.0000 | F1 1.0000 | AUC 1.0000 | time 0.0628
ITER=72, #Train=13834, #HeldOut=1326, #Test=15160
Test Set Loss 0.6556 | Precision 0.9974 | Recall 0.9967 | F1 0.9970 | AUC 0.9967 | trainTime 10.4875 | exSelTime 8.0514 | testTime 0.0711 | numPos 708.0000 | numNeg 13126.0000 | Recall_After 0.9967 | F1_After 0.9970 | AUC_After 0.9967
Epoch 0099 | Eval Loss 0.6726 | Precision 0.9987 | Recall 1.0000 | F1 0.9994 | AUC 1.0000 | time 0.0646
ITER=73, #Train=14026, #HeldOut=1134, #Test=15160
Test Set Loss 0.6557 | Precision 0.9974 | Recall 0.9974 | F1 0.9974 | AUC 0.9974 | trainTime 10.4875 | exSelTime 7.3761 | testTime 0.0645 | numPos 770.0000 | numNeg 13256.0000 | Recall_After 0.9974 | F1_After 0.9974 | AUC_After 0.9974
Epoch 0099 | Eval Loss 0.6694 | Precision 0.9989 | Recall 1.0000 | F1 0.9994 | AUC 1.0000 | time 0.0795
ITER=74, #Train=14218, #HeldOut=942, #Test=15160
Test Set Loss 0.6556 | Precision 0.9967 | Recall 0.9980 | F1 0.9974 | AUC 0.9980 | trainTime 10.4875 | exSelTime 8.1450 | testTime 0.0653 | numPos 899.0000 | numNeg 13319.0000 | Recall_After 0.9980 | F1_After 0.9974 | AUC_After 0.9980
Epoch 0099 | Eval Loss 0.6668 | Precision 0.9980 | Recall 1.0000 | F1 0.9990 | AUC 1.0000 | time 0.0636
ITER=75, #Train=14410, #HeldOut=750, #Test=15160
Test Set Loss 0.6556 | Precision 0.9974 | Recall 0.9987 | F1 0.9980 | AUC 0.9987 | trainTime 10.4875 | exSelTime 5.5403 | testTime 0.0715 | numPos 1011.0000 | numNeg 13399.0000 | Recall_After 0.9987 | F1_After 0.9980 | AUC_After 0.9987
Epoch 0099 | Eval Loss 0.6645 | Precision 0.9965 | Recall 1.0000 | F1 0.9982 | AUC 1.0000 | time 0.0781
ITER=76, #Train=14602, #HeldOut=558, #Test=15160
Test Set Loss 0.6559 | Precision 0.9974 | Recall 0.9987 | F1 0.9980 | AUC 0.9987 | trainTime 10.4875 | exSelTime 6.2430 | testTime 0.0613 | numPos 1127.0000 | numNeg 13475.0000 | Recall_After 0.9987 | F1_After 0.9980 | AUC_After 0.9987
Epoch 0099 | Eval Loss 0.6617 | Precision 0.9968 | Recall 1.0000 | F1 0.9984 | AUC 1.0000 | time 0.0761
ITER=77, #Train=14794, #HeldOut=366, #Test=15160
Test Set Loss 0.6558 | Precision 0.9974 | Recall 0.9987 | F1 0.9980 | AUC 0.9987 | trainTime 10.4875 | exSelTime 3.9972 | testTime 0.0596 | numPos 1248.0000 | numNeg 13546.0000 | Recall_After 0.9987 | F1_After 0.9980 | AUC_After 0.9987
Epoch 0099 | Eval Loss 0.6582 | Precision 0.9971 | Recall 1.0000 | F1 0.9986 | AUC 1.0000 | time 0.0705
ITER=78, #Train=14986, #HeldOut=174, #Test=15160
Test Set Loss 0.6557 | Precision 0.9974 | Recall 1.0000 | F1 0.9987 | AUC 1.0000 | trainTime 10.4875 | exSelTime 22.8234 | testTime 0.0615 | numPos 1399.0000 | numNeg 13587.0000 | Recall_After 1.0000 | F1_After 0.9987 | AUC_After 1.0000
Epoch 0099 | Eval Loss 0.6556 | Precision 0.9974 | Recall 1.0000 | F1 0.9987 | AUC 1.0000 | time 0.0724
ITER=79, #Train=15160, #HeldOut=0, #Test=15160
Test Set Loss 0.6556 | Precision 0.9974 | Recall 1.0000 | F1 0.9987 | AUC 1.0000 | trainTime 10.4875 | exSelTime 11.3071 | testTime 0.0575 | numPos 1516.0000 | numNeg 13644.0000 | Recall_After 1.0000 | F1_After 0.9987 | AUC_After 1.0000
