on cpu
loading data ... from src/model/gnn/dataset/human-mouse/human_mouse_Ontology_Node_Embeddings.txt
src/model/gnn/dataset/human-mouse/human_mouse_Ontology_Edge_List.txt
src/model/gnn/dataset/human-mouse/prog_seed_pairs.txt
src/model/gnn/dataset/human-mouse/pos_neg_pairs.txt
done
Epoch 0099 | Eval Loss 0.5700 | Precision 1.0000 | Recall 1.0000 | F1 1.0000 | AUC 1.0000 | time 0.0383
ITER=0, #Train=6, #HeldOut=3669, #Test=3675
Test Set Loss 0.9434 | Precision 0.3226 | Recall 0.9965 | F1 0.4874 | AUC 0.4962 | trainTime 6.6071 | exSelTime 0.0000 | testTime 0.0398 | numPos -1.0000 | numNeg -1.0000 | Recall_After 0.7586 | F1_After 0.4527 | AUC_After 0.3777
totalEx=55, totalInferences=3, infer_Precision=1.0, infer_Recall=1.0, infer_F1=1.0, infer_TP=0, infer_TN=3, infer_FP=0, infer_FN=0, minK=1, maxK=1
Epoch 0099 | Eval Loss 0.6610 | Precision 1.0000 | Recall 1.0000 | F1 1.0000 | AUC 1.0000 | time 0.0352
ITER=1, #Train=55, #HeldOut=3620, #Test=3675
Test Set Loss 0.8671 | Precision 0.3559 | Recall 0.9471 | F1 0.5174 | AUC 0.6004 | trainTime 6.6071 | exSelTime 6.6899 | testTime 0.0384 | numPos 5.0000 | numNeg 50.0000 | Recall_After 0.7210 | F1_After 0.4766 | AUC_After 0.4570
totalEx=101, totalInferences=0, infer_Precision=1.0, infer_Recall=1.0, infer_F1=1.0, infer_TP=0, infer_TN=0, infer_FP=0, infer_FN=0, minK=0, maxK=0
Epoch 0099 | Eval Loss 0.6602 | Precision 0.7692 | Recall 1.0000 | F1 0.8696 | AUC 0.9981 | time 0.0362
ITER=2, #Train=101, #HeldOut=3574, #Test=3675
Test Set Loss 0.8559 | Precision 0.3476 | Recall 0.9636 | F1 0.5109 | AUC 0.6021 | trainTime 6.6071 | exSelTime 6.9738 | testTime 0.0383 | numPos 20.0000 | numNeg 81.0000 | Recall_After 0.7335 | F1_After 0.4717 | AUC_After 0.4583
totalEx=149, totalInferences=2, infer_Precision=1.0, infer_Recall=1.0, infer_F1=1.0, infer_TP=0, infer_TN=2, infer_FP=0, infer_FN=0, minK=1, maxK=1
Epoch 0099 | Eval Loss 0.6510 | Precision 0.7949 | Recall 0.9688 | F1 0.8732 | AUC 0.9968 | time 0.0382
ITER=3, #Train=149, #HeldOut=3526, #Test=3675
Test Set Loss 0.8625 | Precision 0.3644 | Recall 0.9324 | F1 0.5240 | AUC 0.5788 | trainTime 6.6071 | exSelTime 6.9823 | testTime 0.0382 | numPos 32.0000 | numNeg 117.0000 | Recall_After 0.7098 | F1_After 0.4815 | AUC_After 0.4406
totalEx=201, totalInferences=6, infer_Precision=1.0, infer_Recall=1.0, infer_F1=1.0, infer_TP=0, infer_TN=6, infer_FP=0, infer_FN=0, minK=1, maxK=1
Epoch 0099 | Eval Loss 0.6824 | Precision 0.7400 | Recall 0.9737 | F1 0.8409 | AUC 0.9953 | time 0.0370
ITER=4, #Train=201, #HeldOut=3474, #Test=3675
Test Set Loss 0.8382 | Precision 0.3717 | Recall 0.9428 | F1 0.5332 | AUC 0.6452 | trainTime 6.6071 | exSelTime 6.7420 | testTime 0.0377 | numPos 38.0000 | numNeg 163.0000 | Recall_After 0.7177 | F1_After 0.4898 | AUC_After 0.4912
totalEx=248, totalInferences=1, infer_Precision=0.0, infer_Recall=1.0, infer_F1=0.0, infer_TP=0, infer_TN=0, infer_FP=1, infer_FN=0, minK=1, maxK=1
Epoch 0099 | Eval Loss 0.6512 | Precision 0.7887 | Recall 0.9825 | F1 0.8750 | AUC 0.9974 | time 0.0379
ITER=5, #Train=248, #HeldOut=3427, #Test=3675
Test Set Loss 0.8278 | Precision 0.3926 | Recall 0.9237 | F1 0.5510 | AUC 0.6677 | trainTime 6.6071 | exSelTime 6.9432 | testTime 0.0383 | numPos 57.0000 | numNeg 191.0000 | Recall_After 0.7032 | F1_After 0.5039 | AUC_After 0.5082
totalEx=299, totalInferences=5, infer_Precision=1.0, infer_Recall=1.0, infer_F1=1.0, infer_TP=0, infer_TN=5, infer_FP=0, infer_FN=0, minK=1, maxK=1
Epoch 0099 | Eval Loss 0.6841 | Precision 0.7209 | Recall 0.9841 | F1 0.8322 | AUC 0.9958 | time 0.0368
ITER=6, #Train=299, #HeldOut=3376, #Test=3675
Test Set Loss 0.8151 | Precision 0.3918 | Recall 0.9411 | F1 0.5532 | AUC 0.6889 | trainTime 6.6071 | exSelTime 7.3412 | testTime 0.0382 | numPos 63.0000 | numNeg 236.0000 | Recall_After 0.7164 | F1_After 0.5065 | AUC_After 0.5244
totalEx=348, totalInferences=3, infer_Precision=1.0, infer_Recall=0.0, infer_F1=0.0, infer_TP=0, infer_TN=2, infer_FP=0, infer_FN=1, minK=1, maxK=1
Epoch 0099 | Eval Loss 0.6775 | Precision 0.7282 | Recall 0.9868 | F1 0.8380 | AUC 0.9971 | time 0.0366
ITER=7, #Train=348, #HeldOut=3327, #Test=3675
Test Set Loss 0.8051 | Precision 0.4047 | Recall 0.9367 | F1 0.5652 | AUC 0.7201 | trainTime 6.6071 | exSelTime 7.3790 | testTime 0.0381 | numPos 76.0000 | numNeg 272.0000 | Recall_After 0.7131 | F1_After 0.5164 | AUC_After 0.5482
totalEx=400, totalInferences=6, infer_Precision=1.0, infer_Recall=1.0, infer_F1=1.0, infer_TP=0, infer_TN=6, infer_FP=0, infer_FN=0, minK=1, maxK=1
Epoch 0099 | Eval Loss 0.6897 | Precision 0.6875 | Recall 0.9888 | F1 0.8111 | AUC 0.9970 | time 0.0368
ITER=8, #Train=400, #HeldOut=3275, #Test=3675
Test Set Loss 0.7983 | Precision 0.4127 | Recall 0.9324 | F1 0.5722 | AUC 0.7433 | trainTime 6.6071 | exSelTime 7.1011 | testTime 0.0382 | numPos 89.0000 | numNeg 311.0000 | Recall_After 0.7098 | F1_After 0.5220 | AUC_After 0.5658
totalEx=447, totalInferences=1, infer_Precision=1.0, infer_Recall=1.0, infer_F1=1.0, infer_TP=0, infer_TN=1, infer_FP=0, infer_FN=0, minK=1, maxK=1
Epoch 0099 | Eval Loss 0.6730 | Precision 0.7656 | Recall 0.9899 | F1 0.8634 | AUC 0.9983 | time 0.0365
ITER=9, #Train=447, #HeldOut=3228, #Test=3675
Test Set Loss 0.7990 | Precision 0.4150 | Recall 0.9289 | F1 0.5737 | AUC 0.7468 | trainTime 6.6071 | exSelTime 7.2516 | testTime 0.0383 | numPos 99.0000 | numNeg 348.0000 | Recall_After 0.7071 | F1_After 0.5231 | AUC_After 0.5685
totalEx=496, totalInferences=3, infer_Precision=1.0, infer_Recall=1.0, infer_F1=1.0, infer_TP=0, infer_TN=3, infer_FP=0, infer_FN=0, minK=1, maxK=1
Epoch 0099 | Eval Loss 0.6681 | Precision 0.7955 | Recall 0.9906 | F1 0.8824 | AUC 0.9990 | time 0.0365
ITER=10, #Train=496, #HeldOut=3179, #Test=3675
Test Set Loss 0.7889 | Precision 0.4354 | Recall 0.9281 | F1 0.5927 | AUC 0.7698 | trainTime 6.6071 | exSelTime 6.8347 | testTime 0.0383 | numPos 106.0000 | numNeg 390.0000 | Recall_After 0.7065 | F1_After 0.5387 | AUC_After 0.5860
totalEx=544, totalInferences=2, infer_Precision=1.0, infer_Recall=0.5, infer_F1=0.6666666666666666, infer_TP=1, infer_TN=0, infer_FP=0, infer_FN=1, minK=1, maxK=1
Epoch 0099 | Eval Loss 0.6671 | Precision 0.7972 | Recall 1.0000 | F1 0.8872 | AUC 1.0000 | time 0.0383
ITER=11, #Train=544, #HeldOut=3131, #Test=3675
Test Set Loss 0.7817 | Precision 0.4464 | Recall 0.9246 | F1 0.6021 | AUC 0.7776 | trainTime 6.6071 | exSelTime 6.8266 | testTime 0.0394 | numPos 114.0000 | numNeg 430.0000 | Recall_After 0.7038 | F1_After 0.5463 | AUC_After 0.5919
totalEx=593, totalInferences=3, infer_Precision=1.0, infer_Recall=1.0, infer_F1=1.0, infer_TP=0, infer_TN=3, infer_FP=0, infer_FN=0, minK=1, maxK=1
Epoch 0099 | Eval Loss 0.6671 | Precision 0.7580 | Recall 1.0000 | F1 0.8623 | AUC 1.0000 | time 0.0369
ITER=12, #Train=593, #HeldOut=3082, #Test=3675
Test Set Loss 0.7809 | Precision 0.4482 | Recall 0.9341 | F1 0.6058 | AUC 0.7946 | trainTime 6.6071 | exSelTime 6.8215 | testTime 0.0386 | numPos 119.0000 | numNeg 474.0000 | Recall_After 0.7111 | F1_After 0.5499 | AUC_After 0.6048
totalEx=642, totalInferences=3, infer_Precision=1.0, infer_Recall=0.0, infer_F1=0.0, infer_TP=0, infer_TN=2, infer_FP=0, infer_FN=1, minK=1, maxK=1
Epoch 0099 | Eval Loss 0.6654 | Precision 0.7834 | Recall 0.9919 | F1 0.8754 | AUC 0.9993 | time 0.0371
ITER=13, #Train=642, #HeldOut=3033, #Test=3675
Test Set Loss 0.7731 | Precision 0.4561 | Recall 0.9359 | F1 0.6133 | AUC 0.8034 | trainTime 6.6071 | exSelTime 6.8590 | testTime 0.0382 | numPos 124.0000 | numNeg 518.0000 | Recall_After 0.7124 | F1_After 0.5561 | AUC_After 0.6116
totalEx=690, totalInferences=2, infer_Precision=1.0, infer_Recall=1.0, infer_F1=1.0, infer_TP=0, infer_TN=2, infer_FP=0, infer_FN=0, minK=1, maxK=1
Epoch 0099 | Eval Loss 0.6567 | Precision 0.8481 | Recall 1.0000 | F1 0.9178 | AUC 1.0000 | time 0.0374
ITER=14, #Train=690, #HeldOut=2985, #Test=3675
Test Set Loss 0.7655 | Precision 0.4750 | Recall 0.9315 | F1 0.6292 | AUC 0.8098 | trainTime 6.6071 | exSelTime 6.8122 | testTime 0.0386 | numPos 134.0000 | numNeg 556.0000 | Recall_After 0.7091 | F1_After 0.5689 | AUC_After 0.6164
totalEx=739, totalInferences=3, infer_Precision=1.0, infer_Recall=1.0, infer_F1=1.0, infer_TP=0, infer_TN=3, infer_FP=0, infer_FN=0, minK=1, maxK=1
Epoch 0099 | Eval Loss 0.6606 | Precision 0.8176 | Recall 1.0000 | F1 0.8997 | AUC 1.0000 | time 0.0374
ITER=15, #Train=739, #HeldOut=2936, #Test=3675
Test Set Loss 0.7607 | Precision 0.4779 | Recall 0.9359 | F1 0.6327 | AUC 0.8196 | trainTime 6.6071 | exSelTime 6.8619 | testTime 0.0388 | numPos 139.0000 | numNeg 600.0000 | Recall_After 0.7124 | F1_After 0.5720 | AUC_After 0.6239
totalEx=787, totalInferences=2, infer_Precision=1.0, infer_Recall=0.0, infer_F1=0.0, infer_TP=0, infer_TN=0, infer_FP=0, infer_FN=2, minK=1, maxK=1
Epoch 0099 | Eval Loss 0.6562 | Precision 0.8439 | Recall 1.0000 | F1 0.9154 | AUC 1.0000 | time 0.0365
ITER=16, #Train=787, #HeldOut=2888, #Test=3675
Test Set Loss 0.7543 | Precision 0.4933 | Recall 0.9255 | F1 0.6436 | AUC 0.8273 | trainTime 6.6071 | exSelTime 6.4646 | testTime 0.0382 | numPos 146.0000 | numNeg 641.0000 | Recall_After 0.7045 | F1_After 0.5803 | AUC_After 0.6298
totalEx=838, totalInferences=5, infer_Precision=1.0, infer_Recall=1.0, infer_F1=1.0, infer_TP=0, infer_TN=5, infer_FP=0, infer_FN=0, minK=1, maxK=1
Epoch 0099 | Eval Loss 0.6623 | Precision 0.8083 | Recall 1.0000 | F1 0.8940 | AUC 1.0000 | time 0.0367
ITER=17, #Train=838, #HeldOut=2837, #Test=3675
Test Set Loss 0.7459 | Precision 0.5026 | Recall 0.9246 | F1 0.6512 | AUC 0.8445 | trainTime 6.6071 | exSelTime 6.3518 | testTime 0.0384 | numPos 156.0000 | numNeg 682.0000 | Recall_After 0.7038 | F1_After 0.5864 | AUC_After 0.6429
totalEx=887, totalInferences=3, infer_Precision=1.0, infer_Recall=1.0, infer_F1=1.0, infer_TP=0, infer_TN=3, infer_FP=0, infer_FN=0, minK=1, maxK=1
Epoch 0099 | Eval Loss 0.6642 | Precision 0.7921 | Recall 1.0000 | F1 0.8840 | AUC 1.0000 | time 0.0370
ITER=18, #Train=887, #HeldOut=2788, #Test=3675
Test Set Loss 0.7377 | Precision 0.5192 | Recall 0.9272 | F1 0.6656 | AUC 0.8575 | trainTime 6.6071 | exSelTime 6.5418 | testTime 0.0395 | numPos 160.0000 | numNeg 727.0000 | Recall_After 0.7058 | F1_After 0.5983 | AUC_After 0.6528
totalEx=934, totalInferences=1, infer_Precision=1.0, infer_Recall=1.0, infer_F1=1.0, infer_TP=0, infer_TN=1, infer_FP=0, infer_FN=0, minK=1, maxK=1
Epoch 0099 | Eval Loss 0.6584 | Precision 0.8048 | Recall 1.0000 | F1 0.8918 | AUC 1.0000 | time 0.0375
ITER=19, #Train=934, #HeldOut=2741, #Test=3675
Test Set Loss 0.7315 | Precision 0.5266 | Recall 0.9272 | F1 0.6717 | AUC 0.8658 | trainTime 6.6071 | exSelTime 6.3797 | testTime 0.0385 | numPos 169.0000 | numNeg 765.0000 | Recall_After 0.7058 | F1_After 0.6032 | AUC_After 0.6590
totalEx=985, totalInferences=5, infer_Precision=1.0, infer_Recall=0.0, infer_F1=0.0, infer_TP=0, infer_TN=4, infer_FP=0, infer_FN=1, minK=1, maxK=1
Epoch 0099 | Eval Loss 0.6591 | Precision 0.7758 | Recall 1.0000 | F1 0.8737 | AUC 1.0000 | time 0.0373
ITER=20, #Train=985, #HeldOut=2690, #Test=3675
Test Set Loss 0.7243 | Precision 0.5323 | Recall 0.9220 | F1 0.6749 | AUC 0.8790 | trainTime 6.6071 | exSelTime 6.3557 | testTime 0.0381 | numPos 173.0000 | numNeg 812.0000 | Recall_After 0.7018 | F1_After 0.6054 | AUC_After 0.6691
totalEx=1035, totalInferences=4, infer_Precision=1.0, infer_Recall=0.0, infer_F1=0.0, infer_TP=0, infer_TN=3, infer_FP=0, infer_FN=1, minK=1, maxK=1
Epoch 0099 | Eval Loss 0.6544 | Precision 0.8303 | Recall 1.0000 | F1 0.9073 | AUC 1.0000 | time 0.0377
ITER=21, #Train=1035, #HeldOut=2640, #Test=3675
Test Set Loss 0.7176 | Precision 0.5542 | Recall 0.9211 | F1 0.6921 | AUC 0.8831 | trainTime 6.6071 | exSelTime 6.5078 | testTime 0.0384 | numPos 181.0000 | numNeg 854.0000 | Recall_After 0.7012 | F1_After 0.6191 | AUC_After 0.6722
totalEx=1084, totalInferences=3, infer_Precision=1.0, infer_Recall=1.0, infer_F1=1.0, infer_TP=0, infer_TN=3, infer_FP=0, infer_FN=0, minK=1, maxK=1
Epoch 0099 | Eval Loss 0.6540 | Precision 0.7983 | Recall 1.0000 | F1 0.8878 | AUC 1.0000 | time 0.0372
ITER=22, #Train=1084, #HeldOut=2591, #Test=3675
Test Set Loss 0.7115 | Precision 0.5591 | Recall 0.9185 | F1 0.6951 | AUC 0.8923 | trainTime 6.6071 | exSelTime 6.5425 | testTime 0.0384 | numPos 186.0000 | numNeg 898.0000 | Recall_After 0.6992 | F1_After 0.6213 | AUC_After 0.6792
totalEx=1131, totalInferences=1, infer_Precision=1.0, infer_Recall=1.0, infer_F1=1.0, infer_TP=0, infer_TN=1, infer_FP=0, infer_FN=0, minK=1, maxK=1
Epoch 0099 | Eval Loss 0.6512 | Precision 0.8167 | Recall 1.0000 | F1 0.8991 | AUC 1.0000 | time 0.0365
ITER=23, #Train=1131, #HeldOut=2544, #Test=3675
Test Set Loss 0.7057 | Precision 0.5716 | Recall 0.9237 | F1 0.7062 | AUC 0.8971 | trainTime 6.6071 | exSelTime 6.5332 | testTime 0.0383 | numPos 196.0000 | numNeg 935.0000 | Recall_After 0.7032 | F1_After 0.6306 | AUC_After 0.6829
totalEx=1180, totalInferences=3, infer_Precision=1.0, infer_Recall=1.0, infer_F1=1.0, infer_TP=0, infer_TN=3, infer_FP=0, infer_FN=0, minK=1, maxK=1
Epoch 0099 | Eval Loss 0.6534 | Precision 0.8211 | Recall 1.0000 | F1 0.9018 | AUC 1.0000 | time 0.0373
ITER=24, #Train=1180, #HeldOut=2495, #Test=3675
Test Set Loss 0.6989 | Precision 0.5851 | Recall 0.9263 | F1 0.7172 | AUC 0.9064 | trainTime 6.6071 | exSelTime 6.3504 | testTime 0.0385 | numPos 202.0000 | numNeg 978.0000 | Recall_After 0.7051 | F1_After 0.6395 | AUC_After 0.6900
totalEx=1227, totalInferences=1, infer_Precision=1.0, infer_Recall=1.0, infer_F1=1.0, infer_TP=0, infer_TN=1, infer_FP=0, infer_FN=0, minK=1, maxK=1
Epoch 0099 | Eval Loss 0.6546 | Precision 0.7939 | Recall 1.0000 | F1 0.8851 | AUC 0.9999 | time 0.0621
ITER=25, #Train=1227, #HeldOut=2448, #Test=3675
Test Set Loss 0.6937 | Precision 0.5941 | Recall 0.9194 | F1 0.7218 | AUC 0.9123 | trainTime 6.6071 | exSelTime 7.0226 | testTime 0.0610 | numPos 208.0000 | numNeg 1019.0000 | Recall_After 0.6999 | F1_After 0.6426 | AUC_After 0.6945
totalEx=1276, totalInferences=3, infer_Precision=1.0, infer_Recall=1.0, infer_F1=1.0, infer_TP=0, infer_TN=3, infer_FP=0, infer_FN=0, minK=1, maxK=1
Epoch 0099 | Eval Loss 0.6547 | Precision 0.8030 | Recall 1.0000 | F1 0.8908 | AUC 1.0000 | time 0.0510
ITER=26, #Train=1276, #HeldOut=2399, #Test=3675
Test Set Loss 0.6878 | Precision 0.6061 | Recall 0.9281 | F1 0.7333 | AUC 0.9189 | trainTime 6.6071 | exSelTime 7.0183 | testTime 0.0439 | numPos 212.0000 | numNeg 1064.0000 | Recall_After 0.7065 | F1_After 0.6525 | AUC_After 0.6995
totalEx=1324, totalInferences=2, infer_Precision=1.0, infer_Recall=1.0, infer_F1=1.0, infer_TP=0, infer_TN=2, infer_FP=0, infer_FN=0, minK=1, maxK=1
Epoch 0099 | Eval Loss 0.6526 | Precision 0.8346 | Recall 1.0000 | F1 0.9098 | AUC 1.0000 | time 0.0379
ITER=27, #Train=1324, #HeldOut=2351, #Test=3675
Test Set Loss 0.6840 | Precision 0.6203 | Recall 0.9315 | F1 0.7447 | AUC 0.9222 | trainTime 6.6071 | exSelTime 6.8901 | testTime 0.0384 | numPos 222.0000 | numNeg 1102.0000 | Recall_After 0.7091 | F1_After 0.6617 | AUC_After 0.7020
totalEx=1373, totalInferences=3, infer_Precision=1.0, infer_Recall=0.0, infer_F1=0.0, infer_TP=0, infer_TN=2, infer_FP=0, infer_FN=1, minK=1, maxK=1
Epoch 0099 | Eval Loss 0.6527 | Precision 0.8464 | Recall 1.0000 | F1 0.9168 | AUC 1.0000 | time 0.0359
ITER=28, #Train=1373, #HeldOut=2302, #Test=3675
Test Set Loss 0.6777 | Precision 0.6413 | Recall 0.9263 | F1 0.7579 | AUC 0.9270 | trainTime 6.6071 | exSelTime 6.5951 | testTime 0.0383 | numPos 226.0000 | numNeg 1147.0000 | Recall_After 0.7051 | F1_After 0.6717 | AUC_After 0.7056
totalEx=1421, totalInferences=2, infer_Precision=0.0, infer_Recall=1.0, infer_F1=0.0, infer_TP=0, infer_TN=1, infer_FP=1, infer_FN=0, minK=1, maxK=1
Epoch 0099 | Eval Loss 0.6521 | Precision 0.8524 | Recall 1.0000 | F1 0.9203 | AUC 1.0000 | time 0.0374
ITER=29, #Train=1421, #HeldOut=2254, #Test=3675
Test Set Loss 0.6715 | Precision 0.6527 | Recall 0.9281 | F1 0.7664 | AUC 0.9324 | trainTime 6.6071 | exSelTime 6.5737 | testTime 0.0387 | numPos 231.0000 | numNeg 1190.0000 | Recall_After 0.7065 | F1_After 0.6785 | AUC_After 0.7098
totalEx=1468, totalInferences=1, infer_Precision=1.0, infer_Recall=1.0, infer_F1=1.0, infer_TP=0, infer_TN=1, infer_FP=0, infer_FN=0, minK=1, maxK=1
Epoch 0099 | Eval Loss 0.6496 | Precision 0.8623 | Recall 1.0000 | F1 0.9261 | AUC 1.0000 | time 0.0367
ITER=30, #Train=1468, #HeldOut=2207, #Test=3675
Test Set Loss 0.6654 | Precision 0.6731 | Recall 0.9315 | F1 0.7815 | AUC 0.9359 | trainTime 6.6071 | exSelTime 6.1583 | testTime 0.0378 | numPos 238.0000 | numNeg 1230.0000 | Recall_After 0.7091 | F1_After 0.6907 | AUC_After 0.7124
totalEx=1516, totalInferences=2, infer_Precision=1.0, infer_Recall=1.0, infer_F1=1.0, infer_TP=0, infer_TN=2, infer_FP=0, infer_FN=0, minK=1, maxK=1
Epoch 0099 | Eval Loss 0.6495 | Precision 0.8732 | Recall 1.0000 | F1 0.9323 | AUC 1.0000 | time 0.0380
ITER=31, #Train=1516, #HeldOut=2159, #Test=3675
Test Set Loss 0.6589 | Precision 0.6932 | Recall 0.9281 | F1 0.7936 | AUC 0.9417 | trainTime 6.6071 | exSelTime 6.3925 | testTime 0.0386 | numPos 241.0000 | numNeg 1275.0000 | Recall_After 0.7065 | F1_After 0.6998 | AUC_After 0.7169
totalEx=1563, totalInferences=1, infer_Precision=1.0, infer_Recall=1.0, infer_F1=1.0, infer_TP=0, infer_TN=1, infer_FP=0, infer_FN=0, minK=1, maxK=1
Epoch 0099 | Eval Loss 0.6487 | Precision 0.8601 | Recall 1.0000 | F1 0.9248 | AUC 1.0000 | time 0.0380
ITER=32, #Train=1563, #HeldOut=2112, #Test=3675
Test Set Loss 0.6541 | Precision 0.7091 | Recall 0.9315 | F1 0.8052 | AUC 0.9443 | trainTime 6.6071 | exSelTime 7.8178 | testTime 0.0385 | numPos 252.0000 | numNeg 1311.0000 | Recall_After 0.7091 | F1_After 0.7091 | AUC_After 0.7188
totalEx=1615, totalInferences=6, infer_Precision=1.0, infer_Recall=1.0, infer_F1=1.0, infer_TP=0, infer_TN=6, infer_FP=0, infer_FN=0, minK=1, maxK=1
Epoch 0099 | Eval Loss 0.6492 | Precision 0.8776 | Recall 1.0000 | F1 0.9348 | AUC 0.9999 | time 0.0372
ITER=33, #Train=1615, #HeldOut=2060, #Test=3675
Test Set Loss 0.6471 | Precision 0.7380 | Recall 0.9324 | F1 0.8239 | AUC 0.9479 | trainTime 6.6071 | exSelTime 6.9268 | testTime 0.0387 | numPos 258.0000 | numNeg 1357.0000 | Recall_After 0.7098 | F1_After 0.7236 | AUC_After 0.7216
totalEx=1662, totalInferences=1, infer_Precision=1.0, infer_Recall=1.0, infer_F1=1.0, infer_TP=0, infer_TN=1, infer_FP=0, infer_FN=0, minK=1, maxK=1
Epoch 0099 | Eval Loss 0.6496 | Precision 0.8893 | Recall 1.0000 | F1 0.9414 | AUC 1.0000 | time 0.0363
ITER=34, #Train=1662, #HeldOut=2013, #Test=3675
Test Set Loss 0.6424 | Precision 0.7569 | Recall 0.9333 | F1 0.8359 | AUC 0.9502 | trainTime 6.6071 | exSelTime 6.2672 | testTime 0.0380 | numPos 265.0000 | numNeg 1397.0000 | Recall_After 0.7104 | F1_After 0.7329 | AUC_After 0.7233
totalEx=1710, totalInferences=2, infer_Precision=1.0, infer_Recall=1.0, infer_F1=1.0, infer_TP=0, infer_TN=2, infer_FP=0, infer_FN=0, minK=1, maxK=1
Epoch 0099 | Eval Loss 0.6509 | Precision 0.8907 | Recall 1.0000 | F1 0.9422 | AUC 1.0000 | time 0.0378
ITER=35, #Train=1710, #HeldOut=1965, #Test=3675
Test Set Loss 0.6389 | Precision 0.7682 | Recall 0.9307 | F1 0.8417 | AUC 0.9520 | trainTime 6.6071 | exSelTime 6.0239 | testTime 0.0381 | numPos 269.0000 | numNeg 1441.0000 | Recall_After 0.7084 | F1_After 0.7371 | AUC_After 0.7247
totalEx=1762, totalInferences=6, infer_Precision=1.0, infer_Recall=1.0, infer_F1=1.0, infer_TP=0, infer_TN=6, infer_FP=0, infer_FN=0, minK=1, maxK=1
Epoch 0099 | Eval Loss 0.6510 | Precision 0.9067 | Recall 1.0000 | F1 0.9510 | AUC 1.0000 | time 0.0382
ITER=36, #Train=1762, #HeldOut=1913, #Test=3675
Test Set Loss 0.6316 | Precision 0.7942 | Recall 0.9298 | F1 0.8567 | AUC 0.9549 | trainTime 6.6071 | exSelTime 5.6984 | testTime 0.0385 | numPos 272.0000 | numNeg 1490.0000 | Recall_After 0.7078 | F1_After 0.7485 | AUC_After 0.7269
totalEx=1811, totalInferences=3, infer_Precision=1.0, infer_Recall=1.0, infer_F1=1.0, infer_TP=0, infer_TN=3, infer_FP=0, infer_FN=0, minK=1, maxK=1
Epoch 0099 | Eval Loss 0.6506 | Precision 0.8997 | Recall 1.0000 | F1 0.9472 | AUC 1.0000 | time 0.0350
ITER=37, #Train=1811, #HeldOut=1864, #Test=3675
Test Set Loss 0.6259 | Precision 0.8206 | Recall 0.9315 | F1 0.8726 | AUC 0.9571 | trainTime 6.6071 | exSelTime 5.5676 | testTime 0.0383 | numPos 278.0000 | numNeg 1533.0000 | Recall_After 0.7091 | F1_After 0.7608 | AUC_After 0.7286
totalEx=1859, totalInferences=2, infer_Precision=1.0, infer_Recall=1.0, infer_F1=1.0, infer_TP=0, infer_TN=2, infer_FP=0, infer_FN=0, minK=1, maxK=1
Epoch 0099 | Eval Loss 0.6504 | Precision 0.9103 | Recall 1.0000 | F1 0.9530 | AUC 0.9999 | time 0.0408
ITER=38, #Train=1859, #HeldOut=1816, #Test=3675
Test Set Loss 0.6217 | Precision 0.8431 | Recall 0.9315 | F1 0.8851 | AUC 0.9595 | trainTime 6.6071 | exSelTime 5.7165 | testTime 0.0389 | numPos 284.0000 | numNeg 1575.0000 | Recall_After 0.7091 | F1_After 0.7703 | AUC_After 0.7304
totalEx=1909, totalInferences=4, infer_Precision=1.0, infer_Recall=1.0, infer_F1=1.0, infer_TP=0, infer_TN=4, infer_FP=0, infer_FN=0, minK=1, maxK=1
Epoch 0099 | Eval Loss 0.6504 | Precision 0.9228 | Recall 1.0000 | F1 0.9599 | AUC 0.9999 | time 0.0358
ITER=39, #Train=1909, #HeldOut=1766, #Test=3675
Test Set Loss 0.6175 | Precision 0.8575 | Recall 0.9333 | F1 0.8938 | AUC 0.9614 | trainTime 6.6071 | exSelTime 5.3888 | testTime 0.0393 | numPos 287.0000 | numNeg 1622.0000 | Recall_After 0.7104 | F1_After 0.7771 | AUC_After 0.7318
totalEx=1961, totalInferences=6, infer_Precision=1.0, infer_Recall=1.0, infer_F1=1.0, infer_TP=0, infer_TN=6, infer_FP=0, infer_FN=0, minK=1, maxK=1
Epoch 0099 | Eval Loss 0.6497 | Precision 0.9272 | Recall 1.0000 | F1 0.9622 | AUC 0.9999 | time 0.0359
ITER=40, #Train=1961, #HeldOut=1714, #Test=3675
Test Set Loss 0.6112 | Precision 0.8866 | Recall 0.9350 | F1 0.9102 | AUC 0.9626 | trainTime 6.6071 | exSelTime 5.4725 | testTime 0.0392 | numPos 293.0000 | numNeg 1668.0000 | Recall_After 0.7117 | F1_After 0.7896 | AUC_After 0.7327
totalEx=2019, totalInferences=12, infer_Precision=1.0, infer_Recall=1.0, infer_F1=1.0, infer_TP=0, infer_TN=12, infer_FP=0, infer_FN=0, minK=1, maxK=1
Epoch 0099 | Eval Loss 0.6498 | Precision 0.9290 | Recall 1.0000 | F1 0.9632 | AUC 0.9999 | time 0.0375
ITER=41, #Train=2019, #HeldOut=1656, #Test=3675
Test Set Loss 0.6069 | Precision 0.9036 | Recall 0.9341 | F1 0.9186 | AUC 0.9623 | trainTime 6.6071 | exSelTime 5.3216 | testTime 0.0389 | numPos 301.0000 | numNeg 1718.0000 | Recall_After 0.7111 | F1_After 0.7959 | AUC_After 0.7325
totalEx=2076, totalInferences=11, infer_Precision=0.0, infer_Recall=1.0, infer_F1=0.0, infer_TP=0, infer_TN=10, infer_FP=1, infer_FN=0, minK=1, maxK=1
Epoch 0099 | Eval Loss 0.6526 | Precision 0.9189 | Recall 1.0000 | F1 0.9577 | AUC 0.9999 | time 0.0355
ITER=42, #Train=2076, #HeldOut=1599, #Test=3675
Test Set Loss 0.6037 | Precision 0.9263 | Recall 0.9367 | F1 0.9315 | AUC 0.9631 | trainTime 6.6071 | exSelTime 5.6274 | testTime 0.0379 | numPos 306.0000 | numNeg 1770.0000 | Recall_After 0.7131 | F1_After 0.8058 | AUC_After 0.7331
totalEx=2130, totalInferences=8, infer_Precision=1.0, infer_Recall=1.0, infer_F1=1.0, infer_TP=0, infer_TN=8, infer_FP=0, infer_FN=0, minK=1, maxK=1
Epoch 0099 | Eval Loss 0.6521 | Precision 0.9366 | Recall 0.9968 | F1 0.9657 | AUC 0.9999 | time 0.0383
ITER=43, #Train=2130, #HeldOut=1545, #Test=3675
Test Set Loss 0.5991 | Precision 0.9474 | Recall 0.9367 | F1 0.9420 | AUC 0.9627 | trainTime 6.6071 | exSelTime 5.5365 | testTime 0.0393 | numPos 311.0000 | numNeg 1819.0000 | Recall_After 0.7131 | F1_After 0.8137 | AUC_After 0.7328
totalEx=2182, totalInferences=6, infer_Precision=1.0, infer_Recall=0.5, infer_F1=0.6666666666666666, infer_TP=1, infer_TN=4, infer_FP=0, infer_FN=1, minK=1, maxK=1
Epoch 0099 | Eval Loss 0.6512 | Precision 0.9517 | Recall 0.9968 | F1 0.9737 | AUC 0.9999 | time 0.0371
ITER=44, #Train=2182, #HeldOut=1493, #Test=3675
Test Set Loss 0.5949 | Precision 0.9652 | Recall 0.9376 | F1 0.9512 | AUC 0.9631 | trainTime 6.6071 | exSelTime 5.6186 | testTime 0.0385 | numPos 316.0000 | numNeg 1866.0000 | Recall_After 0.7137 | F1_After 0.8206 | AUC_After 0.7331
totalEx=2237, totalInferences=9, infer_Precision=1.0, infer_Recall=1.0, infer_F1=1.0, infer_TP=7, infer_TN=2, infer_FP=0, infer_FN=0, minK=1, maxK=1
Epoch 0099 | Eval Loss 0.6472 | Precision 0.9516 | Recall 0.9970 | F1 0.9738 | AUC 0.9999 | time 0.0380
ITER=45, #Train=2237, #HeldOut=1438, #Test=3675
Test Set Loss 0.5917 | Precision 0.9687 | Recall 0.9393 | F1 0.9538 | AUC 0.9636 | trainTime 6.6071 | exSelTime 5.2731 | testTime 0.0393 | numPos 335.0000 | numNeg 1902.0000 | Recall_After 0.7150 | F1_After 0.8228 | AUC_After 0.7335
totalEx=2294, totalInferences=11, infer_Precision=1.0, infer_Recall=1.0, infer_F1=1.0, infer_TP=6, infer_TN=5, infer_FP=0, infer_FN=0, minK=1, maxK=1
Epoch 0099 | Eval Loss 0.6450 | Precision 0.9508 | Recall 0.9971 | F1 0.9734 | AUC 0.9999 | time 0.0362
ITER=46, #Train=2294, #HeldOut=1381, #Test=3675
Test Set Loss 0.5895 | Precision 0.9714 | Recall 0.9411 | F1 0.9560 | AUC 0.9651 | trainTime 6.6071 | exSelTime 5.1685 | testTime 0.0398 | numPos 349.0000 | numNeg 1945.0000 | Recall_After 0.7164 | F1_After 0.8246 | AUC_After 0.7346
totalEx=2355, totalInferences=15, infer_Precision=0.9090909090909091, infer_Recall=1.0, infer_F1=0.9523809523809523, infer_TP=10, infer_TN=4, infer_FP=1, infer_FN=0, minK=1, maxK=1
Epoch 0099 | Eval Loss 0.6411 | Precision 0.9569 | Recall 1.0000 | F1 0.9780 | AUC 0.9999 | time 0.0382
ITER=47, #Train=2355, #HeldOut=1320, #Test=3675
Test Set Loss 0.5881 | Precision 0.9741 | Recall 0.9463 | F1 0.9600 | AUC 0.9666 | trainTime 6.6071 | exSelTime 5.0745 | testTime 0.0383 | numPos 377.0000 | numNeg 1978.0000 | Recall_After 0.7203 | F1_After 0.8282 | AUC_After 0.7358
totalEx=2412, totalInferences=11, infer_Precision=1.0, infer_Recall=1.0, infer_F1=1.0, infer_TP=10, infer_TN=1, infer_FP=0, infer_FN=0, minK=1, maxK=1
Epoch 0099 | Eval Loss 0.6364 | Precision 0.9645 | Recall 1.0000 | F1 0.9819 | AUC 1.0000 | time 0.0362
ITER=48, #Train=2412, #HeldOut=1263, #Test=3675
Test Set Loss 0.5861 | Precision 0.9786 | Recall 0.9515 | F1 0.9649 | AUC 0.9678 | trainTime 6.6071 | exSelTime 5.0708 | testTime 0.0384 | numPos 408.0000 | numNeg 2004.0000 | Recall_After 0.7243 | F1_After 0.8324 | AUC_After 0.7367
totalEx=2472, totalInferences=14, infer_Precision=1.0, infer_Recall=0.9166666666666666, infer_F1=0.9565217391304348, infer_TP=11, infer_TN=2, infer_FP=0, infer_FN=1, minK=1, maxK=1
Epoch 0099 | Eval Loss 0.6315 | Precision 0.9670 | Recall 1.0000 | F1 0.9832 | AUC 1.0000 | time 0.0354
ITER=49, #Train=2472, #HeldOut=1203, #Test=3675
Test Set Loss 0.5849 | Precision 0.9786 | Recall 0.9532 | F1 0.9658 | AUC 0.9672 | trainTime 6.6071 | exSelTime 4.7924 | testTime 0.0410 | numPos 440.0000 | numNeg 2032.0000 | Recall_After 0.7256 | F1_After 0.8333 | AUC_After 0.7363
totalEx=2533, totalInferences=15, infer_Precision=1.0, infer_Recall=1.0, infer_F1=1.0, infer_TP=10, infer_TN=5, infer_FP=0, infer_FN=0, minK=1, maxK=1
Epoch 0099 | Eval Loss 0.6290 | Precision 0.9687 | Recall 1.0000 | F1 0.9841 | AUC 1.0000 | time 0.0371
ITER=50, #Train=2533, #HeldOut=1142, #Test=3675
Test Set Loss 0.5845 | Precision 0.9787 | Recall 0.9541 | F1 0.9662 | AUC 0.9676 | trainTime 6.6071 | exSelTime 4.9117 | testTime 0.0383 | numPos 464.0000 | numNeg 2069.0000 | Recall_After 0.7263 | F1_After 0.8338 | AUC_After 0.7365
totalEx=2592, totalInferences=13, infer_Precision=0.875, infer_Recall=1.0, infer_F1=0.9333333333333333, infer_TP=7, infer_TN=5, infer_FP=1, infer_FN=0, minK=1, maxK=1
Epoch 0099 | Eval Loss 0.6266 | Precision 0.9759 | Recall 1.0000 | F1 0.9878 | AUC 1.0000 | time 0.0374
ITER=51, #Train=2592, #HeldOut=1083, #Test=3675
Test Set Loss 0.5840 | Precision 0.9796 | Recall 0.9567 | F1 0.9680 | AUC 0.9686 | trainTime 6.6071 | exSelTime 4.9369 | testTime 0.0388 | numPos 486.0000 | numNeg 2106.0000 | Recall_After 0.7282 | F1_After 0.8354 | AUC_After 0.7373
totalEx=2653, totalInferences=15, infer_Precision=1.0, infer_Recall=1.0, infer_F1=1.0, infer_TP=13, infer_TN=2, infer_FP=0, infer_FN=0, minK=1, maxK=1
Epoch 0099 | Eval Loss 0.6234 | Precision 0.9792 | Recall 1.0000 | F1 0.9895 | AUC 1.0000 | time 0.0375
ITER=52, #Train=2653, #HeldOut=1022, #Test=3675
Test Set Loss 0.5833 | Precision 0.9831 | Recall 0.9584 | F1 0.9706 | AUC 0.9704 | trainTime 6.6071 | exSelTime 4.7937 | testTime 0.0387 | numPos 519.0000 | numNeg 2134.0000 | Recall_After 0.7296 | F1_After 0.8376 | AUC_After 0.7387
totalEx=2713, totalInferences=14, infer_Precision=1.0, infer_Recall=1.0, infer_F1=1.0, infer_TP=11, infer_TN=3, infer_FP=0, infer_FN=0, minK=1, maxK=1
Epoch 0099 | Eval Loss 0.6197 | Precision 0.9822 | Recall 1.0000 | F1 0.9910 | AUC 1.0000 | time 0.0353
ITER=53, #Train=2713, #HeldOut=962, #Test=3675
Test Set Loss 0.5827 | Precision 0.9840 | Recall 0.9601 | F1 0.9719 | AUC 0.9709 | trainTime 6.6071 | exSelTime 4.7202 | testTime 0.0384 | numPos 552.0000 | numNeg 2161.0000 | Recall_After 0.7309 | F1_After 0.8388 | AUC_After 0.7391
totalEx=2776, totalInferences=17, infer_Precision=1.0, infer_Recall=0.8461538461538461, infer_F1=0.9166666666666666, infer_TP=11, infer_TN=4, infer_FP=0, infer_FN=2, minK=1, maxK=1
Epoch 0099 | Eval Loss 0.6168 | Precision 0.9831 | Recall 1.0000 | F1 0.9915 | AUC 1.0000 | time 0.0354
ITER=54, #Train=2776, #HeldOut=899, #Test=3675
Test Set Loss 0.5822 | Precision 0.9841 | Recall 0.9627 | F1 0.9733 | AUC 0.9726 | trainTime 6.6071 | exSelTime 4.4743 | testTime 0.0383 | numPos 583.0000 | numNeg 2193.0000 | Recall_After 0.7328 | F1_After 0.8401 | AUC_After 0.7403
totalEx=2827, totalInferences=5, infer_Precision=1.0, infer_Recall=1.0, infer_F1=1.0, infer_TP=5, infer_TN=0, infer_FP=0, infer_FN=0, minK=1, maxK=1
Epoch 0099 | Eval Loss 0.6152 | Precision 0.9837 | Recall 1.0000 | F1 0.9918 | AUC 1.0000 | time 0.0373
ITER=55, #Train=2827, #HeldOut=848, #Test=3675
Test Set Loss 0.5818 | Precision 0.9841 | Recall 0.9636 | F1 0.9737 | AUC 0.9729 | trainTime 6.6071 | exSelTime 4.2981 | testTime 0.0393 | numPos 603.0000 | numNeg 2224.0000 | Recall_After 0.7335 | F1_After 0.8405 | AUC_After 0.7406
totalEx=2874, totalInferences=1, infer_Precision=1.0, infer_Recall=1.0, infer_F1=1.0, infer_TP=1, infer_TN=0, infer_FP=0, infer_FN=0, minK=1, maxK=1
Epoch 0099 | Eval Loss 0.6152 | Precision 0.9871 | Recall 1.0000 | F1 0.9935 | AUC 1.0000 | time 0.0375
ITER=56, #Train=2874, #HeldOut=801, #Test=3675
Test Set Loss 0.5814 | Precision 0.9859 | Recall 0.9671 | F1 0.9764 | AUC 0.9748 | trainTime 6.6071 | exSelTime 4.1814 | testTime 0.0382 | numPos 612.0000 | numNeg 2262.0000 | Recall_After 0.7361 | F1_After 0.8429 | AUC_After 0.7420
totalEx=2923, totalInferences=3, infer_Precision=1.0, infer_Recall=1.0, infer_F1=1.0, infer_TP=2, infer_TN=1, infer_FP=0, infer_FN=0, minK=1, maxK=1
Epoch 0099 | Eval Loss 0.6156 | Precision 0.9872 | Recall 1.0000 | F1 0.9936 | AUC 1.0000 | time 0.0369
ITER=57, #Train=2923, #HeldOut=752, #Test=3675
Test Set Loss 0.5811 | Precision 0.9859 | Recall 0.9688 | F1 0.9773 | AUC 0.9768 | trainTime 6.6071 | exSelTime 4.0881 | testTime 0.0391 | numPos 618.0000 | numNeg 2305.0000 | Recall_After 0.7375 | F1_After 0.8438 | AUC_After 0.7436
totalEx=2974, totalInferences=5, infer_Precision=1.0, infer_Recall=1.0, infer_F1=1.0, infer_TP=4, infer_TN=1, infer_FP=0, infer_FN=0, minK=1, maxK=1
Epoch 0099 | Eval Loss 0.6147 | Precision 0.9875 | Recall 1.0000 | F1 0.9937 | AUC 1.0000 | time 0.0352
ITER=58, #Train=2974, #HeldOut=701, #Test=3675
Test Set Loss 0.5807 | Precision 0.9859 | Recall 0.9705 | F1 0.9782 | AUC 0.9780 | trainTime 6.6071 | exSelTime 3.9347 | testTime 0.0382 | numPos 634.0000 | numNeg 2340.0000 | Recall_After 0.7388 | F1_After 0.8446 | AUC_After 0.7445
totalEx=3021, totalInferences=1, infer_Precision=1.0, infer_Recall=1.0, infer_F1=1.0, infer_TP=1, infer_TN=0, infer_FP=0, infer_FN=0, minK=1, maxK=1
Epoch 0099 | Eval Loss 0.6148 | Precision 0.9907 | Recall 1.0000 | F1 0.9953 | AUC 1.0000 | time 0.0350
ITER=59, #Train=3021, #HeldOut=654, #Test=3675
Test Set Loss 0.5801 | Precision 0.9877 | Recall 0.9740 | F1 0.9808 | AUC 0.9809 | trainTime 6.6071 | exSelTime 4.0186 | testTime 0.0382 | numPos 641.0000 | numNeg 2380.0000 | Recall_After 0.7414 | F1_After 0.8470 | AUC_After 0.7467
totalEx=3069, totalInferences=2, infer_Precision=1.0, infer_Recall=1.0, infer_F1=1.0, infer_TP=1, infer_TN=1, infer_FP=0, infer_FN=0, minK=1, maxK=1
Epoch 0099 | Eval Loss 0.6151 | Precision 0.9939 | Recall 1.0000 | F1 0.9969 | AUC 1.0000 | time 0.0354
ITER=60, #Train=3069, #HeldOut=606, #Test=3675
Test Set Loss 0.5796 | Precision 0.9895 | Recall 0.9783 | F1 0.9839 | AUC 0.9841 | trainTime 6.6071 | exSelTime 3.6423 | testTime 0.0383 | numPos 648.0000 | numNeg 2421.0000 | Recall_After 0.7447 | F1_After 0.8498 | AUC_After 0.7491
totalEx=3117, totalInferences=2, infer_Precision=1.0, infer_Recall=1.0, infer_F1=1.0, infer_TP=1, infer_TN=1, infer_FP=0, infer_FN=0, minK=1, maxK=1
Epoch 0099 | Eval Loss 0.6151 | Precision 0.9939 | Recall 1.0000 | F1 0.9970 | AUC 1.0000 | time 0.0373
ITER=61, #Train=3117, #HeldOut=558, #Test=3675
Test Set Loss 0.5788 | Precision 0.9895 | Recall 0.9835 | F1 0.9865 | AUC 0.9890 | trainTime 6.6071 | exSelTime 3.6484 | testTime 0.0386 | numPos 657.0000 | numNeg 2460.0000 | Recall_After 0.7487 | F1_After 0.8524 | AUC_After 0.7529
totalEx=3171, totalInferences=8, infer_Precision=1.0, infer_Recall=1.0, infer_F1=1.0, infer_TP=7, infer_TN=1, infer_FP=0, infer_FN=0, minK=1, maxK=1
Epoch 0099 | Eval Loss 0.6109 | Precision 0.9943 | Recall 1.0000 | F1 0.9972 | AUC 1.0000 | time 0.0371
ITER=62, #Train=3171, #HeldOut=504, #Test=3675
Test Set Loss 0.5784 | Precision 0.9896 | Recall 0.9861 | F1 0.9878 | AUC 0.9914 | trainTime 6.6071 | exSelTime 3.5231 | testTime 0.0382 | numPos 702.0000 | numNeg 2469.0000 | Recall_After 0.7507 | F1_After 0.8537 | AUC_After 0.7547
totalEx=3217, totalInferences=0, infer_Precision=1.0, infer_Recall=1.0, infer_F1=1.0, infer_TP=0, infer_TN=0, infer_FP=0, infer_FN=0, minK=0, maxK=0
Epoch 0099 | Eval Loss 0.6076 | Precision 0.9946 | Recall 1.0000 | F1 0.9973 | AUC 1.0000 | time 0.0376
ITER=63, #Train=3217, #HeldOut=458, #Test=3675
Test Set Loss 0.5782 | Precision 0.9896 | Recall 0.9870 | F1 0.9883 | AUC 0.9919 | trainTime 6.6071 | exSelTime 3.1866 | testTime 0.0387 | numPos 739.0000 | numNeg 2478.0000 | Recall_After 0.7513 | F1_After 0.8541 | AUC_After 0.7551
totalEx=3263, totalInferences=0, infer_Precision=1.0, infer_Recall=1.0, infer_F1=1.0, infer_TP=0, infer_TN=0, infer_FP=0, infer_FN=0, minK=0, maxK=0
Epoch 0099 | Eval Loss 0.6068 | Precision 0.9923 | Recall 1.0000 | F1 0.9961 | AUC 1.0000 | time 0.0343
ITER=64, #Train=3263, #HeldOut=412, #Test=3675
Test Set Loss 0.5792 | Precision 0.9896 | Recall 0.9879 | F1 0.9887 | AUC 0.9928 | trainTime 6.6071 | exSelTime 4.4683 | testTime 0.0381 | numPos 770.0000 | numNeg 2493.0000 | Recall_After 0.7520 | F1_After 0.8546 | AUC_After 0.7557
totalEx=3309, totalInferences=0, infer_Precision=1.0, infer_Recall=1.0, infer_F1=1.0, infer_TP=0, infer_TN=0, infer_FP=0, infer_FN=0, minK=0, maxK=0
Epoch 0099 | Eval Loss 0.6032 | Precision 0.9902 | Recall 1.0000 | F1 0.9951 | AUC 1.0000 | time 0.0382
ITER=65, #Train=3309, #HeldOut=366, #Test=3675
Test Set Loss 0.5790 | Precision 0.9879 | Recall 0.9879 | F1 0.9879 | AUC 0.9928 | trainTime 6.6071 | exSelTime 5.7447 | testTime 0.0390 | numPos 810.0000 | numNeg 2499.0000 | Recall_After 0.7520 | F1_After 0.8539 | AUC_After 0.7558
totalEx=3355, totalInferences=0, infer_Precision=1.0, infer_Recall=1.0, infer_F1=1.0, infer_TP=0, infer_TN=0, infer_FP=0, infer_FN=0, minK=0, maxK=0
Epoch 0099 | Eval Loss 0.5993 | Precision 0.9907 | Recall 1.0000 | F1 0.9953 | AUC 1.0000 | time 0.0350
ITER=66, #Train=3355, #HeldOut=320, #Test=3675
Test Set Loss 0.5789 | Precision 0.9879 | Recall 0.9879 | F1 0.9879 | AUC 0.9928 | trainTime 6.6071 | exSelTime 4.9826 | testTime 0.0384 | numPos 854.0000 | numNeg 2501.0000 | Recall_After 0.7520 | F1_After 0.8539 | AUC_After 0.7558
totalEx=3401, totalInferences=0, infer_Precision=1.0, infer_Recall=1.0, infer_F1=1.0, infer_TP=0, infer_TN=0, infer_FP=0, infer_FN=0, minK=0, maxK=0
Epoch 0099 | Eval Loss 0.5956 | Precision 0.9912 | Recall 1.0000 | F1 0.9956 | AUC 1.0000 | time 0.0374
ITER=67, #Train=3401, #HeldOut=274, #Test=3675
Test Set Loss 0.5788 | Precision 0.9879 | Recall 0.9879 | F1 0.9879 | AUC 0.9928 | trainTime 6.6071 | exSelTime 5.0943 | testTime 0.0383 | numPos 898.0000 | numNeg 2503.0000 | Recall_After 0.7520 | F1_After 0.8539 | AUC_After 0.7557
totalEx=3447, totalInferences=0, infer_Precision=1.0, infer_Recall=1.0, infer_F1=1.0, infer_TP=0, infer_TN=0, infer_FP=0, infer_FN=0, minK=0, maxK=0
Epoch 0099 | Eval Loss 0.5920 | Precision 0.9916 | Recall 1.0000 | F1 0.9958 | AUC 1.0000 | time 0.0387
ITER=68, #Train=3447, #HeldOut=228, #Test=3675
Test Set Loss 0.5787 | Precision 0.9879 | Recall 0.9879 | F1 0.9879 | AUC 0.9928 | trainTime 6.6071 | exSelTime 5.1901 | testTime 0.0390 | numPos 941.0000 | numNeg 2506.0000 | Recall_After 0.7520 | F1_After 0.8539 | AUC_After 0.7557
totalEx=3493, totalInferences=0, infer_Precision=1.0, infer_Recall=1.0, infer_F1=1.0, infer_TP=0, infer_TN=0, infer_FP=0, infer_FN=0, minK=0, maxK=0
Epoch 0099 | Eval Loss 0.5886 | Precision 0.9919 | Recall 1.0000 | F1 0.9960 | AUC 1.0000 | time 0.0370
ITER=69, #Train=3493, #HeldOut=182, #Test=3675
Test Set Loss 0.5786 | Precision 0.9879 | Recall 0.9879 | F1 0.9879 | AUC 0.9928 | trainTime 6.6071 | exSelTime 3.3374 | testTime 0.0387 | numPos 984.0000 | numNeg 2509.0000 | Recall_After 0.7520 | F1_After 0.8539 | AUC_After 0.7557
totalEx=3539, totalInferences=0, infer_Precision=1.0, infer_Recall=1.0, infer_F1=1.0, infer_TP=0, infer_TN=0, infer_FP=0, infer_FN=0, minK=0, maxK=0
Epoch 0099 | Eval Loss 0.5850 | Precision 0.9904 | Recall 1.0000 | F1 0.9952 | AUC 1.0000 | time 0.0377
ITER=70, #Train=3539, #HeldOut=136, #Test=3675
Test Set Loss 0.5785 | Precision 0.9862 | Recall 0.9887 | F1 0.9875 | AUC 0.9936 | trainTime 6.6071 | exSelTime 2.9725 | testTime 0.0384 | numPos 1029.0000 | numNeg 2510.0000 | Recall_After 0.7526 | F1_After 0.8537 | AUC_After 0.7564
totalEx=3585, totalInferences=0, infer_Precision=1.0, infer_Recall=1.0, infer_F1=1.0, infer_TP=0, infer_TN=0, infer_FP=0, infer_FN=0, minK=0, maxK=0
Epoch 0099 | Eval Loss 0.5819 | Precision 0.9907 | Recall 1.0000 | F1 0.9954 | AUC 1.0000 | time 0.0355
ITER=71, #Train=3585, #HeldOut=90, #Test=3675
Test Set Loss 0.5783 | Precision 0.9862 | Recall 0.9896 | F1 0.9879 | AUC 0.9946 | trainTime 6.6071 | exSelTime 2.6642 | testTime 0.0382 | numPos 1071.0000 | numNeg 2514.0000 | Recall_After 0.7533 | F1_After 0.8542 | AUC_After 0.7571
totalEx=3631, totalInferences=0, infer_Precision=1.0, infer_Recall=1.0, infer_F1=1.0, infer_TP=0, infer_TN=0, infer_FP=0, infer_FN=0, minK=0, maxK=0
Epoch 0099 | Eval Loss 0.5789 | Precision 0.9911 | Recall 1.0000 | F1 0.9955 | AUC 1.0000 | time 0.0371
ITER=72, #Train=3631, #HeldOut=44, #Test=3675
Test Set Loss 0.5782 | Precision 0.9862 | Recall 0.9896 | F1 0.9879 | AUC 0.9946 | trainTime 6.6071 | exSelTime 1.6804 | testTime 0.0384 | numPos 1113.0000 | numNeg 2518.0000 | Recall_After 0.7533 | F1_After 0.8542 | AUC_After 0.7571
totalEx=3675, totalInferences=0, infer_Precision=1.0, infer_Recall=1.0, infer_F1=1.0, infer_TP=0, infer_TN=0, infer_FP=0, infer_FN=0, minK=0, maxK=0
Epoch 0099 | Eval Loss 0.5768 | Precision 0.9905 | Recall 1.0000 | F1 0.9952 | AUC 1.0000 | time 0.0355
ITER=73, #Train=3675, #HeldOut=0, #Test=3675
Test Set Loss 0.5782 | Precision 0.9862 | Recall 0.9896 | F1 0.9879 | AUC 0.9945 | trainTime 6.6071 | exSelTime 0.8578 | testTime 0.0390 | numPos 1147.0000 | numNeg 2528.0000 | Recall_After 0.7533 | F1_After 0.8542 | AUC_After 0.7571
