on cpu
loading data ... from src/model/gnn/dataset/human-mouse-negsample/human_mouse_Ontology_Node_Embeddings.txt
src/model/gnn/dataset/human-mouse-negsample/human_mouse_Ontology_Edge_List.txt
src/model/gnn/dataset/human-mouse-negsample/prog_seed_pairs.txt
src/model/gnn/dataset/human-mouse-negsample/pos_neg_pairs.txt
done
Epoch 0099 | Eval Loss 0.6552 | Precision 1.0000 | Recall 1.0000 | F1 1.0000 | AUC 1.0000 | time 0.0457
ITER=0, #Train=10, #HeldOut=15150, #Test=15160
Test Set Loss 1.0061 | Precision 0.1088 | Recall 0.9921 | F1 0.1962 | AUC 0.7377 | trainTime 8.5232 | exSelTime 0.0000 | testTime 0.0538 | numPos -1.0000 | numNeg -1.0000 | Recall_After 0.9921 | F1_After 0.1962 | AUC_After 0.7377
Epoch 0099 | Eval Loss 0.6715 | Precision 1.0000 | Recall 1.0000 | F1 1.0000 | AUC 1.0000 | time 0.0496
ITER=1, #Train=202, #HeldOut=14958, #Test=15160
Test Set Loss 0.9380 | Precision 0.1707 | Recall 0.9492 | F1 0.2894 | AUC 0.8088 | trainTime 8.5232 | exSelTime 1.8802 | testTime 0.0556 | numPos 14.0000 | numNeg 188.0000 | Recall_After 0.9492 | F1_After 0.2894 | AUC_After 0.8088
Epoch 0099 | Eval Loss 0.6616 | Precision 0.9067 | Recall 1.0000 | F1 0.9510 | AUC 1.0000 | time 0.0465
ITER=2, #Train=394, #HeldOut=14766, #Test=15160
Test Set Loss 0.9204 | Precision 0.1796 | Recall 0.9637 | F1 0.3027 | AUC 0.8711 | trainTime 8.5232 | exSelTime 1.6657 | testTime 0.0495 | numPos 68.0000 | numNeg 326.0000 | Recall_After 0.9637 | F1_After 0.3027 | AUC_After 0.8711
Epoch 0099 | Eval Loss 0.6197 | Precision 0.9800 | Recall 1.0000 | F1 0.9899 | AUC 1.0000 | time 0.0467
ITER=3, #Train=586, #HeldOut=14574, #Test=15160
Test Set Loss 0.9123 | Precision 0.1844 | Recall 0.9690 | F1 0.3099 | AUC 0.9162 | trainTime 8.5232 | exSelTime 1.6224 | testTime 0.0504 | numPos 147.0000 | numNeg 439.0000 | Recall_After 0.9690 | F1_After 0.3099 | AUC_After 0.9162
Epoch 0099 | Eval Loss 0.5840 | Precision 0.9813 | Recall 1.0000 | F1 0.9906 | AUC 1.0000 | time 0.0578
ITER=4, #Train=778, #HeldOut=14382, #Test=15160
Test Set Loss 0.9083 | Precision 0.1862 | Recall 0.9756 | F1 0.3127 | AUC 0.9313 | trainTime 8.5232 | exSelTime 1.7178 | testTime 0.0559 | numPos 263.0000 | numNeg 515.0000 | Recall_After 0.9756 | F1_After 0.3127 | AUC_After 0.9313
Epoch 0099 | Eval Loss 0.5514 | Precision 0.9925 | Recall 1.0000 | F1 0.9962 | AUC 1.0000 | time 0.0514
ITER=5, #Train=970, #HeldOut=14190, #Test=15160
Test Set Loss 0.9072 | Precision 0.1891 | Recall 0.9763 | F1 0.3168 | AUC 0.9325 | trainTime 8.5232 | exSelTime 2.6589 | testTime 0.0717 | numPos 398.0000 | numNeg 572.0000 | Recall_After 0.9763 | F1_After 0.3168 | AUC_After 0.9325
Epoch 0099 | Eval Loss 0.5305 | Precision 0.9889 | Recall 1.0000 | F1 0.9944 | AUC 1.0000 | time 0.0538
ITER=6, #Train=1162, #HeldOut=13998, #Test=15160
Test Set Loss 0.9054 | Precision 0.1887 | Recall 0.9730 | F1 0.3161 | AUC 0.9296 | trainTime 8.5232 | exSelTime 2.0392 | testTime 0.0602 | numPos 536.0000 | numNeg 626.0000 | Recall_After 0.9730 | F1_After 0.3161 | AUC_After 0.9296
Epoch 0099 | Eval Loss 0.5217 | Precision 0.9823 | Recall 1.0000 | F1 0.9911 | AUC 1.0000 | time 0.0459
ITER=7, #Train=1354, #HeldOut=13806, #Test=15160
Test Set Loss 0.9055 | Precision 0.1877 | Recall 0.9683 | F1 0.3144 | AUC 0.9286 | trainTime 8.5232 | exSelTime 1.9644 | testTime 0.0482 | numPos 666.0000 | numNeg 688.0000 | Recall_After 0.9683 | F1_After 0.3144 | AUC_After 0.9286
Epoch 0099 | Eval Loss 0.5133 | Precision 0.9912 | Recall 1.0000 | F1 0.9956 | AUC 1.0000 | time 0.0585
ITER=8, #Train=1546, #HeldOut=13614, #Test=15160
Test Set Loss 0.9025 | Precision 0.1897 | Recall 0.9677 | F1 0.3172 | AUC 0.9317 | trainTime 8.5232 | exSelTime 1.9055 | testTime 0.0575 | numPos 785.0000 | numNeg 761.0000 | Recall_After 0.9677 | F1_After 0.3172 | AUC_After 0.9317
Epoch 0099 | Eval Loss 0.5161 | Precision 0.9886 | Recall 1.0000 | F1 0.9943 | AUC 1.0000 | time 0.1206
ITER=9, #Train=1738, #HeldOut=13422, #Test=15160
Test Set Loss 0.8999 | Precision 0.1906 | Recall 0.9617 | F1 0.3182 | AUC 0.9340 | trainTime 8.5232 | exSelTime 1.9536 | testTime 0.0624 | numPos 869.0000 | numNeg 869.0000 | Recall_After 0.9617 | F1_After 0.3182 | AUC_After 0.9340
Epoch 0099 | Eval Loss 0.5188 | Precision 0.9876 | Recall 1.0000 | F1 0.9938 | AUC 1.0000 | time 0.0467
ITER=10, #Train=1930, #HeldOut=13230, #Test=15160
Test Set Loss 0.8944 | Precision 0.1945 | Recall 0.9644 | F1 0.3237 | AUC 0.9398 | trainTime 8.5232 | exSelTime 2.5674 | testTime 0.0477 | numPos 957.0000 | numNeg 973.0000 | Recall_After 0.9644 | F1_After 0.3237 | AUC_After 0.9398
Epoch 0099 | Eval Loss 0.5233 | Precision 0.9894 | Recall 1.0000 | F1 0.9947 | AUC 1.0000 | time 0.0655
ITER=11, #Train=2122, #HeldOut=13038, #Test=15160
Test Set Loss 0.8941 | Precision 0.1938 | Recall 0.9611 | F1 0.3226 | AUC 0.9408 | trainTime 8.5232 | exSelTime 1.6524 | testTime 0.0607 | numPos 1029.0000 | numNeg 1093.0000 | Recall_After 0.9611 | F1_After 0.3226 | AUC_After 0.9408
Epoch 0099 | Eval Loss 0.5285 | Precision 0.9848 | Recall 1.0000 | F1 0.9923 | AUC 1.0000 | time 0.0562
ITER=12, #Train=2314, #HeldOut=12846, #Test=15160
Test Set Loss 0.8877 | Precision 0.2009 | Recall 0.9703 | F1 0.3329 | AUC 0.9489 | trainTime 8.5232 | exSelTime 1.8655 | testTime 0.0624 | numPos 1100.0000 | numNeg 1214.0000 | Recall_After 0.9703 | F1_After 0.3329 | AUC_After 0.9489
Epoch 0099 | Eval Loss 0.5367 | Precision 0.9870 | Recall 1.0000 | F1 0.9935 | AUC 1.0000 | time 0.0521
ITER=13, #Train=2506, #HeldOut=12654, #Test=15160
Test Set Loss 0.8864 | Precision 0.2016 | Recall 0.9657 | F1 0.3336 | AUC 0.9480 | trainTime 8.5232 | exSelTime 1.8267 | testTime 0.0647 | numPos 1141.0000 | numNeg 1365.0000 | Recall_After 0.9657 | F1_After 0.3336 | AUC_After 0.9480
Epoch 0099 | Eval Loss 0.5419 | Precision 0.9941 | Recall 1.0000 | F1 0.9970 | AUC 1.0000 | time 0.0630
ITER=14, #Train=2698, #HeldOut=12462, #Test=15160
Test Set Loss 0.8797 | Precision 0.2059 | Recall 0.9657 | F1 0.3394 | AUC 0.9529 | trainTime 8.5232 | exSelTime 1.6991 | testTime 0.1227 | numPos 1176.0000 | numNeg 1522.0000 | Recall_After 0.9657 | F1_After 0.3394 | AUC_After 0.9529
Epoch 0099 | Eval Loss 0.5482 | Precision 0.9910 | Recall 1.0000 | F1 0.9955 | AUC 1.0000 | time 0.0613
ITER=15, #Train=2890, #HeldOut=12270, #Test=15160
Test Set Loss 0.8755 | Precision 0.2089 | Recall 0.9677 | F1 0.3436 | AUC 0.9544 | trainTime 8.5232 | exSelTime 2.4924 | testTime 0.0560 | numPos 1208.0000 | numNeg 1682.0000 | Recall_After 0.9677 | F1_After 0.3436 | AUC_After 0.9544
Epoch 0099 | Eval Loss 0.5553 | Precision 0.9904 | Recall 1.0000 | F1 0.9952 | AUC 1.0000 | time 0.0581
ITER=16, #Train=3082, #HeldOut=12078, #Test=15160
Test Set Loss 0.8693 | Precision 0.2136 | Recall 0.9697 | F1 0.3500 | AUC 0.9583 | trainTime 8.5232 | exSelTime 1.7213 | testTime 0.0580 | numPos 1235.0000 | numNeg 1847.0000 | Recall_After 0.9697 | F1_After 0.3500 | AUC_After 0.9583
Epoch 0099 | Eval Loss 0.5626 | Precision 0.9890 | Recall 1.0000 | F1 0.9945 | AUC 1.0000 | time 0.0558
ITER=17, #Train=3274, #HeldOut=11886, #Test=15160
Test Set Loss 0.8635 | Precision 0.2205 | Recall 0.9716 | F1 0.3594 | AUC 0.9608 | trainTime 8.5232 | exSelTime 1.6961 | testTime 0.0676 | numPos 1257.0000 | numNeg 2017.0000 | Recall_After 0.9716 | F1_After 0.3594 | AUC_After 0.9608
Epoch 0099 | Eval Loss 0.5663 | Precision 0.9899 | Recall 1.0000 | F1 0.9949 | AUC 1.0000 | time 0.0512
ITER=18, #Train=3466, #HeldOut=11694, #Test=15160
Test Set Loss 0.8593 | Precision 0.2243 | Recall 0.9730 | F1 0.3645 | AUC 0.9636 | trainTime 8.5232 | exSelTime 1.7845 | testTime 0.0582 | numPos 1280.0000 | numNeg 2186.0000 | Recall_After 0.9730 | F1_After 0.3645 | AUC_After 0.9636
Epoch 0099 | Eval Loss 0.5716 | Precision 0.9909 | Recall 1.0000 | F1 0.9954 | AUC 1.0000 | time 0.0554
ITER=19, #Train=3658, #HeldOut=11502, #Test=15160
Test Set Loss 0.8530 | Precision 0.2294 | Recall 0.9697 | F1 0.3710 | AUC 0.9634 | trainTime 8.5232 | exSelTime 2.0970 | testTime 0.0667 | numPos 1302.0000 | numNeg 2356.0000 | Recall_After 0.9697 | F1_After 0.3710 | AUC_After 0.9634
Epoch 0099 | Eval Loss 0.5758 | Precision 0.9917 | Recall 1.0000 | F1 0.9958 | AUC 1.0000 | time 0.0550
ITER=20, #Train=3850, #HeldOut=11310, #Test=15160
Test Set Loss 0.8479 | Precision 0.2334 | Recall 0.9690 | F1 0.3762 | AUC 0.9648 | trainTime 8.5232 | exSelTime 1.7648 | testTime 0.0662 | numPos 1319.0000 | numNeg 2531.0000 | Recall_After 0.9690 | F1_After 0.3762 | AUC_After 0.9648
Epoch 0099 | Eval Loss 0.5799 | Precision 0.9897 | Recall 1.0000 | F1 0.9948 | AUC 1.0000 | time 0.0466
ITER=21, #Train=4042, #HeldOut=11118, #Test=15160
Test Set Loss 0.8406 | Precision 0.2408 | Recall 0.9664 | F1 0.3856 | AUC 0.9672 | trainTime 8.5232 | exSelTime 1.7118 | testTime 0.0478 | numPos 1343.0000 | numNeg 2699.0000 | Recall_After 0.9664 | F1_After 0.3856 | AUC_After 0.9672
Epoch 0099 | Eval Loss 0.5840 | Precision 0.9934 | Recall 1.0000 | F1 0.9967 | AUC 1.0000 | time 0.0546
ITER=22, #Train=4234, #HeldOut=10926, #Test=15160
Test Set Loss 0.8341 | Precision 0.2495 | Recall 0.9730 | F1 0.3972 | AUC 0.9694 | trainTime 8.5232 | exSelTime 1.5259 | testTime 0.0755 | numPos 1353.0000 | numNeg 2881.0000 | Recall_After 0.9730 | F1_After 0.3972 | AUC_After 0.9694
Epoch 0099 | Eval Loss 0.5881 | Precision 0.9949 | Recall 1.0000 | F1 0.9974 | AUC 1.0000 | time 0.1233
ITER=23, #Train=4426, #HeldOut=10734, #Test=15160
Test Set Loss 0.8287 | Precision 0.2547 | Recall 0.9664 | F1 0.4032 | AUC 0.9707 | trainTime 8.5232 | exSelTime 1.5915 | testTime 0.0953 | numPos 1364.0000 | numNeg 3062.0000 | Recall_After 0.9664 | F1_After 0.4032 | AUC_After 0.9707
Epoch 0099 | Eval Loss 0.5909 | Precision 0.9942 | Recall 1.0000 | F1 0.9971 | AUC 1.0000 | time 0.0617
ITER=24, #Train=4618, #HeldOut=10542, #Test=15160
Test Set Loss 0.8233 | Precision 0.2623 | Recall 0.9710 | F1 0.4130 | AUC 0.9725 | trainTime 8.5232 | exSelTime 2.5062 | testTime 0.0571 | numPos 1373.0000 | numNeg 3245.0000 | Recall_After 0.9710 | F1_After 0.4130 | AUC_After 0.9725
Epoch 0099 | Eval Loss 0.5940 | Precision 0.9964 | Recall 1.0000 | F1 0.9982 | AUC 1.0000 | time 0.0614
ITER=25, #Train=4810, #HeldOut=10350, #Test=15160
Test Set Loss 0.8186 | Precision 0.2672 | Recall 0.9730 | F1 0.4193 | AUC 0.9745 | trainTime 8.5232 | exSelTime 1.6876 | testTime 0.0666 | numPos 1380.0000 | numNeg 3430.0000 | Recall_After 0.9730 | F1_After 0.4193 | AUC_After 0.9745
Epoch 0099 | Eval Loss 0.5984 | Precision 0.9928 | Recall 1.0000 | F1 0.9964 | AUC 1.0000 | time 0.0667
ITER=26, #Train=5002, #HeldOut=10158, #Test=15160
Test Set Loss 0.8146 | Precision 0.2715 | Recall 0.9710 | F1 0.4244 | AUC 0.9738 | trainTime 8.5232 | exSelTime 1.9081 | testTime 0.0605 | numPos 1388.0000 | numNeg 3614.0000 | Recall_After 0.9710 | F1_After 0.4244 | AUC_After 0.9738
Epoch 0099 | Eval Loss 0.6010 | Precision 0.9936 | Recall 1.0000 | F1 0.9968 | AUC 1.0000 | time 0.0571
ITER=27, #Train=5194, #HeldOut=9966, #Test=15160
Test Set Loss 0.8074 | Precision 0.2827 | Recall 0.9716 | F1 0.4379 | AUC 0.9745 | trainTime 8.5232 | exSelTime 1.9488 | testTime 0.0641 | numPos 1395.0000 | numNeg 3799.0000 | Recall_After 0.9716 | F1_After 0.4379 | AUC_After 0.9745
Epoch 0099 | Eval Loss 0.6047 | Precision 0.9950 | Recall 1.0000 | F1 0.9975 | AUC 1.0000 | time 0.0583
ITER=28, #Train=5386, #HeldOut=9774, #Test=15160
Test Set Loss 0.8025 | Precision 0.2885 | Recall 0.9703 | F1 0.4447 | AUC 0.9751 | trainTime 8.5232 | exSelTime 1.5075 | testTime 0.0616 | numPos 1401.0000 | numNeg 3985.0000 | Recall_After 0.9703 | F1_After 0.4447 | AUC_After 0.9751
Epoch 0099 | Eval Loss 0.6071 | Precision 0.9972 | Recall 1.0000 | F1 0.9986 | AUC 1.0000 | time 0.0471
ITER=29, #Train=5578, #HeldOut=9582, #Test=15160
Test Set Loss 0.7971 | Precision 0.2979 | Recall 0.9697 | F1 0.4557 | AUC 0.9775 | trainTime 8.5232 | exSelTime 1.4187 | testTime 0.4687 | numPos 1409.0000 | numNeg 4169.0000 | Recall_After 0.9697 | F1_After 0.4557 | AUC_After 0.9775
Epoch 0099 | Eval Loss 0.6078 | Precision 0.9958 | Recall 1.0000 | F1 0.9979 | AUC 1.0000 | time 0.0620
ITER=30, #Train=5770, #HeldOut=9390, #Test=15160
Test Set Loss 0.7947 | Precision 0.3005 | Recall 0.9677 | F1 0.4586 | AUC 0.9779 | trainTime 8.5232 | exSelTime 1.2624 | testTime 0.0604 | numPos 1413.0000 | numNeg 4357.0000 | Recall_After 0.9677 | F1_After 0.4586 | AUC_After 0.9779
Epoch 0099 | Eval Loss 0.6091 | Precision 0.9965 | Recall 1.0000 | F1 0.9982 | AUC 1.0000 | time 0.1090
ITER=31, #Train=5962, #HeldOut=9198, #Test=15160
Test Set Loss 0.7904 | Precision 0.3070 | Recall 0.9683 | F1 0.4663 | AUC 0.9792 | trainTime 8.5232 | exSelTime 1.3643 | testTime 0.1252 | numPos 1419.0000 | numNeg 4543.0000 | Recall_After 0.9683 | F1_After 0.4663 | AUC_After 0.9792
Epoch 0099 | Eval Loss 0.6130 | Precision 0.9958 | Recall 1.0000 | F1 0.9979 | AUC 1.0000 | time 0.0739
ITER=32, #Train=6154, #HeldOut=9006, #Test=15160
Test Set Loss 0.7864 | Precision 0.3132 | Recall 0.9690 | F1 0.4733 | AUC 0.9797 | trainTime 8.5232 | exSelTime 1.9764 | testTime 0.0625 | numPos 1425.0000 | numNeg 4729.0000 | Recall_After 0.9690 | F1_After 0.4733 | AUC_After 0.9797
Epoch 0099 | Eval Loss 0.6127 | Precision 0.9972 | Recall 1.0000 | F1 0.9986 | AUC 1.0000 | time 0.0517
ITER=33, #Train=6346, #HeldOut=8814, #Test=15160
Test Set Loss 0.7843 | Precision 0.3149 | Recall 0.9697 | F1 0.4754 | AUC 0.9821 | trainTime 8.5232 | exSelTime 1.3689 | testTime 0.0644 | numPos 1429.0000 | numNeg 4917.0000 | Recall_After 0.9697 | F1_After 0.4754 | AUC_After 0.9821
Epoch 0099 | Eval Loss 0.6164 | Precision 0.9965 | Recall 1.0000 | F1 0.9983 | AUC 1.0000 | time 0.0603
ITER=34, #Train=6538, #HeldOut=8622, #Test=15160
Test Set Loss 0.7773 | Precision 0.3310 | Recall 0.9743 | F1 0.4941 | AUC 0.9828 | trainTime 8.5232 | exSelTime 1.2407 | testTime 0.0794 | numPos 1435.0000 | numNeg 5103.0000 | Recall_After 0.9743 | F1_After 0.4941 | AUC_After 0.9828
Epoch 0099 | Eval Loss 0.6185 | Precision 0.9959 | Recall 1.0000 | F1 0.9979 | AUC 1.0000 | time 0.0611
ITER=35, #Train=6730, #HeldOut=8430, #Test=15160
Test Set Loss 0.7715 | Precision 0.3453 | Recall 0.9749 | F1 0.5100 | AUC 0.9826 | trainTime 8.5232 | exSelTime 1.8908 | testTime 0.0607 | numPos 1441.0000 | numNeg 5289.0000 | Recall_After 0.9749 | F1_After 0.5100 | AUC_After 0.9826
Epoch 0099 | Eval Loss 0.6190 | Precision 0.9972 | Recall 1.0000 | F1 0.9986 | AUC 1.0000 | time 0.0584
ITER=36, #Train=6922, #HeldOut=8238, #Test=15160
Test Set Loss 0.7683 | Precision 0.3484 | Recall 0.9756 | F1 0.5135 | AUC 0.9832 | trainTime 8.5232 | exSelTime 1.4138 | testTime 0.0578 | numPos 1441.0000 | numNeg 5481.0000 | Recall_After 0.9756 | F1_After 0.5135 | AUC_After 0.9832
Epoch 0099 | Eval Loss 0.6218 | Precision 0.9972 | Recall 1.0000 | F1 0.9986 | AUC 1.0000 | time 0.0460
ITER=37, #Train=7114, #HeldOut=8046, #Test=15160
Test Set Loss 0.7636 | Precision 0.3600 | Recall 0.9736 | F1 0.5256 | AUC 0.9832 | trainTime 8.5232 | exSelTime 1.2887 | testTime 0.0478 | numPos 1441.0000 | numNeg 5673.0000 | Recall_After 0.9736 | F1_After 0.5256 | AUC_After 0.9832
Epoch 0099 | Eval Loss 0.6235 | Precision 0.9972 | Recall 1.0000 | F1 0.9986 | AUC 1.0000 | time 0.0602
ITER=38, #Train=7306, #HeldOut=7854, #Test=15160
Test Set Loss 0.7586 | Precision 0.3706 | Recall 0.9756 | F1 0.5371 | AUC 0.9841 | trainTime 8.5232 | exSelTime 1.1281 | testTime 0.0567 | numPos 1444.0000 | numNeg 5862.0000 | Recall_After 0.9756 | F1_After 0.5371 | AUC_After 0.9841
Epoch 0099 | Eval Loss 0.6229 | Precision 0.9972 | Recall 1.0000 | F1 0.9986 | AUC 1.0000 | time 0.0577
ITER=39, #Train=7498, #HeldOut=7662, #Test=15160
Test Set Loss 0.7584 | Precision 0.3701 | Recall 0.9782 | F1 0.5370 | AUC 0.9857 | trainTime 8.5232 | exSelTime 1.1244 | testTime 0.0584 | numPos 1447.0000 | numNeg 6051.0000 | Recall_After 0.9782 | F1_After 0.5370 | AUC_After 0.9857
Epoch 0099 | Eval Loss 0.6262 | Precision 0.9972 | Recall 1.0000 | F1 0.9986 | AUC 1.0000 | time 0.0602
ITER=40, #Train=7690, #HeldOut=7470, #Test=15160
Test Set Loss 0.7521 | Precision 0.3863 | Recall 0.9789 | F1 0.5539 | AUC 0.9862 | trainTime 8.5232 | exSelTime 1.1568 | testTime 0.0681 | numPos 1447.0000 | numNeg 6243.0000 | Recall_After 0.9789 | F1_After 0.5539 | AUC_After 0.9862
Epoch 0099 | Eval Loss 0.6271 | Precision 0.9972 | Recall 1.0000 | F1 0.9986 | AUC 1.0000 | time 0.0615
ITER=41, #Train=7882, #HeldOut=7278, #Test=15160
Test Set Loss 0.7489 | Precision 0.3918 | Recall 0.9769 | F1 0.5593 | AUC 0.9852 | trainTime 8.5232 | exSelTime 1.0200 | testTime 0.0629 | numPos 1449.0000 | numNeg 6433.0000 | Recall_After 0.9769 | F1_After 0.5593 | AUC_After 0.9852
Epoch 0099 | Eval Loss 0.6281 | Precision 0.9972 | Recall 1.0000 | F1 0.9986 | AUC 1.0000 | time 0.0650
ITER=42, #Train=8074, #HeldOut=7086, #Test=15160
Test Set Loss 0.7458 | Precision 0.4022 | Recall 0.9782 | F1 0.5701 | AUC 0.9860 | trainTime 8.5232 | exSelTime 1.0673 | testTime 0.0564 | numPos 1450.0000 | numNeg 6624.0000 | Recall_After 0.9782 | F1_After 0.5701 | AUC_After 0.9860
Epoch 0099 | Eval Loss 0.6292 | Precision 0.9973 | Recall 1.0000 | F1 0.9986 | AUC 1.0000 | time 0.0655
ITER=43, #Train=8266, #HeldOut=6894, #Test=15160
Test Set Loss 0.7431 | Precision 0.4091 | Recall 0.9802 | F1 0.5773 | AUC 0.9874 | trainTime 8.5232 | exSelTime 1.2289 | testTime 0.0624 | numPos 1452.0000 | numNeg 6814.0000 | Recall_After 0.9802 | F1_After 0.5773 | AUC_After 0.9874
Epoch 0099 | Eval Loss 0.6305 | Precision 0.9966 | Recall 1.0000 | F1 0.9983 | AUC 1.0000 | time 0.0697
ITER=44, #Train=8458, #HeldOut=6702, #Test=15160
Test Set Loss 0.7399 | Precision 0.4201 | Recall 0.9796 | F1 0.5880 | AUC 0.9881 | trainTime 8.5232 | exSelTime 1.5606 | testTime 0.0572 | numPos 1456.0000 | numNeg 7002.0000 | Recall_After 0.9796 | F1_After 0.5880 | AUC_After 0.9881
Epoch 0099 | Eval Loss 0.6324 | Precision 0.9973 | Recall 1.0000 | F1 0.9986 | AUC 1.0000 | time 0.0620
ITER=45, #Train=8650, #HeldOut=6510, #Test=15160
Test Set Loss 0.7342 | Precision 0.4391 | Recall 0.9782 | F1 0.6062 | AUC 0.9881 | trainTime 8.5232 | exSelTime 0.9995 | testTime 0.1143 | numPos 1457.0000 | numNeg 7193.0000 | Recall_After 0.9782 | F1_After 0.6062 | AUC_After 0.9881
Epoch 0099 | Eval Loss 0.6333 | Precision 0.9973 | Recall 1.0000 | F1 0.9986 | AUC 1.0000 | time 0.0559
ITER=46, #Train=8842, #HeldOut=6318, #Test=15160
Test Set Loss 0.7301 | Precision 0.4534 | Recall 0.9789 | F1 0.6198 | AUC 0.9878 | trainTime 8.5232 | exSelTime 1.2179 | testTime 0.0948 | numPos 1458.0000 | numNeg 7384.0000 | Recall_After 0.9789 | F1_After 0.6198 | AUC_After 0.9878
Epoch 0099 | Eval Loss 0.6342 | Precision 0.9973 | Recall 1.0000 | F1 0.9986 | AUC 1.0000 | time 0.1172
ITER=47, #Train=9034, #HeldOut=6126, #Test=15160
Test Set Loss 0.7276 | Precision 0.4582 | Recall 0.9789 | F1 0.6242 | AUC 0.9882 | trainTime 8.5232 | exSelTime 1.0927 | testTime 0.0989 | numPos 1460.0000 | numNeg 7574.0000 | Recall_After 0.9789 | F1_After 0.6242 | AUC_After 0.9882
Epoch 0099 | Eval Loss 0.6346 | Precision 0.9973 | Recall 1.0000 | F1 0.9986 | AUC 1.0000 | time 0.0476
ITER=48, #Train=9226, #HeldOut=5934, #Test=15160
Test Set Loss 0.7274 | Precision 0.4554 | Recall 0.9789 | F1 0.6216 | AUC 0.9883 | trainTime 8.5232 | exSelTime 1.3037 | testTime 0.0478 | numPos 1460.0000 | numNeg 7766.0000 | Recall_After 0.9789 | F1_After 0.6216 | AUC_After 0.9883
Epoch 0099 | Eval Loss 0.6366 | Precision 0.9973 | Recall 1.0000 | F1 0.9986 | AUC 1.0000 | time 0.0559
ITER=49, #Train=9418, #HeldOut=5742, #Test=15160
Test Set Loss 0.7235 | Precision 0.4703 | Recall 0.9809 | F1 0.6357 | AUC 0.9890 | trainTime 8.5232 | exSelTime 0.8013 | testTime 0.0638 | numPos 1464.0000 | numNeg 7954.0000 | Recall_After 0.9809 | F1_After 0.6357 | AUC_After 0.9890
Epoch 0099 | Eval Loss 0.6372 | Precision 0.9973 | Recall 1.0000 | F1 0.9986 | AUC 1.0000 | time 0.0571
ITER=50, #Train=9610, #HeldOut=5550, #Test=15160
Test Set Loss 0.7201 | Precision 0.4847 | Recall 0.9815 | F1 0.6489 | AUC 0.9901 | trainTime 8.5232 | exSelTime 0.8162 | testTime 0.0668 | numPos 1466.0000 | numNeg 8144.0000 | Recall_After 0.9815 | F1_After 0.6489 | AUC_After 0.9901
Epoch 0099 | Eval Loss 0.6380 | Precision 0.9973 | Recall 1.0000 | F1 0.9986 | AUC 1.0000 | time 0.0570
ITER=51, #Train=9802, #HeldOut=5358, #Test=15160
Test Set Loss 0.7178 | Precision 0.4952 | Recall 0.9835 | F1 0.6587 | AUC 0.9906 | trainTime 8.5232 | exSelTime 0.7909 | testTime 0.0558 | numPos 1469.0000 | numNeg 8333.0000 | Recall_After 0.9835 | F1_After 0.6587 | AUC_After 0.9906
Epoch 0099 | Eval Loss 0.6384 | Precision 0.9973 | Recall 1.0000 | F1 0.9986 | AUC 1.0000 | time 0.0704
ITER=52, #Train=9994, #HeldOut=5166, #Test=15160
Test Set Loss 0.7177 | Precision 0.4954 | Recall 0.9861 | F1 0.6595 | AUC 0.9915 | trainTime 8.5232 | exSelTime 0.7844 | testTime 0.0635 | numPos 1471.0000 | numNeg 8523.0000 | Recall_After 0.9861 | F1_After 0.6595 | AUC_After 0.9915
Epoch 0099 | Eval Loss 0.6396 | Precision 0.9973 | Recall 1.0000 | F1 0.9986 | AUC 1.0000 | time 0.0767
ITER=53, #Train=10186, #HeldOut=4974, #Test=15160
Test Set Loss 0.7144 | Precision 0.5078 | Recall 0.9855 | F1 0.6703 | AUC 0.9921 | trainTime 8.5232 | exSelTime 0.7421 | testTime 0.0627 | numPos 1474.0000 | numNeg 8712.0000 | Recall_After 0.9855 | F1_After 0.6703 | AUC_After 0.9921
Epoch 0099 | Eval Loss 0.6403 | Precision 0.9973 | Recall 1.0000 | F1 0.9986 | AUC 1.0000 | time 0.0591
ITER=54, #Train=10378, #HeldOut=4782, #Test=15160
Test Set Loss 0.7122 | Precision 0.5190 | Recall 0.9888 | F1 0.6807 | AUC 0.9938 | trainTime 8.5232 | exSelTime 0.7428 | testTime 0.0537 | numPos 1479.0000 | numNeg 8899.0000 | Recall_After 0.9888 | F1_After 0.6807 | AUC_After 0.9938
Epoch 0099 | Eval Loss 0.6411 | Precision 0.9973 | Recall 1.0000 | F1 0.9987 | AUC 1.0000 | time 0.0568
ITER=55, #Train=10570, #HeldOut=4590, #Test=15160
Test Set Loss 0.7096 | Precision 0.5312 | Recall 0.9881 | F1 0.6910 | AUC 0.9945 | trainTime 8.5232 | exSelTime 0.6927 | testTime 0.0647 | numPos 1481.0000 | numNeg 9089.0000 | Recall_After 0.9881 | F1_After 0.6910 | AUC_After 0.9945
Epoch 0099 | Eval Loss 0.6417 | Precision 0.9973 | Recall 1.0000 | F1 0.9987 | AUC 1.0000 | time 0.0612
ITER=56, #Train=10762, #HeldOut=4398, #Test=15160
Test Set Loss 0.7095 | Precision 0.5283 | Recall 0.9901 | F1 0.6890 | AUC 0.9953 | trainTime 8.5232 | exSelTime 0.6552 | testTime 0.0555 | numPos 1483.0000 | numNeg 9279.0000 | Recall_After 0.9901 | F1_After 0.6890 | AUC_After 0.9953
Epoch 0099 | Eval Loss 0.6429 | Precision 0.9973 | Recall 1.0000 | F1 0.9987 | AUC 1.0000 | time 0.0586
ITER=57, #Train=10954, #HeldOut=4206, #Test=15160
Test Set Loss 0.7050 | Precision 0.5549 | Recall 0.9901 | F1 0.7112 | AUC 0.9953 | trainTime 8.5232 | exSelTime 0.6472 | testTime 0.0609 | numPos 1487.0000 | numNeg 9467.0000 | Recall_After 0.9901 | F1_After 0.7112 | AUC_After 0.9953
Epoch 0099 | Eval Loss 0.6435 | Precision 0.9973 | Recall 1.0000 | F1 0.9987 | AUC 1.0000 | time 0.0612
ITER=58, #Train=11146, #HeldOut=4014, #Test=15160
Test Set Loss 0.7024 | Precision 0.5687 | Recall 0.9908 | F1 0.7226 | AUC 0.9963 | trainTime 8.5232 | exSelTime 0.6187 | testTime 0.0536 | numPos 1489.0000 | numNeg 9657.0000 | Recall_After 0.9908 | F1_After 0.7226 | AUC_After 0.9963
Epoch 0099 | Eval Loss 0.6440 | Precision 0.9973 | Recall 1.0000 | F1 0.9987 | AUC 1.0000 | time 0.0613
ITER=59, #Train=11338, #HeldOut=3822, #Test=15160
Test Set Loss 0.7023 | Precision 0.5670 | Recall 0.9914 | F1 0.7214 | AUC 0.9968 | trainTime 8.5232 | exSelTime 0.6964 | testTime 0.0674 | numPos 1490.0000 | numNeg 9848.0000 | Recall_After 0.9914 | F1_After 0.7214 | AUC_After 0.9968
Epoch 0099 | Eval Loss 0.6448 | Precision 0.9973 | Recall 1.0000 | F1 0.9987 | AUC 1.0000 | time 0.0779
ITER=60, #Train=11530, #HeldOut=3630, #Test=15160
Test Set Loss 0.7004 | Precision 0.5768 | Recall 0.9927 | F1 0.7297 | AUC 0.9974 | trainTime 8.5232 | exSelTime 0.4963 | testTime 0.0757 | numPos 1491.0000 | numNeg 10039.0000 | Recall_After 0.9927 | F1_After 0.7297 | AUC_After 0.9974
Epoch 0099 | Eval Loss 0.6455 | Precision 0.9973 | Recall 1.0000 | F1 0.9987 | AUC 1.0000 | time 0.0582
ITER=61, #Train=11722, #HeldOut=3438, #Test=15160
Test Set Loss 0.6983 | Precision 0.5854 | Recall 0.9927 | F1 0.7365 | AUC 0.9976 | trainTime 8.5232 | exSelTime 0.5552 | testTime 0.0588 | numPos 1492.0000 | numNeg 10230.0000 | Recall_After 0.9927 | F1_After 0.7365 | AUC_After 0.9976
Epoch 0099 | Eval Loss 0.6461 | Precision 0.9973 | Recall 1.0000 | F1 0.9987 | AUC 1.0000 | time 0.0654
ITER=62, #Train=11914, #HeldOut=3246, #Test=15160
Test Set Loss 0.6982 | Precision 0.5873 | Recall 0.9921 | F1 0.7378 | AUC 0.9976 | trainTime 8.5232 | exSelTime 0.5131 | testTime 0.0617 | numPos 1492.0000 | numNeg 10422.0000 | Recall_After 0.9921 | F1_After 0.7378 | AUC_After 0.9976
Epoch 0099 | Eval Loss 0.6470 | Precision 0.9973 | Recall 1.0000 | F1 0.9987 | AUC 1.0000 | time 0.0582
ITER=63, #Train=12106, #HeldOut=3054, #Test=15160
Test Set Loss 0.6953 | Precision 0.6019 | Recall 0.9934 | F1 0.7496 | AUC 0.9977 | trainTime 8.5232 | exSelTime 0.4961 | testTime 0.0978 | numPos 1493.0000 | numNeg 10613.0000 | Recall_After 0.9934 | F1_After 0.7496 | AUC_After 0.9977
Epoch 0099 | Eval Loss 0.6476 | Precision 0.9973 | Recall 1.0000 | F1 0.9987 | AUC 1.0000 | time 0.0575
ITER=64, #Train=12298, #HeldOut=2862, #Test=15160
Test Set Loss 0.6952 | Precision 0.6019 | Recall 0.9934 | F1 0.7496 | AUC 0.9978 | trainTime 8.5232 | exSelTime 0.5517 | testTime 0.0661 | numPos 1493.0000 | numNeg 10805.0000 | Recall_After 0.9934 | F1_After 0.7496 | AUC_After 0.9978
Epoch 0099 | Eval Loss 0.6483 | Precision 0.9973 | Recall 1.0000 | F1 0.9987 | AUC 1.0000 | time 0.0645
ITER=65, #Train=12490, #HeldOut=2670, #Test=15160
Test Set Loss 0.6928 | Precision 0.6173 | Recall 0.9927 | F1 0.7613 | AUC 0.9976 | trainTime 8.5232 | exSelTime 0.4599 | testTime 0.0608 | numPos 1494.0000 | numNeg 10996.0000 | Recall_After 0.9927 | F1_After 0.7613 | AUC_After 0.9976
Epoch 0099 | Eval Loss 0.6490 | Precision 0.9973 | Recall 1.0000 | F1 0.9987 | AUC 1.0000 | time 0.0583
ITER=66, #Train=12682, #HeldOut=2478, #Test=15160
Test Set Loss 0.6898 | Precision 0.6366 | Recall 0.9927 | F1 0.7758 | AUC 0.9982 | trainTime 8.5232 | exSelTime 0.5560 | testTime 0.0543 | numPos 1496.0000 | numNeg 11186.0000 | Recall_After 0.9927 | F1_After 0.7758 | AUC_After 0.9982
Epoch 0099 | Eval Loss 0.6496 | Precision 0.9973 | Recall 1.0000 | F1 0.9987 | AUC 1.0000 | time 0.0629
ITER=67, #Train=12874, #HeldOut=2286, #Test=15160
Test Set Loss 0.6876 | Precision 0.6504 | Recall 0.9927 | F1 0.7859 | AUC 0.9980 | trainTime 8.5232 | exSelTime 0.3954 | testTime 0.0528 | numPos 1496.0000 | numNeg 11378.0000 | Recall_After 0.9927 | F1_After 0.7859 | AUC_After 0.9980
Epoch 0099 | Eval Loss 0.6501 | Precision 0.9973 | Recall 1.0000 | F1 0.9987 | AUC 1.0000 | time 0.0655
ITER=68, #Train=13066, #HeldOut=2094, #Test=15160
Test Set Loss 0.6860 | Precision 0.6615 | Recall 0.9941 | F1 0.7944 | AUC 0.9989 | trainTime 8.5232 | exSelTime 0.3672 | testTime 0.0611 | numPos 1498.0000 | numNeg 11568.0000 | Recall_After 0.9941 | F1_After 0.7944 | AUC_After 0.9989
Epoch 0099 | Eval Loss 0.6507 | Precision 0.9973 | Recall 1.0000 | F1 0.9987 | AUC 1.0000 | time 0.0625
ITER=69, #Train=13258, #HeldOut=1902, #Test=15160
Test Set Loss 0.6829 | Precision 0.6894 | Recall 0.9954 | F1 0.8146 | AUC 0.9992 | trainTime 8.5232 | exSelTime 0.3396 | testTime 0.0556 | numPos 1499.0000 | numNeg 11759.0000 | Recall_After 0.9954 | F1_After 0.8146 | AUC_After 0.9992
Epoch 0099 | Eval Loss 0.6512 | Precision 0.9973 | Recall 1.0000 | F1 0.9987 | AUC 1.0000 | time 0.0608
ITER=70, #Train=13450, #HeldOut=1710, #Test=15160
Test Set Loss 0.6797 | Precision 0.7152 | Recall 0.9954 | F1 0.8323 | AUC 0.9991 | trainTime 8.5232 | exSelTime 0.3206 | testTime 0.0586 | numPos 1502.0000 | numNeg 11948.0000 | Recall_After 0.9954 | F1_After 0.8323 | AUC_After 0.9991
Epoch 0099 | Eval Loss 0.6518 | Precision 0.9973 | Recall 1.0000 | F1 0.9987 | AUC 1.0000 | time 0.0616
ITER=71, #Train=13642, #HeldOut=1518, #Test=15160
Test Set Loss 0.6754 | Precision 0.7517 | Recall 0.9967 | F1 0.8571 | AUC 0.9994 | trainTime 8.5232 | exSelTime 0.2955 | testTime 0.0583 | numPos 1504.0000 | numNeg 12138.0000 | Recall_After 0.9967 | F1_After 0.8571 | AUC_After 0.9994
Epoch 0099 | Eval Loss 0.6523 | Precision 0.9974 | Recall 1.0000 | F1 0.9987 | AUC 1.0000 | time 0.0583
ITER=72, #Train=13834, #HeldOut=1326, #Test=15160
Test Set Loss 0.6744 | Precision 0.7625 | Recall 0.9974 | F1 0.8642 | AUC 0.9997 | trainTime 8.5232 | exSelTime 0.2694 | testTime 0.0581 | numPos 1506.0000 | numNeg 12328.0000 | Recall_After 0.9974 | F1_After 0.8642 | AUC_After 0.9997
Epoch 0099 | Eval Loss 0.6529 | Precision 0.9974 | Recall 1.0000 | F1 0.9987 | AUC 1.0000 | time 0.0593
ITER=73, #Train=14026, #HeldOut=1134, #Test=15160
Test Set Loss 0.6705 | Precision 0.8059 | Recall 0.9967 | F1 0.8912 | AUC 0.9997 | trainTime 8.5232 | exSelTime 0.2366 | testTime 0.0594 | numPos 1507.0000 | numNeg 12519.0000 | Recall_After 0.9967 | F1_After 0.8912 | AUC_After 0.9997
Epoch 0099 | Eval Loss 0.6534 | Precision 0.9974 | Recall 1.0000 | F1 0.9987 | AUC 1.0000 | time 0.0659
ITER=74, #Train=14218, #HeldOut=942, #Test=15160
Test Set Loss 0.6669 | Precision 0.8448 | Recall 0.9980 | F1 0.9150 | AUC 0.9998 | trainTime 8.5232 | exSelTime 0.2123 | testTime 0.1018 | numPos 1509.0000 | numNeg 12709.0000 | Recall_After 0.9980 | F1_After 0.9150 | AUC_After 0.9998
Epoch 0099 | Eval Loss 0.6538 | Precision 0.9974 | Recall 1.0000 | F1 0.9987 | AUC 1.0000 | time 0.0650
ITER=75, #Train=14410, #HeldOut=750, #Test=15160
Test Set Loss 0.6649 | Precision 0.8681 | Recall 0.9987 | F1 0.9288 | AUC 0.9999 | trainTime 8.5232 | exSelTime 0.2122 | testTime 0.0610 | numPos 1511.0000 | numNeg 12899.0000 | Recall_After 0.9987 | F1_After 0.9288 | AUC_After 0.9999
Epoch 0099 | Eval Loss 0.6544 | Precision 0.9974 | Recall 1.0000 | F1 0.9987 | AUC 1.0000 | time 0.0621
ITER=76, #Train=14602, #HeldOut=558, #Test=15160
Test Set Loss 0.6617 | Precision 0.9125 | Recall 0.9980 | F1 0.9534 | AUC 0.9999 | trainTime 8.5232 | exSelTime 0.1739 | testTime 0.0628 | numPos 1511.0000 | numNeg 13091.0000 | Recall_After 0.9980 | F1_After 0.9534 | AUC_After 0.9999
Epoch 0099 | Eval Loss 0.6548 | Precision 0.9974 | Recall 1.0000 | F1 0.9987 | AUC 1.0000 | time 0.0542
ITER=77, #Train=14794, #HeldOut=366, #Test=15160
Test Set Loss 0.6593 | Precision 0.9463 | Recall 0.9987 | F1 0.9718 | AUC 1.0000 | trainTime 8.5232 | exSelTime 0.1405 | testTime 0.0640 | numPos 1513.0000 | numNeg 13281.0000 | Recall_After 0.9987 | F1_After 0.9718 | AUC_After 1.0000
Epoch 0099 | Eval Loss 0.6552 | Precision 0.9974 | Recall 1.0000 | F1 0.9987 | AUC 1.0000 | time 0.0482
ITER=78, #Train=14986, #HeldOut=174, #Test=15160
Test Set Loss 0.6575 | Precision 0.9730 | Recall 1.0000 | F1 0.9863 | AUC 1.0000 | trainTime 8.5232 | exSelTime 0.1103 | testTime 0.0488 | numPos 1516.0000 | numNeg 13470.0000 | Recall_After 1.0000 | F1_After 0.9863 | AUC_After 1.0000
Epoch 0099 | Eval Loss 0.6557 | Precision 0.9974 | Recall 1.0000 | F1 0.9987 | AUC 1.0000 | time 0.0715
ITER=79, #Train=15160, #HeldOut=0, #Test=15160
Test Set Loss 0.6557 | Precision 0.9974 | Recall 1.0000 | F1 0.9987 | AUC 1.0000 | trainTime 8.5232 | exSelTime 0.0710 | testTime 0.0571 | numPos 1516.0000 | numNeg 13644.0000 | Recall_After 1.0000 | F1_After 0.9987 | AUC_After 1.0000
