on cpu
loading data ... from src/model/gnn/dataset/human-mouse-negsample/human_mouse_Ontology_Node_Embeddings.txt
src/model/gnn/dataset/human-mouse-negsample/human_mouse_Ontology_Edge_List.txt
src/model/gnn/dataset/human-mouse-negsample/prog_seed_pairs.txt
src/model/gnn/dataset/human-mouse-negsample/pos_neg_pairs.txt
done
Epoch 0099 | Eval Loss 0.6552 | Precision 1.0000 | Recall 1.0000 | F1 1.0000 | AUC 1.0000 | time 0.0532
ITER=0, #Train=10, #HeldOut=15150, #Test=15160
Test Set Loss 0.9897 | Precision 0.1126 | Recall 0.9888 | F1 0.2022 | AUC 0.7858 | trainTime 11.1495 | exSelTime 0.0000 | testTime 0.0841 | numPos -1.0000 | numNeg -1.0000 | Recall_After 0.9888 | F1_After 0.2022 | AUC_After 0.7858
Epoch 0099 | Eval Loss 0.5626 | Precision 0.9540 | Recall 1.0000 | F1 0.9765 | AUC 1.0000 | time 0.0712
ITER=1, #Train=202, #HeldOut=14958, #Test=15160
Test Set Loss 0.9740 | Precision 0.1490 | Recall 0.9499 | F1 0.2576 | AUC 0.7961 | trainTime 11.1495 | exSelTime 7.1431 | testTime 0.0838 | numPos 83.0000 | numNeg 119.0000 | Recall_After 0.9499 | F1_After 0.2576 | AUC_After 0.7961
Epoch 0099 | Eval Loss 0.5849 | Precision 0.9847 | Recall 1.0000 | F1 0.9923 | AUC 1.0000 | time 0.0723
ITER=2, #Train=394, #HeldOut=14766, #Test=15160
Test Set Loss 0.9506 | Precision 0.1647 | Recall 0.9703 | F1 0.2817 | AUC 0.8536 | trainTime 11.1495 | exSelTime 5.9807 | testTime 0.0819 | numPos 129.0000 | numNeg 265.0000 | Recall_After 0.9703 | F1_After 0.2817 | AUC_After 0.8536
Epoch 0099 | Eval Loss 0.6002 | Precision 0.9826 | Recall 1.0000 | F1 0.9912 | AUC 1.0000 | time 0.1026
ITER=3, #Train=586, #HeldOut=14574, #Test=15160
Test Set Loss 0.9681 | Precision 0.1569 | Recall 0.9631 | F1 0.2698 | AUC 0.8409 | trainTime 11.1495 | exSelTime 5.9555 | testTime 0.0837 | numPos 169.0000 | numNeg 417.0000 | Recall_After 0.9631 | F1_After 0.2698 | AUC_After 0.8409
Epoch 0099 | Eval Loss 0.6195 | Precision 0.9692 | Recall 1.0000 | F1 0.9844 | AUC 1.0000 | time 0.0601
ITER=4, #Train=778, #HeldOut=14382, #Test=15160
Test Set Loss 0.9791 | Precision 0.1520 | Recall 0.9723 | F1 0.2629 | AUC 0.8444 | trainTime 11.1495 | exSelTime 7.0441 | testTime 0.0631 | numPos 189.0000 | numNeg 589.0000 | Recall_After 0.9723 | F1_After 0.2629 | AUC_After 0.8444
Epoch 0099 | Eval Loss 0.6198 | Precision 0.9909 | Recall 1.0000 | F1 0.9954 | AUC 1.0000 | time 0.1091
ITER=5, #Train=970, #HeldOut=14190, #Test=15160
Test Set Loss 0.9741 | Precision 0.1557 | Recall 0.9683 | F1 0.2683 | AUC 0.8504 | trainTime 11.1495 | exSelTime 7.0183 | testTime 0.0927 | numPos 217.0000 | numNeg 753.0000 | Recall_After 0.9683 | F1_After 0.2683 | AUC_After 0.8504
Epoch 0099 | Eval Loss 0.6251 | Precision 0.9915 | Recall 1.0000 | F1 0.9957 | AUC 1.0000 | time 0.0803
ITER=6, #Train=1162, #HeldOut=13998, #Test=15160
Test Set Loss 0.9675 | Precision 0.1578 | Recall 0.9690 | F1 0.2714 | AUC 0.8618 | trainTime 11.1495 | exSelTime 6.6737 | testTime 0.0776 | numPos 234.0000 | numNeg 928.0000 | Recall_After 0.9690 | F1_After 0.2714 | AUC_After 0.8618
Epoch 0099 | Eval Loss 0.6333 | Precision 0.9805 | Recall 1.0000 | F1 0.9902 | AUC 1.0000 | time 0.0657
ITER=7, #Train=1354, #HeldOut=13806, #Test=15160
Test Set Loss 0.9579 | Precision 0.1631 | Recall 0.9716 | F1 0.2794 | AUC 0.8647 | trainTime 11.1495 | exSelTime 6.0447 | testTime 0.0611 | numPos 252.0000 | numNeg 1102.0000 | Recall_After 0.9716 | F1_After 0.2794 | AUC_After 0.8647
Epoch 0099 | Eval Loss 0.6323 | Precision 0.9966 | Recall 1.0000 | F1 0.9983 | AUC 1.0000 | time 0.0624
ITER=8, #Train=1546, #HeldOut=13614, #Test=15160
Test Set Loss 0.9434 | Precision 0.1694 | Recall 0.9650 | F1 0.2882 | AUC 0.8789 | trainTime 11.1495 | exSelTime 5.8340 | testTime 0.0637 | numPos 290.0000 | numNeg 1256.0000 | Recall_After 0.9650 | F1_After 0.2882 | AUC_After 0.8789
Epoch 0099 | Eval Loss 0.6338 | Precision 0.9968 | Recall 1.0000 | F1 0.9984 | AUC 1.0000 | time 0.0697
ITER=9, #Train=1738, #HeldOut=13422, #Test=15160
Test Set Loss 0.9376 | Precision 0.1724 | Recall 0.9664 | F1 0.2926 | AUC 0.8869 | trainTime 11.1495 | exSelTime 6.0354 | testTime 0.0681 | numPos 310.0000 | numNeg 1428.0000 | Recall_After 0.9664 | F1_After 0.2926 | AUC_After 0.8869
Epoch 0099 | Eval Loss 0.6333 | Precision 0.9942 | Recall 1.0000 | F1 0.9971 | AUC 1.0000 | time 0.1117
ITER=10, #Train=1930, #HeldOut=13230, #Test=15160
Test Set Loss 0.9306 | Precision 0.1756 | Recall 0.9611 | F1 0.2970 | AUC 0.8988 | trainTime 11.1495 | exSelTime 7.3480 | testTime 0.0984 | numPos 340.0000 | numNeg 1590.0000 | Recall_After 0.9611 | F1_After 0.2970 | AUC_After 0.8988
Epoch 0099 | Eval Loss 0.6344 | Precision 0.9894 | Recall 1.0000 | F1 0.9947 | AUC 1.0000 | time 0.0560
ITER=11, #Train=2122, #HeldOut=13038, #Test=15160
Test Set Loss 0.9257 | Precision 0.1789 | Recall 0.9617 | F1 0.3017 | AUC 0.9026 | trainTime 11.1495 | exSelTime 6.7603 | testTime 0.0598 | numPos 372.0000 | numNeg 1750.0000 | Recall_After 0.9617 | F1_After 0.3017 | AUC_After 0.9026
Epoch 0099 | Eval Loss 0.6349 | Precision 0.9926 | Recall 1.0000 | F1 0.9963 | AUC 1.0000 | time 0.0569
ITER=12, #Train=2314, #HeldOut=12846, #Test=15160
Test Set Loss 0.9191 | Precision 0.1827 | Recall 0.9670 | F1 0.3074 | AUC 0.9098 | trainTime 11.1495 | exSelTime 6.1437 | testTime 0.0612 | numPos 403.0000 | numNeg 1911.0000 | Recall_After 0.9670 | F1_After 0.3074 | AUC_After 0.9098
Epoch 0099 | Eval Loss 0.6379 | Precision 0.9813 | Recall 1.0000 | F1 0.9905 | AUC 1.0000 | time 0.0633
ITER=13, #Train=2506, #HeldOut=12654, #Test=15160
Test Set Loss 0.9177 | Precision 0.1849 | Recall 0.9683 | F1 0.3105 | AUC 0.9123 | trainTime 11.1495 | exSelTime 6.0973 | testTime 0.0728 | numPos 419.0000 | numNeg 2087.0000 | Recall_After 0.9683 | F1_After 0.3105 | AUC_After 0.9123
Epoch 0099 | Eval Loss 0.6376 | Precision 0.9910 | Recall 1.0000 | F1 0.9955 | AUC 1.0000 | time 0.0681
ITER=14, #Train=2698, #HeldOut=12462, #Test=15160
Test Set Loss 0.9206 | Precision 0.1825 | Recall 0.9716 | F1 0.3073 | AUC 0.9146 | trainTime 11.1495 | exSelTime 6.6602 | testTime 0.0624 | numPos 442.0000 | numNeg 2256.0000 | Recall_After 0.9716 | F1_After 0.3073 | AUC_After 0.9146
Epoch 0099 | Eval Loss 0.6386 | Precision 0.9895 | Recall 1.0000 | F1 0.9947 | AUC 1.0000 | time 0.0953
ITER=15, #Train=2890, #HeldOut=12270, #Test=15160
Test Set Loss 0.9132 | Precision 0.1871 | Recall 0.9690 | F1 0.3136 | AUC 0.9136 | trainTime 11.1495 | exSelTime 7.2017 | testTime 0.0966 | numPos 469.0000 | numNeg 2421.0000 | Recall_After 0.9690 | F1_After 0.3136 | AUC_After 0.9136
Epoch 0099 | Eval Loss 0.6413 | Precision 0.9898 | Recall 1.0000 | F1 0.9949 | AUC 1.0000 | time 0.0893
ITER=16, #Train=3082, #HeldOut=12078, #Test=15160
Test Set Loss 0.9141 | Precision 0.1873 | Recall 0.9716 | F1 0.3141 | AUC 0.9088 | trainTime 11.1495 | exSelTime 6.2219 | testTime 0.1006 | numPos 487.0000 | numNeg 2595.0000 | Recall_After 0.9716 | F1_After 0.3141 | AUC_After 0.9088
Epoch 0099 | Eval Loss 0.6399 | Precision 0.9942 | Recall 1.0000 | F1 0.9971 | AUC 1.0000 | time 0.0970
ITER=17, #Train=3274, #HeldOut=11886, #Test=15160
Test Set Loss 0.9073 | Precision 0.1910 | Recall 0.9697 | F1 0.3191 | AUC 0.9113 | trainTime 11.1495 | exSelTime 5.9992 | testTime 0.1080 | numPos 514.0000 | numNeg 2760.0000 | Recall_After 0.9697 | F1_After 0.3191 | AUC_After 0.9113
Epoch 0099 | Eval Loss 0.6399 | Precision 0.9963 | Recall 1.0000 | F1 0.9981 | AUC 1.0000 | time 0.1045
ITER=18, #Train=3466, #HeldOut=11694, #Test=15160
Test Set Loss 0.9031 | Precision 0.1948 | Recall 0.9743 | F1 0.3247 | AUC 0.9133 | trainTime 11.1495 | exSelTime 6.3328 | testTime 0.0961 | numPos 535.0000 | numNeg 2931.0000 | Recall_After 0.9743 | F1_After 0.3247 | AUC_After 0.9133
Epoch 0099 | Eval Loss 0.6408 | Precision 0.9947 | Recall 1.0000 | F1 0.9973 | AUC 1.0000 | time 0.0961
ITER=19, #Train=3658, #HeldOut=11502, #Test=15160
Test Set Loss 0.9022 | Precision 0.1946 | Recall 0.9730 | F1 0.3244 | AUC 0.9142 | trainTime 11.1495 | exSelTime 6.3712 | testTime 0.0980 | numPos 559.0000 | numNeg 3099.0000 | Recall_After 0.9730 | F1_After 0.3244 | AUC_After 0.9142
Epoch 0099 | Eval Loss 0.6403 | Precision 0.9966 | Recall 1.0000 | F1 0.9983 | AUC 1.0000 | time 0.0686
ITER=20, #Train=3850, #HeldOut=11310, #Test=15160
Test Set Loss 0.8994 | Precision 0.1962 | Recall 0.9716 | F1 0.3265 | AUC 0.9113 | trainTime 11.1495 | exSelTime 6.3730 | testTime 0.0625 | numPos 580.0000 | numNeg 3270.0000 | Recall_After 0.9716 | F1_After 0.3265 | AUC_After 0.9113
Epoch 0099 | Eval Loss 0.6416 | Precision 0.9967 | Recall 1.0000 | F1 0.9983 | AUC 1.0000 | time 0.0644
ITER=21, #Train=4042, #HeldOut=11118, #Test=15160
Test Set Loss 0.8972 | Precision 0.1979 | Recall 0.9730 | F1 0.3288 | AUC 0.9091 | trainTime 11.1495 | exSelTime 5.4600 | testTime 0.0685 | numPos 598.0000 | numNeg 3444.0000 | Recall_After 0.9730 | F1_After 0.3288 | AUC_After 0.9091
Epoch 0099 | Eval Loss 0.6420 | Precision 0.9968 | Recall 1.0000 | F1 0.9984 | AUC 1.0000 | time 0.0691
ITER=22, #Train=4234, #HeldOut=10926, #Test=15160
Test Set Loss 0.8950 | Precision 0.1998 | Recall 0.9710 | F1 0.3313 | AUC 0.9071 | trainTime 11.1495 | exSelTime 5.7856 | testTime 0.0681 | numPos 620.0000 | numNeg 3614.0000 | Recall_After 0.9710 | F1_After 0.3313 | AUC_After 0.9071
Epoch 0099 | Eval Loss 0.6433 | Precision 0.9968 | Recall 1.0000 | F1 0.9984 | AUC 1.0000 | time 0.0663
ITER=23, #Train=4426, #HeldOut=10734, #Test=15160
Test Set Loss 0.8880 | Precision 0.2047 | Recall 0.9723 | F1 0.3382 | AUC 0.9135 | trainTime 11.1495 | exSelTime 6.0323 | testTime 0.0723 | numPos 632.0000 | numNeg 3794.0000 | Recall_After 0.9723 | F1_After 0.3382 | AUC_After 0.9135
Epoch 0099 | Eval Loss 0.6440 | Precision 0.9954 | Recall 1.0000 | F1 0.9977 | AUC 1.0000 | time 0.0674
ITER=24, #Train=4618, #HeldOut=10542, #Test=15160
Test Set Loss 0.8858 | Precision 0.2070 | Recall 0.9730 | F1 0.3413 | AUC 0.9093 | trainTime 11.1495 | exSelTime 6.0230 | testTime 0.0703 | numPos 647.0000 | numNeg 3971.0000 | Recall_After 0.9730 | F1_After 0.3413 | AUC_After 0.9093
Epoch 0099 | Eval Loss 0.6450 | Precision 0.9925 | Recall 1.0000 | F1 0.9962 | AUC 1.0000 | time 0.0733
ITER=25, #Train=4810, #HeldOut=10350, #Test=15160
Test Set Loss 0.8824 | Precision 0.2101 | Recall 0.9776 | F1 0.3459 | AUC 0.9094 | trainTime 11.1495 | exSelTime 5.5112 | testTime 0.0649 | numPos 664.0000 | numNeg 4146.0000 | Recall_After 0.9776 | F1_After 0.3459 | AUC_After 0.9094
Epoch 0099 | Eval Loss 0.6456 | Precision 0.9956 | Recall 1.0000 | F1 0.9978 | AUC 1.0000 | time 0.0651
ITER=26, #Train=5002, #HeldOut=10158, #Test=15160
Test Set Loss 0.8765 | Precision 0.2134 | Recall 0.9743 | F1 0.3502 | AUC 0.9131 | trainTime 11.1495 | exSelTime 5.8750 | testTime 0.0741 | numPos 673.0000 | numNeg 4329.0000 | Recall_After 0.9743 | F1_After 0.3502 | AUC_After 0.9131
Epoch 0099 | Eval Loss 0.6462 | Precision 0.9957 | Recall 1.0000 | F1 0.9978 | AUC 1.0000 | time 0.0747
ITER=27, #Train=5194, #HeldOut=9966, #Test=15160
Test Set Loss 0.8711 | Precision 0.2174 | Recall 0.9756 | F1 0.3556 | AUC 0.9175 | trainTime 11.1495 | exSelTime 5.8836 | testTime 0.0780 | numPos 696.0000 | numNeg 4498.0000 | Recall_After 0.9756 | F1_After 0.3556 | AUC_After 0.9175
Epoch 0099 | Eval Loss 0.6471 | Precision 0.9972 | Recall 1.0000 | F1 0.9986 | AUC 1.0000 | time 0.0659
ITER=28, #Train=5386, #HeldOut=9774, #Test=15160
Test Set Loss 0.8666 | Precision 0.2218 | Recall 0.9730 | F1 0.3612 | AUC 0.9152 | trainTime 11.1495 | exSelTime 5.7299 | testTime 0.0680 | numPos 709.0000 | numNeg 4677.0000 | Recall_After 0.9730 | F1_After 0.3612 | AUC_After 0.9152
Epoch 0099 | Eval Loss 0.6472 | Precision 0.9972 | Recall 1.0000 | F1 0.9986 | AUC 1.0000 | time 0.0652
ITER=29, #Train=5578, #HeldOut=9582, #Test=15160
Test Set Loss 0.8589 | Precision 0.2273 | Recall 0.9710 | F1 0.3683 | AUC 0.9183 | trainTime 11.1495 | exSelTime 5.4273 | testTime 0.0689 | numPos 722.0000 | numNeg 4856.0000 | Recall_After 0.9710 | F1_After 0.3683 | AUC_After 0.9183
Epoch 0099 | Eval Loss 0.6476 | Precision 0.9959 | Recall 1.0000 | F1 0.9980 | AUC 1.0000 | time 0.0690
ITER=30, #Train=5770, #HeldOut=9390, #Test=15160
Test Set Loss 0.8556 | Precision 0.2307 | Recall 0.9716 | F1 0.3729 | AUC 0.9178 | trainTime 11.1495 | exSelTime 5.4862 | testTime 0.0981 | numPos 737.0000 | numNeg 5033.0000 | Recall_After 0.9716 | F1_After 0.3729 | AUC_After 0.9178
Epoch 0099 | Eval Loss 0.6482 | Precision 0.9961 | Recall 1.0000 | F1 0.9980 | AUC 1.0000 | time 0.0819
ITER=31, #Train=5962, #HeldOut=9198, #Test=15160
Test Set Loss 0.8502 | Precision 0.2353 | Recall 0.9716 | F1 0.3789 | AUC 0.9228 | trainTime 11.1495 | exSelTime 6.0242 | testTime 0.0808 | numPos 760.0000 | numNeg 5202.0000 | Recall_After 0.9716 | F1_After 0.3789 | AUC_After 0.9228
Epoch 0099 | Eval Loss 0.6484 | Precision 0.9974 | Recall 1.0000 | F1 0.9987 | AUC 1.0000 | time 0.0675
ITER=32, #Train=6154, #HeldOut=9006, #Test=15160
Test Set Loss 0.8472 | Precision 0.2389 | Recall 0.9730 | F1 0.3836 | AUC 0.9212 | trainTime 11.1495 | exSelTime 6.2700 | testTime 0.0668 | numPos 772.0000 | numNeg 5382.0000 | Recall_After 0.9730 | F1_After 0.3836 | AUC_After 0.9212
Epoch 0099 | Eval Loss 0.6488 | Precision 0.9975 | Recall 1.0000 | F1 0.9987 | AUC 1.0000 | time 0.0699
ITER=33, #Train=6346, #HeldOut=8814, #Test=15160
Test Set Loss 0.8421 | Precision 0.2432 | Recall 0.9716 | F1 0.3891 | AUC 0.9201 | trainTime 11.1495 | exSelTime 5.4233 | testTime 0.0617 | numPos 788.0000 | numNeg 5558.0000 | Recall_After 0.9716 | F1_After 0.3891 | AUC_After 0.9201
Epoch 0099 | Eval Loss 0.6484 | Precision 0.9976 | Recall 1.0000 | F1 0.9988 | AUC 1.0000 | time 0.0671
ITER=34, #Train=6538, #HeldOut=8622, #Test=15160
Test Set Loss 0.8417 | Precision 0.2447 | Recall 0.9730 | F1 0.3911 | AUC 0.9186 | trainTime 11.1495 | exSelTime 5.1910 | testTime 0.0689 | numPos 815.0000 | numNeg 5723.0000 | Recall_After 0.9730 | F1_After 0.3911 | AUC_After 0.9186
Epoch 0099 | Eval Loss 0.6486 | Precision 0.9976 | Recall 1.0000 | F1 0.9988 | AUC 1.0000 | time 0.0719
ITER=35, #Train=6730, #HeldOut=8430, #Test=15160
Test Set Loss 0.8367 | Precision 0.2500 | Recall 0.9749 | F1 0.3979 | AUC 0.9214 | trainTime 11.1495 | exSelTime 5.5152 | testTime 0.0658 | numPos 829.0000 | numNeg 5901.0000 | Recall_After 0.9749 | F1_After 0.3979 | AUC_After 0.9214
Epoch 0099 | Eval Loss 0.6489 | Precision 0.9976 | Recall 1.0000 | F1 0.9988 | AUC 1.0000 | time 0.1082
ITER=36, #Train=6922, #HeldOut=8238, #Test=15160
Test Set Loss 0.8342 | Precision 0.2524 | Recall 0.9749 | F1 0.4010 | AUC 0.9193 | trainTime 11.1495 | exSelTime 5.6763 | testTime 0.0942 | numPos 842.0000 | numNeg 6080.0000 | Recall_After 0.9749 | F1_After 0.4010 | AUC_After 0.9193
Epoch 0099 | Eval Loss 0.6496 | Precision 0.9977 | Recall 1.0000 | F1 0.9988 | AUC 1.0000 | time 0.0605
ITER=37, #Train=7114, #HeldOut=8046, #Test=15160
Test Set Loss 0.8284 | Precision 0.2596 | Recall 0.9776 | F1 0.4103 | AUC 0.9228 | trainTime 11.1495 | exSelTime 5.2550 | testTime 0.0644 | numPos 856.0000 | numNeg 6258.0000 | Recall_After 0.9776 | F1_After 0.4103 | AUC_After 0.9228
Epoch 0099 | Eval Loss 0.6500 | Precision 0.9977 | Recall 1.0000 | F1 0.9988 | AUC 1.0000 | time 0.0667
ITER=38, #Train=7306, #HeldOut=7854, #Test=15160
Test Set Loss 0.8267 | Precision 0.2610 | Recall 0.9782 | F1 0.4121 | AUC 0.9225 | trainTime 11.1495 | exSelTime 5.1682 | testTime 0.0654 | numPos 866.0000 | numNeg 6440.0000 | Recall_After 0.9782 | F1_After 0.4121 | AUC_After 0.9225
Epoch 0099 | Eval Loss 0.6506 | Precision 0.9977 | Recall 1.0000 | F1 0.9989 | AUC 1.0000 | time 0.0680
ITER=39, #Train=7498, #HeldOut=7662, #Test=15160
Test Set Loss 0.8238 | Precision 0.2643 | Recall 0.9769 | F1 0.4160 | AUC 0.9213 | trainTime 11.1495 | exSelTime 5.6189 | testTime 0.0670 | numPos 878.0000 | numNeg 6620.0000 | Recall_After 0.9769 | F1_After 0.4160 | AUC_After 0.9213
Epoch 0099 | Eval Loss 0.6510 | Precision 0.9978 | Recall 1.0000 | F1 0.9989 | AUC 1.0000 | time 0.0719
ITER=40, #Train=7690, #HeldOut=7470, #Test=15160
Test Set Loss 0.8187 | Precision 0.2695 | Recall 0.9756 | F1 0.4223 | AUC 0.9230 | trainTime 11.1495 | exSelTime 5.4150 | testTime 0.0718 | numPos 894.0000 | numNeg 6796.0000 | Recall_After 0.9756 | F1_After 0.4223 | AUC_After 0.9230
Epoch 0099 | Eval Loss 0.6517 | Precision 0.9967 | Recall 1.0000 | F1 0.9983 | AUC 1.0000 | time 0.0642
ITER=41, #Train=7882, #HeldOut=7278, #Test=15160
Test Set Loss 0.8114 | Precision 0.2797 | Recall 0.9769 | F1 0.4349 | AUC 0.9287 | trainTime 11.1495 | exSelTime 5.5989 | testTime 0.0620 | numPos 906.0000 | numNeg 6976.0000 | Recall_After 0.9769 | F1_After 0.4349 | AUC_After 0.9287
Epoch 0099 | Eval Loss 0.6518 | Precision 0.9978 | Recall 1.0000 | F1 0.9989 | AUC 1.0000 | time 0.0608
ITER=42, #Train=8074, #HeldOut=7086, #Test=15160
Test Set Loss 0.8079 | Precision 0.2831 | Recall 0.9763 | F1 0.4389 | AUC 0.9297 | trainTime 11.1495 | exSelTime 5.0025 | testTime 0.0675 | numPos 920.0000 | numNeg 7154.0000 | Recall_After 0.9763 | F1_After 0.4389 | AUC_After 0.9297
Epoch 0099 | Eval Loss 0.6524 | Precision 0.9979 | Recall 1.0000 | F1 0.9989 | AUC 1.0000 | time 0.1054
ITER=43, #Train=8266, #HeldOut=6894, #Test=15160
Test Set Loss 0.8037 | Precision 0.2895 | Recall 0.9763 | F1 0.4465 | AUC 0.9318 | trainTime 11.1495 | exSelTime 5.2403 | testTime 0.1201 | numPos 929.0000 | numNeg 7337.0000 | Recall_After 0.9763 | F1_After 0.4465 | AUC_After 0.9318
Epoch 0099 | Eval Loss 0.6527 | Precision 0.9979 | Recall 1.0000 | F1 0.9989 | AUC 1.0000 | time 0.0988
ITER=44, #Train=8458, #HeldOut=6702, #Test=15160
Test Set Loss 0.8001 | Precision 0.2953 | Recall 0.9756 | F1 0.4534 | AUC 0.9322 | trainTime 11.1495 | exSelTime 5.2040 | testTime 0.1238 | numPos 943.0000 | numNeg 7515.0000 | Recall_After 0.9756 | F1_After 0.4534 | AUC_After 0.9322
Epoch 0099 | Eval Loss 0.6527 | Precision 0.9979 | Recall 1.0000 | F1 0.9990 | AUC 1.0000 | time 0.0637
ITER=45, #Train=8650, #HeldOut=6510, #Test=15160
Test Set Loss 0.7974 | Precision 0.2986 | Recall 0.9782 | F1 0.4575 | AUC 0.9344 | trainTime 11.1495 | exSelTime 5.4879 | testTime 0.0644 | numPos 960.0000 | numNeg 7690.0000 | Recall_After 0.9782 | F1_After 0.4575 | AUC_After 0.9344
Epoch 0099 | Eval Loss 0.6535 | Precision 0.9969 | Recall 1.0000 | F1 0.9985 | AUC 1.0000 | time 0.0595
ITER=46, #Train=8842, #HeldOut=6318, #Test=15160
Test Set Loss 0.7927 | Precision 0.3076 | Recall 0.9782 | F1 0.4680 | AUC 0.9369 | trainTime 11.1495 | exSelTime 4.9762 | testTime 0.0630 | numPos 974.0000 | numNeg 7868.0000 | Recall_After 0.9782 | F1_After 0.4680 | AUC_After 0.9369
Epoch 0099 | Eval Loss 0.6536 | Precision 0.9970 | Recall 1.0000 | F1 0.9985 | AUC 1.0000 | time 0.0654
ITER=47, #Train=9034, #HeldOut=6126, #Test=15160
Test Set Loss 0.7882 | Precision 0.3139 | Recall 0.9756 | F1 0.4750 | AUC 0.9370 | trainTime 11.1495 | exSelTime 4.8225 | testTime 0.0746 | numPos 987.0000 | numNeg 8047.0000 | Recall_After 0.9756 | F1_After 0.4750 | AUC_After 0.9370
Epoch 0099 | Eval Loss 0.6540 | Precision 0.9970 | Recall 1.0000 | F1 0.9985 | AUC 1.0000 | time 0.0755
ITER=48, #Train=9226, #HeldOut=5934, #Test=15160
Test Set Loss 0.7846 | Precision 0.3202 | Recall 0.9802 | F1 0.4827 | AUC 0.9380 | trainTime 11.1495 | exSelTime 4.9725 | testTime 0.0781 | numPos 1001.0000 | numNeg 8225.0000 | Recall_After 0.9802 | F1_After 0.4827 | AUC_After 0.9380
Epoch 0099 | Eval Loss 0.6542 | Precision 0.9971 | Recall 1.0000 | F1 0.9985 | AUC 1.0000 | time 0.0701
ITER=49, #Train=9418, #HeldOut=5742, #Test=15160
Test Set Loss 0.7793 | Precision 0.3302 | Recall 0.9809 | F1 0.4941 | AUC 0.9411 | trainTime 11.1495 | exSelTime 5.5041 | testTime 0.0617 | numPos 1015.0000 | numNeg 8403.0000 | Recall_After 0.9809 | F1_After 0.4941 | AUC_After 0.9411
Epoch 0099 | Eval Loss 0.6544 | Precision 0.9971 | Recall 1.0000 | F1 0.9986 | AUC 1.0000 | time 0.0639
ITER=50, #Train=9610, #HeldOut=5550, #Test=15160
Test Set Loss 0.7739 | Precision 0.3410 | Recall 0.9822 | F1 0.5062 | AUC 0.9449 | trainTime 11.1495 | exSelTime 4.7153 | testTime 0.0633 | numPos 1033.0000 | numNeg 8577.0000 | Recall_After 0.9822 | F1_After 0.5062 | AUC_After 0.9449
Epoch 0099 | Eval Loss 0.6544 | Precision 0.9971 | Recall 1.0000 | F1 0.9986 | AUC 1.0000 | time 0.0763
ITER=51, #Train=9802, #HeldOut=5358, #Test=15160
Test Set Loss 0.7705 | Precision 0.3463 | Recall 0.9822 | F1 0.5120 | AUC 0.9441 | trainTime 11.1495 | exSelTime 4.5077 | testTime 0.0709 | numPos 1047.0000 | numNeg 8755.0000 | Recall_After 0.9822 | F1_After 0.5120 | AUC_After 0.9441
Epoch 0099 | Eval Loss 0.6546 | Precision 0.9972 | Recall 1.0000 | F1 0.9986 | AUC 1.0000 | time 0.0713
ITER=52, #Train=9994, #HeldOut=5166, #Test=15160
Test Set Loss 0.7667 | Precision 0.3557 | Recall 0.9842 | F1 0.5225 | AUC 0.9477 | trainTime 11.1495 | exSelTime 4.7827 | testTime 0.0773 | numPos 1062.0000 | numNeg 8932.0000 | Recall_After 0.9842 | F1_After 0.5225 | AUC_After 0.9477
Epoch 0099 | Eval Loss 0.6550 | Precision 0.9972 | Recall 1.0000 | F1 0.9986 | AUC 1.0000 | time 0.0691
ITER=53, #Train=10186, #HeldOut=4974, #Test=15160
Test Set Loss 0.7631 | Precision 0.3634 | Recall 0.9855 | F1 0.5310 | AUC 0.9490 | trainTime 11.1495 | exSelTime 4.8712 | testTime 0.0810 | numPos 1073.0000 | numNeg 9113.0000 | Recall_After 0.9855 | F1_After 0.5310 | AUC_After 0.9490
Epoch 0099 | Eval Loss 0.6551 | Precision 0.9972 | Recall 1.0000 | F1 0.9986 | AUC 1.0000 | time 0.0659
ITER=54, #Train=10378, #HeldOut=4782, #Test=15160
Test Set Loss 0.7589 | Precision 0.3729 | Recall 0.9855 | F1 0.5411 | AUC 0.9513 | trainTime 11.1495 | exSelTime 4.6539 | testTime 0.0615 | numPos 1085.0000 | numNeg 9293.0000 | Recall_After 0.9855 | F1_After 0.5411 | AUC_After 0.9513
Epoch 0099 | Eval Loss 0.6552 | Precision 0.9973 | Recall 1.0000 | F1 0.9986 | AUC 1.0000 | time 0.0629
ITER=55, #Train=10570, #HeldOut=4590, #Test=15160
Test Set Loss 0.7544 | Precision 0.3827 | Recall 0.9855 | F1 0.5513 | AUC 0.9533 | trainTime 11.1495 | exSelTime 4.2345 | testTime 0.0616 | numPos 1102.0000 | numNeg 9468.0000 | Recall_After 0.9855 | F1_After 0.5513 | AUC_After 0.9533
Epoch 0099 | Eval Loss 0.6550 | Precision 0.9973 | Recall 1.0000 | F1 0.9987 | AUC 1.0000 | time 0.0635
ITER=56, #Train=10762, #HeldOut=4398, #Test=15160
Test Set Loss 0.7491 | Precision 0.3959 | Recall 0.9868 | F1 0.5651 | AUC 0.9575 | trainTime 11.1495 | exSelTime 4.3555 | testTime 0.0618 | numPos 1125.0000 | numNeg 9637.0000 | Recall_After 0.9868 | F1_After 0.5651 | AUC_After 0.9575
Epoch 0099 | Eval Loss 0.6553 | Precision 0.9974 | Recall 1.0000 | F1 0.9987 | AUC 1.0000 | time 0.0774
ITER=57, #Train=10954, #HeldOut=4206, #Test=15160
Test Set Loss 0.7454 | Precision 0.4063 | Recall 0.9894 | F1 0.5760 | AUC 0.9608 | trainTime 11.1495 | exSelTime 4.7615 | testTime 0.0773 | numPos 1140.0000 | numNeg 9814.0000 | Recall_After 0.9894 | F1_After 0.5760 | AUC_After 0.9608
Epoch 0099 | Eval Loss 0.6556 | Precision 0.9974 | Recall 1.0000 | F1 0.9987 | AUC 1.0000 | time 0.0618
ITER=58, #Train=11146, #HeldOut=4014, #Test=15160
Test Set Loss 0.7415 | Precision 0.4177 | Recall 0.9875 | F1 0.5871 | AUC 0.9627 | trainTime 11.1495 | exSelTime 4.7909 | testTime 0.0618 | numPos 1155.0000 | numNeg 9991.0000 | Recall_After 0.9875 | F1_After 0.5871 | AUC_After 0.9627
Epoch 0099 | Eval Loss 0.6556 | Precision 0.9974 | Recall 1.0000 | F1 0.9987 | AUC 1.0000 | time 0.0656
ITER=59, #Train=11338, #HeldOut=3822, #Test=15160
Test Set Loss 0.7366 | Precision 0.4329 | Recall 0.9881 | F1 0.6021 | AUC 0.9642 | trainTime 11.1495 | exSelTime 4.0893 | testTime 0.0618 | numPos 1168.0000 | numNeg 10170.0000 | Recall_After 0.9881 | F1_After 0.6021 | AUC_After 0.9642
Epoch 0099 | Eval Loss 0.6556 | Precision 0.9975 | Recall 1.0000 | F1 0.9987 | AUC 1.0000 | time 0.0701
ITER=60, #Train=11530, #HeldOut=3630, #Test=15160
Test Set Loss 0.7326 | Precision 0.4443 | Recall 0.9888 | F1 0.6131 | AUC 0.9659 | trainTime 11.1495 | exSelTime 3.8941 | testTime 0.0793 | numPos 1190.0000 | numNeg 10340.0000 | Recall_After 0.9888 | F1_After 0.6131 | AUC_After 0.9659
Epoch 0099 | Eval Loss 0.6557 | Precision 0.9975 | Recall 1.0000 | F1 0.9988 | AUC 1.0000 | time 0.0672
ITER=61, #Train=11722, #HeldOut=3438, #Test=15160
Test Set Loss 0.7286 | Precision 0.4570 | Recall 0.9908 | F1 0.6254 | AUC 0.9682 | trainTime 11.1495 | exSelTime 3.8074 | testTime 0.0737 | numPos 1200.0000 | numNeg 10522.0000 | Recall_After 0.9908 | F1_After 0.6254 | AUC_After 0.9682
Epoch 0099 | Eval Loss 0.6558 | Precision 0.9975 | Recall 1.0000 | F1 0.9988 | AUC 1.0000 | time 0.1042
ITER=62, #Train=11914, #HeldOut=3246, #Test=15160
Test Set Loss 0.7242 | Precision 0.4744 | Recall 0.9921 | F1 0.6419 | AUC 0.9701 | trainTime 11.1495 | exSelTime 4.0087 | testTime 0.1018 | numPos 1221.0000 | numNeg 10693.0000 | Recall_After 0.9921 | F1_After 0.6419 | AUC_After 0.9701
Epoch 0099 | Eval Loss 0.6558 | Precision 0.9976 | Recall 1.0000 | F1 0.9988 | AUC 1.0000 | time 0.0606
ITER=63, #Train=12106, #HeldOut=3054, #Test=15160
Test Set Loss 0.7197 | Precision 0.4896 | Recall 0.9927 | F1 0.6558 | AUC 0.9729 | trainTime 11.1495 | exSelTime 3.6384 | testTime 0.0622 | numPos 1238.0000 | numNeg 10868.0000 | Recall_After 0.9927 | F1_After 0.6558 | AUC_After 0.9729
Epoch 0099 | Eval Loss 0.6563 | Precision 0.9968 | Recall 1.0000 | F1 0.9984 | AUC 1.0000 | time 0.0630
ITER=64, #Train=12298, #HeldOut=2862, #Test=15160
Test Set Loss 0.7165 | Precision 0.5050 | Recall 0.9927 | F1 0.6695 | AUC 0.9743 | trainTime 11.1495 | exSelTime 3.2925 | testTime 0.0614 | numPos 1255.0000 | numNeg 11043.0000 | Recall_After 0.9927 | F1_After 0.6695 | AUC_After 0.9743
Epoch 0099 | Eval Loss 0.6563 | Precision 0.9976 | Recall 1.0000 | F1 0.9988 | AUC 1.0000 | time 0.1140
ITER=65, #Train=12490, #HeldOut=2670, #Test=15160
Test Set Loss 0.7124 | Precision 0.5217 | Recall 0.9927 | F1 0.6839 | AUC 0.9758 | trainTime 11.1495 | exSelTime 3.3094 | testTime 0.0893 | numPos 1264.0000 | numNeg 11226.0000 | Recall_After 0.9927 | F1_After 0.6839 | AUC_After 0.9758
Epoch 0099 | Eval Loss 0.6566 | Precision 0.9977 | Recall 1.0000 | F1 0.9988 | AUC 1.0000 | time 0.0751
ITER=66, #Train=12682, #HeldOut=2478, #Test=15160
Test Set Loss 0.7081 | Precision 0.5437 | Recall 0.9927 | F1 0.7026 | AUC 0.9782 | trainTime 11.1495 | exSelTime 3.3792 | testTime 0.0723 | numPos 1276.0000 | numNeg 11406.0000 | Recall_After 0.9927 | F1_After 0.7026 | AUC_After 0.9782
Epoch 0099 | Eval Loss 0.6566 | Precision 0.9977 | Recall 1.0000 | F1 0.9988 | AUC 1.0000 | time 0.0601
ITER=67, #Train=12874, #HeldOut=2286, #Test=15160
Test Set Loss 0.7031 | Precision 0.5677 | Recall 0.9934 | F1 0.7225 | AUC 0.9792 | trainTime 11.1495 | exSelTime 3.5364 | testTime 0.0643 | numPos 1291.0000 | numNeg 11583.0000 | Recall_After 0.9934 | F1_After 0.7225 | AUC_After 0.9792
Epoch 0099 | Eval Loss 0.6569 | Precision 0.9969 | Recall 1.0000 | F1 0.9985 | AUC 1.0000 | time 0.0617
ITER=68, #Train=13066, #HeldOut=2094, #Test=15160
Test Set Loss 0.6992 | Precision 0.5884 | Recall 0.9941 | F1 0.7393 | AUC 0.9828 | trainTime 11.1495 | exSelTime 2.7146 | testTime 0.0665 | numPos 1307.0000 | numNeg 11759.0000 | Recall_After 0.9941 | F1_After 0.7393 | AUC_After 0.9828
Epoch 0099 | Eval Loss 0.6565 | Precision 0.9978 | Recall 1.0000 | F1 0.9989 | AUC 1.0000 | time 0.0708
ITER=69, #Train=13258, #HeldOut=1902, #Test=15160
Test Set Loss 0.6956 | Precision 0.6103 | Recall 0.9947 | F1 0.7565 | AUC 0.9840 | trainTime 11.1495 | exSelTime 2.4754 | testTime 0.0717 | numPos 1332.0000 | numNeg 11926.0000 | Recall_After 0.9947 | F1_After 0.7565 | AUC_After 0.9840
Epoch 0099 | Eval Loss 0.6565 | Precision 0.9978 | Recall 1.0000 | F1 0.9989 | AUC 1.0000 | time 0.0923
ITER=70, #Train=13450, #HeldOut=1710, #Test=15160
Test Set Loss 0.6913 | Precision 0.6348 | Recall 0.9941 | F1 0.7748 | AUC 0.9846 | trainTime 11.1495 | exSelTime 2.5165 | testTime 0.0782 | numPos 1348.0000 | numNeg 12102.0000 | Recall_After 0.9941 | F1_After 0.7748 | AUC_After 0.9846
Epoch 0099 | Eval Loss 0.6564 | Precision 0.9978 | Recall 1.0000 | F1 0.9989 | AUC 1.0000 | time 0.0752
ITER=71, #Train=13642, #HeldOut=1518, #Test=15160
Test Set Loss 0.6874 | Precision 0.6646 | Recall 0.9960 | F1 0.7973 | AUC 0.9867 | trainTime 11.1495 | exSelTime 2.4722 | testTime 0.0740 | numPos 1367.0000 | numNeg 12275.0000 | Recall_After 0.9960 | F1_After 0.7973 | AUC_After 0.9867
Epoch 0099 | Eval Loss 0.6564 | Precision 0.9978 | Recall 1.0000 | F1 0.9989 | AUC 1.0000 | time 0.0709
ITER=72, #Train=13834, #HeldOut=1326, #Test=15160
Test Set Loss 0.6833 | Precision 0.6957 | Recall 0.9967 | F1 0.8194 | AUC 0.9882 | trainTime 11.1495 | exSelTime 1.9483 | testTime 0.0712 | numPos 1389.0000 | numNeg 12445.0000 | Recall_After 0.9967 | F1_After 0.8194 | AUC_After 0.9882
Epoch 0099 | Eval Loss 0.6565 | Precision 0.9979 | Recall 1.0000 | F1 0.9989 | AUC 1.0000 | time 0.0769
ITER=73, #Train=14026, #HeldOut=1134, #Test=15160
Test Set Loss 0.6795 | Precision 0.7255 | Recall 0.9974 | F1 0.8400 | AUC 0.9896 | trainTime 11.1495 | exSelTime 1.8749 | testTime 0.0800 | numPos 1400.0000 | numNeg 12626.0000 | Recall_After 0.9974 | F1_After 0.8400 | AUC_After 0.9896
Epoch 0099 | Eval Loss 0.6567 | Precision 0.9979 | Recall 1.0000 | F1 0.9989 | AUC 1.0000 | time 0.1110
ITER=74, #Train=14218, #HeldOut=942, #Test=15160
Test Set Loss 0.6755 | Precision 0.7620 | Recall 0.9967 | F1 0.8637 | AUC 0.9917 | trainTime 11.1495 | exSelTime 1.7700 | testTime 0.1052 | numPos 1414.0000 | numNeg 12804.0000 | Recall_After 0.9967 | F1_After 0.8637 | AUC_After 0.9917
Epoch 0099 | Eval Loss 0.6568 | Precision 0.9979 | Recall 1.0000 | F1 0.9990 | AUC 1.0000 | time 0.0889
ITER=75, #Train=14410, #HeldOut=750, #Test=15160
Test Set Loss 0.6714 | Precision 0.8056 | Recall 0.9980 | F1 0.8916 | AUC 0.9942 | trainTime 11.1495 | exSelTime 1.5745 | testTime 0.0933 | numPos 1431.0000 | numNeg 12979.0000 | Recall_After 0.9980 | F1_After 0.8916 | AUC_After 0.9942
Epoch 0099 | Eval Loss 0.6568 | Precision 0.9979 | Recall 1.0000 | F1 0.9990 | AUC 1.0000 | time 0.0746
ITER=76, #Train=14602, #HeldOut=558, #Test=15160
Test Set Loss 0.6681 | Precision 0.8388 | Recall 0.9987 | F1 0.9118 | AUC 0.9953 | trainTime 11.1495 | exSelTime 1.4361 | testTime 0.0711 | numPos 1446.0000 | numNeg 13156.0000 | Recall_After 0.9987 | F1_After 0.9118 | AUC_After 0.9953
Epoch 0099 | Eval Loss 0.6567 | Precision 0.9980 | Recall 1.0000 | F1 0.9990 | AUC 1.0000 | time 0.0650
ITER=77, #Train=14794, #HeldOut=366, #Test=15160
Test Set Loss 0.6643 | Precision 0.8864 | Recall 0.9987 | F1 0.9392 | AUC 0.9971 | trainTime 11.1495 | exSelTime 1.0652 | testTime 0.0732 | numPos 1472.0000 | numNeg 13322.0000 | Recall_After 0.9987 | F1_After 0.9392 | AUC_After 0.9971
Epoch 0099 | Eval Loss 0.6566 | Precision 0.9973 | Recall 1.0000 | F1 0.9987 | AUC 1.0000 | time 0.0770
ITER=78, #Train=14986, #HeldOut=174, #Test=15160
Test Set Loss 0.6603 | Precision 0.9397 | Recall 0.9974 | F1 0.9677 | AUC 0.9985 | trainTime 11.1495 | exSelTime 0.8769 | testTime 0.0834 | numPos 1494.0000 | numNeg 13492.0000 | Recall_After 0.9974 | F1_After 0.9677 | AUC_After 0.9985
Epoch 0099 | Eval Loss 0.6564 | Precision 0.9974 | Recall 1.0000 | F1 0.9987 | AUC 1.0000 | time 0.0696
ITER=79, #Train=15160, #HeldOut=0, #Test=15160
Test Set Loss 0.6564 | Precision 0.9974 | Recall 1.0000 | F1 0.9987 | AUC 1.0000 | trainTime 11.1495 | exSelTime 0.6903 | testTime 0.0805 | numPos 1516.0000 | numNeg 13644.0000 | Recall_After 1.0000 | F1_After 0.9987 | AUC_After 1.0000
