on cpu
Total #Pairs=1516, #Unfound Pairs=0
Done with clustering!
Done with nodeToClusterMap creation!
In ClusterID: 0
Done with totalPairs creation!
len(posPairs)=1516, len(commPosPairs)=3032
len(posPairs)=1088, len(commPosPairs)=2176
TRAIN: [   0    1    2 ... 1488 1489 1490] TEST: [   8   12   14   15   25   30   37   55   61   62   65   67   70   72
   76   77   81   83   84   87   88   97  108  111  115  117  124  128
  129  136  137  138  148  149  150  154  158  164  167  172  177  186
  188  189  193  211  213  224  226  227  228  237  251  252  255  258
  272  283  289  293  295  306  328  329  338  341  345  347  353  355
  369  372  373  387  391  404  408  411  414  417  418  427  430  442
  450  459  464  465  471  475  479  480  484  489  496  504  518  521
  553  554  555  565  573  574  575  576  584  586  589  590  598  600
  601  602  603  604  609  613  615  621  629  631  649  652  657  659
  661  665  671  674  679  685  688  696  697  699  700  701  702  708
  726  729  731  732  733  734  736  739  740  743  744  751  755  765
  790  791  801  802  805  817  826  829  832  837  839  841  844  845
  849  855  867  871  885  886  887  892  902  904  907  914  918  922
  925  933  938  943  954  958  971  981  986  987  988  991  993 1001
 1002 1005 1013 1028 1034 1043 1047 1048 1051 1056 1057 1059 1060 1061
 1063 1066 1069 1070 1071 1077 1085 1086 1092 1106 1108 1110 1114 1117
 1128 1132 1138 1139 1145 1146 1151 1153 1159 1160 1168 1170 1176 1187
 1192 1195 1197 1200 1203 1213 1219 1221 1222 1223 1228 1233 1234 1237
 1238 1251 1254 1274 1279 1285 1293 1306 1307 1322 1327 1331 1339 1343
 1344 1345 1348 1352 1360 1363 1368 1370 1374 1376 1381 1382 1385 1386
 1391 1392 1394 1415 1416 1424 1425 1429 1430 1433 1446 1459 1462 1463
 1464 1466 1476 1478 1479]
TRAIN: [   0    1    2 ... 1488 1489 1490] TEST: [   9   35   36   39   44   58   63   71   73   75   82   85   92   96
  105  107  109  112  114  118  119  123  126  139  144  146  147  153
  159  171  174  179  181  182  183  192  195  196  197  205  210  219
  220  230  234  235  240  243  246  254  256  266  268  271  273  274
  279  285  290  299  300  303  307  314  317  319  330  335  336  340
  342  344  354  359  361  380  383  384  386  400  402  407  409  419
  431  434  439  445  448  451  453  454  456  466  468  469  470  472
  473  474  490  494  495  506  526  530  535  538  539  540  543  545
  546  550  556  557  562  570  571  572  577  594  607  608  617  622
  624  641  643  645  646  654  664  666  670  673  677  691  693  705
  713  719  721  728  737  742  746  759  764  772  781  784  785  789
  792  795  807  811  814  822  823  827  830  836  838  843  851  876
  878  882  889  891  894  895  896  897  898  899  911  912  913  920
  921  926  934  935  936  939  942  945  947  948  950  951  952  959
  961  963  964  982  985  994  999 1007 1012 1015 1022 1024 1031 1033
 1042 1045 1049 1053 1055 1072 1080 1084 1088 1090 1091 1094 1097 1103
 1104 1123 1124 1130 1134 1141 1158 1169 1179 1181 1184 1188 1194 1204
 1205 1207 1208 1210 1216 1239 1241 1242 1245 1246 1247 1255 1257 1258
 1264 1266 1270 1271 1275 1286 1301 1303 1310 1312 1313 1316 1328 1335
 1337 1338 1340 1341 1342 1355 1356 1357 1358 1359 1365 1372 1378 1379
 1383 1396 1401 1403 1423 1431 1432 1436 1437 1442 1449 1454 1455 1456
 1460 1481 1485 1487]
TRAIN: [   0    2    5 ... 1485 1487 1488] TEST: [   1    3    4    6   10   17   20   22   24   27   29   31   49   51
   57   86   95  100  102  106  110  116  125  127  132  135  140  142
  151  160  162  163  168  170  178  184  185  199  202  206  208  212
  217  218  221  222  241  242  245  249  253  269  280  281  291  292
  294  296  301  302  310  311  312  324  327  333  339  346  357  360
  365  370  374  375  376  389  416  420  421  433  436  437  441  458
  462  467  478  481  482  487  492  498  499  505  511  513  523  547
  548  549  552  558  559  560  563  568  569  578  582  592  593  596
  597  606  612  614  616  619  628  634  635  638  642  644  647  651
  663  683  684  689  690  695  698  703  704  707  709  711  712  714
  715  738  741  747  748  749  750  754  758  760  766  773  776  787
  793  806  808  810  813  816  818  819  824  840  846  847  852  853
  854  860  865  866  868  869  872  873  875  877  879  881  883  893
  905  908  916  919  930  932  941  957  965  967  973  974  975  980
  989  990  995  996  997  998 1006 1011 1017 1018 1020 1032 1040 1041
 1050 1052 1058 1065 1073 1075 1076 1083 1093 1096 1100 1105 1109 1112
 1122 1136 1140 1143 1150 1154 1155 1165 1167 1177 1178 1186 1190 1198
 1199 1201 1202 1209 1220 1224 1226 1227 1235 1240 1244 1249 1252 1259
 1261 1262 1263 1265 1273 1276 1287 1294 1295 1297 1305 1309 1321 1330
 1346 1350 1351 1354 1366 1367 1369 1371 1375 1384 1387 1388 1389 1393
 1397 1398 1399 1404 1409 1411 1438 1443 1452 1458 1461 1465 1467 1475
 1483 1486 1489 1490]
TRAIN: [   1    3    4 ... 1487 1489 1490] TEST: [   0    2    5   16   21   28   33   38   45   47   48   50   54   59
   64   66   78   79   80   89   93   98  101  104  113  120  121  122
  130  131  134  143  145  176  190  198  200  201  203  204  207  209
  214  215  216  223  225  229  232  233  244  248  250  262  264  276
  277  278  284  286  287  308  309  313  316  320  321  322  323  326
  332  334  337  343  349  350  366  371  381  385  390  393  395  398
  403  405  406  410  423  424  425  432  440  446  447  457  460  463
  476  485  486  488  493  497  500  509  510  516  517  519  520  525
  527  528  531  532  537  541  561  566  567  579  585  587  588  591
  599  620  623  626  627  630  632  633  636  637  640  648  650  655
  658  662  667  675  680  682  686  687  692  694  716  718  722  723
  727  730  745  752  753  757  768  769  770  777  778  780  794  796
  798  800  820  821  825  828  831  833  834  835  850  856  859  862
  863  880  888  890  900  906  909  915  928  931  944  955  962  966
  969  972  978  979 1000 1003 1004 1009 1021 1025 1026 1030 1036 1044
 1054 1064 1068 1074 1078 1079 1081 1089 1095 1099 1107 1111 1113 1115
 1116 1119 1121 1125 1127 1129 1131 1149 1152 1156 1157 1161 1162 1164
 1166 1172 1173 1174 1189 1191 1211 1217 1218 1225 1231 1232 1268 1269
 1272 1277 1278 1281 1288 1289 1296 1298 1299 1300 1308 1314 1315 1317
 1319 1320 1323 1324 1325 1326 1332 1347 1349 1353 1377 1380 1400 1402
 1406 1410 1414 1418 1421 1426 1427 1428 1440 1448 1457 1468 1469 1474
 1477 1480 1482 1488]
TRAIN: [   0    1    2 ... 1488 1489 1490] TEST: [   7   11   13   18   19   23   26   32   34   40   41   42   43   46
   52   53   56   60   68   69   74   90   91   94   99  103  133  141
  152  155  156  157  161  165  166  169  173  175  180  187  191  194
  231  236  238  239  247  257  259  260  261  263  265  267  270  275
  282  288  297  298  304  305  315  318  325  331  348  351  352  356
  358  362  363  364  367  368  377  378  379  382  388  392  394  396
  397  399  401  412  413  415  422  426  428  429  435  438  443  444
  449  452  455  461  477  483  491  501  502  503  507  508  512  514
  515  522  524  529  533  534  536  542  544  551  564  580  581  583
  595  605  610  611  618  625  639  653  656  660  668  669  672  676
  678  681  706  710  717  720  724  725  735  756  761  762  763  767
  771  774  775  779  782  783  786  788  797  799  803  804  809  812
  815  842  848  857  858  861  864  870  874  884  901  903  910  917
  923  924  927  929  937  940  946  949  953  956  960  968  970  976
  977  983  984  992 1008 1010 1014 1016 1019 1023 1027 1029 1035 1037
 1038 1039 1046 1062 1067 1082 1087 1098 1101 1102 1118 1120 1126 1133
 1135 1137 1142 1144 1147 1148 1163 1171 1175 1180 1182 1183 1185 1193
 1196 1206 1212 1214 1215 1229 1230 1236 1243 1248 1250 1253 1256 1260
 1267 1280 1282 1283 1284 1290 1291 1292 1302 1304 1311 1318 1329 1333
 1334 1336 1361 1362 1364 1373 1390 1395 1405 1407 1408 1412 1413 1417
 1419 1420 1422 1434 1435 1439 1441 1444 1445 1447 1450 1451 1453 1470
 1471 1472 1473 1484]
#Blocking Clusters: 4103, #Distinct Nodes: 6035, #Blocking Cluster Percent: 68
Total #PosPairs=1088, #NegPairs=403, True Positive % = 71.76781002638522, False Negative % = 28.23218997361478, negToPosRatio = 0.3704044117647059
