on cpu
Total #Pairs=1516, #Unfound Pairs=0
pair count so far=100000
pair count so far=200000
pair count so far=300000
pair count so far=400000
pair count so far=500000
pair count so far=100000
pair count so far=200000
pair count so far=300000
pair count so far=400000
pair count so far=500000
pair count so far=100000
pair count so far=200000
pair count so far=300000
pair count so far=400000
pair count so far=500000
pair count so far=100000
pair count so far=200000
pair count so far=300000
pair count so far=400000
pair count so far=500000
pair count so far=100000
pair count so far=200000
pair count so far=300000
pair count so far=400000
pair count so far=500000
pair count so far=100000
pair count so far=200000
pair count so far=300000
pair count so far=400000
pair count so far=500000
pair count so far=100000
pair count so far=200000
pair count so far=300000
pair count so far=400000
pair count so far=500000
pair count so far=100000
pair count so far=200000
pair count so far=300000
pair count so far=400000
pair count so far=500000
pair count so far=100000
pair count so far=200000
pair count so far=300000
pair count so far=400000
pair count so far=500000
pair count so far=100000
pair count so far=200000
pair count so far=300000
pair count so far=400000
pair count so far=500000
pair count so far=100000
pair count so far=200000
pair count so far=300000
pair count so far=400000
pair count so far=500000
pair count so far=100000
pair count so far=200000
pair count so far=300000
pair count so far=400000
pair count so far=500000
pair count so far=100000
pair count so far=200000
pair count so far=300000
pair count so far=400000
pair count so far=500000
pair count so far=100000
pair count so far=200000
pair count so far=300000
pair count so far=400000
pair count so far=500000
pair count so far=100000
pair count so far=200000
pair count so far=300000
pair count so far=400000
pair count so far=500000
pair count so far=100000
pair count so far=200000
pair count so far=300000
pair count so far=400000
pair count so far=500000
len(poolPairs)=16
Done with totalPairs creation!
len(posPairs)=1516, len(commPosPairs)=3032
len(posPairs)=230, len(commPosPairs)=460
TRAIN: [   0    1    2 ... 3052 3053 3054] TEST: [   8   13   14   16   23   26   31   32   40   45   61   65   67   68
   69   70   79   91   93   97   99  102  105  108  119  125  137  140
  144  150  153  167  180  181  190  194  197  199  201  202  203  211
  215  216  219  227  232  235  239  242  243  250  253  256  261  262
  268  270  271  289  299  302  303  304  317  322  326  329  336  337
  343  347  351  357  364  369  376  378  382  389  392  396  406  411
  421  422  442  446  450  454  463  465  482  484  499  503  504  509
  511  513  524  525  526  531  533  536  538  545  551  552  554  563
  564  573  575  578  580  589  590  602  603  618  622  625  626  632
  635  637  642  643  647  654  656  657  662  663  668  671  672  674
  686  689  692  697  704  705  706  707  710  726  740  748  750  758
  759  761  773  778  788  790  796  804  816  822  823  824  825  826
  831  832  833  838  839  844  846  848  852  859  865  866  872  874
  879  890  898  902  906  909  912  919  921  929  933  934  937  941
  945  960  961  964  971  972  975  986  989  993 1001 1002 1003 1004
 1030 1036 1043 1047 1065 1067 1070 1074 1075 1078 1085 1086 1087 1091
 1099 1101 1106 1111 1115 1131 1135 1137 1142 1152 1153 1162 1164 1170
 1171 1172 1180 1182 1189 1197 1203 1205 1245 1246 1249 1250 1252 1260
 1261 1270 1273 1276 1277 1284 1288 1291 1296 1301 1306 1316 1318 1330
 1333 1338 1347 1361 1365 1380 1382 1383 1392 1393 1395 1397 1403 1405
 1406 1409 1414 1419 1424 1432 1435 1436 1440 1441 1443 1444 1451 1459
 1469 1481 1484 1495 1501 1503 1509 1511 1515 1521 1524 1526 1530 1532
 1538 1539 1541 1542 1543 1550 1552 1555 1558 1563 1566 1568 1574 1581
 1596 1609 1611 1616 1617 1624 1627 1632 1633 1637 1642 1645 1646 1649
 1652 1656 1670 1675 1682 1687 1688 1689 1697 1700 1713 1714 1724 1725
 1727 1730 1736 1750 1756 1765 1774 1789 1790 1792 1795 1796 1798 1822
 1823 1830 1834 1841 1874 1878 1880 1884 1890 1898 1905 1906 1909 1915
 1918 1923 1927 1930 1932 1937 1939 1944 1946 1949 1959 1967 1989 1993
 2001 2004 2008 2026 2027 2028 2033 2035 2041 2052 2053 2057 2058 2065
 2068 2074 2086 2099 2111 2113 2115 2124 2125 2131 2142 2145 2148 2149
 2165 2168 2172 2177 2179 2184 2189 2192 2203 2209 2224 2226 2231 2235
 2240 2242 2254 2256 2257 2273 2275 2278 2280 2283 2288 2290 2300 2308
 2312 2318 2321 2323 2324 2330 2346 2349 2352 2360 2363 2372 2376 2378
 2379 2381 2385 2400 2403 2409 2411 2412 2414 2418 2422 2428 2429 2431
 2432 2435 2443 2449 2451 2452 2453 2462 2467 2471 2481 2488 2489 2490
 2495 2496 2505 2508 2509 2510 2524 2525 2530 2538 2541 2555 2560 2561
 2566 2567 2572 2575 2576 2582 2585 2601 2607 2609 2610 2616 2619 2624
 2638 2640 2643 2648 2658 2680 2686 2691 2694 2698 2699 2703 2710 2714
 2718 2719 2720 2725 2729 2733 2736 2737 2739 2743 2746 2747 2748 2751
 2753 2754 2757 2760 2772 2778 2780 2786 2791 2793 2798 2799 2810 2829
 2830 2832 2838 2842 2848 2849 2851 2854 2872 2873 2878 2883 2888 2891
 2894 2899 2900 2901 2904 2911 2912 2913 2918 2927 2936 2938 2940 2945
 2948 2957 2965 2967 2970 2983 2988 2993 2994 2995 2998 3001 3002 3004
 3005 3011 3015 3017 3023 3032 3038 3042 3050]
TRAIN: [   0    1    2 ... 3050 3053 3054] TEST: [   7   15   17   22   24   25   27   28   30   35   39   41   53   55
   58   63   72   74   78   80  103  106  112  113  114  117  126  129
  130  138  143  149  154  165  170  172  175  178  185  187  189  195
  207  210  226  229  231  240  246  255  257  263  267  274  278  284
  292  295  296  298  305  313  316  318  319  323  325  340  346  349
  350  353  360  363  365  368  371  373  375  377  384  385  386  387
  401  404  409  416  426  430  441  447  451  456  457  460  462  470
  474  475  478  485  489  518  527  542  549  553  555  556  557  561
  562  567  574  581  591  592  605  608  614  619  629  640  641  645
  659  664  665  667  675  688  690  693  694  700  702  708  714  723
  732  734  743  745  753  754  760  763  764  768  775  776  781  784
  794  807  815  818  821  830  835  836  837  843  850  862  867  869
  871  873  875  877  878  883  886  896  913  915  922  925  930  931
  935  938  944  946  948  977  980  981  992 1011 1014 1015 1022 1023
 1032 1037 1039 1042 1046 1053 1054 1058 1059 1060 1062 1063 1068 1077
 1080 1082 1083 1121 1125 1128 1139 1149 1154 1156 1157 1158 1159 1163
 1168 1173 1176 1177 1185 1191 1193 1196 1204 1208 1211 1214 1216 1220
 1222 1225 1230 1235 1237 1238 1251 1253 1255 1268 1269 1272 1278 1279
 1290 1299 1311 1312 1320 1325 1326 1329 1332 1341 1343 1346 1354 1358
 1362 1363 1367 1368 1372 1388 1396 1412 1415 1417 1426 1427 1428 1430
 1439 1445 1450 1452 1456 1461 1462 1465 1467 1470 1480 1489 1491 1496
 1497 1500 1508 1512 1517 1540 1557 1561 1562 1586 1593 1594 1595 1603
 1605 1606 1610 1613 1615 1621 1626 1629 1639 1640 1650 1653 1666 1668
 1671 1672 1673 1676 1678 1683 1696 1698 1699 1703 1710 1715 1717 1719
 1720 1728 1734 1737 1740 1741 1752 1759 1764 1769 1770 1771 1793 1807
 1811 1816 1818 1821 1826 1828 1829 1836 1846 1848 1851 1857 1867 1873
 1877 1891 1900 1902 1904 1907 1912 1922 1924 1925 1933 1934 1935 1945
 1954 1958 1961 1965 1970 1972 1978 1982 1983 1984 1986 1992 1995 1999
 2005 2022 2032 2034 2040 2045 2046 2048 2051 2061 2062 2066 2080 2083
 2084 2090 2093 2095 2107 2108 2109 2110 2112 2114 2116 2118 2123 2137
 2146 2158 2162 2167 2176 2180 2182 2193 2196 2197 2200 2201 2208 2210
 2211 2217 2228 2229 2233 2237 2241 2243 2250 2252 2261 2263 2265 2266
 2272 2274 2279 2281 2284 2286 2287 2289 2294 2296 2299 2301 2302 2310
 2313 2317 2328 2329 2333 2337 2342 2347 2353 2355 2368 2370 2374 2377
 2380 2390 2391 2394 2398 2401 2407 2413 2416 2419 2430 2437 2445 2447
 2455 2457 2460 2464 2465 2469 2470 2478 2482 2485 2486 2503 2507 2512
 2513 2534 2536 2554 2557 2565 2568 2569 2570 2573 2577 2578 2580 2584
 2587 2588 2596 2598 2602 2606 2613 2615 2622 2625 2627 2631 2634 2636
 2637 2647 2650 2653 2654 2656 2668 2669 2675 2679 2697 2700 2701 2708
 2715 2717 2726 2728 2732 2741 2755 2768 2769 2771 2774 2783 2788 2789
 2792 2797 2800 2804 2809 2811 2813 2815 2817 2818 2822 2823 2825 2833
 2835 2839 2841 2850 2852 2861 2864 2869 2871 2880 2884 2887 2889 2892
 2907 2922 2923 2928 2932 2934 2937 2941 2952 2958 2964 2966 2980 2991
 3006 3014 3019 3025 3026 3027 3029 3051 3052]
TRAIN: [   1    3    5 ... 3051 3052 3053] TEST: [   0    2    4    6    9   18   21   43   46   48   49   52   56   59
   60   64   66   77   82   84   85  101  104  107  111  118  133  134
  141  147  148  157  158  160  161  164  169  177  179  183  192  193
  212  214  217  224  233  237  247  249  269  273  276  279  281  282
  285  286  288  290  293  306  307  312  320  332  344  345  348  352
  355  356  361  374  381  391  410  415  417  418  428  429  432  433
  445  453  455  459  461  464  466  471  472  492  497  498  501  505
  506  508  512  517  523  528  530  535  537  540  546  548  550  558
  566  568  570  572  577  583  587  595  596  598  601  604  607  612
  616  624  627  628  631  639  653  661  673  678  696  699  701  716
  719  720  725  728  729  730  731  742  744  751  762  766  771  774
  777  779  782  787  803  812  813  820  829  840  841  849  856  861
  870  876  880  894  897  901  904  917  918  928  932  940  942  947
  953  954  956  967  969  979  987  990  998  999 1000 1006 1016 1020
 1026 1029 1031 1048 1051 1056 1084 1088 1098 1104 1113 1120 1132 1140
 1145 1146 1165 1166 1169 1174 1175 1179 1181 1183 1184 1187 1188 1195
 1198 1210 1215 1217 1219 1223 1224 1228 1241 1254 1257 1258 1259 1262
 1265 1271 1281 1283 1286 1293 1295 1300 1302 1313 1314 1317 1319 1321
 1335 1336 1340 1342 1345 1353 1356 1369 1370 1373 1377 1384 1385 1386
 1387 1398 1400 1407 1411 1429 1431 1434 1438 1442 1447 1448 1458 1460
 1463 1464 1466 1468 1473 1477 1478 1490 1492 1493 1494 1498 1502 1505
 1506 1516 1519 1520 1523 1528 1534 1536 1549 1575 1577 1590 1592 1601
 1614 1620 1622 1636 1643 1644 1648 1659 1662 1667 1669 1677 1679 1684
 1686 1701 1705 1709 1726 1729 1733 1738 1742 1747 1766 1767 1773 1784
 1785 1786 1791 1801 1802 1804 1810 1812 1815 1820 1824 1831 1832 1838
 1842 1849 1858 1859 1860 1862 1864 1872 1875 1879 1885 1886 1887 1888
 1889 1893 1894 1897 1899 1901 1903 1914 1917 1938 1941 1942 1943 1948
 1960 1962 1963 1968 1971 1975 1976 1977 1996 2002 2003 2006 2013 2014
 2015 2018 2019 2021 2023 2029 2049 2054 2055 2064 2067 2071 2075 2077
 2081 2092 2094 2101 2106 2117 2119 2122 2127 2136 2139 2140 2141 2143
 2144 2152 2153 2157 2160 2170 2173 2174 2178 2186 2190 2194 2198 2199
 2202 2213 2216 2219 2220 2227 2230 2244 2247 2248 2251 2260 2262 2267
 2271 2277 2285 2292 2293 2295 2298 2306 2307 2314 2319 2325 2327 2334
 2340 2341 2343 2345 2351 2362 2382 2383 2386 2392 2393 2395 2396 2397
 2402 2405 2406 2408 2410 2415 2421 2423 2426 2441 2468 2474 2479 2491
 2493 2494 2497 2499 2501 2502 2504 2506 2511 2516 2518 2522 2526 2532
 2535 2537 2543 2559 2581 2586 2590 2592 2593 2594 2597 2599 2600 2603
 2604 2605 2608 2612 2614 2617 2618 2621 2629 2632 2633 2635 2639 2642
 2655 2659 2660 2662 2670 2673 2676 2695 2696 2709 2711 2724 2735 2740
 2749 2750 2752 2756 2758 2762 2763 2766 2775 2776 2779 2794 2802 2806
 2808 2814 2819 2821 2828 2836 2843 2846 2853 2855 2859 2860 2875 2881
 2882 2885 2890 2897 2908 2914 2920 2921 2929 2930 2944 2949 2954 2962
 2968 2971 2975 2976 2982 2985 2992 2996 2999 3000 3003 3008 3012 3013
 3021 3028 3031 3035 3039 3041 3045 3048 3054]
TRAIN: [   0    2    3 ... 3052 3053 3054] TEST: [   1    5   11   33   34   36   37   38   42   44   47   62   73   76
   88   89   92   94   96  109  115  121  124  131  135  136  139  145
  151  152  159  162  171  173  176  184  186  188  196  200  206  209
  213  218  221  225  230  238  245  248  251  258  259  260  264  266
  280  283  291  301  308  309  310  311  321  324  334  335  338  354
  362  367  383  388  394  397  399  400  403  405  413  414  419  420
  425  436  437  438  439  440  448  449  452  458  468  469  473  476
  477  487  490  493  494  510  516  520  522  529  532  539  541  543
  544  547  560  565  571  600  611  613  620  621  623  636  638  644
  646  649  651  658  669  670  676  677  679  680  684  685  691  712
  715  718  721  724  736  737  741  747  755  757  765  769  783  791
  792  793  797  799  800  802  808  809  811  817  819  827  828  834
  842  851  854  857  858  860  863  864  882  885  887  891  893  899
  905  908  910  911  914  923  924  943  949  950  951  952  955  957
  958  959  962  963  966  968  978  983  984  991  994  995 1007 1012
 1013 1019 1021 1024 1028 1033 1034 1038 1044 1045 1049 1052 1055 1061
 1066 1069 1071 1072 1073 1089 1090 1093 1094 1095 1100 1102 1103 1105
 1109 1116 1118 1119 1126 1127 1130 1136 1141 1143 1144 1147 1148 1178
 1200 1201 1202 1206 1207 1209 1212 1213 1226 1227 1232 1236 1239 1247
 1256 1263 1264 1267 1275 1280 1292 1294 1298 1304 1307 1309 1310 1339
 1349 1351 1355 1357 1359 1360 1371 1374 1375 1379 1381 1389 1391 1401
 1402 1404 1420 1421 1422 1423 1425 1433 1449 1453 1454 1457 1471 1475
 1485 1487 1488 1499 1507 1510 1513 1518 1522 1525 1527 1529 1531 1533
 1535 1544 1545 1547 1548 1551 1553 1554 1565 1571 1572 1579 1580 1583
 1585 1587 1588 1608 1612 1618 1625 1628 1631 1634 1647 1651 1654 1655
 1658 1660 1661 1680 1681 1685 1691 1694 1695 1706 1707 1708 1711 1718
 1722 1731 1739 1744 1745 1746 1758 1760 1762 1763 1768 1772 1775 1776
 1777 1781 1794 1797 1808 1809 1817 1825 1833 1835 1839 1844 1847 1852
 1853 1854 1861 1863 1865 1871 1876 1883 1892 1908 1911 1916 1919 1926
 1928 1936 1950 1952 1953 1955 1956 1981 1985 1987 1990 2007 2009 2010
 2011 2012 2017 2020 2025 2030 2031 2036 2037 2039 2042 2043 2050 2056
 2059 2063 2069 2072 2079 2085 2089 2091 2096 2105 2120 2121 2128 2130
 2133 2134 2135 2150 2151 2155 2159 2163 2166 2169 2181 2191 2204 2206
 2207 2214 2215 2218 2236 2239 2246 2253 2255 2259 2269 2282 2304 2305
 2322 2326 2331 2335 2348 2354 2356 2357 2366 2369 2373 2375 2384 2387
 2389 2399 2404 2417 2420 2424 2433 2438 2439 2444 2450 2454 2458 2461
 2466 2476 2487 2500 2514 2515 2517 2520 2528 2531 2533 2544 2545 2546
 2547 2548 2551 2552 2556 2558 2574 2589 2591 2595 2630 2646 2652 2657
 2663 2664 2665 2666 2667 2674 2678 2683 2684 2685 2687 2688 2689 2692
 2693 2712 2722 2723 2727 2730 2738 2742 2744 2745 2759 2764 2770 2773
 2777 2785 2787 2790 2805 2807 2816 2824 2826 2834 2844 2857 2863 2868
 2870 2876 2879 2886 2896 2902 2909 2910 2915 2917 2924 2925 2931 2933
 2943 2947 2950 2951 2953 2956 2960 2963 2979 2981 2989 2990 2997 3007
 3010 3018 3020 3022 3024 3034 3036 3040 3047]
TRAIN: [   0    1    2 ... 3051 3052 3054] TEST: [   3   10   12   19   20   29   50   51   54   57   71   75   81   83
   86   87   90   95   98  100  110  116  120  122  123  127  128  132
  142  146  155  156  163  166  168  174  182  191  198  204  205  208
  220  222  223  228  234  236  241  244  252  254  265  272  275  277
  287  294  297  300  314  315  327  328  330  331  333  339  341  342
  358  359  366  370  372  379  380  390  393  395  398  402  407  408
  412  423  424  427  431  434  435  443  444  467  479  480  481  483
  486  488  491  495  496  500  502  507  514  515  519  521  534  559
  569  576  579  582  584  585  586  588  593  594  597  599  606  609
  610  615  617  630  633  634  648  650  652  655  660  666  681  682
  683  687  695  698  703  709  711  713  717  722  727  733  735  738
  739  746  749  752  756  767  770  772  780  785  786  789  795  798
  801  805  806  810  814  845  847  853  855  868  881  884  888  889
  892  895  900  903  907  916  920  926  927  936  939  965  970  973
  974  976  982  985  988  996  997 1005 1008 1009 1010 1017 1018 1025
 1027 1035 1040 1041 1050 1057 1064 1076 1079 1081 1092 1096 1097 1107
 1108 1110 1112 1114 1117 1122 1123 1124 1129 1133 1134 1138 1150 1151
 1155 1160 1161 1167 1186 1190 1192 1194 1199 1218 1221 1229 1231 1233
 1234 1240 1242 1243 1244 1248 1266 1274 1282 1285 1287 1289 1297 1303
 1305 1308 1315 1322 1323 1324 1327 1328 1331 1334 1337 1344 1348 1350
 1352 1364 1366 1376 1378 1390 1394 1399 1408 1410 1413 1416 1418 1437
 1446 1455 1472 1474 1476 1479 1482 1483 1486 1504 1514 1537 1546 1556
 1559 1560 1564 1567 1569 1570 1573 1576 1578 1582 1584 1589 1591 1597
 1598 1599 1600 1602 1604 1607 1619 1623 1630 1635 1638 1641 1657 1663
 1664 1665 1674 1690 1692 1693 1702 1704 1712 1716 1721 1723 1732 1735
 1743 1748 1749 1751 1753 1754 1755 1757 1761 1778 1779 1780 1782 1783
 1787 1788 1799 1800 1803 1805 1806 1813 1814 1819 1827 1837 1840 1843
 1845 1850 1855 1856 1866 1868 1869 1870 1881 1882 1895 1896 1910 1913
 1920 1921 1929 1931 1940 1947 1951 1957 1964 1966 1969 1973 1974 1979
 1980 1988 1991 1994 1997 1998 2000 2016 2024 2038 2044 2047 2060 2070
 2073 2076 2078 2082 2087 2088 2097 2098 2100 2102 2103 2104 2126 2129
 2132 2138 2147 2154 2156 2161 2164 2171 2175 2183 2185 2187 2188 2195
 2205 2212 2221 2222 2223 2225 2232 2234 2238 2245 2249 2258 2264 2268
 2270 2276 2291 2297 2303 2309 2311 2315 2316 2320 2332 2336 2338 2339
 2344 2350 2358 2359 2361 2364 2365 2367 2371 2388 2425 2427 2434 2436
 2440 2442 2446 2448 2456 2459 2463 2472 2473 2475 2477 2480 2483 2484
 2492 2498 2519 2521 2523 2527 2529 2539 2540 2542 2549 2550 2553 2562
 2563 2564 2571 2579 2583 2611 2620 2623 2626 2628 2641 2644 2645 2649
 2651 2661 2671 2672 2677 2681 2682 2690 2702 2704 2705 2706 2707 2713
 2716 2721 2731 2734 2761 2765 2767 2781 2782 2784 2795 2796 2801 2803
 2812 2820 2827 2831 2837 2840 2845 2847 2856 2858 2862 2865 2866 2867
 2874 2877 2893 2895 2898 2903 2905 2906 2916 2919 2926 2935 2939 2942
 2946 2955 2959 2961 2969 2972 2973 2974 2977 2978 2984 2986 2987 3009
 3016 3030 3033 3037 3043 3044 3046 3049 3053]
#Blocking Clusters: 2655, #Distinct Nodes: 6035, #Blocking Cluster Percent: 44
Total #PosPairs=230, #NegPairs=2825, True Positive % = 15.17150395778364, False Negative % = 84.82849604221636, negToPosRatio = 12.282608695652174
