on cpu
Total #Pairs=1516, #Unfound Pairs=0
pair count so far=100000
pair count so far=200000
pair count so far=300000
pair count so far=400000
pair count so far=500000
pair count so far=100000
pair count so far=200000
pair count so far=300000
pair count so far=400000
pair count so far=500000
pair count so far=100000
pair count so far=200000
pair count so far=300000
pair count so far=400000
pair count so far=500000
pair count so far=100000
pair count so far=200000
pair count so far=300000
pair count so far=400000
pair count so far=500000
pair count so far=100000
pair count so far=200000
pair count so far=300000
pair count so far=400000
pair count so far=500000
pair count so far=100000
pair count so far=200000
pair count so far=300000
pair count so far=400000
pair count so far=500000
pair count so far=100000
pair count so far=200000
pair count so far=300000
pair count so far=400000
pair count so far=500000
pair count so far=100000
pair count so far=200000
pair count so far=300000
pair count so far=400000
pair count so far=500000
pair count so far=100000
pair count so far=200000
pair count so far=300000
pair count so far=400000
pair count so far=500000
pair count so far=100000
pair count so far=200000
pair count so far=300000
pair count so far=400000
pair count so far=500000
pair count so far=100000
pair count so far=200000
pair count so far=300000
pair count so far=400000
pair count so far=500000
pair count so far=100000
pair count so far=200000
pair count so far=300000
pair count so far=400000
pair count so far=500000
pair count so far=100000
pair count so far=200000
pair count so far=300000
pair count so far=400000
pair count so far=500000
pair count so far=100000
pair count so far=200000
pair count so far=300000
pair count so far=400000
pair count so far=500000
pair count so far=100000
pair count so far=200000
pair count so far=300000
pair count so far=400000
pair count so far=500000
pair count so far=100000
pair count so far=200000
pair count so far=300000
pair count so far=400000
pair count so far=500000
len(poolPairs)=16
Done with totalPairs creation!
len(posPairs)=1516, len(commPosPairs)=3032
len(posPairs)=216, len(commPosPairs)=432
TRAIN: [   0    1    2 ... 1446 1447 1448] TEST: [   4    5    8   13   17   25   26   38   48   49   50   54   58   65
   68   73   76   80   81   86   89   93   94   96   98  100  103  121
  126  128  137  138  139  142  144  148  151  157  159  173  190  193
  196  200  219  224  225  228  238  240  241  243  245  256  263  265
  268  280  284  285  295  296  305  306  308  318  319  327  328  330
  336  344  346  352  353  355  362  363  387  389  393  395  396  401
  403  411  412  427  430  434  441  443  457  458  463  466  476  477
  478  479  481  482  496  500  504  507  514  516  518  519  528  530
  531  533  535  538  540  569  572  573  581  582  587  591  595  605
  611  622  623  634  641  642  645  646  647  651  652  658  662  666
  668  671  680  704  708  719  734  743  748  749  750  753  761  779
  782  787  790  794  801  814  825  827  828  834  837  843  849  857
  863  867  869  870  875  879  883  886  887  888  895  899  905  909
  910  912  913  914  915  916  938  942  945  956  957  958  964  965
  973  981  982  987  988  997 1000 1011 1020 1033 1034 1037 1042 1050
 1052 1053 1058 1061 1071 1078 1079 1084 1089 1094 1097 1098 1101 1103
 1106 1108 1122 1123 1128 1134 1137 1145 1147 1148 1149 1162 1168 1173
 1179 1185 1187 1192 1198 1200 1204 1214 1216 1220 1221 1228 1229 1231
 1237 1238 1246 1257 1265 1272 1275 1283 1284 1288 1291 1292 1295 1296
 1300 1309 1314 1315 1316 1323 1335 1340 1348 1349 1350 1353 1361 1365
 1371 1376 1378 1384 1388 1394 1396 1406 1409 1414]
TRAIN: [   0    1    2 ... 1446 1447 1448] TEST: [   7   11   14   18   28   43   56   59   87   88   90   99  101  102
  105  109  112  118  119  122  123  125  132  136  141  145  147  149
  152  158  160  165  168  169  170  178  182  189  192  194  206  207
  209  218  220  226  237  239  246  252  253  266  271  272  276  278
  286  287  288  300  311  320  323  324  334  338  341  343  345  347
  354  358  376  377  386  390  392  398  400  407  417  421  424  435
  442  445  449  462  468  471  473  475  484  485  488  491  509  511
  512  517  520  534  551  555  557  563  565  574  576  578  579  588
  594  596  597  598  602  603  604  607  609  619  627  630  633  638
  640  643  653  655  657  667  673  676  688  694  700  701  711  713
  714  715  717  721  723  729  730  731  736  737  746  747  766  768
  769  783  788  789  797  809  811  823  835  842  846  848  851  877
  893  896  897  902  903  906  908  920  923  924  926  947  950  951
  966  968  971  972  978  979  990  991 1002 1004 1013 1022 1026 1029
 1031 1045 1049 1055 1063 1070 1072 1080 1085 1087 1092 1096 1100 1105
 1110 1111 1113 1114 1118 1120 1125 1126 1129 1135 1138 1143 1150 1153
 1155 1156 1157 1158 1160 1164 1167 1169 1172 1190 1191 1193 1195 1199
 1201 1206 1207 1211 1212 1213 1222 1225 1232 1242 1252 1261 1264 1267
 1274 1279 1286 1287 1289 1305 1310 1311 1317 1327 1328 1334 1338 1346
 1347 1356 1360 1364 1373 1380 1383 1390 1404 1412 1419 1421 1423 1427
 1431 1432 1433 1436 1437 1438 1440 1442 1443 1444]
TRAIN: [   2    4    5 ... 1444 1445 1448] TEST: [   0    1    3   10   15   20   27   29   31   37   40   42   44   47
   61   62   64   72   84   92  104  107  110  116  135  143  150  153
  156  163  167  175  179  180  183  197  199  201  208  210  212  213
  215  216  222  231  234  244  248  250  261  267  279  281  293  294
  297  299  304  310  312  314  317  322  326  332  339  342  348  350
  356  360  365  367  371  372  380  383  384  388  391  402  405  416
  418  423  429  436  440  446  451  452  453  455  460  490  495  501
  508  522  523  524  532  544  552  554  556  570  585  586  592  593
  600  601  613  624  631  635  644  648  649  659  660  663  669  672
  675  678  683  684  686  687  689  698  699  703  705  706  724  732
  733  741  742  744  752  758  762  763  764  771  772  774  780  781
  786  800  806  816  821  822  831  832  833  839  845  847  850  854
  856  858  859  862  876  878  880  889  890  891  894  907  921  925
  927  928  932  933  934  940  946  953  960  962  963  974  985  986
  992  996 1001 1003 1005 1007 1016 1019 1024 1025 1027 1041 1047 1051
 1056 1059 1068 1069 1073 1075 1076 1083 1086 1091 1095 1099 1109 1117
 1121 1130 1133 1136 1140 1144 1146 1151 1154 1161 1166 1174 1180 1184
 1194 1197 1202 1215 1218 1223 1224 1227 1239 1243 1247 1248 1249 1255
 1256 1263 1269 1277 1280 1285 1297 1301 1302 1319 1322 1329 1332 1333
 1336 1341 1343 1344 1354 1355 1358 1367 1369 1372 1377 1379 1381 1382
 1385 1387 1395 1399 1402 1417 1422 1424 1446 1447]
TRAIN: [   0    1    3 ... 1446 1447 1448] TEST: [   2    6    9   12   19   21   22   23   30   32   35   39   45   55
   57   60   70   74   77   78   82   97  106  108  113  124  129  130
  133  154  155  166  171  172  174  176  181  184  185  191  195  211
  214  221  227  229  230  232  236  242  254  258  260  269  270  275
  277  282  290  291  292  301  303  307  316  321  325  331  335  337
  351  357  361  368  370  374  381  382  385  394  397  399  404  406
  408  409  413  414  415  420  425  426  438  444  447  448  450  454
  456  470  474  480  486  487  493  497  498  499  503  505  510  513
  521  526  527  529  536  537  539  541  542  545  548  550  553  558
  561  562  566  567  568  571  575  606  614  616  618  620  625  629
  637  639  656  665  670  674  677  679  681  682  685  691  693  695
  702  707  709  720  726  727  728  751  754  757  759  776  784  791
  792  796  798  804  807  812  813  818  819  824  826  829  830  836
  840  844  852  853  855  872  874  882  892  898  900  911  917  918
  922  929  930  931  936  941  943  952  961  967  969  977  980  983
  984  989  993  994  999 1008 1009 1010 1017 1030 1032 1035 1043 1048
 1054 1062 1064 1065 1077 1088 1090 1102 1107 1112 1116 1119 1124 1131
 1132 1139 1142 1165 1175 1176 1177 1188 1203 1205 1226 1230 1233 1240
 1241 1244 1245 1251 1253 1258 1259 1262 1266 1268 1270 1273 1294 1303
 1307 1320 1324 1325 1330 1339 1342 1345 1352 1359 1366 1386 1391 1392
 1401 1403 1410 1411 1416 1418 1425 1426 1428 1439]
TRAIN: [   0    1    2 ... 1444 1446 1447] TEST: [  16   24   33   34   36   41   46   51   52   53   63   66   67   69
   71   75   79   83   85   91   95  111  114  115  117  120  127  131
  134  140  146  161  162  164  177  186  187  188  198  202  203  204
  205  217  223  233  235  247  249  251  255  257  259  262  264  273
  274  283  289  298  302  309  313  315  329  333  340  349  359  364
  366  369  373  375  378  379  410  419  422  428  431  432  433  437
  439  459  461  464  465  467  469  472  483  489  492  494  502  506
  515  525  543  546  547  549  559  560  564  577  580  583  584  589
  590  599  608  610  612  615  617  621  626  628  632  636  650  654
  661  664  690  692  696  697  710  712  716  718  722  725  735  738
  739  740  745  755  756  760  765  767  770  773  775  777  778  785
  793  795  799  802  803  805  808  810  815  817  820  838  841  860
  861  864  865  866  868  871  873  881  884  885  901  904  919  935
  937  939  944  948  949  954  955  959  970  975  976  995  998 1006
 1012 1014 1015 1018 1021 1023 1028 1036 1038 1039 1040 1044 1046 1057
 1060 1066 1067 1074 1081 1082 1093 1104 1115 1127 1141 1152 1159 1163
 1170 1171 1178 1181 1182 1183 1186 1189 1196 1208 1209 1210 1217 1219
 1234 1235 1236 1250 1254 1260 1271 1276 1278 1281 1282 1290 1293 1298
 1299 1304 1306 1308 1312 1313 1318 1321 1326 1331 1337 1351 1357 1362
 1363 1368 1370 1374 1375 1389 1393 1397 1398 1400 1405 1407 1408 1413
 1415 1420 1429 1430 1434 1435 1441 1445 1448]
#Blocking Clusters: 2655, #Distinct Nodes: 6035, #Blocking Cluster Percent: 44
Total #PosPairs=216, #NegPairs=1233, True Positive % = 14.248021108179419, False Negative % = 85.75197889182058, negToPosRatio = 5.708333333333333
