on cpu
Total #Pairs=1516, #Unfound Pairs=0
Done with clustering!
Done with nodeToClusterMap creation!
In ClusterID: 0
Done with totalPairs creation!
len(posPairs)=1516, len(commPosPairs)=3032
len(posPairs)=1140, len(commPosPairs)=2280
TRAIN: [   0    1    2 ... 3093 3094 3095] TEST: [   3    4   13   20   33   37   42   44   49   52   54   55   63   64
   67   69   79   81   83   96  104  107  111  114  119  121  134  140
  152  161  164  171  177  180  182  187  188  192  202  208  210  211
  212  221  224  226  228  231  233  235  238  252  255  259  262  269
  278  289  296  313  317  320  322  323  329  330  332  341  349  350
  371  383  393  395  398  403  404  405  413  422  426  433  437  440
  447  449  452  454  462  465  466  467  472  474  484  485  494  496
  506  509  513  518  527  528  529  530  534  535  543  550  552  566
  567  570  575  577  585  587  588  599  605  607  609  616  618  621
  623  625  628  630  632  639  643  648  654  678  679  689  697  701
  705  722  733  734  735  736  743  745  746  759  767  770  772  774
  777  778  781  785  788  793  796  798  806  812  815  824  826  833
  834  837  850  852  854  857  860  865  866  870  875  876  879  881
  891  892  894  898  904  909  914  915  940  942  944  947  950  953
  958  960  973  978  979  997 1003 1004 1008 1011 1013 1015 1036 1037
 1039 1040 1056 1058 1064 1072 1075 1076 1086 1098 1101 1108 1113 1117
 1119 1126 1128 1138 1141 1144 1152 1157 1167 1171 1173 1179 1190 1204
 1212 1217 1218 1220 1221 1237 1243 1245 1249 1250 1251 1253 1258 1262
 1264 1269 1274 1281 1283 1293 1298 1300 1304 1322 1323 1325 1332 1350
 1354 1358 1369 1371 1373 1380 1406 1416 1421 1422 1425 1427 1432 1438
 1441 1451 1457 1466 1472 1473 1479 1484 1486 1492 1497 1499 1500 1504
 1508 1511 1521 1526 1529 1530 1532 1533 1535 1562 1572 1581 1584 1593
 1595 1597 1604 1609 1610 1612 1614 1616 1627 1645 1647 1649 1662 1664
 1667 1671 1686 1688 1697 1702 1703 1712 1715 1716 1719 1725 1727 1728
 1729 1731 1739 1741 1743 1746 1753 1758 1760 1761 1765 1766 1767 1769
 1770 1773 1775 1780 1787 1788 1791 1795 1797 1798 1806 1808 1821 1822
 1830 1838 1840 1842 1843 1846 1847 1852 1855 1856 1867 1869 1871 1878
 1880 1882 1887 1902 1914 1923 1931 1935 1946 1949 1952 1954 1960 1965
 1970 1972 1981 1991 1992 1994 2003 2005 2007 2014 2018 2019 2024 2027
 2032 2043 2056 2059 2062 2065 2071 2076 2077 2078 2090 2093 2094 2101
 2103 2109 2110 2119 2123 2131 2132 2136 2142 2147 2148 2149 2150 2158
 2159 2162 2163 2164 2170 2182 2187 2188 2200 2203 2215 2220 2238 2239
 2243 2249 2250 2256 2265 2267 2273 2274 2280 2282 2286 2300 2304 2305
 2315 2327 2337 2347 2353 2355 2365 2380 2384 2386 2390 2392 2393 2398
 2407 2409 2411 2414 2423 2424 2425 2430 2439 2446 2449 2460 2464 2466
 2479 2484 2490 2501 2503 2509 2512 2517 2528 2538 2543 2547 2548 2552
 2559 2563 2564 2573 2574 2577 2578 2580 2581 2597 2598 2603 2617 2620
 2627 2632 2641 2643 2652 2664 2666 2668 2683 2684 2695 2707 2724 2727
 2728 2730 2740 2741 2750 2751 2763 2764 2766 2769 2772 2774 2787 2788
 2793 2794 2795 2796 2803 2806 2811 2818 2821 2824 2826 2828 2839 2840
 2842 2846 2860 2866 2871 2873 2874 2875 2877 2881 2884 2885 2888 2893
 2904 2912 2914 2915 2921 2927 2935 2937 2943 2951 2952 2954 2955 2968
 2972 2973 2976 2981 2986 2990 2992 2997 2998 3000 3003 3007 3023 3028
 3034 3039 3041 3048 3052 3053 3057 3067 3068 3072 3074 3075 3077 3080
 3082 3086 3087 3089]
TRAIN: [   0    1    2 ... 3090 3092 3095] TEST: [   5   10   19   25   28   34   35   40   43   48   61   70   71   73
   76   84   97  103  105  106  123  125  133  138  143  145  162  167
  175  176  179  191  196  198  199  201  203  204  206  215  218  229
  230  232  234  239  245  249  250  251  260  267  272  275  276  283
  295  302  303  307  308  311  312  315  316  318  334  335  348  353
  356  358  360  361  366  372  378  391  399  402  408  418  419  421
  430  436  443  444  446  453  457  459  461  464  468  471  475  476
  482  486  489  497  500  503  505  521  523  542  551  556  557  558
  559  561  580  581  590  593  595  598  604  611  613  614  617  627
  629  634  636  638  640  653  655  658  677  681  682  683  685  686
  696  700  702  707  713  726  731  740  741  747  750  755  758  761
  762  764  765  769  789  791  794  795  799  801  811  816  819  821
  829  835  836  838  839  853  856  858  863  874  877  878  883  889
  896  897  907  916  917  918  923  927  931  932  935  939  941  946
  955  962  965  971  990 1007 1016 1021 1022 1028 1032 1047 1051 1052
 1053 1054 1055 1060 1062 1067 1071 1077 1093 1095 1096 1104 1114 1118
 1122 1127 1130 1136 1148 1154 1162 1172 1189 1199 1200 1206 1209 1210
 1224 1225 1228 1229 1231 1234 1235 1241 1247 1248 1260 1263 1271 1277
 1280 1282 1288 1291 1292 1294 1303 1307 1310 1311 1316 1318 1321 1324
 1329 1342 1349 1359 1362 1364 1365 1367 1372 1376 1383 1393 1412 1415
 1429 1430 1443 1465 1471 1475 1480 1485 1487 1491 1493 1494 1510 1514
 1528 1539 1543 1563 1566 1568 1574 1576 1579 1590 1592 1600 1601 1606
 1607 1608 1611 1613 1615 1622 1628 1631 1635 1636 1653 1654 1656 1657
 1658 1661 1663 1687 1689 1690 1698 1699 1700 1704 1705 1710 1711 1722
 1723 1730 1732 1736 1744 1745 1747 1749 1759 1774 1778 1781 1785 1789
 1793 1801 1803 1804 1805 1825 1831 1836 1850 1851 1854 1861 1874 1875
 1881 1893 1899 1903 1904 1906 1911 1920 1924 1928 1929 1932 1933 1936
 1942 1953 1955 1956 1957 1959 1962 1964 1966 1971 1979 1982 1986 1998
 2011 2015 2020 2030 2031 2034 2038 2047 2050 2060 2061 2067 2070 2083
 2102 2112 2114 2115 2118 2120 2122 2124 2126 2134 2153 2154 2155 2173
 2178 2184 2191 2192 2193 2201 2202 2209 2213 2224 2245 2247 2248 2258
 2259 2260 2263 2270 2272 2281 2288 2290 2291 2299 2307 2309 2318 2320
 2322 2328 2335 2356 2358 2361 2364 2366 2368 2371 2375 2378 2379 2385
 2388 2391 2395 2413 2415 2416 2418 2420 2422 2427 2433 2434 2450 2452
 2455 2458 2462 2463 2465 2468 2469 2473 2481 2486 2489 2493 2494 2498
 2500 2507 2508 2511 2514 2519 2522 2526 2544 2549 2551 2554 2558 2561
 2568 2570 2576 2586 2588 2589 2592 2596 2600 2605 2619 2621 2623 2630
 2631 2633 2634 2637 2649 2650 2651 2653 2660 2662 2667 2669 2672 2677
 2680 2689 2690 2693 2702 2710 2718 2720 2729 2735 2738 2743 2745 2746
 2747 2748 2755 2756 2760 2770 2773 2775 2785 2789 2801 2802 2804 2808
 2809 2810 2816 2817 2823 2830 2833 2845 2852 2858 2867 2869 2891 2895
 2896 2898 2902 2906 2907 2917 2922 2926 2928 2933 2947 2950 2958 2964
 2965 2971 2979 2985 2989 3001 3002 3005 3008 3013 3019 3025 3030 3031
 3033 3036 3042 3051 3055 3056 3058 3064 3069 3071 3073 3084 3085 3088
 3091 3093 3094]
TRAIN: [   0    1    2 ... 3093 3094 3095] TEST: [   7    9   11   16   21   24   38   39   41   45   50   53   59   60
   66   72   86   87   88   91   92   94   95  100  101  102  115  127
  128  129  142  146  147  153  157  163  168  170  174  178  185  186
  193  195  200  220  222  243  253  257  264  266  270  277  279  282
  284  287  288  293  294  304  306  310  321  325  326  344  354  355
  357  370  380  385  386  387  397  401  409  411  412  415  416  427
  435  438  451  455  458  470  473  493  495  502  507  508  512  517
  519  520  522  531  536  538  539  540  544  545  553  560  573  576
  578  582  596  601  603  615  619  633  637  646  650  651  652  657
  659  660  669  672  673  680  684  688  691  694  716  719  723  725
  727  729  744  754  760  766  768  773  779  780  782  783  786  802
  803  805  810  817  825  830  840  844  845  846  847  848  864  869
  872  873  884  886  890  900  906  911  913  921  930  943  945  954
  959  963  967  968  969  976  981  983  984  986  987  988  991  993
  994  995  999 1012 1020 1023 1026 1027 1034 1035 1042 1044 1050 1057
 1068 1069 1073 1078 1079 1082 1085 1087 1088 1094 1097 1102 1103 1109
 1112 1123 1125 1135 1142 1145 1153 1155 1160 1161 1170 1176 1178 1182
 1183 1185 1188 1201 1211 1215 1227 1232 1240 1252 1257 1259 1272 1275
 1285 1287 1301 1302 1308 1312 1319 1331 1333 1335 1336 1338 1339 1340
 1346 1347 1348 1352 1361 1363 1368 1377 1385 1387 1390 1392 1394 1395
 1399 1409 1410 1411 1418 1420 1434 1436 1439 1440 1444 1445 1448 1455
 1461 1463 1464 1467 1468 1469 1476 1478 1481 1489 1495 1496 1502 1505
 1506 1517 1520 1522 1527 1531 1537 1541 1544 1545 1549 1551 1554 1555
 1559 1570 1573 1583 1591 1594 1596 1602 1603 1605 1617 1623 1624 1626
 1629 1640 1643 1648 1655 1660 1668 1672 1679 1680 1683 1693 1708 1720
 1733 1735 1737 1740 1748 1750 1754 1756 1771 1779 1782 1783 1790 1792
 1796 1800 1810 1811 1812 1814 1815 1816 1820 1827 1837 1844 1845 1849
 1863 1864 1872 1883 1885 1889 1892 1901 1910 1918 1921 1927 1930 1937
 1939 1940 1941 1944 1945 1948 1951 1958 1961 1973 1976 1988 1989 2000
 2006 2008 2009 2013 2016 2023 2025 2026 2029 2033 2039 2042 2044 2045
 2046 2064 2075 2081 2082 2084 2087 2092 2098 2099 2106 2117 2129 2133
 2138 2139 2140 2141 2144 2146 2157 2161 2167 2171 2183 2190 2198 2205
 2206 2208 2214 2216 2218 2222 2230 2236 2242 2257 2261 2264 2268 2277
 2278 2279 2283 2292 2295 2296 2316 2325 2330 2340 2341 2343 2345 2351
 2360 2362 2369 2372 2382 2389 2402 2419 2428 2432 2435 2437 2438 2440
 2445 2447 2454 2456 2471 2475 2476 2478 2480 2483 2485 2496 2497 2505
 2510 2516 2532 2533 2534 2537 2555 2556 2562 2567 2571 2583 2584 2585
 2593 2611 2612 2614 2622 2624 2629 2642 2645 2671 2673 2674 2675 2678
 2679 2686 2696 2697 2699 2703 2706 2708 2711 2717 2719 2721 2731 2732
 2734 2736 2739 2752 2754 2762 2765 2771 2778 2779 2780 2782 2790 2791
 2797 2805 2815 2825 2827 2831 2836 2837 2838 2841 2844 2847 2848 2851
 2855 2856 2859 2864 2865 2872 2876 2882 2890 2894 2903 2905 2908 2918
 2920 2929 2932 2938 2939 2940 2941 2962 2966 2969 2970 2975 2983 2988
 2991 2994 2995 2999 3004 3010 3018 3021 3022 3029 3035 3045 3054 3059
 3066 3081 3090]
TRAIN: [   3    4    5 ... 3093 3094 3095] TEST: [   0    1    2    8   17   29   32   36   46   51   74   75   77   78
   82   89   90   98   99  112  116  117  118  130  132  137  149  151
  155  156  159  165  166  172  173  181  183  189  190  194  197  209
  219  225  236  237  241  244  247  248  258  280  281  290  291  292
  297  298  299  300  301  305  309  314  319  324  327  328  331  338
  340  343  345  352  359  362  368  373  374  375  379  384  389  392
  394  396  406  407  410  417  420  424  425  429  431  439  441  442
  445  456  463  478  483  487  492  501  510  511  514  515  526  532
  533  546  547  548  568  571  572  579  583  584  589  594  600  602
  610  612  624  641  645  649  656  661  662  664  665  666  667  668
  670  671  674  675  676  692  695  706  708  709  710  711  715  717
  718  721  728  730  742  748  749  751  753  757  763  787  790  792
  797  800  808  809  814  822  823  828  843  855  859  861  862  867
  880  882  888  903  905  908  919  922  924  925  934  937  938  952
  961  964  966  970  980  982  989  996  998 1001 1005 1017 1018 1019
 1029 1033 1038 1043 1049 1059 1061 1065 1066 1070 1074 1083 1084 1091
 1092 1107 1110 1120 1140 1147 1164 1168 1169 1175 1177 1180 1181 1184
 1193 1194 1195 1198 1205 1208 1214 1219 1222 1223 1230 1236 1239 1244
 1254 1261 1267 1268 1279 1284 1289 1290 1296 1297 1306 1309 1313 1320
 1326 1328 1330 1337 1343 1351 1353 1356 1360 1375 1378 1379 1381 1382
 1396 1401 1402 1403 1413 1426 1442 1449 1450 1453 1456 1459 1460 1482
 1483 1488 1490 1498 1501 1507 1509 1512 1513 1515 1524 1525 1534 1536
 1538 1540 1548 1556 1561 1564 1575 1577 1580 1599 1620 1621 1625 1630
 1637 1638 1639 1642 1644 1650 1659 1665 1670 1673 1675 1677 1678 1681
 1685 1691 1692 1694 1695 1701 1706 1707 1714 1726 1734 1738 1742 1752
 1762 1764 1776 1777 1784 1786 1799 1802 1809 1824 1826 1833 1839 1841
 1857 1860 1862 1865 1866 1873 1876 1877 1884 1886 1890 1895 1897 1898
 1907 1908 1919 1926 1934 1943 1947 1968 1975 1977 1978 1980 1983 1984
 1985 1987 1990 1995 2001 2017 2022 2036 2037 2041 2051 2052 2058 2063
 2068 2069 2073 2080 2086 2089 2091 2096 2100 2104 2105 2111 2113 2116
 2125 2137 2143 2160 2165 2166 2175 2177 2180 2181 2185 2195 2196 2197
 2199 2207 2210 2211 2212 2219 2221 2225 2227 2229 2231 2235 2237 2240
 2241 2244 2246 2253 2254 2262 2266 2276 2285 2287 2294 2301 2302 2306
 2310 2311 2312 2313 2314 2319 2323 2324 2326 2331 2336 2339 2342 2344
 2346 2350 2357 2359 2367 2373 2374 2377 2387 2394 2396 2397 2399 2400
 2401 2408 2417 2421 2426 2441 2444 2448 2451 2453 2457 2459 2467 2472
 2477 2487 2492 2495 2499 2504 2506 2515 2523 2524 2525 2529 2531 2540
 2541 2545 2550 2553 2557 2560 2572 2579 2582 2587 2590 2594 2602 2606
 2608 2610 2613 2625 2628 2639 2640 2644 2648 2655 2656 2665 2670 2676
 2681 2685 2692 2700 2709 2713 2714 2715 2723 2726 2733 2737 2742 2744
 2753 2757 2758 2759 2776 2783 2784 2792 2798 2812 2813 2819 2822 2832
 2834 2850 2853 2862 2870 2883 2886 2887 2889 2892 2897 2899 2911 2913
 2919 2924 2925 2930 2931 2934 2944 2945 2946 2949 2953 2957 2959 2961
 2977 2978 2987 3009 3011 3012 3020 3027 3037 3040 3061 3063 3065 3070
 3076 3079 3083]
TRAIN: [   0    1    2 ... 3091 3093 3094] TEST: [   6   12   14   15   18   22   23   26   27   30   31   47   56   57
   58   62   65   68   80   85   93  108  109  110  113  120  122  124
  126  131  135  136  139  141  144  148  150  154  158  160  169  184
  205  207  213  214  216  217  223  227  240  242  246  254  256  261
  263  265  268  271  273  274  285  286  333  336  337  339  342  346
  347  351  363  364  365  367  369  376  377  381  382  388  390  400
  414  423  428  432  434  448  450  460  469  477  479  480  481  488
  490  491  498  499  504  516  524  525  537  541  549  554  555  562
  563  564  565  569  574  586  591  592  597  606  608  620  622  626
  631  635  642  644  647  663  687  690  693  698  699  703  704  712
  714  720  724  732  737  738  739  752  756  771  775  776  784  804
  807  813  818  820  827  831  832  841  842  849  851  868  871  885
  887  893  895  899  901  902  910  912  920  926  928  929  933  936
  948  949  951  956  957  972  974  975  977  985  992 1000 1002 1006
 1009 1010 1014 1024 1025 1030 1031 1041 1045 1046 1048 1063 1080 1081
 1089 1090 1099 1100 1105 1106 1111 1115 1116 1121 1124 1129 1131 1132
 1133 1134 1137 1139 1143 1146 1149 1150 1151 1156 1158 1159 1163 1165
 1166 1174 1186 1187 1191 1192 1196 1197 1202 1203 1207 1213 1216 1226
 1233 1238 1242 1246 1255 1256 1265 1266 1270 1273 1276 1278 1286 1295
 1299 1305 1314 1315 1317 1327 1334 1341 1344 1345 1355 1357 1366 1370
 1374 1384 1386 1388 1389 1391 1397 1398 1400 1404 1405 1407 1408 1414
 1417 1419 1423 1424 1428 1431 1433 1435 1437 1446 1447 1452 1454 1458
 1462 1470 1474 1477 1503 1516 1518 1519 1523 1542 1546 1547 1550 1552
 1553 1557 1558 1560 1565 1567 1569 1571 1578 1582 1585 1586 1587 1588
 1589 1598 1618 1619 1632 1633 1634 1641 1646 1651 1652 1666 1669 1674
 1676 1682 1684 1696 1709 1713 1717 1718 1721 1724 1751 1755 1757 1763
 1768 1772 1794 1807 1813 1817 1818 1819 1823 1828 1829 1832 1834 1835
 1848 1853 1858 1859 1868 1870 1879 1888 1891 1894 1896 1900 1905 1909
 1912 1913 1915 1916 1917 1922 1925 1938 1950 1963 1967 1969 1974 1993
 1996 1997 1999 2002 2004 2010 2012 2021 2028 2035 2040 2048 2049 2053
 2054 2055 2057 2066 2072 2074 2079 2085 2088 2095 2097 2107 2108 2121
 2127 2128 2130 2135 2145 2151 2152 2156 2168 2169 2172 2174 2176 2179
 2186 2189 2194 2204 2217 2223 2226 2228 2232 2233 2234 2251 2252 2255
 2269 2271 2275 2284 2289 2293 2297 2298 2303 2308 2317 2321 2329 2332
 2333 2334 2338 2348 2349 2352 2354 2363 2370 2376 2381 2383 2403 2404
 2405 2406 2410 2412 2429 2431 2436 2442 2443 2461 2470 2474 2482 2488
 2491 2502 2513 2518 2520 2521 2527 2530 2535 2536 2539 2542 2546 2565
 2566 2569 2575 2591 2595 2599 2601 2604 2607 2609 2615 2616 2618 2626
 2635 2636 2638 2646 2647 2654 2657 2658 2659 2661 2663 2682 2687 2688
 2691 2694 2698 2701 2704 2705 2712 2716 2722 2725 2749 2761 2767 2768
 2777 2781 2786 2799 2800 2807 2814 2820 2829 2835 2843 2849 2854 2857
 2861 2863 2868 2878 2879 2880 2900 2901 2909 2910 2916 2923 2936 2942
 2948 2956 2960 2963 2967 2974 2980 2982 2984 2993 2996 3006 3014 3015
 3016 3017 3024 3026 3032 3038 3043 3044 3046 3047 3049 3050 3060 3062
 3078 3092 3095]
#Blocking Clusters: 2655, #Distinct Nodes: 6035, #Blocking Cluster Percent: 44
Total #PosPairs=1140, #NegPairs=1956, True Positive % = 75.19788918205805, False Negative % = 24.80211081794195, negToPosRatio = 1.7157894736842105
