on cpu
Total #Pairs=1516, #Unfound Pairs=0
USESim Blocking
from src/model/gnn/dataset/human-mouse-embedSimBlock/human_mouse_Ontology_Node_Embeddings.txt
pair count so far=100000
pair count so far=200000
pair count so far=300000
pair count so far=400000
pair count so far=500000
pair count so far=100000
pair count so far=200000
pair count so far=300000
pair count so far=400000
pair count so far=500000
pair count so far=100000
pair count so far=200000
pair count so far=300000
pair count so far=400000
pair count so far=500000
pair count so far=100000
pair count so far=200000
pair count so far=300000
pair count so far=400000
pair count so far=500000
pair count so far=100000
pair count so far=200000
pair count so far=300000
pair count so far=400000
pair count so far=500000
pair count so far=100000
pair count so far=200000
pair count so far=300000
pair count so far=400000
pair count so far=500000
pair count so far=100000
pair count so far=200000
pair count so far=300000
pair count so far=400000
pair count so far=500000
pair count so far=100000
pair count so far=200000
pair count so far=300000
pair count so far=400000
pair count so far=500000
pair count so far=100000
pair count so far=200000
pair count so far=300000
pair count so far=400000
pair count so far=500000
pair count so far=100000
pair count so far=200000
pair count so far=300000
pair count so far=400000
pair count so far=500000
pair count so far=100000
pair count so far=200000
pair count so far=300000
pair count so far=400000
pair count so far=500000
pair count so far=100000
pair count so far=200000
pair count so far=300000
pair count so far=400000
pair count so far=500000
pair count so far=100000
pair count so far=200000
pair count so far=300000
pair count so far=400000
pair count so far=500000
pair count so far=100000
pair count so far=200000
pair count so far=300000
pair count so far=400000
pair count so far=500000
pair count so far=100000
pair count so far=200000
pair count so far=300000
pair count so far=400000
pair count so far=500000
pair count so far=100000
pair count so far=200000
pair count so far=300000
pair count so far=400000
pair count so far=500000
len(poolPairs)=16
Done with totalPairs creation!
len(posPairs)=1516, len(commPosPairs)=3032
len(posPairs)=1098, len(commPosPairs)=2196
TRAIN: [   0    1    3 ... 1874 1875 1877] TEST: [   2    4    5    8   25   32   33   35   42   46   50   55   56   61
   67   68   69   74   75   77   81   83   87   90   94   96   97   98
  110  113  123  125  138  140  142  146  150  151  153  161  163  165
  166  174  175  176  183  187  191  196  205  206  224  226  235  237
  247  254  255  261  267  270  285  292  298  299  304  305  308  321
  338  339  341  344  345  348  354  368  369  371  380  392  398  401
  406  416  418  420  424  429  437  440  447  449  464  470  472  476
  480  484  489  498  504  520  527  533  535  537  544  546  551  552
  560  563  582  585  590  608  614  621  622  626  627  635  636  639
  640  645  646  659  663  664  666  672  674  677  684  691  693  696
  700  712  713  720  724  737  748  783  785  787  788  796  797  798
  802  804  807  809  818  827  837  845  846  850  855  856  860  883
  886  891  893  895  898  917  918  923  926  929  931  935  936  942
  946  951  952  958  961  962  963  966  967  968  972  974  977  981
  988  995  997  999 1008 1017 1024 1029 1030 1035 1039 1042 1050 1056
 1060 1066 1070 1074 1075 1077 1090 1091 1092 1095 1105 1113 1127 1129
 1134 1135 1143 1147 1149 1153 1156 1162 1163 1171 1183 1184 1185 1188
 1192 1195 1197 1198 1201 1217 1230 1251 1254 1267 1273 1279 1280 1282
 1286 1289 1297 1300 1301 1315 1318 1324 1334 1338 1339 1341 1342 1343
 1347 1353 1360 1363 1364 1365 1367 1373 1376 1378 1383 1396 1402 1403
 1405 1406 1407 1411 1419 1420 1423 1427 1433 1439 1441 1443 1446 1454
 1455 1458 1461 1466 1478 1480 1484 1489 1492 1510 1512 1517 1537 1538
 1541 1544 1556 1562 1563 1565 1567 1568 1570 1572 1574 1575 1576 1578
 1579 1580 1582 1589 1593 1596 1598 1599 1607 1611 1624 1632 1635 1640
 1647 1655 1671 1674 1677 1681 1685 1686 1699 1700 1713 1720 1722 1731
 1737 1744 1760 1762 1771 1778 1781 1784 1797 1798 1803 1805 1809 1812
 1813 1815 1819 1823 1828 1831 1844 1849 1852 1873 1876 1878]
TRAIN: [   1    2    3 ... 1876 1877 1878] TEST: [   0   16   17   23   29   36   44   45   47   49   52   54   64   66
   76   86   95   99  101  102  106  109  114  131  132  143  145  148
  152  154  156  164  167  171  173  185  190  192  193  204  208  212
  220  228  233  239  241  243  251  258  260  264  268  276  279  281
  289  290  294  297  301  302  303  307  309  313  314  316  318  320
  322  325  328  331  340  346  350  353  364  365  383  387  390  405
  407  409  421  427  431  432  438  439  444  446  450  451  457  462
  468  477  486  492  505  512  514  517  519  524  539  553  554  557
  562  568  583  588  592  595  598  605  606  610  617  618  619  625
  630  633  634  647  651  653  657  661  667  668  678  679  685  686
  706  709  711  715  718  731  732  743  746  747  749  758  764  765
  770  777  779  780  786  794  800  820  821  825  830  831  833  836
  848  852  865  866  867  870  876  877  882  890  899  902  903  905
  912  922  933  937  939  940  944  947  948  950  964  969  975  990
  994  996 1000 1002 1004 1009 1011 1016 1018 1022 1028 1036 1038 1049
 1051 1052 1061 1069 1072 1073 1078 1080 1086 1087 1098 1100 1109 1111
 1114 1117 1119 1120 1125 1130 1137 1138 1140 1151 1152 1154 1159 1161
 1165 1166 1173 1176 1177 1181 1187 1202 1212 1213 1221 1227 1232 1236
 1239 1244 1250 1253 1257 1265 1266 1269 1292 1294 1295 1308 1317 1321
 1322 1328 1329 1331 1345 1348 1351 1359 1370 1381 1387 1394 1397 1398
 1399 1400 1413 1421 1437 1449 1453 1457 1465 1468 1470 1472 1474 1491
 1498 1501 1504 1505 1508 1513 1519 1523 1529 1530 1532 1535 1540 1543
 1545 1547 1550 1555 1564 1566 1571 1573 1584 1585 1597 1603 1605 1606
 1608 1609 1616 1617 1627 1629 1630 1637 1639 1643 1649 1653 1657 1659
 1665 1670 1688 1697 1704 1708 1712 1715 1719 1721 1723 1728 1733 1734
 1739 1754 1755 1763 1768 1777 1782 1783 1785 1788 1791 1792 1807 1814
 1817 1825 1832 1838 1845 1847 1850 1854 1855 1865 1869 1872]
TRAIN: [   0    1    2 ... 1875 1876 1878] TEST: [   7   13   15   20   21   24   28   41   43   51   53   57   59   60
   62   63   71   72   88   89  105  115  120  121  122  126  127  134
  137  141  144  147  169  172  178  182  184  189  194  197  201  202
  210  211  213  214  217  222  225  227  231  244  246  248  249  252
  257  273  274  283  286  287  291  293  295  300  324  326  329  335
  342  343  349  359  366  370  375  377  382  384  388  389  395  396
  404  408  414  419  423  425  434  435  441  442  443  452  453  455
  456  458  459  463  466  479  482  483  485  491  500  509  521  523
  526  529  531  534  538  550  555  558  565  569  571  572  574  576
  579  587  589  596  607  623  629  641  642  650  658  662  670  680
  681  703  707  721  722  723  727  730  734  761  762  767  774  782
  789  792  801  805  808  811  819  834  835  838  840  841  849  854
  859  861  869  871  874  875  884  904  906  914  915  919  921  930
  945  953  954  959  960  971  973  978  979  980  983  984  986  987
  989  991  992  998 1005 1010 1012 1013 1014 1019 1020 1031 1034 1044
 1053 1055 1064 1067 1068 1083 1085 1088 1093 1096 1101 1104 1107 1110
 1115 1118 1121 1132 1133 1144 1146 1148 1155 1158 1164 1168 1169 1172
 1175 1179 1182 1189 1193 1204 1206 1207 1211 1219 1220 1229 1233 1235
 1238 1247 1248 1249 1252 1256 1275 1278 1284 1288 1290 1298 1303 1304
 1305 1309 1311 1312 1313 1320 1332 1335 1358 1362 1371 1382 1389 1393
 1395 1408 1410 1417 1428 1430 1434 1445 1451 1452 1459 1460 1462 1469
 1471 1481 1493 1499 1502 1506 1507 1509 1525 1542 1551 1553 1554 1557
 1581 1592 1594 1595 1600 1602 1604 1612 1613 1614 1618 1621 1633 1634
 1644 1645 1652 1656 1661 1663 1666 1667 1672 1687 1689 1690 1692 1701
 1705 1706 1707 1711 1716 1724 1726 1732 1736 1741 1743 1745 1746 1752
 1765 1766 1769 1773 1774 1775 1789 1790 1795 1799 1804 1810 1816 1822
 1827 1829 1834 1836 1841 1842 1857 1859 1862 1863 1867 1877]
TRAIN: [   0    1    2 ... 1876 1877 1878] TEST: [   9   11   12   18   19   22   26   27   31   34   37   40   48   73
   78   79  103  107  111  112  116  117  128  129  130  133  136  139
  155  158  159  162  170  177  179  180  181  199  203  207  209  215
  216  218  219  223  242  250  253  256  266  280  284  288  306  310
  311  315  323  327  332  334  336  337  351  352  358  361  363  367
  372  373  378  379  385  391  394  402  412  413  417  426  428  430
  433  448  454  467  478  481  487  488  490  493  494  495  496  497
  499  507  510  515  516  518  528  532  540  543  545  567  577  580
  581  584  586  593  594  597  601  611  616  620  628  632  643  648
  654  655  660  665  676  682  683  687  690  692  697  698  699  702
  705  710  714  717  725  728  729  735  738  739  740  742  744  751
  752  754  757  759  768  773  775  776  781  784  795  810  812  815
  816  822  826  828  839  842  843  853  858  862  863  868  878  879
  880  881  894  896  897  901  907  908  910  911  913  916  920  927
  932  938  955  956  957  976  982  993 1001 1006 1007 1023 1032 1037
 1040 1045 1046 1048 1059 1063 1076 1081 1097 1099 1102 1108 1116 1126
 1136 1141 1145 1150 1178 1190 1191 1194 1196 1199 1208 1209 1224 1228
 1231 1234 1241 1243 1255 1258 1261 1262 1268 1271 1272 1276 1283 1285
 1287 1293 1299 1307 1323 1327 1333 1340 1346 1349 1350 1352 1354 1361
 1366 1368 1372 1374 1375 1377 1390 1391 1414 1415 1416 1424 1425 1429
 1431 1436 1440 1442 1444 1448 1450 1456 1467 1475 1479 1482 1483 1486
 1488 1500 1515 1518 1526 1528 1534 1546 1548 1549 1560 1569 1577 1583
 1590 1591 1601 1610 1615 1619 1620 1622 1625 1626 1628 1631 1641 1642
 1648 1650 1651 1660 1664 1669 1675 1678 1682 1683 1691 1694 1696 1698
 1702 1703 1710 1714 1725 1730 1738 1740 1742 1748 1749 1750 1757 1758
 1761 1764 1770 1776 1779 1786 1793 1794 1796 1800 1801 1802 1808 1820
 1824 1826 1835 1837 1839 1840 1843 1851 1864 1868 1870 1874]
TRAIN: [   0    2    4 ... 1876 1877 1878] TEST: [   1    3    6   10   14   30   38   39   58   65   70   80   82   84
   85   91   92   93  100  104  108  118  119  124  135  149  157  160
  168  186  188  195  198  200  221  229  230  232  234  236  238  240
  245  259  262  263  265  269  271  272  275  277  278  282  296  312
  317  319  330  333  347  355  356  357  360  362  374  376  381  386
  393  397  399  400  403  410  411  415  422  436  445  460  461  465
  469  471  473  474  475  501  502  503  506  508  511  513  522  525
  530  536  541  542  547  548  549  556  559  561  564  566  570  573
  575  578  591  599  600  602  603  604  609  612  613  615  624  631
  637  638  644  649  652  656  669  671  673  675  688  689  694  695
  701  704  708  716  719  726  733  736  741  745  750  753  755  756
  760  763  766  769  771  772  778  790  791  793  799  803  806  813
  814  817  823  824  829  832  844  847  851  857  864  872  873  885
  887  888  889  892  900  909  924  925  928  934  941  943  949  965
  970  985 1003 1015 1021 1025 1026 1027 1033 1041 1043 1047 1054 1057
 1058 1062 1065 1071 1079 1082 1084 1089 1094 1103 1106 1112 1122 1123
 1124 1128 1131 1139 1142 1157 1160 1167 1170 1174 1180 1186 1200 1203
 1205 1210 1214 1215 1216 1218 1222 1223 1225 1226 1237 1240 1242 1245
 1246 1259 1260 1263 1264 1270 1274 1277 1281 1291 1296 1302 1306 1310
 1314 1316 1319 1325 1326 1330 1336 1337 1344 1355 1356 1357 1369 1379
 1380 1384 1385 1386 1388 1392 1401 1404 1409 1412 1418 1422 1426 1432
 1435 1438 1447 1463 1464 1473 1476 1477 1485 1487 1490 1494 1495 1496
 1497 1503 1511 1514 1516 1520 1521 1522 1524 1527 1531 1533 1536 1539
 1552 1558 1559 1561 1586 1587 1588 1623 1636 1638 1646 1654 1658 1662
 1668 1673 1676 1679 1680 1684 1693 1695 1709 1717 1718 1727 1729 1735
 1747 1751 1753 1756 1759 1767 1772 1780 1787 1806 1811 1818 1821 1830
 1833 1846 1848 1853 1856 1858 1860 1861 1866 1871 1875]
#Blocking Clusters: 2655, #Distinct Nodes: 6035, #Blocking Cluster Percent: 44
Total #PosPairs=1098, #NegPairs=781, True Positive % = 72.42744063324538, False Negative % = 27.572559366754618, negToPosRatio = 0.7112932604735883
