on cpu
Total #Pairs=1516, #Unfound Pairs=0
USESim Blocking
from src/model/gnn/dataset/human-mouse-embedSimBlock/human_mouse_Ontology_Node_Embeddings.txt
pair count so far=100000
pair count so far=200000
pair count so far=300000
pair count so far=400000
pair count so far=500000
pair count so far=100000
pair count so far=200000
pair count so far=300000
pair count so far=400000
pair count so far=500000
pair count so far=100000
pair count so far=200000
pair count so far=300000
pair count so far=400000
pair count so far=500000
pair count so far=100000
pair count so far=200000
pair count so far=300000
pair count so far=400000
pair count so far=500000
pair count so far=100000
pair count so far=200000
pair count so far=300000
pair count so far=400000
pair count so far=500000
pair count so far=100000
pair count so far=200000
pair count so far=300000
pair count so far=400000
pair count so far=500000
pair count so far=100000
pair count so far=200000
pair count so far=300000
pair count so far=400000
pair count so far=500000
pair count so far=100000
pair count so far=200000
pair count so far=300000
pair count so far=400000
pair count so far=500000
pair count so far=100000
pair count so far=200000
pair count so far=300000
pair count so far=400000
pair count so far=500000
pair count so far=100000
pair count so far=200000
pair count so far=300000
pair count so far=400000
pair count so far=500000
pair count so far=100000
pair count so far=200000
pair count so far=300000
pair count so far=400000
pair count so far=500000
pair count so far=100000
pair count so far=200000
pair count so far=300000
pair count so far=400000
pair count so far=500000
pair count so far=100000
pair count so far=200000
pair count so far=300000
pair count so far=400000
pair count so far=500000
pair count so far=100000
pair count so far=200000
pair count so far=300000
pair count so far=400000
pair count so far=500000
pair count so far=100000
pair count so far=200000
pair count so far=300000
pair count so far=400000
pair count so far=500000
pair count so far=100000
pair count so far=200000
pair count so far=300000
pair count so far=400000
pair count so far=500000
len(poolPairs)=16
Done with totalPairs creation!
len(posPairs)=1516, len(commPosPairs)=3032
len(posPairs)=1125, len(commPosPairs)=2250
TRAIN: [   0    2    3 ... 2605 2607 2609] TEST: [   1   10   12   29   30   38   47   56   60   65   66   68   75   80
   93   98  104  107  119  125  127  136  147  154  162  164  171  174
  177  189  200  210  222  227  229  233  246  251  253  255  257  261
  265  266  277  280  285  286  290  292  293  299  304  312  347  348
  350  359  361  368  371  379  380  384  385  396  398  399  407  416
  421  426  431  434  436  444  449  454  455  458  466  478  482  484
  486  487  492  496  498  505  506  509  510  511  512  515  518  519
  520  528  538  541  548  549  556  557  559  564  565  569  578  579
  580  585  591  592  594  596  599  602  605  612  620  625  635  637
  641  643  652  653  658  660  676  685  691  693  694  696  699  705
  706  713  716  723  730  736  737  740  743  747  751  753  757  758
  760  762  767  768  787  793  802  805  809  811  814  819  823  826
  832  836  840  842  843  844  854  855  865  878  884  886  888  891
  900  912  915  917  918  923  937  941  944  949  956  957  965  969
  970  975  976  979  983  987  990  991  995 1006 1009 1011 1017 1024
 1025 1032 1033 1038 1045 1054 1058 1077 1083 1086 1098 1101 1102 1119
 1120 1127 1133 1142 1147 1150 1155 1157 1161 1162 1179 1180 1184 1189
 1194 1203 1204 1211 1217 1218 1221 1222 1228 1237 1246 1259 1272 1280
 1284 1302 1304 1306 1311 1321 1327 1330 1339 1347 1350 1353 1354 1359
 1361 1362 1371 1373 1384 1387 1388 1389 1390 1393 1398 1400 1410 1414
 1418 1423 1428 1429 1433 1448 1455 1458 1471 1476 1479 1481 1483 1493
 1497 1503 1507 1508 1510 1519 1522 1526 1527 1530 1534 1541 1542 1545
 1548 1550 1553 1561 1563 1568 1577 1580 1589 1595 1600 1615 1619 1621
 1622 1632 1634 1639 1643 1648 1655 1659 1666 1668 1680 1682 1687 1692
 1699 1701 1704 1713 1715 1719 1723 1727 1734 1735 1740 1744 1745 1749
 1750 1753 1765 1788 1789 1806 1808 1812 1813 1819 1825 1830 1833 1838
 1840 1850 1853 1855 1865 1870 1871 1875 1877 1886 1888 1893 1899 1904
 1910 1912 1915 1923 1924 1926 1934 1943 1963 1964 1970 1971 1984 1986
 1990 1993 1996 2002 2009 2013 2014 2019 2024 2030 2033 2036 2037 2044
 2049 2052 2062 2067 2072 2074 2079 2081 2097 2101 2108 2113 2115 2117
 2129 2135 2136 2137 2144 2145 2148 2156 2158 2160 2167 2179 2188 2190
 2192 2197 2202 2208 2211 2212 2213 2215 2216 2231 2235 2240 2241 2242
 2247 2250 2251 2252 2259 2265 2268 2269 2274 2278 2279 2284 2293 2295
 2296 2300 2302 2308 2311 2312 2313 2317 2319 2326 2330 2331 2348 2355
 2356 2371 2373 2374 2376 2381 2384 2385 2391 2400 2406 2408 2429 2435
 2436 2449 2450 2452 2454 2458 2462 2467 2470 2471 2472 2484 2485 2493
 2495 2508 2509 2513 2524 2532 2536 2544 2546 2566 2570 2573 2574 2580
 2592 2600 2606 2608 2610]
TRAIN: [   0    1    2 ... 2608 2609 2610] TEST: [   3    6   17   22   28   31   35   37   39   42   44   45   49   50
   57   63   64   76   78   86   97  106  109  115  116  129  132  144
  148  157  160  170  172  175  180  181  182  188  192  205  206  215
  216  217  219  224  226  228  237  241  258  263  270  274  276  284
  287  288  300  302  308  315  316  317  321  322  324  327  339  342
  344  353  357  358  360  365  367  372  375  382  387  390  400  415
  424  425  427  428  430  437  448  451  457  459  464  470  488  493
  497  499  501  503  504  514  525  526  529  532  533  544  545  558
  568  574  575  576  586  590  611  613  616  627  629  640  646  650
  664  668  673  689  701  702  704  709  714  722  728  742  744  749
  755  775  779  780  784  785  786  791  795  800  820  821  827  839
  841  851  856  858  862  863  866  868  869  870  874  876  879  880
  882  893  894  898  901  903  906  909  910  922  925  929  931  932
  934  939  940  948  952  955  963  972  977  980  986  992 1005 1008
 1018 1019 1028 1031 1041 1044 1047 1051 1059 1060 1064 1065 1067 1072
 1074 1076 1081 1082 1092 1093 1094 1096 1100 1108 1111 1113 1114 1117
 1122 1128 1132 1138 1141 1144 1145 1152 1158 1167 1170 1172 1183 1185
 1187 1193 1199 1205 1216 1223 1226 1230 1241 1250 1277 1281 1285 1295
 1297 1298 1303 1319 1320 1322 1324 1332 1334 1335 1340 1341 1349 1355
 1365 1378 1380 1383 1392 1396 1397 1399 1403 1406 1407 1411 1416 1422
 1431 1434 1437 1438 1445 1447 1451 1456 1464 1478 1486 1488 1490 1492
 1495 1500 1504 1506 1512 1516 1523 1525 1543 1544 1555 1556 1559 1565
 1576 1581 1587 1594 1609 1610 1613 1614 1616 1618 1620 1623 1626 1627
 1629 1633 1644 1645 1661 1662 1665 1671 1674 1688 1690 1710 1718 1729
 1731 1756 1757 1758 1759 1763 1764 1766 1771 1775 1794 1797 1804 1809
 1810 1820 1826 1827 1834 1837 1839 1849 1851 1861 1868 1873 1874 1878
 1881 1883 1887 1890 1898 1903 1905 1919 1920 1921 1925 1929 1939 1940
 1955 1956 1962 1965 1966 1972 1978 1979 1989 2000 2004 2005 2006 2007
 2018 2022 2023 2026 2028 2034 2038 2050 2053 2056 2057 2060 2061 2064
 2070 2073 2086 2087 2088 2095 2096 2099 2103 2106 2107 2111 2112 2118
 2124 2128 2143 2147 2154 2169 2176 2177 2180 2184 2185 2187 2196 2204
 2217 2218 2225 2226 2227 2230 2236 2239 2245 2255 2256 2258 2270 2271
 2277 2283 2287 2289 2290 2301 2304 2307 2310 2322 2332 2334 2336 2338
 2343 2346 2349 2350 2352 2358 2359 2364 2369 2377 2380 2382 2387 2397
 2398 2402 2404 2407 2411 2413 2415 2416 2420 2421 2425 2430 2431 2440
 2441 2447 2455 2456 2465 2475 2499 2500 2501 2503 2510 2512 2520 2525
 2527 2528 2529 2530 2535 2538 2539 2543 2547 2549 2553 2558 2564 2567
 2581 2585 2597 2599]
TRAIN: [   0    1    2 ... 2608 2609 2610] TEST: [   5    7   15   23   26   41   43   48   51   53   59   61   62   79
   82   83   87   94   96   99  103  108  112  118  120  121  124  131
  143  146  149  153  155  156  166  167  168  178  183  194  196  207
  211  212  220  221  225  231  234  240  242  244  248  250  252  260
  264  271  283  291  295  298  305  307  310  313  323  325  328  329
  330  332  334  354  356  362  377  378  381  383  388  391  401  402
  413  414  419  423  435  438  439  447  456  460  462  465  473  477
  489  490  491  502  522  539  543  546  547  551  560  562  563  566
  567  571  572  577  581  588  595  601  604  606  607  610  617  619
  626  630  633  645  647  649  651  655  656  659  667  672  675  679
  680  688  695  703  707  708  710  717  720  721  725  752  763  764
  769  771  773  777  778  789  790  796  798  799  801  803  806  807
  812  824  829  847  848  853  857  859  860  867  873  875  885  887
  895  896  897  899  902  904  913  916  928  933  938  945  947  951
  958  961  968  973  974  984  997 1003 1015 1020 1021 1027 1039 1040
 1043 1049 1053 1057 1061 1066 1075 1080 1084 1087 1091 1097 1109 1110
 1118 1125 1135 1139 1140 1149 1160 1165 1169 1171 1173 1181 1186 1192
 1195 1196 1198 1200 1208 1209 1214 1215 1227 1229 1231 1232 1239 1242
 1249 1253 1255 1256 1258 1260 1261 1262 1265 1266 1274 1278 1279 1283
 1290 1291 1308 1312 1313 1325 1333 1337 1338 1342 1343 1345 1346 1351
 1352 1356 1358 1364 1366 1368 1372 1375 1376 1377 1382 1386 1391 1394
 1395 1402 1412 1413 1419 1421 1424 1436 1444 1452 1463 1468 1469 1472
 1473 1480 1485 1487 1498 1514 1520 1528 1531 1536 1547 1560 1562 1566
 1569 1572 1574 1578 1579 1584 1591 1592 1599 1606 1611 1617 1625 1628
 1637 1640 1642 1646 1651 1652 1656 1657 1670 1676 1677 1678 1684 1686
 1693 1697 1698 1703 1707 1720 1722 1724 1728 1736 1743 1748 1751 1752
 1760 1761 1762 1769 1778 1780 1781 1786 1787 1792 1793 1795 1796 1800
 1807 1815 1817 1829 1831 1832 1835 1843 1846 1848 1852 1854 1856 1857
 1863 1866 1867 1869 1872 1879 1880 1882 1885 1896 1906 1907 1911 1916
 1918 1930 1933 1935 1947 1952 1954 1968 1973 1982 1987 2008 2027 2035
 2039 2042 2043 2045 2058 2066 2068 2071 2077 2084 2085 2091 2093 2110
 2116 2121 2123 2150 2153 2155 2157 2162 2168 2172 2173 2174 2175 2178
 2193 2194 2198 2207 2220 2221 2224 2234 2238 2246 2248 2262 2264 2267
 2275 2282 2288 2292 2294 2314 2318 2321 2323 2335 2337 2342 2344 2366
 2383 2389 2399 2403 2405 2410 2417 2419 2422 2434 2437 2439 2443 2445
 2453 2457 2466 2469 2486 2491 2492 2502 2505 2506 2518 2519 2521 2526
 2533 2542 2545 2550 2556 2557 2560 2568 2572 2577 2586 2589 2591 2595
 2596 2604 2605 2607]
TRAIN: [   0    1    2 ... 2607 2608 2610] TEST: [   4    8    9   13   21   24   33   36   40   52   54   55   72   73
   74   90  101  102  105  113  114  117  123  133  135  137  138  140
  145  161  173  176  179  186  187  197  198  199  203  204  209  214
  235  243  249  254  267  268  278  279  281  282  289  294  296  297
  301  314  318  326  331  337  338  340  341  345  346  349  355  363
  364  366  369  376  386  393  394  397  403  404  406  409  411  412
  417  422  429  442  452  453  461  467  471  472  474  475  485  494
  495  500  507  508  513  516  523  527  540  552  553  554  561  573
  583  584  593  598  600  603  609  615  621  624  636  639  642  644
  648  654  661  663  666  669  670  674  681  683  684  686  692  698
  711  712  715  729  732  738  739  745  746  750  765  766  772  774
  776  782  792  794  797  804  808  810  815  818  822  825  828  833
  835  838  845  846  849  861  872  881  883  889  890  892  907  908
  920  926  930  935  936  942  943  946  954  959  960  962  964  978
  988  994  996  998 1001 1013 1014 1016 1026 1029 1035 1037 1046 1050
 1070 1071 1078 1079 1085 1088 1089 1095 1103 1104 1105 1107 1112 1115
 1116 1129 1130 1131 1136 1137 1148 1151 1163 1164 1166 1168 1174 1175
 1176 1177 1182 1188 1191 1201 1206 1207 1213 1220 1224 1240 1245 1248
 1251 1254 1257 1267 1268 1271 1276 1282 1287 1293 1294 1299 1305 1309
 1310 1316 1318 1328 1329 1331 1348 1357 1363 1367 1374 1420 1425 1435
 1440 1441 1442 1443 1449 1453 1460 1461 1462 1467 1475 1477 1489 1491
 1499 1501 1502 1505 1509 1511 1517 1518 1521 1524 1533 1537 1538 1539
 1549 1551 1552 1554 1557 1558 1567 1571 1586 1593 1596 1601 1602 1603
 1605 1630 1631 1635 1638 1641 1647 1649 1660 1663 1679 1681 1685 1689
 1695 1696 1700 1705 1706 1709 1712 1714 1717 1726 1730 1733 1737 1738
 1742 1747 1767 1772 1776 1777 1782 1783 1790 1791 1798 1799 1805 1816
 1836 1842 1858 1862 1884 1889 1891 1897 1900 1901 1908 1909 1917 1922
 1936 1937 1944 1948 1957 1959 1960 1983 1985 1988 1994 1997 2001 2003
 2010 2012 2016 2021 2032 2046 2047 2048 2051 2054 2055 2059 2069 2075
 2076 2082 2092 2094 2098 2100 2102 2104 2119 2122 2125 2127 2130 2133
 2134 2142 2146 2151 2161 2163 2165 2166 2170 2171 2181 2182 2191 2195
 2199 2200 2201 2206 2209 2223 2228 2229 2243 2244 2249 2253 2254 2257
 2261 2263 2266 2273 2276 2281 2286 2298 2305 2306 2320 2325 2328 2329
 2333 2340 2345 2347 2354 2357 2361 2362 2363 2365 2379 2388 2394 2395
 2401 2414 2423 2424 2427 2433 2442 2444 2460 2461 2468 2473 2474 2478
 2479 2480 2482 2490 2494 2507 2514 2516 2522 2523 2534 2537 2541 2548
 2552 2561 2562 2563 2569 2575 2576 2578 2579 2582 2583 2587 2588 2590
 2601 2602 2603 2609]
TRAIN: [   1    3    4 ... 2608 2609 2610] TEST: [   0    2   11   14   16   18   19   20   25   27   32   34   46   58
   67   69   70   71   77   81   84   85   88   89   91   92   95  100
  110  111  122  126  128  130  134  139  141  142  150  151  152  158
  159  163  165  169  184  185  190  191  193  195  201  202  208  213
  218  223  230  232  236  238  239  245  247  256  259  262  269  272
  273  275  303  306  309  311  319  320  333  335  336  343  351  352
  370  373  374  389  392  395  405  408  410  418  420  432  433  440
  441  443  445  446  450  463  468  469  476  479  480  481  483  517
  521  524  530  531  534  535  536  537  542  550  555  570  582  587
  589  597  608  614  618  622  623  628  631  632  634  638  657  662
  665  671  677  678  682  687  690  697  700  718  719  724  726  727
  731  733  734  735  741  748  754  756  759  761  770  781  783  788
  813  816  817  830  831  834  837  850  852  864  871  877  905  911
  914  919  921  924  927  950  953  966  967  971  981  982  985  989
  993  999 1000 1002 1004 1007 1010 1012 1022 1023 1030 1034 1036 1042
 1048 1052 1055 1056 1062 1063 1068 1069 1073 1090 1099 1106 1121 1123
 1124 1126 1134 1143 1146 1153 1154 1156 1159 1178 1190 1197 1202 1210
 1212 1219 1225 1233 1234 1235 1236 1238 1243 1244 1247 1252 1263 1264
 1269 1270 1273 1275 1286 1288 1289 1292 1296 1300 1301 1307 1314 1315
 1317 1323 1326 1336 1344 1360 1369 1370 1379 1381 1385 1401 1404 1405
 1408 1409 1415 1417 1426 1427 1430 1432 1439 1446 1450 1454 1457 1459
 1465 1466 1470 1474 1482 1484 1494 1496 1513 1515 1529 1532 1535 1540
 1546 1564 1570 1573 1575 1582 1583 1585 1588 1590 1597 1598 1604 1607
 1608 1612 1624 1636 1650 1653 1654 1658 1664 1667 1669 1672 1673 1675
 1683 1691 1694 1702 1708 1711 1716 1721 1725 1732 1739 1741 1746 1754
 1755 1768 1770 1773 1774 1779 1784 1785 1801 1802 1803 1811 1814 1818
 1821 1822 1823 1824 1828 1841 1844 1845 1847 1859 1860 1864 1876 1892
 1894 1895 1902 1913 1914 1927 1928 1931 1932 1938 1941 1942 1945 1946
 1949 1950 1951 1953 1958 1961 1967 1969 1974 1975 1976 1977 1980 1981
 1991 1992 1995 1998 1999 2011 2015 2017 2020 2025 2029 2031 2040 2041
 2063 2065 2078 2080 2083 2089 2090 2105 2109 2114 2120 2126 2131 2132
 2138 2139 2140 2141 2149 2152 2159 2164 2183 2186 2189 2203 2205 2210
 2214 2219 2222 2232 2233 2237 2260 2272 2280 2285 2291 2297 2299 2303
 2309 2315 2316 2324 2327 2339 2341 2351 2353 2360 2367 2368 2370 2372
 2375 2378 2386 2390 2392 2393 2396 2409 2412 2418 2426 2428 2432 2438
 2446 2448 2451 2459 2463 2464 2476 2477 2481 2483 2487 2488 2489 2496
 2497 2498 2504 2511 2515 2517 2531 2540 2551 2554 2555 2559 2565 2571
 2584 2593 2594 2598]
#Blocking Clusters: 2655, #Distinct Nodes: 6035, #Blocking Cluster Percent: 44
Total #PosPairs=1125, #NegPairs=1486, True Positive % = 74.2084432717678, False Negative % = 25.791556728232194, negToPosRatio = 1.3208888888888888
