on cpu
Total #Pairs=1516, #Unfound Pairs=0
USESim Blocking
from src/model/gnn/dataset/human-mouse-embedSimBlock/human_mouse_Ontology_Node_Embeddings.txt
pair count so far=100000
pair count so far=200000
pair count so far=300000
pair count so far=400000
pair count so far=500000
pair count so far=100000
pair count so far=200000
pair count so far=300000
pair count so far=400000
pair count so far=500000
pair count so far=100000
pair count so far=200000
pair count so far=300000
pair count so far=400000
pair count so far=500000
pair count so far=100000
pair count so far=200000
pair count so far=300000
pair count so far=400000
pair count so far=500000
pair count so far=100000
pair count so far=200000
pair count so far=300000
pair count so far=400000
pair count so far=500000
pair count so far=100000
pair count so far=200000
pair count so far=300000
pair count so far=400000
pair count so far=500000
pair count so far=100000
pair count so far=200000
pair count so far=300000
pair count so far=400000
pair count so far=500000
pair count so far=100000
pair count so far=200000
pair count so far=300000
pair count so far=400000
pair count so far=500000
pair count so far=100000
pair count so far=200000
pair count so far=300000
pair count so far=400000
pair count so far=500000
pair count so far=100000
pair count so far=200000
pair count so far=300000
pair count so far=400000
pair count so far=500000
pair count so far=100000
pair count so far=200000
pair count so far=300000
pair count so far=400000
pair count so far=500000
pair count so far=100000
pair count so far=200000
pair count so far=300000
pair count so far=400000
pair count so far=500000
pair count so far=100000
pair count so far=200000
pair count so far=300000
pair count so far=400000
pair count so far=500000
pair count so far=100000
pair count so far=200000
pair count so far=300000
pair count so far=400000
pair count so far=500000
pair count so far=100000
pair count so far=200000
pair count so far=300000
pair count so far=400000
pair count so far=500000
pair count so far=100000
pair count so far=200000
pair count so far=300000
pair count so far=400000
pair count so far=500000
len(poolPairs)=16
Done with totalPairs creation!
len(posPairs)=1516, len(commPosPairs)=3032
len(posPairs)=1078, len(commPosPairs)=2156
TRAIN: [   0    1    2 ... 1607 1608 1611] TEST: [   6   15   18   31   45   53   54   58   61   62   67   79   90   91
   94   96  115  121  122  124  130  131  132  133  144  146  152  154
  156  157  165  166  171  174  178  179  181  182  185  188  189  192
  194  203  204  205  210  215  221  235  241  242  246  249  253  254
  257  259  268  270  272  274  279  285  287  295  303  306  307  309
  320  321  324  329  334  343  345  357  359  364  368  376  384  387
  411  413  420  426  434  436  439  441  443  447  449  456  460  461
  467  476  485  490  493  494  496  508  518  519  533  542  553  554
  556  560  561  562  563  567  570  587  610  616  629  636  639  644
  646  650  651  670  673  674  675  679  685  686  693  694  695  708
  712  713  716  719  739  741  744  746  749  750  752  753  754  761
  770  776  778  784  787  788  798  801  819  826  828  836  841  842
  846  849  850  856  858  862  871  875  886  889  891  897  899  911
  915  918  919  921  923  926  942  944  946  949  954  967  987  988
  989  995  998 1003 1005 1007 1009 1024 1029 1030 1031 1038 1042 1048
 1051 1052 1056 1067 1070 1073 1084 1087 1091 1096 1104 1105 1115 1117
 1118 1122 1127 1133 1141 1143 1148 1152 1154 1160 1172 1180 1185 1187
 1193 1205 1207 1209 1214 1215 1217 1222 1228 1231 1237 1239 1260 1261
 1262 1270 1271 1275 1289 1295 1302 1304 1305 1307 1316 1325 1328 1333
 1336 1341 1347 1354 1356 1358 1374 1383 1387 1388 1397 1420 1428 1432
 1440 1441 1446 1452 1454 1458 1460 1463 1472 1473 1479 1481 1482 1483
 1485 1488 1490 1491 1493 1501 1503 1504 1505 1517 1518 1519 1520 1535
 1540 1542 1553 1555 1556 1560 1561 1568 1575 1585 1606 1609 1610 1612
 1613]
TRAIN: [   0    1    2 ... 1610 1612 1613] TEST: [   3    4    9   10   11   19   21   24   26   28   30   35   38   40
   42   46   55   63   64   68   73   76   82   84   88   89   92  108
  112  118  123  135  137  153  155  159  160  163  167  169  172  196
  206  216  218  219  225  230  231  237  244  245  248  252  256  265
  267  281  282  286  290  308  312  313  323  326  327  331  339  340
  341  348  349  350  355  366  367  369  370  373  382  385  389  405
  408  410  414  417  429  440  455  457  458  459  466  480  483  497
  499  500  502  505  506  510  512  513  521  524  525  526  531  535
  537  549  552  558  568  575  578  579  580  582  584  589  600  612
  619  620  623  624  634  637  645  665  667  671  677  680  682  684
  687  689  701  705  715  722  726  763  767  773  777  792  794  806
  810  812  813  816  818  820  823  824  835  837  844  853  854  855
  863  874  877  878  879  880  890  893  894  895  896  903  906  913
  927  932  935  936  943  947  948  952  970  973  974  975  981  986
  990  991  993  999 1011 1013 1014 1015 1021 1040 1050 1053 1057 1058
 1060 1061 1062 1065 1072 1074 1078 1079 1092 1098 1114 1121 1123 1124
 1128 1129 1138 1145 1157 1158 1163 1164 1171 1174 1181 1182 1184 1186
 1188 1189 1206 1210 1211 1212 1220 1226 1232 1238 1244 1245 1247 1249
 1252 1255 1264 1267 1269 1277 1278 1284 1285 1297 1303 1308 1311 1314
 1317 1340 1345 1350 1355 1361 1362 1364 1365 1370 1371 1375 1381 1386
 1403 1404 1409 1411 1413 1415 1417 1418 1421 1423 1436 1442 1445 1449
 1459 1461 1466 1475 1497 1498 1511 1513 1527 1530 1538 1546 1547 1552
 1563 1565 1569 1570 1572 1573 1577 1579 1581 1588 1597 1598 1599 1604
 1611]
TRAIN: [   0    1    3 ... 1611 1612 1613] TEST: [   2    5    7   17   33   34   37   39   48   50   52   59   66   72
   75   77   80   93   97   98  102  106  113  120  126  127  128  136
  138  143  145  147  151  173  176  177  183  184  191  198  200  209
  212  214  217  220  223  227  233  234  236  238  239  243  255  258
  261  263  273  275  278  289  301  310  314  317  322  328  333  335
  336  337  346  351  352  354  371  375  380  386  396  397  398  399
  401  409  427  432  435  462  464  473  474  484  487  489  491  501
  504  514  516  520  527  529  530  532  534  541  550  551  557  569
  571  573  574  577  581  588  592  594  599  601  602  604  606  608
  611  613  621  627  630  631  638  643  653  657  658  660  666  668
  692  699  703  704  706  723  724  725  728  731  732  733  736  740
  751  757  760  765  766  769  771  774  780  783  791  797  799  805
  807  815  830  831  840  860  861  867  868  872  883  884  885  892
  898  900  901  905  907  908  920  933  951  955  957  959  960  977
  978  982  985  997 1000 1002 1008 1010 1012 1016 1027 1032 1036 1039
 1045 1055 1059 1066 1076 1077 1082 1086 1088 1090 1094 1095 1097 1106
 1108 1110 1116 1125 1126 1130 1131 1132 1136 1139 1147 1150 1151 1156
 1159 1170 1173 1175 1176 1177 1178 1183 1192 1197 1204 1208 1213 1221
 1223 1227 1233 1235 1236 1240 1250 1254 1265 1268 1279 1280 1291 1296
 1298 1300 1301 1331 1332 1334 1338 1339 1344 1349 1351 1363 1369 1389
 1392 1395 1399 1405 1407 1408 1410 1414 1422 1424 1425 1427 1429 1430
 1433 1434 1435 1437 1455 1456 1462 1470 1471 1474 1480 1484 1502 1509
 1515 1526 1529 1532 1541 1544 1545 1554 1567 1578 1586 1590 1593 1596
 1605]
TRAIN: [   1    2    3 ... 1611 1612 1613] TEST: [   0    8   12   13   14   16   23   29   41   43   44   47   49   51
   60   74   81   85   86   99  101  104  105  107  114  119  139  142
  148  149  162  168  175  180  186  195  201  207  208  211  229  260
  262  266  283  288  294  296  299  300  302  304  311  316  318  344
  358  362  365  372  377  378  381  383  390  392  395  402  406  407
  412  419  421  423  425  430  431  437  444  445  446  452  453  454
  463  465  470  477  481  488  492  495  503  507  509  511  515  536
  538  539  543  544  546  547  564  572  583  585  590  597  598  607
  609  617  625  626  628  632  633  635  640  641  647  649  654  655
  661  663  669  676  678  688  690  691  696  700  702  707  709  710
  714  717  718  727  729  730  737  742  743  747  748  756  759  762
  781  785  790  796  800  803  811  817  829  834  839  843  845  847
  848  859  864  865  869  870  876  881  882  887  888  904  909  912
  914  916  917  924  928  934  937  941  945  953  958  965  968  969
  972  979  996 1006 1017 1019 1020 1023 1026 1028 1034 1035 1037 1041
 1046 1047 1054 1063 1069 1081 1085 1089 1093 1100 1102 1103 1107 1109
 1111 1112 1113 1120 1134 1137 1140 1142 1144 1149 1161 1162 1165 1168
 1169 1190 1191 1195 1198 1199 1203 1216 1218 1219 1224 1225 1230 1234
 1246 1248 1253 1256 1258 1259 1263 1266 1273 1274 1281 1283 1286 1294
 1299 1310 1313 1315 1318 1319 1322 1327 1329 1335 1337 1342 1348 1359
 1360 1366 1373 1376 1379 1385 1391 1394 1396 1400 1401 1402 1426 1431
 1439 1444 1447 1464 1468 1469 1477 1487 1499 1506 1514 1521 1522 1523
 1525 1528 1533 1534 1536 1539 1549 1550 1551 1559 1566 1571 1580 1582
 1607]
TRAIN: [   0    2    3 ... 1611 1612 1613] TEST: [   1   20   22   25   27   32   36   56   57   65   69   70   71   78
   83   87   95  100  103  109  110  111  116  117  125  129  134  140
  141  150  158  161  164  170  187  190  193  197  199  202  213  222
  224  226  228  232  240  247  250  251  264  269  271  276  277  280
  284  291  292  293  297  298  305  315  319  325  330  332  338  342
  347  353  356  360  361  363  374  379  388  391  393  394  400  403
  404  415  416  418  422  424  428  433  438  442  448  450  451  468
  469  471  472  475  478  479  482  486  498  517  522  523  528  540
  545  548  555  559  565  566  576  586  591  593  595  596  603  605
  614  615  618  622  642  648  652  656  659  662  664  672  681  683
  697  698  711  720  721  734  735  738  745  755  758  764  768  772
  775  779  782  786  789  793  795  802  804  808  809  814  821  822
  825  827  832  833  838  851  852  857  866  873  902  910  922  925
  929  930  931  938  939  940  950  956  961  962  963  964  966  971
  976  980  983  984  992  994 1001 1004 1018 1022 1025 1033 1043 1044
 1049 1064 1068 1071 1075 1080 1083 1099 1101 1119 1135 1146 1153 1155
 1166 1167 1179 1194 1196 1200 1201 1202 1229 1241 1242 1243 1251 1257
 1272 1276 1282 1287 1288 1290 1292 1293 1306 1309 1312 1320 1321 1323
 1324 1326 1330 1343 1346 1352 1353 1357 1367 1368 1372 1377 1378 1380
 1382 1384 1390 1393 1398 1406 1412 1416 1419 1438 1443 1448 1450 1451
 1453 1457 1465 1467 1476 1478 1486 1489 1492 1494 1495 1496 1500 1507
 1508 1510 1512 1516 1524 1531 1537 1543 1548 1557 1558 1562 1564 1574
 1576 1583 1584 1587 1589 1591 1592 1594 1595 1600 1601 1602 1603 1608]
#Blocking Clusters: 2655, #Distinct Nodes: 6035, #Blocking Cluster Percent: 44
Total #PosPairs=1078, #NegPairs=536, True Positive % = 71.10817941952507, False Negative % = 28.891820580474928, negToPosRatio = 0.4972170686456401
