on cpu
Total #Pairs=1516, #Unfound Pairs=0
USESim Blocking
from src/model/gnn/dataset/human-mouse-embedSimBlock/human_mouse_Ontology_Node_Embeddings.txt
pair count so far=100000
pair count so far=200000
pair count so far=300000
pair count so far=400000
pair count so far=500000
pair count so far=100000
pair count so far=200000
pair count so far=300000
pair count so far=400000
pair count so far=500000
pair count so far=100000
pair count so far=200000
pair count so far=300000
pair count so far=400000
pair count so far=500000
pair count so far=100000
pair count so far=200000
pair count so far=300000
pair count so far=400000
pair count so far=500000
pair count so far=100000
pair count so far=200000
pair count so far=300000
pair count so far=400000
pair count so far=500000
pair count so far=100000
pair count so far=200000
pair count so far=300000
pair count so far=400000
pair count so far=500000
pair count so far=100000
pair count so far=200000
pair count so far=300000
pair count so far=400000
pair count so far=500000
pair count so far=100000
pair count so far=200000
pair count so far=300000
pair count so far=400000
pair count so far=500000
pair count so far=100000
pair count so far=200000
pair count so far=300000
pair count so far=400000
pair count so far=500000
pair count so far=100000
pair count so far=200000
pair count so far=300000
pair count so far=400000
pair count so far=500000
pair count so far=100000
pair count so far=200000
pair count so far=300000
pair count so far=400000
pair count so far=500000
pair count so far=100000
pair count so far=200000
pair count so far=300000
pair count so far=400000
pair count so far=500000
pair count so far=100000
pair count so far=200000
pair count so far=300000
pair count so far=400000
pair count so far=500000
pair count so far=100000
pair count so far=200000
pair count so far=300000
pair count so far=400000
pair count so far=500000
pair count so far=100000
pair count so far=200000
pair count so far=300000
pair count so far=400000
pair count so far=500000
pair count so far=100000
pair count so far=200000
pair count so far=300000
pair count so far=400000
pair count so far=500000
len(poolPairs)=16
Done with totalPairs creation!
len(posPairs)=1516, len(commPosPairs)=3032
len(posPairs)=1161, len(commPosPairs)=2322
TRAIN: [   0    1    2 ... 4677 4678 4679] TEST: [   7   14   16   19   27   35   37   45   46   50   58   59   71   74
   85   93   99  100  108  110  117  119  121  130  133  144  145  150
  157  172  180  184  185  186  196  201  204  206  207  220  223  226
  237  240  247  249  253  267  268  270  271  272  282  284  287  290
  304  307  309  320  327  329  331  334  335  338  343  344  345  347
  356  360  362  366  374  376  379  391  399  401  402  403  404  413
  415  417  421  427  430  435  438  453  456  466  469  474  475  479
  484  494  495  497  498  499  504  508  514  516  523  527  544  548
  550  551  567  570  571  572  578  581  586  603  623  630  632  635
  640  652  657  658  659  666  675  676  688  692  695  707  711  722
  723  728  730  731  738  749  764  765  767  770  776  791  792  795
  797  806  812  813  819  833  835  840  848  851  856  858  862  868
  871  873  882  884  895  896  897  911  920  921  927  929  934  940
  945  953  969  970  971  983  990  991  994  995  996 1002 1010 1012
 1021 1022 1026 1027 1045 1050 1055 1059 1064 1067 1072 1073 1074 1076
 1077 1081 1082 1088 1090 1095 1105 1107 1108 1110 1111 1113 1114 1119
 1133 1135 1141 1145 1148 1150 1158 1159 1160 1170 1179 1185 1190 1192
 1193 1207 1211 1219 1222 1223 1226 1230 1237 1240 1243 1244 1245 1246
 1248 1251 1254 1256 1257 1265 1267 1270 1282 1287 1293 1296 1306 1311
 1316 1327 1343 1346 1351 1352 1357 1359 1377 1383 1404 1416 1418 1424
 1429 1431 1441 1442 1443 1444 1451 1455 1461 1462 1467 1469 1482 1484
 1485 1492 1499 1502 1510 1512 1518 1520 1522 1531 1532 1539 1540 1542
 1544 1556 1557 1565 1567 1573 1582 1583 1591 1592 1593 1596 1601 1608
 1618 1620 1625 1630 1643 1658 1661 1668 1669 1676 1677 1684 1688 1690
 1691 1693 1694 1698 1699 1704 1712 1713 1721 1722 1726 1728 1737 1741
 1754 1755 1768 1769 1770 1772 1774 1775 1780 1786 1793 1796 1804 1807
 1808 1810 1821 1825 1837 1840 1843 1861 1866 1874 1882 1884 1886 1893
 1898 1899 1904 1905 1911 1915 1916 1917 1923 1926 1928 1935 1941 1942
 1952 1954 1973 1976 1983 1984 1988 1994 2009 2012 2014 2017 2026 2027
 2033 2036 2041 2044 2052 2054 2057 2059 2060 2063 2066 2078 2080 2084
 2085 2093 2095 2100 2102 2106 2110 2111 2112 2120 2125 2128 2135 2141
 2151 2154 2156 2157 2164 2166 2170 2172 2176 2186 2187 2190 2192 2196
 2198 2208 2212 2219 2223 2224 2226 2235 2236 2247 2254 2259 2262 2270
 2278 2280 2284 2295 2307 2315 2318 2326 2327 2333 2334 2350 2354 2357
 2363 2364 2387 2395 2400 2416 2430 2434 2435 2436 2450 2451 2460 2463
 2464 2466 2473 2474 2483 2486 2490 2491 2505 2508 2515 2518 2524 2527
 2535 2541 2547 2548 2554 2555 2562 2572 2574 2577 2591 2602 2603 2605
 2612 2621 2622 2629 2636 2638 2639 2640 2641 2652 2658 2673 2679 2683
 2687 2690 2692 2695 2696 2704 2709 2710 2716 2717 2740 2747 2750 2771
 2780 2789 2793 2805 2807 2808 2813 2816 2822 2825 2837 2841 2845 2849
 2850 2853 2856 2860 2864 2866 2869 2872 2876 2880 2883 2884 2899 2901
 2903 2904 2909 2911 2914 2921 2927 2932 2933 2934 2935 2937 2947 2948
 2950 2958 2964 2967 2970 2975 2988 2996 2998 3001 3005 3007 3012 3017
 3020 3026 3028 3036 3042 3046 3047 3071 3073 3075 3076 3079 3081 3102
 3103 3107 3109 3113 3119 3127 3140 3143 3145 3147 3153 3154 3161 3167
 3168 3175 3177 3178 3179 3181 3186 3187 3202 3210 3216 3218 3230 3240
 3251 3252 3255 3262 3264 3273 3278 3282 3285 3294 3295 3296 3315 3324
 3325 3327 3329 3331 3335 3339 3341 3342 3349 3352 3356 3357 3366 3367
 3376 3388 3390 3392 3393 3398 3400 3401 3402 3403 3407 3409 3410 3415
 3420 3424 3426 3428 3429 3432 3437 3438 3440 3452 3461 3464 3465 3466
 3467 3470 3472 3478 3484 3488 3491 3498 3502 3509 3510 3520 3529 3530
 3531 3535 3545 3583 3585 3586 3598 3600 3603 3610 3612 3617 3621 3624
 3627 3631 3632 3634 3636 3637 3640 3646 3647 3653 3660 3663 3677 3679
 3680 3685 3686 3689 3698 3710 3717 3723 3731 3736 3739 3740 3742 3747
 3748 3750 3751 3752 3759 3761 3764 3766 3769 3775 3785 3787 3794 3797
 3809 3810 3811 3816 3827 3829 3831 3835 3870 3873 3875 3880 3884 3898
 3902 3907 3918 3919 3923 3926 3934 3938 3942 3945 3949 3966 3970 3986
 3987 3988 3995 3996 3997 4003 4014 4023 4024 4029 4040 4045 4049 4053
 4061 4063 4067 4068 4073 4075 4080 4097 4098 4108 4112 4113 4115 4119
 4120 4121 4122 4131 4135 4140 4143 4155 4157 4174 4180 4184 4188 4193
 4196 4200 4202 4207 4208 4210 4211 4218 4219 4224 4226 4229 4231 4234
 4241 4248 4251 4253 4259 4260 4267 4273 4280 4281 4287 4291 4294 4298
 4303 4307 4311 4314 4320 4322 4333 4340 4347 4362 4365 4368 4372 4374
 4378 4380 4398 4404 4409 4415 4423 4427 4428 4429 4433 4442 4445 4448
 4453 4455 4456 4459 4461 4466 4479 4484 4492 4495 4509 4514 4522 4523
 4526 4530 4536 4541 4551 4553 4557 4565 4575 4583 4587 4593 4594 4596
 4607 4615 4618 4621 4622 4631 4634 4636 4638 4649 4655 4672]
TRAIN: [   0    1    2 ... 4675 4676 4677] TEST: [  17   24   26   28   33   36   38   43   44   47   52   55   65   67
   69   76   77   82   90   95  107  111  113  116  118  128  132  139
  146  149  153  156  159  162  167  170  179  191  200  210  212  214
  216  221  225  227  230  231  235  236  243  244  245  246  252  254
  263  264  266  276  277  280  288  300  301  311  316  328  342  352
  357  365  369  375  382  384  390  393  398  414  420  422  424  433
  440  441  443  446  450  451  455  459  465  467  473  506  512  515
  524  525  528  532  536  538  540  541  545  546  549  564  569  574
  576  580  588  591  596  601  602  604  607  608  609  611  616  622
  626  636  638  644  647  650  651  654  664  671  673  678  681  682
  690  691  699  703  713  715  734  735  740  743  745  746  755  759
  760  763  777  782  784  789  790  793  800  801  802  807  818  820
  823  831  836  837  844  853  855  870  879  885  887  899  902  907
  909  914  917  922  923  925  926  937  942  944  947  948  949  957
  958  962  972  973  974  976  980  981  985  989  993  997 1019 1020
 1028 1032 1033 1040 1053 1058 1063 1066 1080 1089 1098 1101 1112 1115
 1116 1117 1124 1125 1127 1132 1137 1153 1180 1187 1189 1198 1199 1204
 1205 1208 1209 1217 1220 1228 1231 1232 1241 1260 1264 1268 1273 1275
 1278 1279 1290 1294 1300 1319 1322 1325 1326 1329 1331 1333 1334 1344
 1347 1350 1354 1374 1376 1379 1385 1394 1396 1400 1402 1407 1409 1410
 1420 1423 1428 1436 1437 1452 1463 1464 1474 1475 1479 1486 1494 1513
 1519 1523 1526 1528 1529 1530 1534 1536 1541 1555 1560 1562 1566 1569
 1570 1577 1584 1585 1587 1594 1602 1605 1611 1616 1624 1628 1631 1636
 1639 1642 1659 1670 1682 1695 1703 1710 1727 1733 1734 1742 1743 1745
 1749 1757 1760 1761 1767 1779 1792 1795 1797 1809 1812 1815 1822 1823
 1829 1830 1834 1838 1842 1847 1851 1870 1873 1887 1889 1891 1903 1906
 1909 1910 1921 1922 1925 1931 1937 1938 1940 1944 1950 1953 1955 1959
 1961 1964 1968 1981 1982 1990 1993 1995 1996 1997 1999 2001 2016 2023
 2025 2029 2034 2035 2045 2046 2050 2058 2061 2062 2065 2074 2082 2083
 2097 2099 2103 2114 2115 2116 2117 2118 2123 2127 2129 2130 2132 2133
 2136 2140 2146 2147 2159 2160 2165 2173 2177 2178 2188 2197 2205 2214
 2215 2233 2234 2240 2246 2249 2252 2253 2257 2274 2276 2286 2288 2289
 2324 2328 2335 2341 2343 2345 2347 2348 2352 2355 2367 2368 2370 2381
 2382 2383 2391 2394 2401 2408 2411 2417 2419 2420 2421 2422 2423 2424
 2427 2428 2432 2437 2441 2446 2453 2454 2455 2459 2462 2467 2469 2472
 2476 2478 2488 2495 2510 2516 2520 2521 2525 2530 2531 2543 2549 2550
 2556 2561 2565 2566 2568 2589 2594 2595 2606 2611 2619 2628 2631 2633
 2644 2646 2651 2661 2663 2665 2668 2669 2670 2674 2682 2684 2705 2707
 2713 2714 2720 2721 2722 2723 2730 2732 2745 2758 2762 2765 2767 2768
 2770 2772 2773 2779 2781 2782 2783 2784 2795 2797 2800 2801 2806 2814
 2815 2817 2829 2831 2833 2840 2844 2846 2848 2855 2861 2865 2868 2879
 2885 2886 2894 2895 2898 2902 2906 2910 2912 2913 2915 2917 2924 2954
 2961 2969 2971 2974 2976 2982 2986 2987 2994 3000 3010 3013 3015 3030
 3032 3049 3058 3069 3072 3078 3080 3082 3083 3084 3095 3097 3098 3114
 3115 3120 3125 3128 3131 3138 3139 3144 3149 3150 3152 3160 3166 3170
 3182 3185 3194 3195 3196 3197 3204 3207 3226 3229 3231 3232 3236 3245
 3256 3275 3281 3289 3291 3292 3302 3303 3309 3313 3314 3316 3321 3326
 3332 3338 3340 3350 3354 3359 3361 3364 3365 3369 3382 3384 3385 3386
 3412 3425 3439 3445 3448 3450 3453 3456 3459 3463 3473 3482 3486 3490
 3500 3504 3507 3508 3511 3513 3514 3526 3532 3536 3542 3543 3544 3553
 3556 3559 3575 3577 3578 3579 3580 3588 3591 3593 3595 3601 3605 3608
 3614 3615 3620 3625 3630 3633 3635 3638 3641 3643 3651 3652 3665 3668
 3681 3682 3683 3684 3688 3694 3696 3701 3703 3708 3711 3713 3718 3732
 3735 3741 3744 3753 3765 3767 3771 3772 3776 3777 3781 3783 3786 3788
 3789 3790 3791 3792 3796 3802 3807 3813 3814 3815 3824 3832 3833 3837
 3842 3846 3853 3856 3860 3862 3866 3872 3878 3881 3888 3895 3897 3903
 3913 3914 3921 3927 3940 3948 3953 3954 3961 3974 3977 3989 3991 3993
 3994 4017 4020 4021 4027 4030 4032 4034 4038 4047 4054 4059 4062 4064
 4074 4081 4083 4086 4087 4088 4096 4103 4129 4133 4134 4146 4152 4154
 4163 4167 4169 4172 4173 4176 4178 4179 4186 4187 4198 4216 4220 4221
 4225 4228 4240 4245 4256 4269 4272 4278 4288 4292 4299 4301 4302 4308
 4316 4327 4328 4329 4332 4334 4336 4339 4342 4343 4346 4358 4361 4364
 4366 4376 4384 4390 4391 4401 4403 4408 4412 4414 4416 4419 4424 4426
 4437 4440 4441 4447 4451 4452 4470 4476 4478 4486 4489 4490 4494 4496
 4497 4500 4506 4521 4527 4528 4531 4535 4542 4543 4545 4548 4550 4554
 4556 4559 4576 4578 4581 4584 4586 4588 4589 4605 4617 4619 4620 4624
 4629 4630 4633 4635 4640 4643 4652 4664 4666 4674 4678 4679]
TRAIN: [   0    1    2 ... 4677 4678 4679] TEST: [   8    9   18   23   25   41   56   66   68   80   81   83   86   87
  114  122  125  126  127  131  135  151  158  163  164  171  176  183
  187  188  189  190  199  205  209  215  218  219  222  251  257  258
  260  265  279  281  286  292  293  294  295  296  297  305  315  332
  333  340  341  350  351  353  355  363  367  371  373  377  381  386
  389  396  400  412  416  418  419  426  429  431  434  437  444  447
  452  457  460  461  470  471  476  480  481  483  485  491  492  500
  503  513  519  521  533  537  539  547  559  562  563  566  573  575
  582  583  587  592  593  599  606  615  619  621  629  641  642  645
  655  669  670  677  683  686  687  689  698  700  701  708  712  714
  719  720  729  752  761  772  773  781  783  788  794  796  798  799
  804  808  809  811  814  815  816  817  821  822  829  832  834  838
  839  841  843  846  854  860  861  876  886  893  898  900  903  912
  924  931  932  939  941  943  946  955  959  966  967  977  978  987
  999 1003 1005 1006 1016 1017 1018 1024 1025 1029 1031 1034 1043 1044
 1046 1056 1061 1062 1065 1071 1085 1086 1087 1094 1106 1118 1120 1122
 1128 1129 1130 1140 1144 1146 1149 1157 1165 1171 1173 1175 1178 1188
 1195 1201 1203 1210 1213 1224 1234 1238 1239 1242 1253 1259 1262 1281
 1283 1286 1289 1295 1298 1299 1304 1308 1309 1312 1314 1320 1338 1339
 1340 1345 1348 1353 1356 1358 1363 1369 1370 1372 1378 1381 1386 1391
 1392 1397 1399 1408 1419 1422 1425 1433 1439 1445 1447 1449 1454 1459
 1471 1477 1480 1489 1495 1496 1501 1505 1511 1516 1521 1524 1527 1535
 1549 1550 1558 1561 1563 1574 1575 1576 1578 1580 1597 1603 1607 1609
 1613 1614 1617 1619 1621 1623 1632 1633 1638 1641 1644 1650 1653 1654
 1656 1660 1671 1675 1679 1683 1689 1696 1697 1701 1702 1707 1709 1719
 1723 1724 1729 1730 1731 1736 1738 1739 1750 1751 1753 1763 1776 1788
 1789 1790 1794 1801 1802 1817 1820 1824 1826 1831 1836 1839 1841 1846
 1848 1850 1852 1853 1858 1859 1862 1863 1867 1869 1871 1872 1894 1897
 1901 1907 1919 1927 1930 1932 1936 1943 1945 1946 1958 1960 1963 1965
 1967 1975 1985 1987 1991 2008 2018 2028 2030 2031 2038 2040 2043 2051
 2064 2067 2073 2075 2079 2089 2096 2104 2107 2113 2121 2122 2138 2144
 2148 2155 2158 2161 2163 2168 2179 2182 2183 2189 2199 2202 2206 2209
 2213 2216 2217 2218 2221 2227 2232 2239 2241 2250 2256 2258 2260 2261
 2265 2266 2269 2271 2290 2291 2293 2299 2303 2304 2309 2323 2325 2331
 2346 2349 2360 2371 2373 2374 2378 2379 2380 2384 2385 2396 2399 2405
 2409 2413 2415 2418 2438 2442 2449 2452 2457 2458 2470 2471 2475 2477
 2480 2485 2487 2489 2493 2494 2501 2507 2517 2519 2522 2536 2539 2544
 2558 2563 2564 2567 2571 2582 2583 2585 2586 2590 2592 2593 2598 2600
 2610 2616 2623 2624 2626 2635 2648 2650 2655 2656 2672 2676 2677 2680
 2685 2699 2700 2703 2706 2708 2724 2727 2729 2733 2734 2735 2736 2742
 2751 2753 2757 2764 2777 2785 2788 2798 2802 2804 2820 2827 2830 2834
 2835 2836 2842 2847 2857 2862 2863 2870 2888 2889 2897 2900 2908 2916
 2919 2923 2929 2936 2938 2939 2940 2942 2943 2944 2949 2952 2963 2965
 2973 2978 2983 2984 2985 2990 2991 2995 3004 3006 3008 3011 3018 3027
 3031 3038 3055 3056 3057 3059 3060 3063 3064 3065 3077 3085 3087 3088
 3094 3096 3099 3106 3117 3118 3122 3126 3133 3135 3137 3159 3164 3171
 3183 3188 3189 3191 3199 3200 3203 3205 3206 3208 3209 3215 3217 3220
 3227 3228 3233 3235 3239 3247 3250 3261 3266 3267 3269 3270 3271 3272
 3274 3280 3284 3286 3290 3297 3298 3306 3307 3319 3320 3322 3328 3330
 3344 3345 3348 3353 3362 3368 3370 3371 3378 3379 3391 3395 3399 3404
 3417 3418 3430 3435 3436 3441 3451 3455 3457 3468 3471 3474 3479 3481
 3489 3492 3495 3497 3499 3503 3516 3519 3521 3522 3525 3533 3534 3539
 3549 3552 3555 3558 3560 3562 3564 3565 3566 3572 3581 3582 3584 3597
 3606 3611 3618 3619 3623 3629 3645 3648 3654 3672 3675 3678 3692 3699
 3700 3714 3728 3733 3738 3754 3755 3757 3760 3770 3782 3800 3822 3825
 3834 3836 3838 3840 3845 3849 3854 3855 3859 3861 3863 3865 3867 3887
 3891 3899 3905 3908 3910 3912 3916 3922 3925 3930 3932 3936 3941 3943
 3959 3962 3964 3968 3975 3981 3984 4001 4004 4007 4009 4011 4018 4039
 4044 4051 4052 4055 4056 4058 4060 4065 4071 4076 4090 4094 4099 4100
 4101 4111 4117 4124 4127 4160 4161 4162 4165 4191 4192 4195 4197 4204
 4206 4213 4223 4236 4237 4242 4247 4249 4250 4252 4257 4258 4262 4266
 4268 4270 4275 4279 4285 4290 4296 4312 4315 4324 4326 4330 4338 4341
 4345 4348 4350 4353 4370 4371 4373 4375 4382 4383 4386 4394 4395 4397
 4399 4411 4417 4420 4430 4432 4434 4435 4436 4443 4450 4460 4464 4469
 4472 4475 4482 4487 4488 4504 4508 4511 4525 4534 4537 4539 4546 4558
 4560 4563 4571 4573 4574 4590 4592 4598 4599 4602 4608 4613 4623 4625
 4626 4637 4642 4647 4648 4651 4657 4660 4670 4673 4675 4676]
TRAIN: [   1    3    6 ... 4677 4678 4679] TEST: [   0    2    4    5   11   22   31   32   42   48   54   63   70   72
   75   84   91   92   97  102  103  105  115  120  123  136  138  140
  141  143  147  148  152  154  160  161  173  175  181  193  202  208
  211  213  224  228  233  234  238  239  248  256  259  274  275  283
  289  302  306  308  310  312  314  317  318  321  324  325  326  330
  336  339  346  348  349  354  361  368  378  383  385  388  397  405
  406  410  428  432  445  448  454  458  463  464  468  482  486  487
  490  493  496  501  505  507  509  510  517  520  522  529  531  535
  542  553  558  560  565  568  579  585  590  594  597  598  605  613
  614  617  618  625  628  633  637  643  646  653  656  661  662  668
  674  685  693  694  696  697  702  706  710  717  718  725  726  736
  742  747  748  750  753  757  758  768  769  771  778  786  787  803
  810  825  826  828  830  845  847  850  852  857  863  869  875  878
  888  889  890  891  892  894  904  905  908  913  936  938  950  952
  956  961  965  975  979  984  988  992 1000 1008 1009 1030 1035 1036
 1038 1039 1041 1042 1049 1052 1068 1069 1070 1075 1084 1091 1092 1096
 1102 1109 1121 1126 1136 1139 1154 1156 1163 1164 1166 1172 1176 1177
 1186 1200 1215 1227 1229 1233 1247 1249 1250 1255 1258 1261 1266 1269
 1271 1272 1276 1280 1288 1291 1302 1305 1307 1310 1313 1315 1317 1332
 1337 1341 1360 1361 1362 1364 1366 1375 1388 1389 1393 1395 1398 1405
 1411 1412 1417 1426 1427 1430 1432 1435 1446 1448 1450 1453 1456 1457
 1460 1466 1468 1473 1476 1483 1487 1488 1490 1491 1493 1498 1500 1506
 1508 1514 1517 1525 1533 1537 1538 1543 1545 1548 1551 1552 1554 1564
 1568 1581 1586 1589 1598 1599 1606 1610 1612 1615 1627 1629 1634 1635
 1640 1645 1647 1648 1651 1655 1657 1662 1664 1666 1674 1678 1681 1686
 1692 1705 1711 1715 1716 1725 1740 1746 1747 1756 1758 1762 1765 1766
 1771 1773 1782 1784 1785 1787 1799 1806 1816 1818 1819 1832 1835 1855
 1856 1857 1864 1865 1875 1878 1880 1885 1892 1895 1896 1900 1902 1908
 1912 1913 1920 1939 1948 1951 1956 1957 1971 1974 1977 1978 1979 1986
 1989 2000 2002 2004 2005 2007 2010 2011 2019 2042 2047 2048 2049 2056
 2069 2071 2072 2077 2081 2088 2090 2091 2101 2109 2142 2143 2150 2153
 2162 2167 2174 2175 2180 2184 2185 2194 2195 2203 2204 2210 2220 2225
 2228 2229 2237 2242 2244 2248 2251 2264 2267 2268 2272 2273 2277 2282
 2283 2285 2287 2292 2298 2300 2301 2313 2320 2321 2329 2330 2332 2336
 2337 2340 2358 2361 2362 2369 2372 2377 2388 2389 2390 2403 2404 2412
 2425 2426 2429 2431 2433 2439 2440 2444 2445 2448 2456 2461 2482 2484
 2500 2502 2504 2506 2509 2526 2532 2534 2545 2551 2553 2557 2570 2575
 2578 2581 2588 2596 2599 2607 2618 2620 2632 2634 2637 2642 2643 2645
 2647 2662 2666 2671 2691 2693 2694 2697 2698 2701 2718 2719 2726 2728
 2737 2741 2752 2769 2774 2775 2776 2786 2787 2790 2796 2799 2809 2810
 2811 2812 2821 2826 2828 2832 2838 2859 2867 2873 2874 2881 2887 2890
 2892 2905 2922 2926 2928 2930 2931 2972 2979 2989 2993 3002 3003 3009
 3016 3019 3022 3024 3033 3034 3041 3048 3051 3054 3062 3067 3068 3089
 3090 3092 3093 3100 3101 3104 3105 3112 3116 3121 3123 3129 3134 3136
 3142 3155 3156 3157 3162 3165 3174 3176 3193 3201 3211 3212 3213 3222
 3223 3224 3237 3238 3241 3242 3244 3248 3254 3259 3263 3265 3268 3276
 3277 3283 3287 3288 3293 3299 3300 3304 3305 3312 3334 3336 3337 3343
 3346 3358 3374 3377 3396 3397 3406 3413 3414 3416 3421 3422 3431 3434
 3443 3447 3449 3458 3462 3469 3475 3477 3483 3485 3487 3493 3494 3496
 3501 3515 3517 3524 3527 3528 3537 3540 3546 3547 3554 3557 3561 3567
 3568 3569 3573 3576 3592 3594 3596 3599 3607 3609 3616 3622 3639 3642
 3649 3655 3657 3661 3662 3664 3666 3669 3670 3674 3690 3693 3702 3705
 3712 3715 3716 3722 3724 3725 3730 3734 3743 3745 3749 3758 3773 3780
 3784 3798 3799 3803 3804 3805 3806 3808 3812 3839 3841 3844 3848 3851
 3852 3858 3864 3868 3871 3879 3885 3889 3892 3893 3894 3896 3904 3906
 3911 3917 3920 3924 3937 3944 3946 3951 3952 3958 3960 3963 3965 3967
 3971 3972 3973 3978 3979 3983 3985 3990 3992 3998 3999 4002 4010 4012
 4016 4025 4031 4037 4043 4046 4050 4057 4066 4077 4078 4089 4091 4092
 4095 4106 4107 4110 4116 4118 4123 4126 4128 4132 4136 4137 4139 4141
 4142 4145 4147 4151 4156 4158 4164 4166 4171 4175 4182 4190 4194 4199
 4201 4209 4212 4215 4217 4227 4232 4233 4235 4243 4244 4261 4263 4264
 4271 4274 4282 4284 4295 4297 4300 4306 4310 4319 4325 4331 4335 4344
 4349 4360 4363 4369 4385 4387 4396 4400 4402 4405 4406 4410 4413 4422
 4425 4431 4438 4446 4457 4458 4462 4463 4468 4471 4477 4483 4485 4491
 4493 4499 4501 4505 4507 4510 4515 4518 4529 4532 4549 4555 4566 4567
 4568 4570 4577 4579 4580 4582 4591 4597 4600 4604 4610 4611 4612 4614
 4616 4632 4639 4645 4653 4656 4658 4659 4661 4665 4668 4671]
TRAIN: [   0    2    4 ... 4676 4678 4679] TEST: [   1    3    6   10   12   13   15   20   21   29   30   34   39   40
   49   51   53   57   60   61   62   64   73   78   79   88   89   94
   96   98  101  104  106  109  112  124  129  134  137  142  155  165
  166  168  169  174  177  178  182  192  194  195  197  198  203  217
  229  232  241  242  250  255  261  262  269  273  278  285  291  298
  299  303  313  319  322  323  337  358  359  364  370  372  380  387
  392  394  395  407  408  409  411  423  425  436  439  442  449  462
  472  477  478  488  489  502  511  518  526  530  534  543  552  554
  555  556  557  561  577  584  589  595  600  610  612  620  624  627
  631  634  639  648  649  660  663  665  667  672  679  680  684  704
  705  709  716  721  724  727  732  733  737  739  741  744  751  754
  756  762  766  774  775  779  780  785  805  824  827  842  849  859
  864  865  866  867  872  874  877  880  881  883  901  906  910  915
  916  918  919  928  930  933  935  951  954  960  963  964  968  982
  986  998 1001 1004 1007 1011 1013 1014 1015 1023 1037 1047 1048 1051
 1054 1057 1060 1078 1079 1083 1093 1097 1099 1100 1103 1104 1123 1131
 1134 1138 1142 1143 1147 1151 1152 1155 1161 1162 1167 1168 1169 1174
 1181 1182 1183 1184 1191 1194 1196 1197 1202 1206 1212 1214 1216 1218
 1221 1225 1235 1236 1252 1263 1274 1277 1284 1285 1292 1297 1301 1303
 1318 1321 1323 1324 1328 1330 1335 1336 1342 1349 1355 1365 1367 1368
 1371 1373 1380 1382 1384 1387 1390 1401 1403 1406 1413 1414 1415 1421
 1434 1438 1440 1458 1465 1470 1472 1478 1481 1497 1503 1504 1507 1509
 1515 1546 1547 1553 1559 1571 1572 1579 1588 1590 1595 1600 1604 1622
 1626 1637 1646 1649 1652 1663 1665 1667 1672 1673 1680 1685 1687 1700
 1706 1708 1714 1717 1718 1720 1732 1735 1744 1748 1752 1759 1764 1777
 1778 1781 1783 1791 1798 1800 1803 1805 1811 1813 1814 1827 1828 1833
 1844 1845 1849 1854 1860 1868 1876 1877 1879 1881 1883 1888 1890 1914
 1918 1924 1929 1933 1934 1947 1949 1962 1966 1969 1970 1972 1980 1992
 1998 2003 2006 2013 2015 2020 2021 2022 2024 2032 2037 2039 2053 2055
 2068 2070 2076 2086 2087 2092 2094 2098 2105 2108 2119 2124 2126 2131
 2134 2137 2139 2145 2149 2152 2169 2171 2181 2191 2193 2200 2201 2207
 2211 2222 2230 2231 2238 2243 2245 2255 2263 2275 2279 2281 2294 2296
 2297 2302 2305 2306 2308 2310 2311 2312 2314 2316 2317 2319 2322 2338
 2339 2342 2344 2351 2353 2356 2359 2365 2366 2375 2376 2386 2392 2393
 2397 2398 2402 2406 2407 2410 2414 2443 2447 2465 2468 2479 2481 2492
 2496 2497 2498 2499 2503 2511 2512 2513 2514 2523 2528 2529 2533 2537
 2538 2540 2542 2546 2552 2559 2560 2569 2573 2576 2579 2580 2584 2587
 2597 2601 2604 2608 2609 2613 2614 2615 2617 2625 2627 2630 2649 2653
 2654 2657 2659 2660 2664 2667 2675 2678 2681 2686 2688 2689 2702 2711
 2712 2715 2725 2731 2738 2739 2743 2744 2746 2748 2749 2754 2755 2756
 2759 2760 2761 2763 2766 2778 2791 2792 2794 2803 2818 2819 2823 2824
 2839 2843 2851 2852 2854 2858 2871 2875 2877 2878 2882 2891 2893 2896
 2907 2918 2920 2925 2941 2945 2946 2951 2953 2955 2956 2957 2959 2960
 2962 2966 2968 2977 2980 2981 2992 2997 2999 3014 3021 3023 3025 3029
 3035 3037 3039 3040 3043 3044 3045 3050 3052 3053 3061 3066 3070 3074
 3086 3091 3108 3110 3111 3124 3130 3132 3141 3146 3148 3151 3158 3163
 3169 3172 3173 3180 3184 3190 3192 3198 3214 3219 3221 3225 3234 3243
 3246 3249 3253 3257 3258 3260 3279 3301 3308 3310 3311 3317 3318 3323
 3333 3347 3351 3355 3360 3363 3372 3373 3375 3380 3381 3383 3387 3389
 3394 3405 3408 3411 3419 3423 3427 3433 3442 3444 3446 3454 3460 3476
 3480 3505 3506 3512 3518 3523 3538 3541 3548 3550 3551 3563 3570 3571
 3574 3587 3589 3590 3602 3604 3613 3626 3628 3644 3650 3656 3658 3659
 3667 3671 3673 3676 3687 3691 3695 3697 3704 3706 3707 3709 3719 3720
 3721 3726 3727 3729 3737 3746 3756 3762 3763 3768 3774 3778 3779 3793
 3795 3801 3817 3818 3819 3820 3821 3823 3826 3828 3830 3843 3847 3850
 3857 3869 3874 3876 3877 3882 3883 3886 3890 3900 3901 3909 3915 3928
 3929 3931 3933 3935 3939 3947 3950 3955 3956 3957 3969 3976 3980 3982
 4000 4005 4006 4008 4013 4015 4019 4022 4026 4028 4033 4035 4036 4041
 4042 4048 4069 4070 4072 4079 4082 4084 4085 4093 4102 4104 4105 4109
 4114 4125 4130 4138 4144 4148 4149 4150 4153 4159 4168 4170 4177 4181
 4183 4185 4189 4203 4205 4214 4222 4230 4238 4239 4246 4254 4255 4265
 4276 4277 4283 4286 4289 4293 4304 4305 4309 4313 4317 4318 4321 4323
 4337 4351 4352 4354 4355 4356 4357 4359 4367 4377 4379 4381 4388 4389
 4392 4393 4407 4418 4421 4439 4444 4449 4454 4465 4467 4473 4474 4480
 4481 4498 4502 4503 4512 4513 4516 4517 4519 4520 4524 4533 4538 4540
 4544 4547 4552 4561 4562 4564 4569 4572 4585 4595 4601 4603 4606 4609
 4627 4628 4641 4644 4646 4650 4654 4662 4663 4667 4669 4677]
#Blocking Clusters: 2655, #Distinct Nodes: 6035, #Blocking Cluster Percent: 44
Total #PosPairs=1161, #NegPairs=3519, True Positive % = 76.58311345646437, False Negative % = 23.416886543535625, negToPosRatio = 3.0310077519379846
