on cpu
Total #Pairs=1516, #Unfound Pairs=0
USESim Blocking
from src/model/gnn/dataset/human-mouse-embedSimBlock/human_mouse_Ontology_Node_Embeddings.txt
pair count so far=100000
pair count so far=200000
pair count so far=300000
pair count so far=400000
pair count so far=500000
pair count so far=100000
pair count so far=200000
pair count so far=300000
pair count so far=400000
pair count so far=500000
pair count so far=100000
pair count so far=200000
pair count so far=300000
pair count so far=400000
pair count so far=500000
pair count so far=100000
pair count so far=200000
pair count so far=300000
pair count so far=400000
pair count so far=500000
pair count so far=100000
pair count so far=200000
pair count so far=300000
pair count so far=400000
pair count so far=500000
pair count so far=100000
pair count so far=200000
pair count so far=300000
pair count so far=400000
pair count so far=500000
pair count so far=100000
pair count so far=200000
pair count so far=300000
pair count so far=400000
pair count so far=500000
pair count so far=100000
pair count so far=200000
pair count so far=300000
pair count so far=400000
pair count so far=500000
pair count so far=100000
pair count so far=200000
pair count so far=300000
pair count so far=400000
pair count so far=500000
pair count so far=100000
pair count so far=200000
pair count so far=300000
pair count so far=400000
pair count so far=500000
pair count so far=100000
pair count so far=200000
pair count so far=300000
pair count so far=400000
pair count so far=500000
pair count so far=100000
pair count so far=200000
pair count so far=300000
pair count so far=400000
pair count so far=500000
pair count so far=100000
pair count so far=200000
pair count so far=300000
pair count so far=400000
pair count so far=500000
pair count so far=100000
pair count so far=200000
pair count so far=300000
pair count so far=400000
pair count so far=500000
pair count so far=100000
pair count so far=200000
pair count so far=300000
pair count so far=400000
pair count so far=500000
pair count so far=100000
pair count so far=200000
pair count so far=300000
pair count so far=400000
pair count so far=500000
len(poolPairs)=16
Done with totalPairs creation!
len(posPairs)=1516, len(commPosPairs)=3032
len(posPairs)=1047, len(commPosPairs)=2094
TRAIN: [   2    3    4 ... 1255 1257 1262] TEST: [   0    1    6    7    9   13   17   27   29   31   32   47   50   58
   70   71   81   96  100  124  125  127  133  135  144  145  151  152
  162  167  174  175  193  195  199  202  203  218  219  231  235  237
  241  243  245  248  255  258  260  261  262  264  276  279  280  284
  289  290  303  308  314  315  317  324  326  337  341  349  354  358
  360  363  368  370  391  396  415  416  418  419  423  433  435  441
  442  446  457  460  461  464  469  473  476  480  482  484  492  494
  496  503  512  529  551  558  561  570  571  578  583  593  594  597
  602  609  611  613  615  618  630  633  636  638  642  645  650  652
  660  661  662  677  697  699  705  718  725  735  739  745  747  750
  753  754  756  783  785  787  790  802  808  811  818  825  827  833
  834  836  839  844  861  865  867  869  873  876  877  880  883  884
  890  900  901  902  905  911  922  923  925  926  927  931  935  936
  946  953  956  961  964  965  977  979  980  982  983  986  988  990
  995 1003 1005 1006 1014 1016 1023 1030 1034 1035 1041 1043 1044 1046
 1050 1061 1066 1074 1077 1086 1105 1106 1108 1117 1121 1122 1132 1136
 1141 1142 1148 1151 1161 1169 1176 1186 1192 1200 1202 1203 1205 1209
 1211 1216 1233 1235 1241 1243 1244 1245 1247 1253 1256 1258 1259 1260
 1261]
TRAIN: [   0    1    2 ... 1260 1261 1262] TEST: [  11   14   21   24   26   33   34   42   48   51   54   56   60   63
   65   66   76   77   79   84   88   89   93   94   95   99  101  103
  106  129  130  131  148  149  150  163  166  179  181  185  187  192
  194  208  211  220  221  229  242  246  249  250  251  268  274  281
  292  299  304  306  311  319  325  328  329  330  343  345  348  350
  355  356  362  369  373  377  382  383  385  388  389  395  399  400
  401  403  405  409  414  424  427  431  434  437  438  439  443  444
  450  452  453  466  468  479  483  489  497  500  501  502  507  508
  514  520  521  523  528  545  548  553  554  564  565  566  569  574
  586  587  588  590  596  598  601  612  617  621  625  626  643  654
  666  667  678  680  683  684  686  689  696  701  702  706  714  717
  724  731  749  751  758  763  770  773  775  779  786  805  809  812
  813  822  826  855  860  868  870  878  879  881  888  896  908  913
  914  940  945  947  948  962  968  971  972  978  981  984  987  993
  996 1002 1004 1008 1009 1010 1012 1013 1015 1017 1025 1027 1036 1037
 1048 1055 1057 1063 1065 1079 1080 1087 1089 1090 1091 1093 1095 1109
 1112 1115 1118 1127 1131 1135 1139 1143 1147 1150 1158 1159 1163 1164
 1170 1174 1179 1180 1185 1188 1190 1193 1194 1221 1223 1224 1228 1242
 1251]
TRAIN: [   0    1    3 ... 1259 1260 1261] TEST: [   2    4   16   39   45   46   55   68   72   73   80   83   92   97
  102  104  114  116  117  121  122  128  136  137  143  154  169  176
  178  180  188  190  198  201  216  225  226  234  236  240  244  253
  256  265  275  277  278  285  286  288  291  295  307  310  312  313
  321  336  339  342  352  353  366  367  379  392  393  397  402  407
  417  422  425  429  432  440  447  454  455  458  470  485  488  490
  493  495  498  504  505  506  509  515  516  517  522  526  536  541
  544  546  549  555  567  568  573  579  581  582  589  595  599  600
  603  604  606  614  619  624  639  640  644  663  668  670  673  675
  682  685  690  692  693  695  698  712  713  715  722  732  737  741
  742  746  748  752  759  761  762  767  769  772  774  777  780  781
  784  797  799  800  803  806  807  810  815  820  830  831  837  838
  840  842  843  845  850  851  852  856  863  882  886  892  894  895
  898  899  909  916  919  929  934  937  941  944  949  950  958  959
  963  966  967  969  974  976  991 1000 1007 1022 1032 1042 1045 1049
 1051 1052 1058 1070 1076 1082 1096 1097 1098 1101 1103 1113 1125 1133
 1145 1146 1153 1154 1162 1168 1173 1175 1177 1181 1183 1189 1191 1199
 1213 1217 1218 1220 1222 1226 1236 1237 1246 1248 1249 1250 1252 1257
 1262]
TRAIN: [   0    1    2 ... 1260 1261 1262] TEST: [   8   10   20   22   36   40   44   53   59   62   67   74   75   78
   82   86   90   91   98  107  108  110  111  113  119  120  123  134
  157  158  160  161  164  168  172  177  182  189  191  200  204  206
  209  212  215  217  222  224  228  230  232  238  239  247  254  257
  267  269  271  272  273  297  298  301  302  305  309  318  320  323
  327  333  338  340  347  351  357  359  361  365  372  374  381  386
  387  394  398  408  410  411  412  420  421  426  428  448  449  451
  456  462  471  477  478  499  511  513  519  524  530  531  532  533
  534  535  537  539  540  550  556  559  560  575  576  577  584  585
  591  610  616  620  629  632  634  635  637  646  655  657  658  659
  669  671  676  679  687  688  691  703  707  708  710  711  726  729
  730  736  740  743  760  765  766  771  776  778  791  792  793  794
  795  816  817  819  821  828  829  832  849  853  857  858  859  862
  866  875  887  889  893  897  903  904  907  918  938  943  952  960
  970  985  989  992  994  997  999 1018 1020 1024 1029 1033 1038 1053
 1056 1059 1060 1062 1067 1068 1069 1081 1084 1088 1092 1104 1114 1119
 1123 1126 1134 1137 1138 1152 1155 1171 1178 1184 1187 1195 1197 1198
 1201 1206 1207 1210 1214 1219 1225 1227 1229 1230 1231 1232 1234 1240]
TRAIN: [   0    1    2 ... 1260 1261 1262] TEST: [   3    5   12   15   18   19   23   25   28   30   35   37   38   41
   43   49   52   57   61   64   69   85   87  105  109  112  115  118
  126  132  138  139  140  141  142  146  147  153  155  156  159  165
  170  171  173  183  184  186  196  197  205  207  210  213  214  223
  227  233  252  259  263  266  270  282  283  287  293  294  296  300
  316  322  331  332  334  335  344  346  364  371  375  376  378  380
  384  390  404  406  413  430  436  445  459  463  465  467  472  474
  475  481  486  487  491  510  518  525  527  538  542  543  547  552
  557  562  563  572  580  592  605  607  608  622  623  627  628  631
  641  647  648  649  651  653  656  664  665  672  674  681  694  700
  704  709  716  719  720  721  723  727  728  733  734  738  744  755
  757  764  768  782  788  789  796  798  801  804  814  823  824  835
  841  846  847  848  854  864  871  872  874  885  891  906  910  912
  915  917  920  921  924  928  930  932  933  939  942  951  954  955
  957  973  975  998 1001 1011 1019 1021 1026 1028 1031 1039 1040 1047
 1054 1064 1071 1072 1073 1075 1078 1083 1085 1094 1099 1100 1102 1107
 1110 1111 1116 1120 1124 1128 1129 1130 1140 1144 1149 1156 1157 1160
 1165 1166 1167 1172 1182 1196 1204 1208 1212 1215 1238 1239 1254 1255]
#Blocking Clusters: 2655, #Distinct Nodes: 6035, #Blocking Cluster Percent: 44
Total #PosPairs=1047, #NegPairs=216, True Positive % = 69.06332453825857, False Negative % = 30.93667546174143, negToPosRatio = 0.20630372492836677
