on cpu
Total #Pairs=1516, #Unfound Pairs=0
USESim Blocking
from src/model/gnn/dataset/human-mouse-embedSimBlock/human_mouse_Ontology_Node_Embeddings.txt
pair count so far=100000
pair count so far=200000
pair count so far=300000
pair count so far=400000
pair count so far=500000
pair count so far=100000
pair count so far=200000
pair count so far=300000
pair count so far=400000
pair count so far=500000
pair count so far=100000
pair count so far=200000
pair count so far=300000
pair count so far=400000
pair count so far=500000
pair count so far=100000
pair count so far=200000
pair count so far=300000
pair count so far=400000
pair count so far=500000
pair count so far=100000
pair count so far=200000
pair count so far=300000
pair count so far=400000
pair count so far=500000
pair count so far=100000
pair count so far=200000
pair count so far=300000
pair count so far=400000
pair count so far=500000
pair count so far=100000
pair count so far=200000
pair count so far=300000
pair count so far=400000
pair count so far=500000
pair count so far=100000
pair count so far=200000
pair count so far=300000
pair count so far=400000
pair count so far=500000
pair count so far=100000
pair count so far=200000
pair count so far=300000
pair count so far=400000
pair count so far=500000
pair count so far=100000
pair count so far=200000
pair count so far=300000
pair count so far=400000
pair count so far=500000
pair count so far=100000
pair count so far=200000
pair count so far=300000
pair count so far=400000
pair count so far=500000
pair count so far=100000
pair count so far=200000
pair count so far=300000
pair count so far=400000
pair count so far=500000
pair count so far=100000
pair count so far=200000
pair count so far=300000
pair count so far=400000
pair count so far=500000
pair count so far=100000
pair count so far=200000
pair count so far=300000
pair count so far=400000
pair count so far=500000
pair count so far=100000
pair count so far=200000
pair count so far=300000
pair count so far=400000
pair count so far=500000
pair count so far=100000
pair count so far=200000
pair count so far=300000
pair count so far=400000
pair count so far=500000
len(poolPairs)=16
Done with totalPairs creation!
len(posPairs)=1516, len(commPosPairs)=3032
len(posPairs)=1138, len(commPosPairs)=2276
TRAIN: [   0    2    3 ... 3176 3177 3178] TEST: [   1   10   11   20   21   22   24   29   30   38   40   47   49   59
   60   65   69   70   73   75   76   86   93   94  102  105  109  111
  112  114  115  126  127  132  133  135  136  143  145  148  150  152
  160  165  191  195  196  199  200  209  215  217  219  223  228  230
  231  238  256  261  266  269  272  274  279  284  286  292  307  311
  317  323  333  335  336  339  347  348  361  368  375  376  379  383
  388  389  397  412  415  432  433  435  436  441  476  478  481  486
  487  508  520  526  528  531  535  537  541  543  550  551  554  555
  556  559  562  563  564  565  576  586  588  595  599  612  613  614
  618  625  630  632  635  638  648  649  652  661  667  668  674  676
  678  682  688  689  698  699  702  704  718  722  724  728  733  735
  739  742  757  758  761  763  765  766  773  775  777  781  783  800
  809  813  820  824  830  831  833  834  842  843  851  856  861  865
  866  873  892  897  898  899  912  916  921  935  939  942  944  947
  961  963  964  967  968  969  976  978  983 1008 1016 1022 1038 1039
 1042 1051 1052 1059 1061 1067 1070 1071 1076 1078 1089 1097 1108 1117
 1119 1124 1132 1134 1138 1142 1149 1151 1153 1156 1159 1165 1169 1171
 1178 1190 1194 1195 1203 1204 1206 1208 1214 1219 1228 1230 1231 1238
 1247 1250 1252 1258 1259 1260 1265 1267 1272 1276 1282 1284 1285 1290
 1292 1294 1295 1304 1316 1321 1322 1327 1328 1334 1336 1337 1339 1345
 1356 1368 1370 1380 1385 1386 1387 1390 1392 1394 1397 1401 1402 1404
 1411 1413 1419 1422 1429 1432 1436 1438 1440 1445 1451 1453 1454 1461
 1468 1476 1477 1484 1492 1498 1502 1504 1507 1511 1515 1520 1521 1522
 1523 1533 1541 1543 1552 1563 1569 1574 1577 1579 1581 1583 1585 1586
 1589 1595 1604 1605 1609 1610 1616 1617 1618 1621 1630 1635 1637 1639
 1640 1650 1652 1653 1668 1673 1678 1682 1683 1692 1717 1723 1732 1733
 1734 1740 1745 1747 1754 1755 1767 1768 1775 1787 1789 1797 1798 1799
 1810 1811 1816 1823 1824 1826 1832 1833 1838 1853 1855 1858 1859 1863
 1868 1875 1876 1901 1903 1907 1911 1918 1926 1927 1935 1937 1938 1939
 1941 1942 1944 1945 1946 1951 1954 1968 1970 1975 1976 1977 1985 1989
 1990 1992 1993 1998 2003 2006 2010 2021 2022 2029 2042 2043 2045 2047
 2057 2058 2060 2069 2072 2091 2093 2099 2111 2116 2121 2133 2136 2144
 2148 2163 2164 2169 2171 2200 2206 2215 2224 2225 2234 2238 2251 2259
 2263 2267 2280 2288 2292 2299 2300 2301 2307 2320 2322 2324 2328 2336
 2348 2361 2368 2372 2382 2393 2395 2396 2402 2405 2407 2410 2418 2420
 2421 2423 2426 2431 2434 2441 2447 2456 2458 2472 2488 2490 2491 2493
 2495 2505 2507 2511 2515 2520 2521 2523 2529 2542 2543 2547 2551 2552
 2562 2563 2567 2570 2580 2591 2593 2594 2595 2604 2606 2612 2617 2618
 2620 2624 2637 2642 2644 2645 2647 2652 2653 2655 2664 2665 2675 2693
 2694 2706 2707 2715 2721 2725 2727 2731 2736 2740 2744 2756 2758 2759
 2766 2769 2773 2781 2782 2784 2800 2803 2805 2810 2811 2814 2815 2820
 2822 2827 2828 2829 2831 2835 2848 2853 2854 2856 2863 2865 2868 2872
 2881 2883 2884 2885 2888 2897 2908 2922 2923 2937 2942 2949 2950 2951
 2964 2966 2970 2972 2980 2981 2988 2992 2994 2996 2999 3003 3011 3021
 3024 3027 3039 3052 3070 3071 3074 3093 3097 3103 3105 3116 3121 3127
 3131 3137 3138 3141 3166 3175]
TRAIN: [   0    1    2 ... 3175 3176 3177] TEST: [   8   12   26   28   31   32   39   44   52   64   72   74   78   80
   85   87   89   91   92   95  104  117  119  121  130  131  140  151
  162  169  172  185  189  193  197  205  207  210  220  221  229  233
  234  235  239  240  242  243  244  247  250  252  259  267  268  273
  276  288  291  293  295  296  303  305  319  320  337  338  341  345
  353  358  370  371  373  382  384  385  386  387  399  406  407  417
  418  421  422  425  426  428  438  440  442  444  449  452  454  455
  465  485  493  495  498  501  509  519  530  539  546  547  553  578
  579  581  583  584  596  598  601  604  607  615  619  623  639  642
  645  651  654  657  660  663  670  675  680  681  683  686  691  695
  697  706  709  713  717  721  723  750  752  759  760  771  774  776
  779  803  804  814  818  825  826  828  839  840  841  845  847  853
  854  858  862  863  868  874  879  880  881  890  893  902  909  923
  924  926  930  941  945  946  949  951  955  956  958  959  965  966
  982  988  990  991  993  994  997  999 1000 1004 1007 1012 1015 1021
 1037 1044 1049 1050 1055 1056 1057 1063 1080 1091 1099 1103 1104 1113
 1114 1115 1118 1123 1139 1143 1146 1147 1150 1152 1154 1155 1158 1160
 1166 1172 1173 1177 1185 1186 1188 1189 1196 1198 1207 1209 1210 1211
 1226 1227 1229 1234 1241 1243 1249 1251 1256 1257 1266 1268 1270 1274
 1275 1279 1287 1299 1301 1305 1306 1315 1318 1324 1329 1332 1333 1340
 1349 1358 1367 1369 1376 1378 1379 1384 1388 1391 1395 1399 1407 1410
 1415 1420 1421 1426 1427 1430 1443 1449 1460 1466 1488 1494 1508 1510
 1516 1532 1545 1553 1564 1565 1571 1575 1590 1594 1596 1597 1600 1601
 1606 1611 1619 1623 1627 1636 1646 1648 1656 1661 1662 1664 1667 1674
 1676 1677 1679 1681 1690 1696 1701 1709 1711 1716 1724 1731 1744 1757
 1762 1769 1780 1784 1792 1793 1795 1801 1804 1809 1813 1815 1817 1830
 1843 1844 1848 1850 1856 1861 1866 1867 1871 1878 1880 1885 1887 1889
 1890 1898 1906 1914 1921 1923 1929 1931 1932 1934 1952 1959 1960 1973
 1979 1982 2001 2009 2014 2015 2025 2028 2031 2035 2036 2037 2038 2039
 2040 2048 2049 2050 2056 2063 2064 2068 2070 2079 2081 2082 2084 2085
 2092 2098 2101 2110 2112 2113 2123 2125 2142 2149 2150 2153 2158 2166
 2168 2173 2178 2179 2180 2184 2189 2190 2192 2201 2207 2210 2214 2231
 2240 2249 2250 2254 2281 2282 2293 2302 2304 2310 2311 2325 2329 2330
 2342 2346 2352 2363 2364 2373 2376 2380 2381 2383 2385 2386 2392 2397
 2398 2414 2416 2419 2432 2435 2438 2440 2446 2448 2451 2457 2463 2469
 2473 2485 2489 2506 2508 2509 2510 2531 2535 2538 2539 2540 2541 2550
 2557 2569 2582 2585 2586 2596 2599 2601 2602 2611 2614 2615 2616 2621
 2631 2633 2635 2636 2640 2649 2662 2670 2678 2685 2691 2692 2695 2697
 2700 2701 2705 2708 2717 2718 2720 2723 2726 2733 2734 2741 2743 2745
 2748 2753 2754 2764 2778 2780 2788 2789 2790 2791 2796 2807 2808 2826
 2830 2837 2858 2864 2869 2874 2875 2876 2886 2887 2890 2891 2892 2898
 2899 2902 2910 2911 2918 2925 2930 2932 2936 2945 2946 2952 2954 2957
 2959 2961 2963 2965 2967 2975 2985 2986 2987 2995 3001 3010 3012 3015
 3026 3028 3041 3043 3051 3054 3061 3063 3064 3077 3084 3089 3091 3092
 3100 3104 3108 3110 3112 3113 3114 3115 3130 3132 3136 3144 3146 3152
 3157 3163 3165 3168 3173 3178]
TRAIN: [   1    2    4 ... 3175 3176 3178] TEST: [   0    3    5    6    9   13   14   17   19   33   35   42   50   51
   55   58   63   66   67   79   83   84   88   90   96   97   99  103
  106  116  118  120  125  128  129  141  147  153  154  156  158  166
  173  174  184  186  192  203  204  225  236  241  248  249  253  255
  260  264  277  278  283  287  298  299  306  310  312  316  318  325
  329  330  331  334  342  350  355  360  366  369  374  378  380  390
  391  394  401  410  427  430  431  434  443  448  451  453  456  461
  466  469  470  472  474  475  477  482  489  494  496  497  500  504
  513  521  524  527  545  549  552  557  560  566  572  573  577  585
  589  590  592  593  597  602  603  610  617  621  622  624  626  627
  629  631  633  636  637  644  656  672  673  684  690  696  703  712
  715  725  729  732  741  746  751  768  772  778  784  785  787  795
  805  807  811  812  822  832  844  852  855  860  864  867  870  883
  884  889  895  900  903  908  911  914  917  919  922  925  927  929
  932  933  936  948  957  962  971  972  980  992  996 1010 1013 1014
 1029 1031 1041 1048 1053 1066 1068 1073 1074 1079 1082 1093 1100 1102
 1126 1130 1135 1136 1140 1144 1157 1162 1167 1168 1179 1181 1184 1192
 1197 1213 1216 1220 1221 1222 1232 1233 1236 1240 1253 1264 1277 1278
 1281 1289 1293 1298 1302 1303 1308 1311 1312 1317 1323 1335 1341 1344
 1350 1352 1364 1366 1371 1373 1381 1383 1389 1409 1414 1416 1424 1425
 1428 1433 1439 1441 1464 1467 1471 1480 1481 1500 1506 1512 1514 1517
 1518 1525 1527 1530 1534 1535 1546 1549 1550 1554 1556 1559 1566 1568
 1593 1599 1603 1607 1613 1624 1626 1628 1632 1647 1649 1657 1659 1663
 1666 1675 1684 1686 1687 1689 1691 1695 1699 1700 1703 1704 1706 1710
 1715 1719 1726 1727 1729 1741 1742 1748 1750 1756 1758 1760 1773 1781
 1782 1785 1786 1788 1791 1814 1819 1820 1827 1829 1835 1841 1842 1845
 1846 1870 1872 1882 1883 1897 1900 1904 1909 1912 1916 1922 1928 1953
 1956 1961 1962 1967 1974 1978 1986 1987 1996 1999 2000 2004 2005 2007
 2008 2011 2012 2018 2020 2023 2024 2026 2034 2041 2046 2059 2062 2067
 2073 2074 2077 2086 2090 2094 2096 2097 2109 2114 2119 2122 2131 2132
 2145 2146 2154 2155 2161 2162 2165 2172 2175 2176 2182 2185 2188 2195
 2202 2208 2209 2212 2220 2221 2232 2233 2236 2239 2241 2244 2256 2261
 2264 2266 2269 2273 2275 2277 2284 2287 2289 2291 2297 2308 2312 2323
 2332 2333 2334 2338 2340 2344 2350 2353 2354 2355 2357 2358 2362 2366
 2367 2369 2370 2375 2377 2378 2384 2399 2400 2401 2403 2406 2412 2417
 2427 2455 2460 2461 2462 2467 2468 2480 2481 2496 2497 2499 2501 2502
 2504 2513 2519 2527 2530 2532 2536 2545 2555 2566 2583 2584 2589 2590
 2598 2605 2619 2623 2629 2639 2641 2643 2650 2651 2656 2660 2661 2677
 2679 2680 2681 2683 2686 2688 2689 2696 2698 2711 2712 2714 2735 2746
 2747 2749 2755 2760 2762 2768 2783 2787 2794 2798 2804 2816 2819 2821
 2823 2824 2836 2838 2842 2843 2845 2852 2859 2867 2877 2879 2880 2893
 2894 2896 2901 2903 2905 2912 2920 2921 2924 2935 2938 2943 2947 2958
 2960 2968 2974 2982 2983 2984 2991 2998 3006 3007 3013 3014 3016 3019
 3022 3025 3030 3033 3035 3042 3053 3060 3062 3065 3066 3067 3068 3072
 3073 3080 3081 3087 3088 3094 3102 3109 3129 3133 3134 3135 3143 3153
 3158 3160 3162 3164 3172 3177]
TRAIN: [   0    1    3 ... 3175 3177 3178] TEST: [   2    4    7   15   16   18   23   25   36   45   46   48   53   54
   57   68   77   81   82   98  107  110  113  123  137  139  144  146
  149  159  163  164  167  168  170  171  175  181  188  190  194  198
  201  206  208  211  214  216  224  226  227  246  254  258  262  265
  275  289  290  300  301  302  308  313  321  324  326  327  343  344
  346  349  351  352  357  359  362  367  372  377  393  398  402  408
  411  413  416  423  424  437  445  446  450  457  458  459  467  471
  473  483  484  488  491  502  506  507  511  516  522  525  529  532
  533  534  542  544  558  561  567  570  571  574  575  608  628  634
  643  650  655  658  662  665  671  677  679  685  687  693  707  714
  716  730  734  737  740  744  745  747  753  754  755  762  770  780
  788  790  793  794  798  799  801  806  810  815  821  835  836  846
  848  850  857  871  872  875  876  877  885  891  894  901  905  906
  918  920  928  931  938  940  952  954  970  973  985  998 1006 1009
 1011 1017 1023 1024 1025 1027 1028 1030 1033 1036 1054 1058 1064 1065
 1072 1075 1081 1083 1088 1092 1096 1101 1105 1107 1110 1112 1120 1122
 1127 1128 1137 1141 1145 1161 1163 1170 1175 1180 1182 1187 1193 1199
 1200 1201 1202 1212 1224 1235 1237 1239 1246 1255 1262 1263 1271 1280
 1283 1286 1297 1300 1309 1314 1325 1330 1331 1338 1342 1343 1346 1351
 1355 1360 1372 1374 1398 1405 1406 1408 1431 1435 1442 1447 1450 1452
 1456 1457 1459 1462 1469 1473 1474 1478 1489 1493 1496 1501 1503 1505
 1509 1513 1519 1524 1526 1528 1529 1537 1539 1542 1544 1547 1548 1555
 1558 1560 1561 1562 1567 1570 1578 1580 1582 1584 1588 1591 1608 1614
 1620 1631 1638 1642 1643 1644 1645 1651 1654 1655 1660 1669 1670 1671
 1685 1693 1694 1697 1698 1712 1720 1721 1725 1735 1737 1743 1765 1770
 1771 1774 1776 1777 1779 1790 1794 1805 1807 1825 1828 1834 1839 1854
 1860 1874 1888 1892 1895 1896 1902 1910 1913 1920 1925 1933 1936 1940
 1943 1947 1949 1950 1955 1958 1963 1969 1972 1991 1994 1997 2013 2017
 2019 2027 2030 2051 2052 2054 2061 2065 2066 2071 2075 2089 2095 2104
 2108 2117 2118 2120 2124 2127 2129 2134 2137 2156 2157 2159 2160 2167
 2170 2174 2177 2183 2186 2191 2193 2197 2199 2203 2218 2223 2229 2235
 2237 2245 2247 2253 2255 2260 2262 2268 2270 2271 2274 2276 2278 2279
 2285 2286 2294 2296 2298 2305 2313 2318 2319 2321 2327 2331 2337 2339
 2341 2347 2349 2351 2359 2360 2365 2374 2390 2404 2409 2411 2413 2415
 2422 2428 2429 2430 2437 2444 2445 2450 2452 2454 2459 2464 2465 2470
 2474 2475 2478 2479 2492 2494 2498 2503 2514 2517 2526 2528 2533 2537
 2546 2549 2553 2556 2559 2561 2568 2571 2572 2575 2577 2581 2588 2597
 2600 2603 2607 2610 2622 2625 2626 2627 2630 2632 2634 2638 2646 2654
 2657 2666 2667 2669 2671 2674 2676 2682 2687 2690 2699 2710 2716 2719
 2730 2737 2739 2742 2750 2751 2752 2761 2763 2765 2770 2771 2772 2777
 2786 2792 2793 2795 2799 2801 2802 2806 2809 2812 2818 2834 2841 2846
 2860 2861 2862 2871 2873 2882 2889 2895 2904 2906 2915 2916 2917 2919
 2926 2928 2929 2934 2941 2948 2969 2977 2978 2989 2990 3002 3004 3005
 3008 3009 3017 3031 3034 3038 3044 3045 3046 3047 3048 3050 3057 3059
 3076 3083 3086 3096 3098 3101 3107 3117 3120 3123 3128 3140 3149 3150
 3154 3155 3156 3159 3170 3176]
TRAIN: [   0    1    2 ... 3176 3177 3178] TEST: [  27   34   37   41   43   56   61   62   71  100  101  108  122  124
  134  138  142  155  157  161  176  177  178  179  180  182  183  187
  202  212  213  218  222  232  237  245  251  257  263  270  271  280
  281  282  285  294  297  304  309  314  315  322  328  332  340  354
  356  363  364  365  381  392  395  396  400  403  404  405  409  414
  419  420  429  439  447  460  462  463  464  468  479  480  490  492
  499  503  505  510  512  514  515  517  518  523  536  538  540  548
  568  569  580  582  587  591  594  600  605  606  609  611  616  620
  640  641  646  647  653  659  664  666  669  692  694  700  701  705
  708  710  711  719  720  726  727  731  736  738  743  748  749  756
  764  767  769  782  786  789  791  792  796  797  802  808  816  817
  819  823  827  829  837  838  849  859  869  878  882  886  887  888
  896  904  907  910  913  915  934  937  943  950  953  960  974  975
  977  979  981  984  986  987  989  995 1001 1002 1003 1005 1018 1019
 1020 1026 1032 1034 1035 1040 1043 1045 1046 1047 1060 1062 1069 1077
 1084 1085 1086 1087 1090 1094 1095 1098 1106 1109 1111 1116 1121 1125
 1129 1131 1133 1148 1164 1174 1176 1183 1191 1205 1215 1217 1218 1223
 1225 1242 1244 1245 1248 1254 1261 1269 1273 1288 1291 1296 1307 1310
 1313 1319 1320 1326 1347 1348 1353 1354 1357 1359 1361 1362 1363 1365
 1375 1377 1382 1393 1396 1400 1403 1412 1417 1418 1423 1434 1437 1444
 1446 1448 1455 1458 1463 1465 1470 1472 1475 1479 1482 1483 1485 1486
 1487 1490 1491 1495 1497 1499 1531 1536 1538 1540 1551 1557 1572 1573
 1576 1587 1592 1598 1602 1612 1615 1622 1625 1629 1633 1634 1641 1658
 1665 1672 1680 1688 1702 1705 1707 1708 1713 1714 1718 1722 1728 1730
 1736 1738 1739 1746 1749 1751 1752 1753 1759 1761 1763 1764 1766 1772
 1778 1783 1796 1800 1802 1803 1806 1808 1812 1818 1821 1822 1831 1836
 1837 1840 1847 1849 1851 1852 1857 1862 1864 1865 1869 1873 1877 1879
 1881 1884 1886 1891 1893 1894 1899 1905 1908 1915 1917 1919 1924 1930
 1948 1957 1964 1965 1966 1971 1980 1981 1983 1984 1988 1995 2002 2016
 2032 2033 2044 2053 2055 2076 2078 2080 2083 2087 2088 2100 2102 2103
 2105 2106 2107 2115 2126 2128 2130 2135 2138 2139 2140 2141 2143 2147
 2151 2152 2181 2187 2194 2196 2198 2204 2205 2211 2213 2216 2217 2219
 2222 2226 2227 2228 2230 2242 2243 2246 2248 2252 2257 2258 2265 2272
 2283 2290 2295 2303 2306 2309 2314 2315 2316 2317 2326 2335 2343 2345
 2356 2371 2379 2387 2388 2389 2391 2394 2408 2424 2425 2433 2436 2439
 2442 2443 2449 2453 2466 2471 2476 2477 2482 2483 2484 2486 2487 2500
 2512 2516 2518 2522 2524 2525 2534 2544 2548 2554 2558 2560 2564 2565
 2573 2574 2576 2578 2579 2587 2592 2608 2609 2613 2628 2648 2658 2659
 2663 2668 2672 2673 2684 2702 2703 2704 2709 2713 2722 2724 2728 2729
 2732 2738 2757 2767 2774 2775 2776 2779 2785 2797 2813 2817 2825 2832
 2833 2839 2840 2844 2847 2849 2850 2851 2855 2857 2866 2870 2878 2900
 2907 2909 2913 2914 2927 2931 2933 2939 2940 2944 2953 2955 2956 2962
 2971 2973 2976 2979 2993 2997 3000 3018 3020 3023 3029 3032 3036 3037
 3040 3049 3055 3056 3058 3069 3075 3078 3079 3082 3085 3090 3095 3099
 3106 3111 3118 3119 3122 3124 3125 3126 3139 3142 3145 3147 3148 3151
 3161 3167 3169 3171 3174]
#Blocking Clusters: 2655, #Distinct Nodes: 6035, #Blocking Cluster Percent: 44
Total #PosPairs=1138, #NegPairs=2041, True Positive % = 75.06596306068602, False Negative % = 24.934036939313984, negToPosRatio = 1.7934973637961336
