on cpu
Total #Pairs=1516, #Unfound Pairs=0
USESim Blocking
from src/model/gnn/dataset/human-mouse-embedSimBlock/human_mouse_Ontology_Node_Embeddings.txt
pair count so far=100000
pair count so far=200000
pair count so far=300000
pair count so far=400000
pair count so far=500000
pair count so far=100000
pair count so far=200000
pair count so far=300000
pair count so far=400000
pair count so far=500000
pair count so far=100000
pair count so far=200000
pair count so far=300000
pair count so far=400000
pair count so far=500000
pair count so far=100000
pair count so far=200000
pair count so far=300000
pair count so far=400000
pair count so far=500000
pair count so far=100000
pair count so far=200000
pair count so far=300000
pair count so far=400000
pair count so far=500000
pair count so far=100000
pair count so far=200000
pair count so far=300000
pair count so far=400000
pair count so far=500000
pair count so far=100000
pair count so far=200000
pair count so far=300000
pair count so far=400000
pair count so far=500000
pair count so far=100000
pair count so far=200000
pair count so far=300000
pair count so far=400000
pair count so far=500000
pair count so far=100000
pair count so far=200000
pair count so far=300000
pair count so far=400000
pair count so far=500000
pair count so far=100000
pair count so far=200000
pair count so far=300000
pair count so far=400000
pair count so far=500000
pair count so far=100000
pair count so far=200000
pair count so far=300000
pair count so far=400000
pair count so far=500000
pair count so far=100000
pair count so far=200000
pair count so far=300000
pair count so far=400000
pair count so far=500000
pair count so far=100000
pair count so far=200000
pair count so far=300000
pair count so far=400000
pair count so far=500000
pair count so far=100000
pair count so far=200000
pair count so far=300000
pair count so far=400000
pair count so far=500000
pair count so far=100000
pair count so far=200000
pair count so far=300000
pair count so far=400000
pair count so far=500000
pair count so far=100000
pair count so far=200000
pair count so far=300000
pair count so far=400000
pair count so far=500000
len(poolPairs)=16
Done with totalPairs creation!
len(posPairs)=1516, len(commPosPairs)=3032
len(posPairs)=1282, len(commPosPairs)=2564
TRAIN: [    0     1     4 ... 27247 27248 27249] TEST: [    2     3    16 ... 27239 27242 27246]
TRAIN: [    0     1     2 ... 27245 27246 27249] TEST: [    5     7    10 ... 27241 27247 27248]
TRAIN: [    0     1     2 ... 27247 27248 27249] TEST: [    6    17    19 ... 27233 27240 27243]
TRAIN: [    2     3     4 ... 27246 27247 27248] TEST: [    0     1     8 ... 27213 27237 27249]
TRAIN: [    0     1     2 ... 27247 27248 27249] TEST: [    4     9    12 ... 27234 27244 27245]
#Blocking Clusters: 2655, #Distinct Nodes: 6035, #Blocking Cluster Percent: 44
Total #PosPairs=1282, #NegPairs=25968, True Positive % = 84.5646437994723, False Negative % = 15.435356200527707, negToPosRatio = 20.255850234009362
