on cpu
Total #Pairs=17, #Unfound Pairs=2
BERTMap Blocking
len(candidate_pool): 3, [('8', 1.1139433523068367), ('12', 1.1139433523068367), ('23', 1.1139433523068367)], Conference volume
len(candidate_pool): 3, [('21', 1.591064607026499), ('10', 1.290034611362518), ('27', 1.290034611362518)], Review preference
len(candidate_pool): 2, [('10', 1.290034611362518), ('27', 1.290034611362518)], Review expertise
len(candidate_pool): 4, [('4', 0.9890046156985368), ('6', 0.9890046156985368), ('19', 0.9890046156985368), ('26', 0.9890046156985368)], Reviewer
len(candidate_pool): 1, [('13', 1.591064607026499)], Person
len(candidate_pool): 4, [('14', 1.591064607026499), ('8', 1.1139433523068367), ('12', 1.1139433523068367), ('23', 1.1139433523068367)], Conference document
len(candidate_pool): 3, [('8', 1.1139433523068367), ('12', 1.1139433523068367), ('23', 1.1139433523068367)], Active conference participant
len(candidate_pool): 3, [('3', 1.1139433523068367), ('9', 1.1139433523068367), ('16', 1.1139433523068367)], Committee
len(candidate_pool): 3, [('9', 1.1139433523068367), ('22', 1.1139433523068367), ('23', 1.1139433523068367)], Chair
len(candidate_pool): 4, [('3', 2.403977963669355), ('12', 1.290034611362518), ('9', 1.1139433523068367), ('16', 1.1139433523068367)], Committee member
len(candidate_pool): 5, [('7', 2.7050079593333356), ('19', 1.1139433523068367), ('27', 1.1139433523068367), ('9', 1.1139433523068367), ('22', 1.1139433523068367)], Co-chair
len(candidate_pool): 3, [('3', 2.2278867046136734), ('9', 2.2278867046136734), ('16', 2.2278867046136734)], Program committee
len(candidate_pool): 3, [('8', 1.1139433523068367), ('12', 1.1139433523068367), ('23', 1.1139433523068367)], Conference proceedings
len(candidate_pool): 2, [('10', 1.290034611362518), ('27', 1.290034611362518)], Review
len(candidate_pool): 3, [('3', 1.1139433523068367), ('9', 1.1139433523068367), ('16', 1.1139433523068367)], Steering committee
len(candidate_pool): 3, [('8', 1.1139433523068367), ('12', 1.1139433523068367), ('23', 1.1139433523068367)], Conference part
len(candidate_pool): 5, [('7', 1.1139433523068367), ('19', 1.1139433523068367), ('27', 1.1139433523068367), ('9', 1.1139433523068367), ('22', 1.1139433523068367)], Track-workshop chair
len(candidate_pool): 5, [('2', 0.8920946026904804), ('28', 0.8920946026904804), ('29', 0.8920946026904804), ('36', 0.8920946026904804), ('37', 0.8920946026904804)], Paper
len(candidate_pool): 1, [('28', 1.591064607026499)], Abstract
len(candidate_pool): 3, [('3', 1.1139433523068367), ('9', 1.1139433523068367), ('16', 1.1139433523068367)], Organizing committee
len(candidate_pool): 3, [('8', 1.1139433523068367), ('12', 1.1139433523068367), ('23', 1.1139433523068367)], Conference contribution
len(candidate_pool): 3, [('8', 1.1139433523068367), ('12', 1.1139433523068367), ('23', 1.1139433523068367)], Conference www
len(candidate_pool): 3, [('8', 1.1139433523068367), ('12', 1.1139433523068367), ('23', 1.1139433523068367)], Conference
len(candidate_pool): 3, [('8', 1.1139433523068367), ('12', 1.1139433523068367), ('23', 1.1139433523068367)], Conference contributor
len(candidate_pool): 3, [('8', 1.1139433523068367), ('12', 1.1139433523068367), ('23', 1.1139433523068367)], Conference participant
len(candidate_pool): 3, [('7', 1.1139433523068367), ('11', 1.1139433523068367), ('26', 1.1139433523068367)], Regular author
len(candidate_pool): 3, [('8', 1.1139433523068367), ('12', 1.1139433523068367), ('23', 1.1139433523068367)], Passive conference participant
len(candidate_pool): 1, [('28', 1.591064607026499)], Extended abstract
len(candidate_pool): 5, [('7', 2.2278867046136734), ('19', 1.1139433523068367), ('27', 1.1139433523068367), ('11', 1.1139433523068367), ('26', 1.1139433523068367)], Contribution 1th-author
len(candidate_pool): 5, [('7', 3.8189513116401725), ('19', 1.1139433523068367), ('27', 1.1139433523068367), ('11', 1.1139433523068367), ('26', 1.1139433523068367)], Contribution co-author
len(candidate_pool): 5, [('2', 0.8920946026904804), ('28', 0.8920946026904804), ('29', 0.8920946026904804), ('36', 0.8920946026904804), ('37', 0.8920946026904804)], Call for paper
len(candidate_pool): 3, [('8', 1.1139433523068367), ('12', 1.1139433523068367), ('23', 1.1139433523068367)], Conference announcement
len(candidate_pool): 3, [('8', 1.1139433523068367), ('12', 1.1139433523068367), ('23', 1.1139433523068367)], Conference applicant
len(candidate_pool): 3, [('8', 1.1139433523068367), ('12', 1.1139433523068367), ('23', 1.1139433523068367)], Conference fees
len(candidate_pool): 2, [('33', 1.290034611362518), ('38', 1.290034611362518)], has a URL
len(candidate_pool): 1, [('31', 1.591064607026499)], has a date of issue
len(candidate_pool): 1, [('35', 1.591064607026499)], has a name
len(candidate_pool): 1, [('32', 1.591064607026499)], has an email
len(candidate_pool): 1, [('35', 1.591064607026499)], has the first name
len(candidate_pool): 1, [('35', 1.591064607026499)], has the last name
len(candidate_pool): 2, [('31', 1.591064607026499), ('24', 1.591064607026499)], is a date of acceptance announcement
len(candidate_pool): 5, [('31', 1.591064607026499), ('30', 1.591064607026499), ('2', 0.8920946026904804), ('28', 0.8920946026904804), ('29', 0.8920946026904804)], is a date of camera ready paper submission
len(candidate_pool): 5, [('29', 2.4831592097169795), ('30', 1.591064607026499), ('31', 1.591064607026499), ('2', 0.8920946026904804), ('28', 0.8920946026904804)], is a full paper submission date
len(candidate_pool): 1, [('31', 1.591064607026499)], is a starting date
len(candidate_pool): 3, [('28', 1.591064607026499), ('30', 1.591064607026499), ('31', 1.591064607026499)], is an abstract submission date
len(candidate_pool): 1, [('31', 1.591064607026499)], is an ending date
Done with totalPairs creation!
len(posPairs)=15, len(commPosPairs)=30
len(posPairs)=12, len(commPosPairs)=24
TRAIN: [  0   1   2   3   4   5   6   7   9  12  14  15  16  17  18  19  20  21
  22  24  25  26  27  29  30  31  32  33  34  35  36  37  38  39  40  42
  43  44  45  46  47  49  50  51  52  53  54  55  56  57  59  60  61  62
  63  64  65  67  68  70  71  72  73  74  75  76  78  81  82  84  85  86
  88  89  90  91  92  93  94  95  96  97  99 100 102 103 104 105 108 110
 111 112 115 116 117 119 120 121 122 123 124 127 128 130 131 132] TEST: [  8  10  11  13  23  28  41  48  58  66  69  77  79  80  83  87  98 101
 106 107 109 113 114 118 125 126 129]
TRAIN: [  1   2   5   6   7   8   9  10  11  12  13  14  15  17  18  20  21  23
  24  26  27  28  29  31  32  33  34  35  36  37  38  39  40  41  42  44
  45  46  47  48  49  51  52  53  55  56  57  58  60  62  63  64  66  67
  68  69  70  71  72  74  77  78  79  80  81  82  83  84  85  87  88  89
  90  91  94  95  97  98  99 100 101 104 105 106 107 109 111 113 114 115
 116 117 118 120 121 122 123 124 125 126 127 128 129 130 131 132] TEST: [  0   3   4  16  19  22  25  30  43  50  54  59  61  65  73  75  76  86
  92  93  96 102 103 108 110 112 119]
TRAIN: [  0   1   2   3   4   6   8   9  10  11  13  14  15  16  17  18  19  21
  22  23  25  27  28  29  30  31  37  38  39  41  42  43  45  46  47  48
  49  50  51  52  54  57  58  59  61  62  63  64  65  66  67  68  69  70
  71  72  73  74  75  76  77  79  80  81  83  84  86  87  90  92  93  94
  95  96  97  98  99 100 101 102 103 104 105 106 107 108 109 110 112 113
 114 115 116 117 118 119 120 122 123 125 126 127 128 129 130 131] TEST: [  5   7  12  20  24  26  32  33  34  35  36  40  44  53  55  56  60  78
  82  85  88  89  91 111 121 124 132]
TRAIN: [  0   1   3   4   5   7   8   9  10  11  12  13  14  15  16  19  20  22
  23  24  25  26  28  30  31  32  33  34  35  36  37  40  41  43  44  45
  46  48  49  50  53  54  55  56  57  58  59  60  61  62  63  64  65  66
  69  70  71  73  75  76  77  78  79  80  82  83  84  85  86  87  88  89
  90  91  92  93  94  96  98  99 101 102 103 105 106 107 108 109 110 111
 112 113 114 115 116 117 118 119 120 121 122 124 125 126 129 130 132] TEST: [  2   6  17  18  21  27  29  38  39  42  47  51  52  67  68  72  74  81
  95  97 100 104 123 127 128 131]
TRAIN: [  0   2   3   4   5   6   7   8  10  11  12  13  16  17  18  19  20  21
  22  23  24  25  26  27  28  29  30  32  33  34  35  36  38  39  40  41
  42  43  44  47  48  50  51  52  53  54  55  56  58  59  60  61  65  66
  67  68  69  72  73  74  75  76  77  78  79  80  81  82  83  85  86  87
  88  89  91  92  93  95  96  97  98 100 101 102 103 104 106 107 108 109
 110 111 112 113 114 118 119 121 123 124 125 126 127 128 129 131 132] TEST: [  1   9  14  15  31  37  45  46  49  57  62  63  64  70  71  84  90  94
  99 105 115 116 117 120 122 130]
#Blocking Clusters: 5, #Distinct Nodes: 116, #Blocking Cluster Percent: 5
Total #PosPairs=12, #NegPairs=121, True Positive % = 80.0, False Negative % = 20.0, negToPosRatio = 10.083333333333334
