on cpu
Total #Pairs=17, #Unfound Pairs=2
BERTMap Blocking
len(candidate_pool): 1, [('8', 1.1139433523068367)], Conference volume
len(candidate_pool): 1, [('21', 1.591064607026499)], Review preference
len(candidate_pool): 1, [('10', 1.290034611362518)], Review expertise
len(candidate_pool): 1, [('4', 0.9890046156985368)], Reviewer
len(candidate_pool): 1, [('13', 1.591064607026499)], Person
len(candidate_pool): 1, [('14', 1.591064607026499)], Conference document
len(candidate_pool): 1, [('8', 1.1139433523068367)], Active conference participant
len(candidate_pool): 1, [('3', 1.1139433523068367)], Committee
len(candidate_pool): 1, [('9', 1.1139433523068367)], Chair
len(candidate_pool): 1, [('3', 2.403977963669355)], Committee member
len(candidate_pool): 1, [('7', 2.7050079593333356)], Co-chair
len(candidate_pool): 1, [('3', 2.2278867046136734)], Program committee
len(candidate_pool): 1, [('8', 1.1139433523068367)], Conference proceedings
len(candidate_pool): 1, [('10', 1.290034611362518)], Review
len(candidate_pool): 1, [('3', 1.1139433523068367)], Steering committee
len(candidate_pool): 1, [('8', 1.1139433523068367)], Conference part
len(candidate_pool): 1, [('7', 1.1139433523068367)], Track-workshop chair
len(candidate_pool): 1, [('2', 0.8920946026904804)], Paper
len(candidate_pool): 1, [('28', 1.591064607026499)], Abstract
len(candidate_pool): 1, [('3', 1.1139433523068367)], Organizing committee
len(candidate_pool): 1, [('8', 1.1139433523068367)], Conference contribution
len(candidate_pool): 1, [('8', 1.1139433523068367)], Conference www
len(candidate_pool): 1, [('8', 1.1139433523068367)], Conference
len(candidate_pool): 1, [('8', 1.1139433523068367)], Conference contributor
len(candidate_pool): 1, [('8', 1.1139433523068367)], Conference participant
len(candidate_pool): 1, [('7', 1.1139433523068367)], Regular author
len(candidate_pool): 1, [('8', 1.1139433523068367)], Passive conference participant
len(candidate_pool): 1, [('28', 1.591064607026499)], Extended abstract
len(candidate_pool): 1, [('7', 2.2278867046136734)], Contribution 1th-author
len(candidate_pool): 1, [('7', 3.8189513116401725)], Contribution co-author
len(candidate_pool): 1, [('2', 0.8920946026904804)], Call for paper
len(candidate_pool): 1, [('8', 1.1139433523068367)], Conference announcement
len(candidate_pool): 1, [('8', 1.1139433523068367)], Conference applicant
len(candidate_pool): 1, [('8', 1.1139433523068367)], Conference fees
len(candidate_pool): 1, [('33', 1.290034611362518)], has a URL
len(candidate_pool): 1, [('31', 1.591064607026499)], has a date of issue
len(candidate_pool): 1, [('35', 1.591064607026499)], has a name
len(candidate_pool): 1, [('32', 1.591064607026499)], has an email
len(candidate_pool): 1, [('35', 1.591064607026499)], has the first name
len(candidate_pool): 1, [('35', 1.591064607026499)], has the last name
len(candidate_pool): 1, [('31', 1.591064607026499)], is a date of acceptance announcement
len(candidate_pool): 1, [('31', 1.591064607026499)], is a date of camera ready paper submission
len(candidate_pool): 1, [('29', 2.4831592097169795)], is a full paper submission date
len(candidate_pool): 1, [('31', 1.591064607026499)], is a starting date
len(candidate_pool): 1, [('28', 1.591064607026499)], is an abstract submission date
len(candidate_pool): 1, [('31', 1.591064607026499)], is an ending date
Done with totalPairs creation!
len(posPairs)=15, len(commPosPairs)=30
len(posPairs)=9, len(commPosPairs)=18
TRAIN: [ 0  2  3  4  5  7  8  9 10 12 13 15 16 17 18 19 20 21 23 25 26 27 28 29
 30 31 33 34 35 36 39 40 41 42 43 44] TEST: [ 1  6 11 14 22 24 32 37 38 45]
TRAIN: [ 0  1  2  3  4  5  6  9 10 11 12 13 14 15 16 17 18 19 20 21 22 24 25 26
 28 30 31 32 33 34 37 38 39 40 41 42 45] TEST: [ 7  8 23 27 29 35 36 43 44]
TRAIN: [ 0  1  3  4  6  7  8 10 11 13 14 15 16 17 18 21 22 23 24 25 26 27 28 29
 32 33 35 36 37 38 39 40 41 42 43 44 45] TEST: [ 2  5  9 12 19 20 30 31 34]
TRAIN: [ 1  2  4  5  6  7  8  9 11 12 14 15 16 19 20 22 23 24 25 26 27 28 29 30
 31 32 33 34 35 36 37 38 41 42 43 44 45] TEST: [ 0  3 10 13 17 18 21 39 40]
TRAIN: [ 0  1  2  3  5  6  7  8  9 10 11 12 13 14 17 18 19 20 21 22 23 24 27 29
 30 31 32 34 35 36 37 38 39 40 43 44 45] TEST: [ 4 15 16 25 26 28 33 41 42]
#Blocking Clusters: 5, #Distinct Nodes: 116, #Blocking Cluster Percent: 5
Total #PosPairs=9, #NegPairs=37, True Positive % = 60.0, False Negative % = 40.0, negToPosRatio = 4.111111111111111
