on cpu
Total #Pairs=17, #Unfound Pairs=2
Done with clustering!
Done with nodeToClusterMap creation!
In ClusterID: 0
Done with totalPairs creation!
len(posPairs)=15, len(commPosPairs)=30
len(posPairs)=11, len(commPosPairs)=22
TRAIN: [ 0  1  3  4  5  7  9 10 11 13 14 15 16 17 18 19 20 21 22 23 24 27 28 29
 30 32 33 34 35 37 38 39 41 42] TEST: [ 2  6  8 12 25 26 31 36 40]
TRAIN: [ 0  1  2  4  5  6  7  8  9 12 13 15 16 17 19 20 21 22 23 25 26 28 29 31
 32 33 34 35 36 38 39 40 41 42] TEST: [ 3 10 11 14 18 24 27 30 37]
TRAIN: [ 2  3  4  5  6  7  8  9 10 11 12 13 14 18 21 22 23 24 25 26 27 28 30 31
 32 33 34 35 36 37 38 39 40 42] TEST: [ 0  1 15 16 17 19 20 29 41]
TRAIN: [ 0  1  2  3  4  5  6  8 10 11 12 13 14 15 16 17 18 19 20 21 24 25 26 27
 28 29 30 31 33 35 36 37 39 40 41] TEST: [ 7  9 22 23 32 34 38 42]
TRAIN: [ 0  1  2  3  6  7  8  9 10 11 12 14 15 16 17 18 19 20 22 23 24 25 26 27
 29 30 31 32 34 36 37 38 40 41 42] TEST: [ 4  5 13 21 28 33 35 39]
#Blocking Clusters: 58, #Distinct Nodes: 116, #Blocking Cluster Percent: 50
Total #PosPairs=11, #NegPairs=32, True Positive % = 73.33333333333333, False Negative % = 26.66666666666667, negToPosRatio = 2.909090909090909
