on cpu
Total #Pairs=17, #Unfound Pairs=2
BERTMap Blocking
len(candidate_pool): 1, [('8', 1.1139433523068367)], Conference volume
len(candidate_pool): 1, [('21', 1.591064607026499)], Review preference
len(candidate_pool): 1, [('8', 1.1139433523068367)], Conference document
len(candidate_pool): 1, [('8', 1.1139433523068367)], Active conference participant
len(candidate_pool): 1, [('8', 1.1139433523068367)], Conference proceedings
len(candidate_pool): 1, [('8', 1.1139433523068367)], Conference part
len(candidate_pool): 1, [('8', 1.1139433523068367)], Conference contribution
len(candidate_pool): 1, [('8', 1.1139433523068367)], Conference www
len(candidate_pool): 1, [('8', 1.1139433523068367)], Conference
len(candidate_pool): 1, [('8', 1.1139433523068367)], Conference contributor
len(candidate_pool): 1, [('8', 1.1139433523068367)], Conference participant
len(candidate_pool): 1, [('8', 1.1139433523068367)], Passive conference participant
len(candidate_pool): 1, [('8', 1.1139433523068367)], Conference announcement
len(candidate_pool): 1, [('8', 1.1139433523068367)], Conference applicant
len(candidate_pool): 1, [('8', 1.1139433523068367)], Conference fees
len(candidate_pool): 1, [('24', 1.591064607026499)], is a date of acceptance announcement
len(candidate_pool): 1, [('30', 1.591064607026499)], is a date of camera ready paper submission
len(candidate_pool): 1, [('30', 1.591064607026499)], is a full paper submission date
len(candidate_pool): 1, [('30', 1.591064607026499)], is an abstract submission date
Done with totalPairs creation!
len(posPairs)=15, len(commPosPairs)=30
len(posPairs)=3, len(commPosPairs)=6
TRAIN: [ 1  2  3  4  5  6  7  9 10 12 13 15 16 17 18] TEST: [ 0  8 11 14]
TRAIN: [ 0  2  3  5  6  7  8 10 11 13 14 15 16 17 18] TEST: [ 1  4  9 12]
TRAIN: [ 0  1  3  4  5  6  8  9 11 12 13 14 16 17 18] TEST: [ 2  7 10 15]
TRAIN: [ 0  1  2  3  4  5  7  8  9 10 11 12 14 15 18] TEST: [ 6 13 16 17]
TRAIN: [ 0  1  2  4  6  7  8  9 10 11 12 13 14 15 16 17] TEST: [ 3  5 18]
#Blocking Clusters: 5, #Distinct Nodes: 116, #Blocking Cluster Percent: 5
Total #PosPairs=3, #NegPairs=16, True Positive % = 20.0, False Negative % = 80.0, negToPosRatio = 5.333333333333333
