on cpu
Total #Pairs=17, #Unfound Pairs=2
BERTMap Blocking
len(candidate_pool): 2, [('8', 1.1139433523068367), ('12', 1.1139433523068367)], Conference volume
len(candidate_pool): 2, [('21', 1.591064607026499), ('10', 1.290034611362518)], Review preference
len(candidate_pool): 2, [('10', 1.290034611362518), ('27', 1.290034611362518)], Review expertise
len(candidate_pool): 2, [('4', 0.9890046156985368), ('6', 0.9890046156985368)], Reviewer
len(candidate_pool): 1, [('13', 1.591064607026499)], Person
len(candidate_pool): 2, [('14', 1.591064607026499), ('8', 1.1139433523068367)], Conference document
len(candidate_pool): 2, [('8', 1.1139433523068367), ('12', 1.1139433523068367)], Active conference participant
len(candidate_pool): 2, [('3', 1.1139433523068367), ('9', 1.1139433523068367)], Committee
len(candidate_pool): 2, [('9', 1.1139433523068367), ('22', 1.1139433523068367)], Chair
len(candidate_pool): 2, [('3', 2.403977963669355), ('12', 1.290034611362518)], Committee member
len(candidate_pool): 2, [('7', 2.7050079593333356), ('19', 1.1139433523068367)], Co-chair
len(candidate_pool): 2, [('3', 2.2278867046136734), ('9', 2.2278867046136734)], Program committee
len(candidate_pool): 2, [('8', 1.1139433523068367), ('12', 1.1139433523068367)], Conference proceedings
len(candidate_pool): 2, [('10', 1.290034611362518), ('27', 1.290034611362518)], Review
len(candidate_pool): 2, [('3', 1.1139433523068367), ('9', 1.1139433523068367)], Steering committee
len(candidate_pool): 2, [('8', 1.1139433523068367), ('12', 1.1139433523068367)], Conference part
len(candidate_pool): 2, [('7', 1.1139433523068367), ('19', 1.1139433523068367)], Track-workshop chair
len(candidate_pool): 2, [('2', 0.8920946026904804), ('28', 0.8920946026904804)], Paper
len(candidate_pool): 1, [('28', 1.591064607026499)], Abstract
len(candidate_pool): 2, [('3', 1.1139433523068367), ('9', 1.1139433523068367)], Organizing committee
len(candidate_pool): 2, [('8', 1.1139433523068367), ('12', 1.1139433523068367)], Conference contribution
len(candidate_pool): 2, [('8', 1.1139433523068367), ('12', 1.1139433523068367)], Conference www
len(candidate_pool): 2, [('8', 1.1139433523068367), ('12', 1.1139433523068367)], Conference
len(candidate_pool): 2, [('8', 1.1139433523068367), ('12', 1.1139433523068367)], Conference contributor
len(candidate_pool): 2, [('8', 1.1139433523068367), ('12', 1.1139433523068367)], Conference participant
len(candidate_pool): 2, [('7', 1.1139433523068367), ('11', 1.1139433523068367)], Regular author
len(candidate_pool): 2, [('8', 1.1139433523068367), ('12', 1.1139433523068367)], Passive conference participant
len(candidate_pool): 1, [('28', 1.591064607026499)], Extended abstract
len(candidate_pool): 2, [('7', 2.2278867046136734), ('19', 1.1139433523068367)], Contribution 1th-author
len(candidate_pool): 2, [('7', 3.8189513116401725), ('19', 1.1139433523068367)], Contribution co-author
len(candidate_pool): 2, [('2', 0.8920946026904804), ('28', 0.8920946026904804)], Call for paper
len(candidate_pool): 2, [('8', 1.1139433523068367), ('12', 1.1139433523068367)], Conference announcement
len(candidate_pool): 2, [('8', 1.1139433523068367), ('12', 1.1139433523068367)], Conference applicant
len(candidate_pool): 2, [('8', 1.1139433523068367), ('12', 1.1139433523068367)], Conference fees
len(candidate_pool): 2, [('33', 1.290034611362518), ('38', 1.290034611362518)], has a URL
len(candidate_pool): 1, [('31', 1.591064607026499)], has a date of issue
len(candidate_pool): 1, [('35', 1.591064607026499)], has a name
len(candidate_pool): 1, [('32', 1.591064607026499)], has an email
len(candidate_pool): 1, [('35', 1.591064607026499)], has the first name
len(candidate_pool): 1, [('35', 1.591064607026499)], has the last name
len(candidate_pool): 2, [('31', 1.591064607026499), ('24', 1.591064607026499)], is a date of acceptance announcement
len(candidate_pool): 2, [('31', 1.591064607026499), ('30', 1.591064607026499)], is a date of camera ready paper submission
len(candidate_pool): 2, [('29', 2.4831592097169795), ('30', 1.591064607026499)], is a full paper submission date
len(candidate_pool): 1, [('31', 1.591064607026499)], is a starting date
len(candidate_pool): 2, [('28', 1.591064607026499), ('30', 1.591064607026499)], is an abstract submission date
len(candidate_pool): 1, [('31', 1.591064607026499)], is an ending date
Done with totalPairs creation!
len(posPairs)=15, len(commPosPairs)=30
len(posPairs)=10, len(commPosPairs)=20
TRAIN: [ 0  1  2  4  5  6  7  8 11 12 13 14 16 17 18 20 21 22 23 24 25 26 27 28
 30 31 34 35 37 38 39 40 41 42 43 45 46 47 48 49 51 53 54 55 57 58 59 60
 61 62 63 65 66 67 68 69 70 71 72 73 77 78 79 80 81] TEST: [ 3  9 10 15 19 29 32 33 36 44 50 52 56 64 74 75 76]
TRAIN: [ 1  2  3  4  5  6  8  9 10 12 14 15 19 21 24 25 26 27 28 29 30 31 32 33
 34 35 36 37 38 39 40 42 43 44 45 46 47 48 49 50 51 52 55 56 57 58 60 61
 62 63 64 65 66 67 69 70 71 72 73 74 75 76 78 80 81] TEST: [ 0  7 11 13 16 17 18 20 22 23 41 53 54 59 68 77 79]
TRAIN: [ 0  1  2  3  4  7  8  9 10 11 12 13 15 16 17 18 19 20 21 22 23 24 25 27
 28 29 30 31 32 33 34 35 36 37 41 42 43 44 45 46 47 48 49 50 52 53 54 56
 57 58 59 60 62 64 65 68 70 72 73 74 75 76 77 78 79 81] TEST: [ 5  6 14 26 38 39 40 51 55 61 63 66 67 69 71 80]
TRAIN: [ 0  3  4  5  6  7  8  9 10 11 12 13 14 15 16 17 18 19 20 22 23 25 26 28
 29 32 33 35 36 38 39 40 41 44 45 46 48 49 50 51 52 53 54 55 56 58 59 60
 61 62 63 64 66 67 68 69 70 71 73 74 75 76 77 79 80 81] TEST: [ 1  2 21 24 27 30 31 34 37 42 43 47 57 65 72 78]
TRAIN: [ 0  1  2  3  5  6  7  9 10 11 13 14 15 16 17 18 19 20 21 22 23 24 26 27
 29 30 31 32 33 34 36 37 38 39 40 41 42 43 44 47 50 51 52 53 54 55 56 57
 59 61 63 64 65 66 67 68 69 71 72 74 75 76 77 78 79 80] TEST: [ 4  8 12 25 28 35 45 46 48 49 58 60 62 70 73 81]
#Blocking Clusters: 5, #Distinct Nodes: 116, #Blocking Cluster Percent: 5
Total #PosPairs=10, #NegPairs=72, True Positive % = 66.66666666666667, False Negative % = 33.33333333333333, negToPosRatio = 7.2
