on cpu
Total #Pairs=17, #Unfound Pairs=2
len(poolPairs)=16
Done with totalPairs creation!
len(posPairs)=15, len(commPosPairs)=30
len(posPairs)=5, len(commPosPairs)=10
TRAIN: [ 0  1  2  3  5  6  7  8 10 11 12 13 14 15 16 17 22 23 24 25 26 27 28 29
 31 32 34 35 36 37 38 39 40 41 42 43 45 46 47 49 50 51 53 54 55 56 57 58
 60 61 63 64 65 66 68] TEST: [ 4  9 18 19 20 21 30 33 44 48 52 59 62 67]
TRAIN: [ 0  1  2  4  5  9 10 11 13 14 15 16 17 18 19 20 21 22 24 25 26 27 28 29
 30 31 32 33 34 36 37 39 41 43 44 45 46 48 49 50 52 53 54 55 56 58 59 60
 61 62 63 64 65 66 67] TEST: [ 3  6  7  8 12 23 35 38 40 42 47 51 57 68]
TRAIN: [ 0  1  3  4  5  6  7  8  9 10 12 13 14 15 16 17 18 19 20 21 22 23 24 29
 30 31 32 33 35 37 38 40 42 43 44 45 46 47 48 49 50 51 52 54 56 57 59 60
 62 63 64 65 66 67 68] TEST: [ 2 11 25 26 27 28 34 36 39 41 53 55 58 61]
TRAIN: [ 1  2  3  4  6  7  8  9 11 12 13 14 16 18 19 20 21 23 24 25 26 27 28 30
 31 33 34 35 36 38 39 40 41 42 43 44 47 48 49 50 51 52 53 54 55 57 58 59
 61 62 63 65 66 67 68] TEST: [ 0  5 10 15 17 22 29 32 37 45 46 56 60 64]
TRAIN: [ 0  2  3  4  5  6  7  8  9 10 11 12 15 17 18 19 20 21 22 23 25 26 27 28
 29 30 32 33 34 35 36 37 38 39 40 41 42 44 45 46 47 48 51 52 53 55 56 57
 58 59 60 61 62 64 67 68] TEST: [ 1 13 14 16 24 31 43 49 50 54 63 65 66]
#Blocking Clusters: 5, #Distinct Nodes: 116, #Blocking Cluster Percent: 5
Total #PosPairs=5, #NegPairs=64, True Positive % = 33.333333333333336, False Negative % = 66.66666666666666, negToPosRatio = 12.8
