on cpu
Total #Pairs=17, #Unfound Pairs=2
len(poolPairs)=16
Done with totalPairs creation!
len(posPairs)=15, len(commPosPairs)=30
len(posPairs)=5, len(commPosPairs)=10
TRAIN: [  0   1   3   4   5   6   8   9  10  12  13  14  15  16  17  18  19  20
  23  24  25  26  27  28  29  30  31  32  33  34  35  36  37  41  42  43
  44  45  46  47  48  49  51  52  53  56  57  60  61  62  65  66  67  68
  69  70  71  72  73  74  75  76  77  79  80  81  82  84  85  86  87  88
  89  90  91  92  93  95  97  98  99 100 102 103 104 106 107 108 110 111
 112 113 114 115 117 118 119 121 123 124 125 127 128 129 130 131 133] TEST: [  2   7  11  21  22  38  39  40  50  54  55  58  59  63  64  78  83  94
  96 101 105 109 116 120 122 126 132]
TRAIN: [  0   2   3   4   5   6   7   8   9  10  11  12  13  14  15  16  17  18
  19  20  21  22  24  25  26  29  31  34  35  36  37  38  39  40  42  43
  44  45  46  47  48  49  50  51  52  53  54  55  57  58  59  60  61  62
  63  64  65  67  70  71  72  74  75  76  77  78  80  81  83  84  85  87
  88  89  90  91  92  93  94  96  98 100 101 102 103 104 105 106 108 109
 111 113 116 117 118 119 120 121 122 123 125 126 128 130 131 132 133] TEST: [  1  23  27  28  30  32  33  41  56  66  68  69  73  79  82  86  95  97
  99 107 110 112 114 115 124 127 129]
TRAIN: [  0   1   2   3   5   7   8   9  10  11  12  13  14  17  19  20  21  22
  23  24  25  27  28  29  30  32  33  35  37  38  39  40  41  42  43  44
  45  46  47  49  50  51  52  53  54  55  56  57  58  59  60  62  63  64
  65  66  67  68  69  71  73  75  76  77  78  79  81  82  83  84  85  86
  93  94  95  96  97  99 101 102 103 104 105 106 107 109 110 112 113 114
 115 116 117 118 119 120 121 122 123 124 126 127 128 129 130 131 132] TEST: [  4   6  15  16  18  26  31  34  36  48  61  70  72  74  80  87  88  89
  90  91  92  98 100 108 111 125 133]
TRAIN: [  1   2   3   4   5   6   7   9  10  11  13  14  15  16  18  19  20  21
  22  23  26  27  28  30  31  32  33  34  36  37  38  39  40  41  43  47
  48  50  52  53  54  55  56  57  58  59  60  61  63  64  65  66  68  69
  70  71  72  73  74  75  77  78  79  80  81  82  83  86  87  88  89  90
  91  92  93  94  95  96  97  98  99 100 101 104 105 107 108 109 110 111
 112 114 115 116 120 122 123 124 125 126 127 128 129 130 131 132 133] TEST: [  0   8  12  17  24  25  29  35  42  44  45  46  49  51  62  67  76  84
  85 102 103 106 113 117 118 119 121]
TRAIN: [  0   1   2   4   6   7   8  11  12  15  16  17  18  21  22  23  24  25
  26  27  28  29  30  31  32  33  34  35  36  38  39  40  41  42  44  45
  46  48  49  50  51  54  55  56  58  59  61  62  63  64  66  67  68  69
  70  72  73  74  76  78  79  80  82  83  84  85  86  87  88  89  90  91
  92  94  95  96  97  98  99 100 101 102 103 105 106 107 108 109 110 111
 112 113 114 115 116 117 118 119 120 121 122 124 125 126 127 129 132 133] TEST: [  3   5   9  10  13  14  19  20  37  43  47  52  53  57  60  65  71  75
  77  81  93 104 123 128 130 131]
#Blocking Clusters: 5, #Distinct Nodes: 116, #Blocking Cluster Percent: 5
Total #PosPairs=5, #NegPairs=129, True Positive % = 33.333333333333336, False Negative % = 66.66666666666666, negToPosRatio = 25.8
