on cpu
Total #Pairs=17, #Unfound Pairs=2
Done with clustering!
Done with nodeToClusterMap creation!
In ClusterID: 0
Done with totalPairs creation!
len(posPairs)=15, len(commPosPairs)=30
len(posPairs)=10, len(commPosPairs)=20
TRAIN: [ 1  3  4  5  6  7  8  9 11 12 14 15 17 18 19 20 21 22 23 24 25 28 29 30
 31 33 34 35 36 37 39 40 42 45 46 47 48 49 51 52 53 54 55 56 57 59 60 61
 62 63 64 65 66 67] TEST: [ 0  2 10 13 16 26 27 32 38 41 43 44 50 58]
TRAIN: [ 0  1  2  3  4  6  7  8 10 12 13 14 15 16 17 19 20 21 22 24 26 27 29 30
 32 33 34 35 36 37 38 39 40 41 43 44 45 46 48 49 50 51 54 55 56 58 59 60
 62 63 64 65 66 67] TEST: [ 5  9 11 18 23 25 28 31 42 47 52 53 57 61]
TRAIN: [ 0  1  2  3  5  7  8  9 10 11 13 16 18 20 22 23 24 25 26 27 28 29 31 32
 33 36 38 39 40 41 42 43 44 45 46 47 48 49 50 51 52 53 55 56 57 58 59 60
 61 62 63 65 66 67] TEST: [ 4  6 12 14 15 17 19 21 30 34 35 37 54 64]
TRAIN: [ 0  2  3  4  5  6  8  9 10 11 12 13 14 15 16 17 18 19 20 21 22 23 25 26
 27 28 29 30 31 32 33 34 35 37 38 39 41 42 43 44 46 47 50 51 52 53 54 56
 57 58 61 62 64 65 67] TEST: [ 1  7 24 36 40 45 48 49 55 59 60 63 66]
TRAIN: [ 0  1  2  4  5  6  7  9 10 11 12 13 14 15 16 17 18 19 21 23 24 25 26 27
 28 30 31 32 34 35 36 37 38 40 41 42 43 44 45 47 48 49 50 52 53 54 55 57
 58 59 60 61 63 64 66] TEST: [ 3  8 20 22 29 33 39 46 51 56 62 65 67]
#Blocking Clusters: 35, #Distinct Nodes: 116, #Blocking Cluster Percent: 31
Total #PosPairs=10, #NegPairs=58, True Positive % = 66.66666666666667, False Negative % = 33.33333333333333, negToPosRatio = 5.8
