on cpu
Total #Pairs=17, #Unfound Pairs=2
Done with clustering!
Done with nodeToClusterMap creation!
In ClusterID: 0
Done with totalPairs creation!
len(posPairs)=15, len(commPosPairs)=30
len(posPairs)=12, len(commPosPairs)=24
TRAIN: [  0   2   5   6   7   8   9  10  11  12  13  14  15  16  17  18  19  20
  21  22  23  25  27  28  29  30  31  32  34  35  36  40  41  42  44  45
  46  47  48  49  50  51  53  54  55  56  57  58  59  62  63  64  65  66
  67  68  69  70  71  72  73  74  75  76  77  78  79  80  81  82  83  85
  87  88  89  90  91  95  97  98 101 102 103 104 105 106 107 108 111 114
 115 117 118 120 121 122 123 124 125 126 127 128 129 130 131 132 133 134
 135 136 137 138 139 140 141] TEST: [  1   3   4  24  26  33  37  38  39  43  52  60  61  84  86  92  93  94
  96  99 100 109 110 112 113 116 119 142 143]
TRAIN: [  1   2   3   4   5   7   8   9  11  12  13  14  15  16  17  19  20  21
  24  25  26  28  31  32  33  34  35  37  38  39  40  41  43  45  46  47
  49  50  51  52  53  54  55  56  58  59  60  61  62  63  64  65  66  68
  69  72  73  75  76  77  79  80  82  83  84  85  86  87  88  89  90  92
  93  94  95  96  97  98  99 100 101 102 103 104 106 109 110 111 112 113
 115 116 118 119 120 121 122 124 125 128 129 130 131 132 133 134 135 136
 137 138 139 140 141 142 143] TEST: [  0   6  10  18  22  23  27  29  30  36  42  44  48  57  67  70  71  74
  78  81  91 105 107 108 114 117 123 126 127]
TRAIN: [  0   1   2   3   4   5   6   7   8  10  12  14  15  17  18  21  22  23
  24  25  26  27  29  30  31  32  33  35  36  37  38  39  40  41  42  43
  44  45  46  48  49  50  51  52  53  54  55  56  57  58  59  60  61  63
  64  65  67  70  71  72  73  74  77  78  79  80  81  82  84  86  87  89
  90  91  92  93  94  95  96  97  99 100 101 103 105 106 107 108 109 110
 111 112 113 114 115 116 117 119 122 123 124 125 126 127 128 130 134 135
 136 137 138 139 141 142 143] TEST: [  9  11  13  16  19  20  28  34  47  62  66  68  69  75  76  83  85  88
  98 102 104 118 120 121 129 131 132 133 140]
TRAIN: [  0   1   3   4   5   6   7   9  10  11  12  13  14  16  17  18  19  20
  21  22  23  24  26  27  28  29  30  32  33  34  36  37  38  39  40  41
  42  43  44  45  47  48  52  54  57  60  61  62  64  65  66  67  68  69
  70  71  74  75  76  78  81  82  83  84  85  86  88  89  90  91  92  93
  94  96  98  99 100 101 102 103 104 105 106 107 108 109 110 111 112 113
 114 115 116 117 118 119 120 121 122 123 124 125 126 127 128 129 130 131
 132 133 134 140 141 142 143] TEST: [  2   8  15  25  31  35  46  49  50  51  53  55  56  58  59  63  72  73
  77  79  80  87  95  97 135 136 137 138 139]
TRAIN: [  0   1   2   3   4   6   8   9  10  11  13  15  16  18  19  20  22  23
  24  25  26  27  28  29  30  31  33  34  35  36  37  38  39  42  43  44
  46  47  48  49  50  51  52  53  55  56  57  58  59  60  61  62  63  66
  67  68  69  70  71  72  73  74  75  76  77  78  79  80  81  83  84  85
  86  87  88  91  92  93  94  95  96  97  98  99 100 102 104 105 107 108
 109 110 112 113 114 116 117 118 119 120 121 123 126 127 129 131 132 133
 135 136 137 138 139 140 142 143] TEST: [  5   7  12  14  17  21  32  40  41  45  54  64  65  82  89  90 101 103
 106 111 115 122 124 125 128 130 134 141]
#Blocking Clusters: 21, #Distinct Nodes: 116, #Blocking Cluster Percent: 18.9
Total #PosPairs=12, #NegPairs=132, True Positive % = 80.0, False Negative % = 20.0, negToPosRatio = 11.0
