on cpu
Total #Pairs=17, #Unfound Pairs=2
from src/model/gnn/dataset/cmt-conference-embedSimBlock/cmt_conference_Ontology_Node_Embeddings.txt
len(poolPairs)=16
Done with totalPairs creation!
len(posPairs)=15, len(commPosPairs)=30
len(posPairs)=13, len(commPosPairs)=26
TRAIN: [ 0  1  2  3  4  5  7  9 11 12 14 15 16 17 18 19 20 21 23 24 26 27 28 29
 30 31 33 34 36 39 40 41 42 43 45 46 47 48 49 50 51 52 53 54 55 56 58 60
 61 62 63 64 65 66 67 68] TEST: [ 6  8 10 13 22 25 32 35 37 38 44 57 59 69]
TRAIN: [ 0  1  3  4  5  6  8  9 10 11 13 15 17 18 19 20 22 23 25 26 27 28 29 30
 32 33 35 36 37 38 40 42 43 44 45 46 47 48 49 50 51 52 55 56 57 58 59 60
 61 63 64 65 66 67 68 69] TEST: [ 2  7 12 14 16 21 24 31 34 39 41 53 54 62]
TRAIN: [ 1  2  4  5  6  7  8  9 10 12 13 14 15 16 17 18 19 20 21 22 23 24 25 26
 28 29 30 31 32 34 35 36 37 38 39 40 41 43 44 45 46 49 50 53 54 55 57 58
 59 61 62 63 66 67 68 69] TEST: [ 0  3 11 27 33 42 47 48 51 52 56 60 64 65]
TRAIN: [ 0  1  2  3  4  6  7  8 10 11 12 13 14 15 16 18 20 21 22 23 24 25 26 27
 30 31 32 33 34 35 36 37 38 39 40 41 42 44 47 48 50 51 52 53 54 55 56 57
 59 60 62 64 65 66 67 69] TEST: [ 5  9 17 19 28 29 43 45 46 49 58 61 63 68]
TRAIN: [ 0  2  3  5  6  7  8  9 10 11 12 13 14 16 17 19 21 22 24 25 27 28 29 31
 32 33 34 35 37 38 39 41 42 43 44 45 46 47 48 49 51 52 53 54 56 57 58 59
 60 61 62 63 64 65 68 69] TEST: [ 1  4 15 18 20 23 26 30 36 40 50 55 66 67]
#Blocking Clusters: 5, #Distinct Nodes: 116, #Blocking Cluster Percent: 5
Total #PosPairs=13, #NegPairs=57, True Positive % = 86.66666666666667, False Negative % = 13.333333333333329, negToPosRatio = 4.384615384615385
