on cpu
Total #Pairs=17, #Unfound Pairs=2
from src/model/gnn/dataset/cmt-conference-embedSimBlock/cmt_conference_Ontology_Node_Embeddings.txt
len(poolPairs)=16
Done with totalPairs creation!
len(posPairs)=15, len(commPosPairs)=30
len(posPairs)=13, len(commPosPairs)=26
TRAIN: [  0   1   2   4   5   7   8   9  10  11  15  16  17  18  19  20  21  22
  23  24  25  26  27  28  30  31  33  34  35  36  38  39  40  41  43  44
  45  46  47  48  49  50  51  52  53  56  58  60  61  62  63  64  65  67
  68  69  70  72  73  76  77  79  80  82  83  84  86  87  88  89  90  91
  94  95  96  98  99 101 102 104 105 106 108 109 110 111 112 113 114 115
 116 117 118 119 120 121 122 123 124 125 127 128 129 130 131 132] TEST: [  3   6  12  13  14  29  32  37  42  54  55  57  59  66  71  74  75  78
  81  85  92  93  97 100 103 107 126]
TRAIN: [  0   2   3   5   6   7   8  10  11  12  13  14  16  17  19  20  23  25
  26  27  28  29  31  32  33  34  35  37  38  39  41  42  45  48  49  50
  52  53  54  55  56  57  58  59  61  62  63  64  65  66  67  69  71  72
  73  74  75  76  77  78  79  80  81  82  83  84  85  86  87  88  89  90
  91  92  93  94  96  97  98  99 100 101 103 104 105 106 107 110 111 112
 114 115 116 117 118 119 120 121 122 123 124 126 127 129 131 132] TEST: [  1   4   9  15  18  21  22  24  30  36  40  43  44  46  47  51  60  68
  70  95 102 108 109 113 125 128 130]
TRAIN: [  1   3   4   5   6   7   8   9  11  12  13  14  15  16  18  19  20  21
  22  23  24  25  26  27  28  29  30  31  32  33  35  36  37  38  39  40
  41  42  43  44  46  47  51  52  53  54  55  56  57  58  59  60  61  64
  65  66  68  70  71  72  74  75  77  78  79  80  81  84  85  86  88  89
  90  91  92  93  94  95  96  97  98  99 100 102 103 104 106 107 108 109
 110 112 113 116 117 120 121 122 124 125 126 128 129 130 131 132] TEST: [  0   2  10  17  34  45  48  49  50  62  63  67  69  73  76  82  83  87
 101 105 111 114 115 118 119 123 127]
TRAIN: [  0   1   2   3   4   6   7   9  10  11  12  13  14  15  16  17  18  21
  22  24  26  28  29  30  32  34  35  36  37  38  40  41  42  43  44  45
  46  47  48  49  50  51  53  54  55  56  57  59  60  61  62  63  64  66
  67  68  69  70  71  73  74  75  76  77  78  80  81  82  83  85  86  87
  88  92  93  95  96  97  99 100 101 102 103 105 107 108 109 110 111 112
 113 114 115 116 117 118 119 123 124 125 126 127 128 129 130 131 132] TEST: [  5   8  19  20  23  25  27  31  33  39  52  58  65  72  79  84  89  90
  91  94  98 104 106 120 121 122]
TRAIN: [  0   1   2   3   4   5   6   8   9  10  12  13  14  15  17  18  19  20
  21  22  23  24  25  27  29  30  31  32  33  34  36  37  39  40  42  43
  44  45  46  47  48  49  50  51  52  54  55  57  58  59  60  62  63  65
  66  67  68  69  70  71  72  73  74  75  76  78  79  81  82  83  84  85
  87  89  90  91  92  93  94  95  97  98 100 101 102 103 104 105 106 107
 108 109 111 113 114 115 118 119 120 121 122 123 125 126 127 128 130] TEST: [  7  11  16  26  28  35  38  41  53  56  61  64  77  80  86  88  96  99
 110 112 116 117 124 129 131 132]
#Blocking Clusters: 5, #Distinct Nodes: 116, #Blocking Cluster Percent: 5
Total #PosPairs=13, #NegPairs=120, True Positive % = 86.66666666666667, False Negative % = 13.333333333333329, negToPosRatio = 9.23076923076923
