on cpu
Total #Pairs=1516, #Unfound Pairs=0
Done with clustering!
Done with nodeToClusterMap creation!
In ClusterID: 0
Done with totalPairs creation!
len(posPairs)=1516, len(commPosPairs)=3032
len(posPairs)=1133, len(commPosPairs)=2266
TRAIN: [   0    1    2 ... 2578 2579 2580] TEST: [   6    8   19   49   55   69   70   72   73   80   83   87   93   96
   99  110  117  118  120  124  127  129  137  138  139  142  145  151
  156  157  161  181  182  184  187  192  202  206  208  215  219  220
  243  248  252  253  255  260  262  263  272  276  277  282  283  284
  285  287  291  295  297  302  305  312  318  329  332  347  349  355
  356  365  375  381  384  396  409  412  420  424  425  432  438  440
  443  444  446  454  463  475  476  481  486  487  493  496  500  502
  510  514  516  519  521  529  536  550  560  567  568  570  584  588
  590  592  593  613  614  616  617  618  620  630  633  634  646  650
  651  652  654  656  657  661  663  670  679  680  688  690  694  695
  714  716  717  720  722  723  725  734  737  744  748  751  759  760
  761  762  772  776  801  803  805  806  809  810  815  816  821  824
  825  835  840  844  846  849  850  854  860  863  887  892  896  897
  900  901  902  907  908  909  913  920  929  932  935  944  947  948
  955  959  968  978  979  980  981  986 1001 1002 1005 1007 1012 1018
 1022 1035 1036 1044 1055 1063 1079 1084 1093 1094 1096 1099 1103 1116
 1120 1121 1127 1133 1136 1143 1149 1153 1154 1176 1178 1191 1192 1194
 1195 1200 1204 1208 1216 1223 1226 1228 1230 1241 1243 1248 1256 1262
 1264 1269 1273 1283 1285 1293 1311 1314 1327 1334 1335 1336 1339 1349
 1354 1361 1365 1367 1370 1371 1375 1378 1381 1396 1398 1402 1404 1406
 1419 1430 1438 1444 1445 1447 1449 1452 1466 1467 1480 1487 1488 1489
 1490 1492 1499 1525 1526 1527 1529 1530 1534 1535 1536 1542 1547 1549
 1557 1559 1565 1568 1573 1579 1581 1584 1585 1590 1595 1599 1603 1605
 1608 1611 1617 1620 1622 1624 1628 1631 1647 1656 1661 1663 1678 1684
 1685 1688 1692 1696 1701 1704 1707 1710 1718 1721 1725 1728 1734 1735
 1737 1748 1753 1759 1760 1763 1764 1768 1772 1773 1774 1777 1791 1795
 1802 1805 1806 1814 1815 1823 1827 1828 1839 1842 1844 1859 1860 1864
 1878 1883 1884 1886 1887 1888 1892 1893 1894 1895 1905 1930 1933 1935
 1939 1942 1944 1946 1948 1954 1956 1962 1964 1973 1982 1983 1989 2000
 2001 2011 2012 2019 2028 2031 2032 2050 2062 2068 2071 2075 2085 2086
 2091 2092 2093 2102 2105 2107 2112 2116 2120 2125 2135 2136 2137 2143
 2146 2148 2166 2172 2175 2176 2187 2189 2200 2201 2205 2207 2209 2214
 2215 2218 2221 2223 2224 2228 2230 2239 2240 2241 2242 2244 2247 2248
 2255 2258 2261 2266 2272 2273 2278 2282 2285 2291 2296 2299 2300 2311
 2327 2332 2339 2346 2356 2359 2385 2387 2388 2396 2399 2402 2406 2421
 2430 2432 2436 2438 2439 2441 2442 2448 2476 2490 2496 2504 2506 2512
 2514 2516 2521 2525 2542 2546 2547 2552 2562 2567 2569 2572 2577]
TRAIN: [   0    1    2 ... 2575 2577 2578] TEST: [   9   11   14   15   16   22   25   26   40   41   43   47   50   52
   53   76   79   82   84   95   97  100  101  103  104  114  123  126
  131  133  144  147  148  158  162  164  168  169  173  176  183  191
  193  195  196  200  212  214  222  223  228  232  234  237  242  249
  250  257  265  267  268  274  293  296  308  311  316  320  327  335
  342  343  354  359  363  371  376  377  380  385  388  399  403  404
  405  408  410  415  429  436  439  455  456  462  465  471  472  479
  482  485  501  505  507  515  523  534  544  546  551  553  554  562
  574  575  582  585  610  615  621  628  632  636  640  643  648  649
  664  669  677  681  687  697  702  706  708  711  715  724  731  736
  746  747  749  750  756  757  764  765  769  771  775  778  789  790
  793  797  820  822  826  827  828  830  833  838  842  852  853  864
  865  878  884  885  886  889  891  895  910  911  912  918  925  928
  939  943  960  965  972  973  976  977  983  989  999 1003 1004 1011
 1013 1019 1026 1027 1032 1034 1039 1040 1050 1052 1054 1058 1059 1060
 1061 1071 1074 1085 1086 1087 1092 1104 1106 1110 1111 1115 1117 1119
 1122 1124 1130 1137 1139 1150 1158 1166 1187 1193 1198 1202 1205 1213
 1219 1221 1225 1232 1233 1234 1238 1240 1245 1249 1251 1252 1254 1260
 1261 1266 1268 1272 1276 1277 1280 1284 1287 1289 1290 1295 1298 1299
 1300 1304 1305 1312 1315 1317 1319 1326 1337 1338 1346 1355 1360 1363
 1377 1391 1392 1394 1400 1401 1405 1407 1416 1418 1423 1425 1429 1432
 1446 1455 1456 1457 1458 1462 1468 1469 1473 1483 1491 1495 1509 1516
 1520 1521 1522 1532 1538 1541 1545 1550 1553 1555 1556 1560 1564 1566
 1580 1582 1601 1602 1609 1618 1625 1629 1634 1635 1643 1653 1654 1655
 1659 1668 1669 1670 1679 1687 1689 1690 1694 1695 1697 1700 1702 1705
 1706 1711 1722 1738 1740 1747 1751 1752 1755 1756 1757 1758 1765 1767
 1775 1776 1781 1783 1789 1790 1796 1798 1801 1809 1811 1816 1821 1824
 1829 1841 1870 1871 1875 1880 1936 1943 1959 1960 1963 1971 1976 1978
 1991 1992 1995 1997 2002 2003 2007 2013 2018 2022 2023 2027 2037 2040
 2045 2047 2054 2057 2061 2063 2064 2069 2072 2076 2078 2081 2089 2101
 2103 2106 2110 2113 2118 2129 2131 2132 2140 2150 2157 2163 2168 2170
 2180 2183 2206 2210 2213 2216 2217 2226 2231 2234 2238 2252 2260 2262
 2267 2276 2281 2283 2284 2288 2295 2297 2298 2302 2303 2304 2308 2314
 2316 2317 2322 2324 2328 2329 2341 2350 2353 2357 2358 2361 2363 2365
 2368 2380 2395 2400 2403 2405 2407 2414 2416 2417 2420 2423 2425 2453
 2454 2455 2456 2460 2461 2467 2478 2485 2486 2489 2524 2533 2535 2536
 2540 2544 2545 2549 2553 2554 2556 2559 2563 2576 2579 2580]
TRAIN: [   0    1    3 ... 2577 2579 2580] TEST: [   2   20   32   34   35   36   42   44   46   54   56   58   61   64
   74   77   78   85   86   88   91   98  102  105  109  111  115  119
  121  125  128  135  140  143  153  166  170  174  177  179  180  188
  199  207  211  213  216  218  225  226  227  231  233  235  239  244
  256  258  270  271  275  278  279  280  290  299  307  309  315  317
  319  321  324  325  328  331  337  340  344  345  350  352  366  373
  379  382  395  397  402  416  426  428  433  437  442  445  448  449
  451  457  461  468  469  473  474  483  488  489  504  512  517  520
  522  526  530  531  535  538  539  542  543  548  557  558  559  561
  564  565  571  572  576  586  587  594  596  600  611  619  622  623
  635  637  642  645  647  658  659  671  676  678  683  691  692  699
  701  703  710  713  719  741  755  758  767  774  781  787  795  799
  802  814  832  834  839  845  848  855  858  861  862  868  874  876
  880  881  898  905  906  921  922  926  934  937  938  941  951  953
  958  963  966  969  970  975  982  984  985  992  998 1015 1028 1029
 1033 1037 1041 1042 1045 1048 1053 1056 1062 1072 1077 1083 1088 1091
 1101 1129 1131 1138 1145 1146 1147 1151 1155 1156 1159 1160 1162 1165
 1170 1173 1177 1179 1181 1184 1185 1197 1199 1203 1209 1212 1218 1229
 1231 1250 1258 1271 1274 1275 1278 1279 1281 1288 1292 1296 1303 1322
 1325 1328 1330 1340 1341 1351 1353 1357 1359 1364 1368 1369 1372 1388
 1395 1397 1411 1412 1413 1415 1433 1439 1441 1442 1443 1448 1451 1471
 1472 1474 1475 1482 1496 1497 1498 1500 1506 1507 1510 1511 1523 1540
 1546 1552 1561 1562 1567 1576 1578 1583 1592 1594 1606 1607 1610 1613
 1614 1615 1616 1630 1636 1638 1641 1644 1646 1648 1658 1665 1675 1677
 1681 1682 1683 1686 1699 1703 1712 1716 1733 1736 1742 1745 1746 1750
 1766 1770 1778 1784 1787 1797 1799 1810 1812 1818 1820 1826 1838 1840
 1843 1848 1849 1850 1851 1854 1855 1858 1861 1865 1866 1869 1881 1882
 1889 1890 1904 1906 1907 1909 1913 1914 1924 1925 1926 1937 1945 1947
 1953 1955 1966 1970 1981 1987 1990 1993 1996 2006 2015 2021 2024 2029
 2033 2034 2042 2043 2044 2055 2059 2082 2083 2084 2090 2095 2097 2100
 2104 2114 2119 2123 2124 2128 2130 2141 2151 2153 2155 2156 2162 2164
 2167 2178 2182 2188 2195 2198 2208 2219 2220 2222 2225 2232 2236 2245
 2249 2251 2257 2259 2270 2274 2294 2301 2306 2309 2310 2312 2318 2325
 2330 2337 2338 2344 2347 2354 2364 2371 2374 2375 2379 2391 2393 2398
 2409 2411 2415 2426 2440 2445 2449 2450 2462 2464 2469 2470 2473 2474
 2475 2482 2487 2497 2499 2505 2507 2509 2517 2518 2522 2527 2528 2530
 2532 2537 2555 2558 2560 2561 2565 2566 2568 2574 2575 2578]
TRAIN: [   0    1    2 ... 2578 2579 2580] TEST: [   3    5   10   13   17   18   21   24   27   28   29   30   31   33
   38   39   45   51   57   60   62   65   66   75   89  106  113  116
  130  136  154  159  160  167  175  185  186  197  203  204  210  221
  236  238  240  241  246  247  251  261  269  281  288  292  300  301
  304  306  313  314  322  330  333  334  339  353  357  360  362  370
  374  383  391  393  394  398  406  407  413  414  417  421  422  430
  431  435  441  450  453  459  460  464  467  470  477  478  480  491
  492  494  497  503  511  518  524  532  540  545  547  552  555  563
  569  577  579  580  581  583  598  601  602  604  605  607  625  626
  641  644  653  655  662  665  667  668  673  674  675  682  689  693
  698  700  712  726  727  729  733  735  738  739  740  742  754  763
  770  779  782  786  792  798  804  808  813  817  819  829  836  841
  843  851  866  867  872  875  877  879  882  890  893  894  899  914
  917  919  930  931  936  940  945  949  954  956  974  990  991  993
  994  995  996  997 1006 1009 1017 1020 1025 1043 1049 1051 1064 1066
 1067 1070 1073 1075 1078 1080 1081 1090 1095 1098 1107 1108 1109 1118
 1123 1125 1135 1144 1148 1157 1163 1169 1172 1180 1183 1186 1189 1190
 1211 1215 1220 1222 1235 1236 1237 1242 1244 1246 1253 1263 1270 1282
 1286 1294 1302 1306 1308 1316 1318 1320 1329 1331 1333 1342 1344 1352
 1376 1382 1383 1389 1390 1393 1399 1403 1408 1409 1414 1421 1422 1428
 1434 1440 1459 1460 1463 1464 1470 1478 1485 1486 1493 1494 1501 1503
 1504 1505 1508 1512 1515 1517 1518 1519 1528 1537 1543 1544 1551 1558
 1563 1570 1571 1574 1575 1577 1586 1587 1588 1589 1591 1593 1597 1598
 1604 1619 1623 1626 1640 1666 1667 1673 1674 1676 1680 1691 1693 1698
 1713 1719 1724 1726 1727 1729 1731 1739 1743 1744 1754 1771 1782 1785
 1788 1794 1803 1804 1807 1813 1819 1825 1830 1831 1832 1834 1835 1845
 1852 1853 1856 1857 1863 1868 1872 1873 1876 1877 1879 1885 1891 1899
 1900 1901 1908 1910 1917 1918 1919 1920 1923 1927 1929 1932 1950 1951
 1967 1968 1974 1977 1979 1984 1985 1994 2004 2005 2010 2017 2026 2039
 2046 2048 2051 2052 2058 2060 2067 2070 2074 2077 2080 2094 2099 2108
 2109 2127 2133 2139 2142 2147 2152 2159 2160 2169 2171 2174 2181 2185
 2186 2190 2192 2196 2202 2227 2233 2237 2243 2253 2254 2263 2265 2268
 2269 2271 2289 2290 2292 2305 2307 2313 2319 2320 2323 2331 2333 2336
 2342 2345 2351 2355 2360 2366 2376 2386 2390 2397 2401 2404 2408 2422
 2424 2427 2428 2431 2434 2435 2437 2443 2444 2446 2447 2451 2457 2458
 2465 2471 2472 2479 2480 2483 2484 2488 2491 2492 2500 2503 2510 2519
 2520 2523 2526 2529 2534 2538 2539 2541 2550 2557 2564 2571]
TRAIN: [   2    3    5 ... 2578 2579 2580] TEST: [   0    1    4    7   12   23   37   48   59   63   67   68   71   81
   90   92   94  107  108  112  122  132  134  141  146  149  150  152
  155  163  165  171  172  178  189  190  194  198  201  205  209  217
  224  229  230  245  254  259  264  266  273  286  289  294  298  303
  310  323  326  336  338  341  346  348  351  358  361  364  367  368
  369  372  378  386  387  389  390  392  400  401  411  418  419  423
  427  434  447  452  458  466  484  490  495  498  499  506  508  509
  513  525  527  528  533  537  541  549  556  566  573  578  589  591
  595  597  599  603  606  608  609  612  624  627  629  631  638  639
  660  666  672  684  685  686  696  704  705  707  709  718  721  728
  730  732  743  745  752  753  766  768  773  777  780  783  784  785
  788  791  794  796  800  807  811  812  818  823  831  837  847  856
  857  859  869  870  871  873  883  888  903  904  915  916  923  924
  927  933  942  946  950  952  957  961  962  964  967  971  987  988
 1000 1008 1010 1014 1016 1021 1023 1024 1030 1031 1038 1046 1047 1057
 1065 1068 1069 1076 1082 1089 1097 1100 1102 1105 1112 1113 1114 1126
 1128 1132 1134 1140 1141 1142 1152 1161 1164 1167 1168 1171 1174 1175
 1182 1188 1196 1201 1206 1207 1210 1214 1217 1224 1227 1239 1247 1255
 1257 1259 1265 1267 1291 1297 1301 1307 1309 1310 1313 1321 1323 1324
 1332 1343 1345 1347 1348 1350 1356 1358 1362 1366 1373 1374 1379 1380
 1384 1385 1386 1387 1410 1417 1420 1424 1426 1427 1431 1435 1436 1437
 1450 1453 1454 1461 1465 1476 1477 1479 1481 1484 1502 1513 1514 1524
 1531 1533 1539 1548 1554 1569 1572 1596 1600 1612 1621 1627 1632 1633
 1637 1639 1642 1645 1649 1650 1651 1652 1657 1660 1662 1664 1671 1672
 1708 1709 1714 1715 1717 1720 1723 1730 1732 1741 1749 1761 1762 1769
 1779 1780 1786 1792 1793 1800 1808 1817 1822 1833 1836 1837 1846 1847
 1862 1867 1874 1896 1897 1898 1902 1903 1911 1912 1915 1916 1921 1922
 1928 1931 1934 1938 1940 1941 1949 1952 1957 1958 1961 1965 1969 1972
 1975 1980 1986 1988 1998 1999 2008 2009 2014 2016 2020 2025 2030 2035
 2036 2038 2041 2049 2053 2056 2065 2066 2073 2079 2087 2088 2096 2098
 2111 2115 2117 2121 2122 2126 2134 2138 2144 2145 2149 2154 2158 2161
 2165 2173 2177 2179 2184 2191 2193 2194 2197 2199 2203 2204 2211 2212
 2229 2235 2246 2250 2256 2264 2275 2277 2279 2280 2286 2287 2293 2315
 2321 2326 2334 2335 2340 2343 2348 2349 2352 2362 2367 2369 2370 2372
 2373 2377 2378 2381 2382 2383 2384 2389 2392 2394 2410 2412 2413 2418
 2419 2429 2433 2452 2459 2463 2466 2468 2477 2481 2493 2494 2495 2498
 2501 2502 2508 2511 2513 2515 2531 2543 2548 2551 2570 2573]
#Blocking Clusters: 3017, #Distinct Nodes: 6035, #Blocking Cluster Percent: 50
Total #PosPairs=1133, #NegPairs=1448, True Positive % = 74.73614775725594, False Negative % = 25.263852242744065, negToPosRatio = 1.2780229479258605
