on cpu
Total #Pairs=1516, #Unfound Pairs=0
Done with clustering!
Done with nodeToClusterMap creation!
In ClusterID: 0
Done with totalPairs creation!
len(posPairs)=1516, len(commPosPairs)=3032
len(posPairs)=1121, len(commPosPairs)=2242
TRAIN: [   0    1    3 ... 1892 1893 1894] TEST: [   2   14   18   20   24   30   37   41   65   67   68   70   73   75
   80   81   85   93  102  109  113  121  123  124  127  140  145  147
  156  159  160  166  172  178  180  181  186  187  192  193  195  202
  211  218  220  228  231  232  233  235  236  237  248  250  255  264
  265  274  275  284  289  306  309  311  319  321  330  331  335  355
  359  362  363  368  369  376  378  383  390  396  408  409  415  419
  426  431  433  435  436  438  441  442  445  449  450  465  475  479
  483  485  486  487  489  490  491  492  494  495  500  502  514  518
  535  537  538  539  540  544  553  560  564  572  574  578  581  583
  590  595  598  601  604  605  609  610  615  618  621  634  641  650
  653  660  666  670  679  683  685  686  689  695  698  702  710  719
  720  722  729  737  738  740  743  745  756  779  781  786  794  796
  804  808  809  821  840  849  854  858  861  872  873  876  881  896
  899  900  902  905  907  925  930  948  953  956  960  965  970  980
  987  990  998 1003 1005 1009 1010 1011 1015 1017 1026 1030 1037 1043
 1044 1046 1049 1062 1064 1065 1066 1067 1070 1076 1090 1096 1102 1113
 1119 1124 1128 1133 1136 1138 1144 1149 1150 1159 1162 1165 1166 1169
 1173 1176 1177 1179 1181 1188 1199 1203 1205 1207 1218 1223 1225 1240
 1243 1255 1261 1264 1265 1272 1281 1282 1286 1287 1288 1291 1293 1295
 1297 1301 1305 1314 1318 1320 1323 1325 1327 1332 1334 1339 1340 1358
 1365 1372 1374 1382 1384 1388 1389 1399 1403 1411 1421 1422 1423 1429
 1431 1432 1433 1437 1440 1441 1453 1473 1479 1480 1500 1505 1511 1518
 1522 1524 1525 1534 1540 1542 1544 1559 1571 1576 1581 1597 1607 1608
 1613 1616 1639 1658 1661 1665 1667 1669 1679 1688 1692 1697 1698 1701
 1702 1717 1718 1720 1722 1732 1735 1737 1742 1745 1750 1756 1760 1765
 1773 1775 1778 1782 1783 1784 1786 1787 1794 1795 1796 1799 1804 1805
 1812 1817 1819 1823 1827 1829 1836 1837 1838 1841 1845 1848 1860 1886
 1891]
TRAIN: [   0    2    3 ... 1891 1893 1894] TEST: [   1   13   17   23   27   28   36   49   52   54   55   61   63   64
   66   72   74   76   77   79   86   91   96  100  111  114  119  122
  126  130  135  136  143  148  149  153  164  170  173  175  176  183
  185  188  189  191  196  197  210  213  214  223  234  238  241  243
  267  269  271  276  290  293  307  308  313  323  326  332  336  338
  346  347  350  351  371  384  386  387  395  400  401  402  424  428
  432  451  452  454  466  467  469  470  472  478  484  497  498  506
  507  526  528  533  534  542  549  558  563  571  573  582  585  586
  593  600  617  623  630  631  635  637  638  645  647  649  652  654
  655  661  662  671  672  687  691  700  704  706  712  723  724  733
  734  739  748  753  755  763  764  766  768  777  778  780  783  784
  788  793  795  799  801  812  814  825  827  836  837  839  843  845
  846  848  863  865  880  885  886  894  897  898  901  904  914  917
  923  935  944  949  951  954  961  967  973  974  982  988  991  995
  999 1000 1020 1024 1029 1031 1036 1038 1045 1052 1053 1054 1059 1061
 1063 1069 1073 1079 1082 1085 1086 1089 1092 1093 1104 1106 1109 1111
 1127 1135 1153 1156 1157 1170 1172 1175 1178 1185 1194 1200 1210 1221
 1228 1239 1247 1252 1254 1262 1269 1273 1276 1277 1296 1302 1306 1307
 1309 1311 1328 1329 1341 1342 1343 1346 1354 1357 1363 1373 1375 1376
 1380 1393 1395 1405 1410 1412 1417 1419 1420 1425 1426 1442 1452 1459
 1462 1464 1465 1472 1474 1487 1493 1497 1509 1519 1523 1526 1527 1536
 1545 1546 1553 1557 1562 1567 1574 1575 1586 1590 1591 1593 1595 1601
 1602 1603 1605 1612 1625 1637 1644 1645 1647 1649 1670 1671 1675 1676
 1677 1682 1685 1686 1691 1699 1700 1704 1706 1710 1711 1713 1714 1715
 1724 1727 1731 1739 1744 1748 1749 1754 1755 1763 1764 1774 1779 1791
 1797 1800 1801 1807 1808 1813 1815 1821 1831 1834 1840 1842 1843 1846
 1851 1853 1854 1859 1861 1864 1869 1872 1881 1884 1885 1887 1888 1890
 1892]
TRAIN: [   0    1    2 ... 1892 1893 1894] TEST: [   3    6    7    9   11   16   22   26   29   38   42   43   46   47
   57   59   69   82   84   87   90   92   98   99  105  106  107  108
  116  129  131  134  139  141  142  157  158  161  162  163  165  177
  200  201  206  216  224  225  239  240  245  247  251  257  259  260
  262  268  277  281  285  294  298  312  314  315  322  325  333  339
  341  343  344  349  352  356  358  360  361  364  370  374  379  380
  385  398  405  406  407  411  414  421  425  437  455  459  468  474
  481  499  509  511  517  519  530  531  532  541  548  550  554  555
  557  561  566  568  576  577  588  589  596  599  612  613  619  620
  625  626  629  633  643  644  648  658  664  668  673  684  688  693
  694  696  703  705  707  709  716  730  741  742  749  752  757  759
  760  762  767  769  792  797  802  803  813  819  822  823  826  841
  842  847  853  855  868  869  871  887  890  895  908  911  915  920
  921  922  924  926  927  929  932  933  934  936  937  940  958  959
  963  976  978  979  983 1001 1004 1006 1012 1019 1023 1025 1033 1035
 1042 1048 1055 1057 1058 1071 1072 1074 1077 1083 1094 1105 1114 1117
 1122 1129 1130 1139 1142 1145 1147 1148 1160 1171 1174 1187 1195 1196
 1198 1208 1209 1213 1220 1224 1230 1234 1237 1263 1266 1267 1268 1271
 1275 1278 1280 1285 1290 1298 1308 1313 1315 1321 1337 1338 1344 1348
 1350 1353 1360 1361 1368 1369 1377 1379 1387 1390 1392 1394 1396 1400
 1401 1413 1415 1424 1434 1439 1444 1445 1446 1456 1463 1466 1467 1475
 1476 1481 1482 1483 1484 1486 1488 1489 1490 1494 1498 1501 1504 1508
 1512 1515 1516 1520 1529 1531 1533 1539 1548 1549 1561 1563 1564 1568
 1579 1580 1583 1584 1588 1594 1596 1617 1620 1622 1628 1636 1638 1648
 1651 1652 1656 1657 1662 1668 1673 1687 1703 1707 1712 1721 1725 1740
 1746 1747 1762 1766 1781 1785 1802 1803 1806 1809 1814 1818 1820 1822
 1835 1839 1852 1855 1856 1862 1863 1865 1866 1867 1868 1873 1876 1879
 1882]
TRAIN: [   0    1    2 ... 1891 1892 1893] TEST: [   4   12   25   31   35   40   44   45   48   50   51   56   62   97
  101  103  110  117  118  120  125  128  137  144  146  150  151  168
  169  184  190  198  205  217  219  221  227  242  261  263  266  279
  280  282  283  286  287  292  296  300  302  303  305  316  317  324
  334  337  342  345  348  353  357  367  372  375  388  391  392  397
  403  404  423  427  429  430  439  440  443  444  453  458  462  463
  464  473  477  488  493  496  503  504  513  520  522  523  524  525
  527  546  547  552  556  562  579  580  584  587  591  602  603  607
  608  616  622  624  632  639  640  646  657  663  665  669  674  676
  678  681  682  692  711  715  725  728  731  735  736  744  747  771
  774  775  776  785  790  791  798  800  807  810  811  817  829  830
  831  832  835  844  851  852  859  860  862  864  870  875  878  882
  884  888  891  892  893  909  912  913  916  919  928  938  942  945
  950  952  955  957  962  964  966  968  969  971  972  977  984  985
  986  992  996 1014 1016 1018 1022 1028 1032 1034 1039 1056 1060 1068
 1075 1081 1084 1088 1095 1098 1099 1101 1103 1108 1115 1116 1118 1120
 1121 1123 1126 1131 1134 1137 1140 1141 1154 1163 1180 1182 1184 1190
 1192 1202 1204 1206 1211 1212 1219 1222 1232 1233 1236 1244 1246 1248
 1253 1256 1259 1260 1279 1283 1284 1289 1292 1304 1312 1330 1333 1336
 1347 1364 1367 1370 1371 1378 1383 1386 1397 1398 1404 1406 1407 1408
 1409 1414 1427 1435 1438 1449 1450 1455 1458 1468 1469 1470 1471 1477
 1485 1496 1499 1502 1503 1506 1507 1513 1521 1528 1538 1552 1554 1555
 1556 1558 1560 1570 1573 1582 1585 1592 1598 1600 1604 1606 1609 1610
 1611 1618 1621 1624 1626 1627 1630 1633 1640 1641 1642 1643 1646 1650
 1653 1655 1659 1678 1680 1681 1693 1696 1708 1709 1723 1726 1730 1736
 1738 1743 1751 1758 1759 1761 1769 1770 1771 1772 1776 1788 1792 1793
 1798 1816 1824 1825 1828 1832 1833 1849 1850 1857 1870 1874 1875 1877
 1894]
TRAIN: [   1    2    3 ... 1891 1892 1894] TEST: [   0    5    8   10   15   19   21   32   33   34   39   53   58   60
   71   78   83   88   89   94   95  104  112  115  132  133  138  152
  154  155  167  171  174  179  182  194  199  203  204  207  208  209
  212  215  222  226  229  230  244  246  249  252  253  254  256  258
  270  272  273  278  288  291  295  297  299  301  304  310  318  320
  327  328  329  340  354  365  366  373  377  381  382  389  393  394
  399  410  412  413  416  417  418  420  422  434  446  447  448  456
  457  460  461  471  476  480  482  501  505  508  510  512  515  516
  521  529  536  543  545  551  559  565  567  569  570  575  592  594
  597  606  611  614  627  628  636  642  651  656  659  667  675  677
  680  690  697  699  701  708  713  714  717  718  721  726  727  732
  746  750  751  754  758  761  765  770  772  773  782  787  789  805
  806  815  816  818  820  824  828  833  834  838  850  856  857  866
  867  874  877  879  883  889  903  906  910  918  931  939  941  943
  946  947  975  981  989  993  994  997 1002 1007 1008 1013 1021 1027
 1040 1041 1047 1050 1051 1078 1080 1087 1091 1097 1100 1107 1110 1112
 1125 1132 1143 1146 1151 1152 1155 1158 1161 1164 1167 1168 1183 1186
 1189 1191 1193 1197 1201 1214 1215 1216 1217 1226 1227 1229 1231 1235
 1238 1241 1242 1245 1249 1250 1251 1257 1258 1270 1274 1294 1299 1300
 1303 1310 1316 1317 1319 1322 1324 1326 1331 1335 1345 1349 1351 1352
 1355 1356 1359 1362 1366 1381 1385 1391 1402 1416 1418 1428 1430 1436
 1443 1447 1448 1451 1454 1457 1460 1461 1478 1491 1492 1495 1510 1514
 1517 1530 1532 1535 1537 1541 1543 1547 1550 1551 1565 1566 1569 1572
 1577 1578 1587 1589 1599 1614 1615 1619 1623 1629 1631 1632 1634 1635
 1654 1660 1663 1664 1666 1672 1674 1683 1684 1689 1690 1694 1695 1705
 1716 1719 1728 1729 1733 1734 1741 1752 1753 1757 1767 1768 1777 1780
 1789 1790 1810 1811 1826 1830 1844 1847 1858 1871 1878 1880 1883 1889
 1893]
#Blocking Clusters: 3621, #Distinct Nodes: 6035, #Blocking Cluster Percent: 60
Total #PosPairs=1121, #NegPairs=774, True Positive % = 73.94459102902374, False Negative % = 26.05540897097626, negToPosRatio = 0.6904549509366636
