on cpu
Total #Pairs=1516, #Unfound Pairs=0
Done with clustering!
Done with nodeToClusterMap creation!
In ClusterID: 0
Done with totalPairs creation!
len(posPairs)=1516, len(commPosPairs)=3032
len(posPairs)=1154, len(commPosPairs)=2308
TRAIN: [   0    1    3 ... 3672 3673 3674] TEST: [   2    9   11   13   14   17   24   32   33   34   35   42   50   57
   59   65   72   77   84   97  101  104  106  125  126  128  129  131
  150  157  164  171  175  176  187  189  191  192  195  210  219  221
  222  226  229  238  239  240  242  243  249  253  256  260  265  269
  274  277  278  290  296  302  311  317  328  337  348  360  362  365
  372  373  378  390  398  400  402  408  418  421  432  435  436  437
  443  444  448  453  461  463  464  477  480  482  493  497  498  500
  505  507  511  520  521  523  528  532  533  540  542  544  546  552
  562  564  565  566  568  572  585  593  595  597  599  607  610  612
  617  622  625  629  631  632  633  638  640  645  653  655  660  661
  665  667  670  675  683  690  691  693  701  706  709  729  730  740
  741  747  755  758  761  765  771  774  796  798  800  802  817  829
  840  842  849  851  854  864  867  882  883  893  895  899  900  901
  902  903  904  908  927  929  944  946  953  966  968  977  978  979
  980  992  993  994  995 1000 1001 1016 1032 1034 1036 1037 1041 1042
 1044 1048 1049 1056 1058 1065 1068 1072 1073 1076 1079 1085 1087 1093
 1099 1103 1112 1125 1137 1141 1146 1155 1166 1168 1170 1176 1187 1190
 1194 1196 1199 1202 1205 1210 1231 1237 1239 1246 1247 1254 1258 1260
 1267 1301 1302 1305 1306 1308 1310 1311 1312 1314 1322 1331 1334 1338
 1343 1345 1355 1360 1362 1365 1366 1368 1380 1382 1408 1410 1418 1431
 1432 1437 1444 1457 1468 1471 1474 1481 1488 1489 1490 1495 1497 1506
 1508 1509 1511 1517 1528 1538 1541 1546 1548 1549 1554 1560 1561 1563
 1573 1588 1592 1600 1604 1605 1607 1619 1621 1622 1626 1628 1631 1647
 1648 1655 1656 1665 1688 1691 1696 1699 1700 1701 1702 1704 1705 1710
 1713 1719 1729 1734 1735 1740 1741 1747 1749 1754 1755 1760 1762 1771
 1789 1790 1796 1798 1799 1801 1804 1806 1807 1815 1817 1819 1821 1823
 1828 1837 1843 1844 1853 1860 1861 1868 1879 1882 1887 1890 1896 1898
 1901 1904 1906 1915 1919 1923 1927 1935 1936 1937 1938 1939 1940 1945
 1946 1947 1953 1955 1959 1961 1968 1975 1976 1984 1987 1990 1997 2000
 2006 2007 2011 2017 2018 2023 2028 2034 2037 2043 2045 2046 2048 2052
 2054 2061 2064 2065 2071 2075 2085 2090 2094 2098 2100 2106 2116 2119
 2129 2130 2132 2134 2137 2138 2143 2145 2148 2151 2152 2154 2171 2181
 2184 2192 2205 2206 2209 2216 2224 2237 2238 2241 2249 2264 2270 2279
 2283 2284 2285 2286 2298 2304 2311 2326 2328 2329 2347 2366 2370 2375
 2381 2388 2391 2398 2400 2405 2408 2415 2417 2423 2433 2438 2442 2444
 2445 2459 2460 2461 2462 2463 2464 2472 2483 2488 2513 2516 2517 2519
 2535 2537 2544 2546 2547 2563 2566 2567 2570 2572 2573 2577 2579 2581
 2589 2590 2610 2612 2613 2621 2622 2623 2625 2628 2630 2634 2646 2647
 2661 2668 2672 2673 2675 2682 2687 2688 2692 2699 2705 2721 2722 2744
 2745 2757 2759 2762 2767 2774 2784 2785 2793 2798 2802 2803 2810 2815
 2824 2829 2831 2836 2839 2844 2850 2854 2860 2861 2863 2870 2871 2872
 2875 2888 2889 2892 2894 2904 2906 2907 2908 2920 2921 2928 2931 2934
 2937 2943 2945 2948 2962 2969 2974 2975 2977 2979 2986 2991 2994 3006
 3011 3016 3017 3029 3030 3031 3033 3037 3046 3047 3051 3055 3066 3071
 3074 3076 3085 3086 3101 3108 3115 3118 3125 3128 3131 3134 3135 3137
 3141 3142 3144 3147 3149 3156 3167 3168 3171 3173 3181 3183 3191 3200
 3203 3205 3207 3209 3210 3212 3213 3214 3217 3220 3225 3227 3229 3232
 3233 3234 3238 3239 3241 3246 3247 3256 3258 3264 3270 3272 3274 3278
 3288 3293 3294 3298 3300 3302 3305 3306 3312 3313 3316 3318 3319 3321
 3337 3355 3356 3361 3371 3372 3374 3376 3381 3395 3397 3411 3412 3435
 3438 3457 3458 3464 3469 3501 3505 3511 3512 3518 3519 3523 3529 3530
 3531 3538 3544 3555 3557 3570 3571 3573 3575 3587 3589 3598 3603 3607
 3609 3611 3632 3648 3658 3665 3667]
TRAIN: [   0    1    2 ... 3672 3673 3674] TEST: [   6    7   19   22   36   37   49   63   71   74   75   78   82   83
   92  100  102  105  108  109  112  115  136  138  139  140  144  145
  147  156  159  168  172  178  186  193  194  196  198  200  209  212
  214  215  234  235  236  244  245  252  259  261  267  268  270  275
  289  291  292  295  297  298  300  304  312  327  331  333  339  343
  345  350  357  368  387  389  397  407  410  411  417  426  429  440
  442  456  460  466  469  470  472  483  486  488  494  496  499  509
  514  516  519  524  525  527  537  543  547  549  550  551  556  559
  561  569  570  571  573  584  586  603  606  609  618  626  636  637
  643  652  657  658  664  669  673  679  682  684  686  697  705  708
  710  711  712  723  724  725  732  735  737  739  744  746  766  768
  775  781  795  799  804  805  812  813  815  818  824  825  828  836
  850  859  861  862  868  878  886  905  913  915  917  918  919  924
  926  934  935  942  945  948  949  952  955  957  961  976  981  985
  987  996  997 1004 1014 1019 1024 1025 1026 1030 1033 1045 1061 1066
 1067 1071 1078 1081 1091 1095 1098 1100 1102 1105 1108 1109 1110 1113
 1117 1122 1127 1130 1132 1133 1148 1156 1159 1161 1163 1167 1174 1183
 1184 1191 1193 1198 1206 1212 1213 1219 1227 1234 1236 1238 1241 1249
 1252 1255 1257 1263 1268 1272 1275 1278 1280 1286 1289 1293 1295 1296
 1313 1315 1324 1330 1332 1335 1340 1344 1346 1354 1358 1367 1369 1373
 1377 1378 1384 1388 1391 1400 1403 1404 1414 1416 1420 1422 1423 1426
 1434 1443 1445 1448 1461 1464 1466 1469 1478 1493 1504 1510 1515 1519
 1523 1531 1536 1553 1557 1568 1574 1581 1589 1601 1602 1606 1608 1618
 1620 1624 1625 1630 1634 1638 1649 1657 1659 1663 1666 1671 1677 1678
 1683 1686 1689 1690 1692 1694 1697 1706 1712 1717 1721 1722 1731 1759
 1765 1770 1777 1779 1781 1785 1786 1792 1794 1802 1808 1822 1824 1825
 1826 1827 1835 1850 1851 1854 1864 1871 1872 1873 1875 1878 1888 1893
 1902 1916 1918 1921 1924 1925 1926 1931 1934 1943 1948 1958 1964 1965
 1972 1973 1979 1983 1988 1993 1996 2004 2008 2012 2025 2030 2039 2042
 2044 2050 2057 2069 2074 2077 2079 2080 2082 2083 2084 2089 2095 2096
 2099 2108 2120 2123 2125 2127 2128 2146 2147 2153 2174 2176 2177 2178
 2182 2185 2186 2190 2198 2202 2210 2213 2214 2219 2230 2240 2242 2253
 2255 2260 2262 2266 2267 2278 2280 2293 2295 2300 2303 2310 2320 2334
 2340 2342 2344 2346 2350 2353 2356 2357 2362 2372 2373 2376 2379 2382
 2404 2406 2410 2413 2416 2422 2427 2439 2440 2443 2448 2458 2468 2475
 2477 2481 2491 2495 2502 2508 2510 2518 2520 2523 2528 2531 2533 2534
 2536 2540 2541 2549 2555 2569 2571 2576 2583 2592 2597 2600 2604 2605
 2607 2609 2611 2615 2620 2627 2631 2642 2643 2644 2656 2657 2665 2681
 2685 2694 2702 2709 2717 2718 2726 2729 2738 2739 2740 2746 2752 2754
 2764 2768 2771 2772 2778 2783 2787 2788 2789 2795 2797 2801 2812 2814
 2830 2838 2840 2841 2842 2846 2856 2857 2864 2865 2866 2873 2876 2877
 2879 2881 2882 2887 2893 2896 2900 2911 2919 2929 2930 2932 2933 2935
 2941 2942 2954 2966 2972 2980 2987 2990 3010 3012 3018 3019 3021 3022
 3027 3039 3041 3045 3049 3050 3059 3063 3067 3079 3081 3088 3090 3092
 3093 3094 3098 3106 3107 3119 3123 3127 3130 3139 3146 3158 3159 3162
 3165 3172 3174 3179 3182 3184 3186 3197 3202 3208 3218 3223 3236 3240
 3244 3250 3257 3259 3260 3262 3267 3269 3273 3282 3284 3301 3309 3315
 3330 3333 3339 3368 3378 3380 3387 3388 3389 3393 3396 3398 3404 3405
 3423 3425 3427 3429 3432 3434 3442 3443 3444 3449 3454 3455 3456 3461
 3467 3472 3479 3490 3493 3496 3499 3500 3503 3507 3510 3513 3522 3524
 3525 3528 3534 3548 3550 3554 3556 3560 3561 3563 3564 3576 3578 3583
 3586 3590 3595 3596 3597 3610 3612 3614 3620 3621 3622 3624 3628 3634
 3636 3637 3645 3647 3652 3668 3669]
TRAIN: [   0    1    2 ... 3671 3672 3673] TEST: [  25   26   27   39   41   47   52   54   55   58   60   66   70   73
   76   80   85   87   88   90   91   93   94   98  117  122  124  127
  132  137  142  148  149  152  153  154  160  162  165  166  167  170
  174  177  180  183  197  199  201  204  206  213  223  225  227  231
  232  233  237  250  254  264  266  272  287  299  313  316  324  335
  346  354  359  361  366  377  381  383  384  385  391  403  409  420
  422  425  438  439  441  445  446  447  450  452  454  457  459  465
  467  495  501  503  508  513  515  522  531  534  541  545  548  554
  558  560  567  575  576  587  589  594  598  602  605  624  630  635
  644  649  650  651  656  662  666  678  681  688  692  694  695  696
  704  707  715  716  721  728  742  743  748  752  754  757  769  778
  780  783  787  790  791  797  801  803  806  819  826  831  843  846
  847  852  856  866  870  880  881  884  888  891  896  898  921  930
  931  932  933  941  943  956  958  967  969  971  973  986  988 1003
 1007 1010 1012 1015 1017 1020 1029 1035 1039 1040 1050 1054 1057 1059
 1060 1063 1074 1075 1088 1092 1094 1101 1106 1111 1116 1121 1124 1126
 1128 1131 1140 1144 1145 1151 1153 1154 1162 1169 1171 1173 1175 1178
 1188 1192 1195 1208 1211 1214 1223 1226 1232 1235 1243 1256 1262 1265
 1269 1270 1271 1276 1281 1284 1285 1287 1288 1297 1300 1303 1307 1318
 1319 1320 1321 1333 1336 1341 1348 1350 1372 1386 1393 1401 1406 1407
 1417 1425 1429 1430 1433 1435 1441 1450 1451 1455 1463 1467 1476 1480
 1482 1483 1484 1486 1487 1498 1499 1501 1502 1512 1513 1514 1527 1529
 1535 1542 1543 1545 1547 1550 1566 1567 1575 1576 1579 1582 1591 1597
 1610 1612 1616 1617 1629 1632 1633 1639 1640 1641 1645 1662 1664 1667
 1668 1674 1675 1687 1698 1707 1708 1716 1726 1727 1736 1737 1743 1758
 1768 1774 1775 1793 1797 1811 1814 1816 1830 1833 1834 1836 1841 1846
 1847 1852 1856 1858 1865 1867 1874 1876 1880 1883 1884 1885 1892 1897
 1899 1900 1903 1907 1908 1909 1910 1913 1920 1941 1944 1950 1969 1970
 1985 1991 1994 1995 1998 1999 2009 2010 2015 2021 2022 2024 2027 2031
 2032 2033 2036 2038 2055 2058 2062 2078 2081 2091 2093 2101 2104 2105
 2107 2111 2117 2135 2136 2150 2160 2161 2164 2166 2167 2170 2175 2180
 2183 2191 2200 2201 2207 2212 2215 2221 2222 2227 2228 2244 2245 2247
 2252 2257 2265 2268 2269 2282 2287 2296 2317 2321 2324 2325 2330 2332
 2335 2337 2349 2352 2359 2360 2364 2365 2367 2371 2383 2384 2385 2389
 2409 2412 2418 2419 2429 2430 2435 2436 2437 2450 2453 2455 2456 2457
 2466 2467 2469 2474 2479 2480 2486 2494 2503 2505 2507 2511 2514 2521
 2522 2525 2527 2530 2532 2551 2553 2560 2586 2591 2595 2596 2599 2603
 2608 2624 2629 2632 2633 2639 2648 2649 2650 2651 2655 2658 2660 2667
 2670 2674 2677 2679 2683 2697 2700 2706 2708 2715 2723 2727 2733 2734
 2741 2743 2751 2753 2761 2763 2770 2777 2779 2782 2790 2799 2804 2805
 2813 2817 2818 2819 2820 2821 2827 2832 2834 2847 2848 2853 2869 2878
 2890 2897 2898 2901 2902 2903 2905 2913 2914 2915 2916 2923 2936 2950
 2952 2955 2956 2958 2976 2982 2992 2993 2996 3004 3013 3014 3020 3032
 3040 3042 3048 3057 3062 3065 3068 3069 3070 3087 3089 3104 3109 3113
 3116 3121 3122 3132 3133 3138 3155 3157 3170 3185 3187 3194 3196 3216
 3221 3242 3249 3251 3263 3268 3271 3277 3279 3280 3281 3287 3290 3291
 3297 3299 3307 3311 3320 3323 3324 3327 3329 3331 3332 3336 3342 3345
 3347 3349 3352 3359 3360 3362 3366 3369 3370 3373 3375 3383 3384 3385
 3386 3391 3399 3400 3403 3407 3408 3416 3418 3433 3439 3440 3445 3448
 3450 3459 3466 3468 3470 3473 3475 3476 3477 3478 3483 3484 3488 3489
 3495 3497 3502 3506 3508 3509 3514 3533 3535 3537 3539 3542 3545 3547
 3565 3569 3572 3577 3591 3592 3593 3602 3605 3608 3619 3623 3626 3633
 3639 3640 3655 3657 3659 3666 3674]
TRAIN: [   0    2    4 ... 3671 3673 3674] TEST: [   1    3    8   12   16   18   28   29   30   48   53   56   67   68
   79   81   89   99  103  110  116  119  123  130  134  135  143  146
  151  158  161  163  173  179  181  182  184  190  202  203  205  208
  218  220  241  246  247  257  258  262  273  279  280  281  282  285
  286  303  308  309  310  314  320  321  329  330  336  340  341  342
  344  347  351  352  353  356  364  369  374  376  379  380  382  392
  393  396  399  401  405  406  412  415  416  430  431  449  451  455
  458  473  475  476  478  504  517  518  526  530  536  538  539  563
  577  578  581  588  590  596  601  604  614  615  620  628  634  639
  646  647  668  671  672  674  676  677  685  689  699  700  703  713
  722  726  727  731  738  749  753  756  772  773  777  785  792  793
  808  809  810  816  821  823  830  832  835  839  844  845  848  857
  858  860  863  871  872  874  876  879  887  889  892  894  897  907
  911  914  916  923  925  928  937  938  939  947  950  954  959  960
  965  970  972  975  982  984  998  999 1006 1008 1009 1013 1018 1021
 1023 1038 1047 1051 1064 1069 1077 1080 1083 1084 1089 1096 1097 1119
 1123 1135 1136 1138 1147 1149 1150 1158 1160 1165 1172 1179 1181 1185
 1186 1197 1200 1203 1204 1209 1218 1220 1222 1228 1229 1233 1245 1248
 1250 1253 1259 1261 1264 1266 1274 1277 1282 1283 1290 1294 1304 1317
 1323 1325 1328 1329 1339 1347 1352 1356 1357 1359 1364 1371 1376 1379
 1381 1387 1389 1390 1394 1396 1397 1398 1402 1405 1409 1411 1415 1421
 1428 1436 1439 1440 1442 1446 1447 1452 1454 1456 1458 1459 1462 1465
 1475 1477 1485 1491 1492 1496 1500 1524 1526 1530 1532 1533 1537 1539
 1540 1552 1559 1569 1570 1572 1578 1586 1587 1593 1595 1598 1609 1615
 1627 1635 1636 1637 1643 1646 1650 1651 1669 1672 1673 1676 1679 1680
 1682 1685 1709 1714 1715 1718 1723 1724 1728 1733 1744 1746 1748 1750
 1751 1752 1757 1761 1763 1764 1769 1773 1783 1791 1800 1809 1810 1838
 1839 1840 1848 1855 1857 1862 1866 1869 1870 1877 1894 1911 1912 1928
 1929 1942 1949 1952 1957 1960 1963 1971 1977 1978 1980 1981 1982 2003
 2019 2020 2040 2056 2063 2068 2072 2073 2086 2097 2102 2103 2110 2112
 2115 2121 2122 2126 2133 2139 2144 2149 2155 2157 2162 2163 2165 2169
 2172 2187 2189 2193 2195 2196 2197 2203 2208 2218 2220 2223 2226 2233
 2234 2236 2248 2254 2256 2258 2259 2275 2276 2291 2297 2305 2307 2313
 2314 2318 2319 2323 2327 2331 2333 2339 2341 2343 2345 2351 2354 2355
 2368 2374 2378 2386 2390 2392 2393 2394 2395 2399 2402 2403 2414 2420
 2425 2426 2431 2432 2434 2446 2449 2452 2454 2470 2471 2473 2482 2484
 2487 2489 2490 2493 2496 2497 2498 2499 2501 2509 2512 2524 2538 2539
 2542 2548 2556 2561 2562 2568 2574 2575 2580 2587 2593 2594 2598 2601
 2602 2614 2616 2617 2618 2619 2635 2637 2638 2652 2653 2671 2676 2680
 2684 2689 2691 2696 2701 2707 2719 2720 2728 2730 2731 2737 2742 2747
 2748 2756 2760 2765 2766 2769 2773 2775 2776 2792 2806 2809 2811 2833
 2837 2843 2845 2855 2862 2867 2868 2880 2884 2895 2899 2909 2917 2922
 2926 2927 2940 2947 2953 2957 2959 2963 2964 2965 2984 2998 3000 3001
 3002 3005 3007 3008 3009 3023 3024 3026 3034 3035 3036 3044 3052 3058
 3060 3064 3073 3075 3078 3080 3083 3095 3105 3110 3111 3117 3126 3136
 3140 3143 3148 3151 3152 3153 3160 3161 3164 3166 3175 3176 3177 3180
 3188 3189 3193 3195 3198 3199 3201 3204 3211 3219 3222 3228 3230 3231
 3243 3253 3255 3261 3265 3275 3276 3286 3292 3295 3308 3317 3322 3325
 3334 3340 3351 3353 3354 3363 3365 3377 3382 3394 3402 3409 3410 3413
 3414 3415 3417 3419 3420 3421 3424 3426 3452 3453 3462 3463 3480 3482
 3485 3487 3515 3516 3517 3520 3527 3532 3536 3541 3551 3553 3558 3568
 3574 3580 3581 3582 3585 3594 3599 3606 3615 3625 3631 3635 3638 3641
 3644 3653 3654 3661 3662 3670 3672]
TRAIN: [   1    2    3 ... 3670 3672 3674] TEST: [   0    4    5   10   15   20   21   23   31   38   40   43   44   45
   46   51   61   62   64   69   86   95   96  107  111  113  114  118
  120  121  133  141  155  169  185  188  207  211  216  217  224  228
  230  248  251  255  263  271  276  283  284  288  293  294  301  305
  306  307  315  318  319  322  323  325  326  332  334  338  349  355
  358  363  367  370  371  375  386  388  394  395  404  413  414  419
  423  424  427  428  433  434  462  468  471  474  479  481  484  485
  487  489  490  491  492  502  506  510  512  529  535  553  555  557
  574  579  580  582  583  591  592  600  608  611  613  616  619  621
  623  627  641  642  648  654  659  663  680  687  698  702  714  717
  718  719  720  733  734  736  745  750  751  759  760  762  763  764
  767  770  776  779  782  784  786  788  789  794  807  811  814  820
  822  827  833  834  837  838  841  853  855  865  869  873  875  877
  885  890  906  909  910  912  920  922  936  940  951  962  963  964
  974  983  989  990  991 1002 1005 1011 1022 1027 1028 1031 1043 1046
 1052 1053 1055 1062 1070 1082 1086 1090 1104 1107 1114 1115 1118 1120
 1129 1134 1139 1142 1143 1152 1157 1164 1177 1180 1182 1189 1201 1207
 1215 1216 1217 1221 1224 1225 1230 1240 1242 1244 1251 1273 1279 1291
 1292 1298 1299 1309 1316 1326 1327 1337 1342 1349 1351 1353 1361 1363
 1370 1374 1375 1383 1385 1392 1395 1399 1412 1413 1419 1424 1427 1438
 1449 1453 1460 1470 1472 1473 1479 1494 1503 1505 1507 1516 1518 1520
 1521 1522 1525 1534 1544 1551 1555 1556 1558 1562 1564 1565 1571 1577
 1580 1583 1584 1585 1590 1594 1596 1599 1603 1611 1613 1614 1623 1642
 1644 1652 1653 1654 1658 1660 1661 1670 1681 1684 1693 1695 1703 1711
 1720 1725 1730 1732 1738 1739 1742 1745 1753 1756 1766 1767 1772 1776
 1778 1780 1782 1784 1787 1788 1795 1803 1805 1812 1813 1818 1820 1829
 1831 1832 1842 1845 1849 1859 1863 1881 1886 1889 1891 1895 1905 1914
 1917 1922 1930 1932 1933 1951 1954 1956 1962 1966 1967 1974 1986 1989
 1992 2001 2002 2005 2013 2014 2016 2026 2029 2035 2041 2047 2049 2051
 2053 2059 2060 2066 2067 2070 2076 2087 2088 2092 2109 2113 2114 2118
 2124 2131 2140 2141 2142 2156 2158 2159 2168 2173 2179 2188 2194 2199
 2204 2211 2217 2225 2229 2231 2232 2235 2239 2243 2246 2250 2251 2261
 2263 2271 2272 2273 2274 2277 2281 2288 2289 2290 2292 2294 2299 2301
 2302 2306 2308 2309 2312 2315 2316 2322 2336 2338 2348 2358 2361 2363
 2369 2377 2380 2387 2396 2397 2401 2407 2411 2421 2424 2428 2441 2447
 2451 2465 2476 2478 2485 2492 2500 2504 2506 2515 2526 2529 2543 2545
 2550 2552 2554 2557 2558 2559 2564 2565 2578 2582 2584 2585 2588 2606
 2626 2636 2640 2641 2645 2654 2659 2662 2663 2664 2666 2669 2678 2686
 2690 2693 2695 2698 2703 2704 2710 2711 2712 2713 2714 2716 2724 2725
 2732 2735 2736 2749 2750 2755 2758 2780 2781 2786 2791 2794 2796 2800
 2807 2808 2816 2822 2823 2825 2826 2828 2835 2849 2851 2852 2858 2859
 2874 2883 2885 2886 2891 2910 2912 2918 2924 2925 2938 2939 2944 2946
 2949 2951 2960 2961 2967 2968 2970 2971 2973 2978 2981 2983 2985 2988
 2989 2995 2997 2999 3003 3015 3025 3028 3038 3043 3053 3054 3056 3061
 3072 3077 3082 3084 3091 3096 3097 3099 3100 3102 3103 3112 3114 3120
 3124 3129 3145 3150 3154 3163 3169 3178 3190 3192 3206 3215 3224 3226
 3235 3237 3245 3248 3252 3254 3266 3283 3285 3289 3296 3303 3304 3310
 3314 3326 3328 3335 3338 3341 3343 3344 3346 3348 3350 3357 3358 3364
 3367 3379 3390 3392 3401 3406 3422 3428 3430 3431 3436 3437 3441 3446
 3447 3451 3460 3465 3471 3474 3481 3486 3491 3492 3494 3498 3504 3521
 3526 3540 3543 3546 3549 3552 3559 3562 3566 3567 3579 3584 3588 3600
 3601 3604 3613 3616 3617 3618 3627 3629 3630 3642 3643 3646 3649 3650
 3651 3656 3660 3663 3664 3671 3673]
#Blocking Clusters: 2414, #Distinct Nodes: 6035, #Blocking Cluster Percent: 40
Total #PosPairs=1154, #NegPairs=2521, True Positive % = 76.12137203166228, False Negative % = 23.878627968337724, negToPosRatio = 2.184575389948007
