on cpu
Total #Pairs=1516, #Unfound Pairs=0
Done with clustering!
Done with nodeToClusterMap creation!
In ClusterID: 0
Done with totalPairs creation!
len(posPairs)=1516, len(commPosPairs)=3032
len(posPairs)=1081, len(commPosPairs)=2162
TRAIN: [   1    2    3 ... 1382 1383 1384] TEST: [   0    6    9   11   15   19   23   26   27   37   38   42   47   49
   52   62   69   70   77   78   83   92   98  101  104  111  114  121
  126  130  131  136  146  150  152  157  160  162  178  185  193  204
  210  211  217  223  224  226  227  228  232  237  238  239  243  245
  256  260  267  271  274  275  279  283  286  293  294  297  298  303
  310  313  323  327  333  341  343  347  358  359  374  377  382  385
  386  391  392  394  405  407  415  418  419  425  426  428  429  434
  450  451  460  467  469  473  474  479  482  487  492  494  508  514
  515  521  525  528  530  532  536  537  543  546  549  554  561  562
  575  576  579  586  587  602  603  609  611  614  629  632  639  640
  642  649  658  660  661  664  670  671  677  681  689  692  694  696
  699  703  704  707  708  712  719  721  731  735  742  747  748  757
  758  760  761  767  773  784  805  807  822  825  828  834  836  842
  849  850  853  854  862  871  873  889  894  898  907  912  917  918
  937  940  943  949  960  966  967  971  975  988  994  999 1007 1025
 1027 1039 1041 1043 1071 1072 1079 1083 1087 1104 1110 1112 1115 1118
 1122 1124 1126 1132 1140 1149 1157 1160 1162 1163 1166 1177 1179 1180
 1186 1194 1201 1213 1214 1225 1230 1231 1232 1234 1237 1238 1239 1240
 1248 1253 1255 1260 1267 1268 1276 1296 1297 1305 1306 1325 1326 1328
 1330 1331 1332 1334 1337 1343 1345 1346 1355 1364 1379 1385]
TRAIN: [   0    1    2 ... 1383 1384 1385] TEST: [   5    8   18   34   36   41   43   45   46   50   53   56   60   72
   89   90   91   99  102  105  110  112  113  115  135  138  140  142
  149  153  159  163  167  179  180  181  187  189  190  191  194  195
  197  205  222  225  235  236  246  249  259  265  269  273  277  281
  288  304  305  307  322  324  328  329  334  353  357  361  364  365
  369  383  389  400  404  408  409  411  416  420  432  437  440  457
  461  471  476  478  481  486  495  498  500  503  512  519  520  526
  527  529  531  542  545  552  558  563  566  582  584  589  600  610
  619  620  625  636  637  638  644  645  650  653  657  659  683  690
  697  700  705  710  711  713  723  727  733  736  739  740  741  745
  763  769  772  777  778  780  782  786  789  790  799  801  806  808
  812  814  819  823  829  832  833  841  845  846  858  866  868  869
  870  875  884  906  908  909  910  914  919  925  926  927  930  935
  956  958  959  963  968  974  976  979  980  981  992  996 1001 1003
 1010 1011 1015 1019 1021 1023 1024 1042 1044 1045 1046 1055 1059 1060
 1064 1067 1069 1070 1075 1080 1086 1093 1097 1100 1101 1121 1128 1131
 1138 1144 1148 1152 1153 1156 1170 1173 1174 1191 1195 1199 1207 1210
 1212 1217 1218 1221 1222 1224 1228 1236 1243 1244 1246 1247 1250 1252
 1258 1261 1262 1265 1273 1278 1283 1287 1293 1298 1299 1301 1304 1309
 1322 1339 1342 1348 1351 1361 1367 1370 1373 1377 1378]
TRAIN: [   0    1    3 ... 1382 1383 1385] TEST: [   2   13   25   32   33   35   39   48   55   58   61   65   66   71
   80   81   82   86   87   88   95  100  109  118  124  125  134  137
  143  147  151  156  158  166  172  174  175  177  188  192  196  200
  207  208  209  214  215  220  221  230  234  244  250  253  268  272
  278  284  290  291  292  308  311  315  319  320  325  326  331  332
  337  339  342  350  356  366  367  372  373  378  381  387  390  395
  406  412  413  435  439  444  459  472  488  489  490  493  501  504
  513  516  518  522  540  541  550  557  569  570  571  573  577  583
  594  596  598  599  605  607  608  622  623  624  630  631  641  646
  647  652  656  666  675  678  679  685  698  706  709  714  725  728
  737  743  744  751  752  755  756  764  768  771  774  788  795  798
  809  810  816  818  824  826  835  840  844  848  855  857  864  872
  874  878  883  886  897  900  904  911  916  921  928  934  936  942
  944  946  952  955  962  964  969  973  982  983  985  987  989  990
  991  993  995 1004 1013 1017 1018 1020 1022 1032 1033 1035 1047 1048
 1053 1057 1058 1063 1066 1074 1088 1091 1092 1095 1098 1099 1102 1107
 1108 1116 1123 1127 1130 1137 1139 1141 1142 1146 1155 1159 1171 1185
 1189 1198 1200 1204 1205 1208 1209 1216 1219 1220 1242 1256 1257 1263
 1272 1277 1279 1280 1282 1286 1288 1289 1291 1295 1307 1310 1311 1319
 1324 1327 1335 1338 1350 1356 1357 1362 1376 1380 1384]
TRAIN: [   0    2    3 ... 1381 1384 1385] TEST: [   1    4    7   10   12   17   24   28   29   30   40   44   54   57
   59   64   73   74   76   79   85   93   94   97  103  106  120  122
  123  127  132  139  145  161  164  182  184  186  198  199  202  203
  206  218  219  231  233  248  252  254  257  258  262  264  266  276
  282  287  295  296  306  309  312  314  316  317  330  338  345  348
  349  351  362  370  384  396  398  402  410  414  421  422  423  424
  431  438  443  448  449  452  453  456  462  463  468  470  477  496
  497  499  505  507  509  510  511  517  523  524  533  534  539  544
  553  555  556  560  565  568  574  578  588  590  591  593  601  604
  606  612  621  627  634  635  654  655  665  672  673  676  687  695
  715  717  720  724  726  729  730  734  746  749  750  754  766  776
  779  783  785  792  794  796  797  802  804  815  820  821  827  831
  839  843  851  852  861  863  879  880  881  882  887  891  892  893
  895  913  920  922  923  929  931  932  933  938  939  945  948  953
  961  972  977  978  984  986  998 1005 1008 1009 1014 1016 1029 1052
 1061 1062 1065 1073 1076 1078 1081 1082 1084 1085 1090 1094 1105 1109
 1120 1125 1129 1135 1136 1143 1145 1150 1154 1158 1161 1169 1175 1178
 1183 1184 1187 1190 1192 1193 1196 1206 1211 1229 1235 1241 1254 1259
 1266 1270 1271 1290 1294 1300 1302 1318 1321 1323 1329 1333 1336 1341
 1344 1347 1353 1359 1365 1366 1371 1372 1375 1382 1383]
TRAIN: [   0    1    2 ... 1383 1384 1385] TEST: [   3   14   16   20   21   22   31   51   63   67   68   75   84   96
  107  108  116  117  119  128  129  133  141  144  148  154  155  165
  168  169  170  171  173  176  183  201  212  213  216  229  240  241
  242  247  251  255  261  263  270  280  285  289  299  300  301  302
  318  321  335  336  340  344  346  352  354  355  360  363  368  371
  375  376  379  380  388  393  397  399  401  403  417  427  430  433
  436  441  442  445  446  447  454  455  458  464  465  466  475  480
  483  484  485  491  502  506  535  538  547  548  551  559  564  567
  572  580  581  585  592  595  597  613  615  616  617  618  626  628
  633  643  648  651  662  663  667  668  669  674  680  682  684  686
  688  691  693  701  702  716  718  722  732  738  753  759  762  765
  770  775  781  787  791  793  800  803  811  813  817  830  837  838
  847  856  859  860  865  867  876  877  885  888  890  896  899  901
  902  903  905  915  924  941  947  950  951  954  957  965  970  997
 1000 1002 1006 1012 1026 1028 1030 1031 1034 1036 1037 1038 1040 1049
 1050 1051 1054 1056 1068 1077 1089 1096 1103 1106 1111 1113 1114 1117
 1119 1133 1134 1147 1151 1164 1165 1167 1168 1172 1176 1181 1182 1188
 1197 1202 1203 1215 1223 1226 1227 1233 1245 1249 1251 1264 1269 1274
 1275 1281 1284 1285 1292 1303 1308 1312 1313 1314 1315 1316 1317 1320
 1340 1349 1352 1354 1358 1360 1363 1368 1369 1374 1381]
#Blocking Clusters: 4224, #Distinct Nodes: 6035, #Blocking Cluster Percent: 70
Total #PosPairs=1081, #NegPairs=305, True Positive % = 71.3060686015831, False Negative % = 28.693931398416893, negToPosRatio = 0.2821461609620722
