on cpu
Total #Pairs=17, #Unfound Pairs=2
Done with clustering!
Done with nodeToClusterMap creation!
In ClusterID: 0
Done with totalPairs creation!
len(posPairs)=15, len(commPosPairs)=30
len(posPairs)=13, len(commPosPairs)=26
TRAIN: [ 3  4  5  6  7  8  9 10 11 12 16 17 18 21 22 23 24 26 27 28 29 30 31 32
 33 35 36 37 38 39 40 41 43 44 45 46 47 48 49 52 53 54 55 56 57 58 59 60
 61 62 64 65 66 67 68 69 70 71 72 74] TEST: [ 0  1  2 13 14 15 19 20 25 34 42 50 51 63 73]
TRAIN: [ 0  1  2  3  4  5  7  9 11 12 13 14 15 17 18 19 20 21 23 24 25 26 28 29
 31 32 34 35 36 37 38 39 40 42 47 48 49 50 51 53 54 55 56 57 58 59 60 61
 62 63 64 65 66 68 69 70 71 72 73 74] TEST: [ 6  8 10 16 22 27 30 33 41 43 44 45 46 52 67]
TRAIN: [ 0  1  2  4  6  7  8  9 10 11 13 14 15 16 18 19 20 21 22 24 25 27 28 29
 30 31 32 33 34 35 37 40 41 42 43 44 45 46 49 50 51 52 53 54 55 56 57 60
 61 62 63 64 66 67 68 70 71 72 73 74] TEST: [ 3  5 12 17 23 26 36 38 39 47 48 58 59 65 69]
TRAIN: [ 0  1  2  3  4  5  6  8 10 11 12 13 14 15 16 17 19 20 22 23 24 25 26 27
 28 30 32 33 34 36 37 38 39 40 41 42 43 44 45 46 47 48 50 51 52 53 54 56
 58 59 60 61 63 64 65 67 69 72 73 74] TEST: [ 7  9 18 21 29 31 35 49 55 57 62 66 68 70 71]
TRAIN: [ 0  1  2  3  5  6  7  8  9 10 12 13 14 15 16 17 18 19 20 21 22 23 25 26
 27 29 30 31 33 34 35 36 38 39 41 42 43 44 45 46 47 48 49 50 51 52 55 57
 58 59 62 63 65 66 67 68 69 70 71 73] TEST: [ 4 11 24 28 32 37 40 53 54 56 60 61 64 72 74]
#Blocking Clusters: 34, #Distinct Nodes: 116, #Blocking Cluster Percent: 30
Total #PosPairs=13, #NegPairs=62, True Positive % = 86.66666666666667, False Negative % = 13.333333333333329, negToPosRatio = 4.769230769230769
