on cpu
Total #Pairs=17, #Unfound Pairs=2
Done with clustering!
Done with nodeToClusterMap creation!
In ClusterID: 0
Done with totalPairs creation!
len(posPairs)=15, len(commPosPairs)=30
len(posPairs)=10, len(commPosPairs)=20
TRAIN: [  0   1   2   3   4   5   7   8  12  13  14  15  16  17  19  20  21  23
  24  25  26  27  28  29  30  31  33  34  35  36  37  39  41  42  43  44
  45  46  47  48  49  50  51  52  55  56  57  58  59  61  64  67  69  70
  71  73  74  75  76  77  78  79  80  81  82  83  84  86  87  88  89  90
  91  92  93  94  95  96  97  98 101 104 105 106 107 108 109 110 111 112] TEST: [  6   9  10  11  18  22  32  38  40  53  54  60  62  63  65  66  68  72
  85  99 100 102 103]
TRAIN: [  0   1   3   4   6   7   8   9  10  11  12  13  16  17  18  19  20  21
  22  23  24  26  28  31  32  34  35  36  37  38  39  40  41  42  43  44
  46  47  48  50  51  53  54  55  56  57  59  60  61  62  63  64  65  66
  67  68  69  72  73  74  75  76  77  78  79  80  81  82  83  84  85  87
  90  92  94  95  97  98  99 100 101 102 103 104 105 106 107 110 111 112] TEST: [  2   5  14  15  25  27  29  30  33  45  49  52  58  70  71  86  88  89
  91  93  96 108 109]
TRAIN: [  0   2   3   5   6   7   8   9  10  11  12  13  14  15  16  18  19  20
  21  22  23  25  26  27  29  30  31  32  33  34  35  38  40  41  43  44
  45  46  47  48  49  52  53  54  55  56  57  58  60  62  63  64  65  66
  68  69  70  71  72  73  78  79  80  81  83  84  85  86  87  88  89  90
  91  93  94  95  96  97  98  99 100 101 102 103 105 106 107 108 109 111] TEST: [  1   4  17  24  28  36  37  39  42  50  51  59  61  67  74  75  76  77
  82  92 104 110 112]
TRAIN: [  1   2   4   5   6   7   8   9  10  11  12  13  14  15  17  18  19  22
  23  24  25  27  28  29  30  31  32  33  34  36  37  38  39  40  42  45
  46  48  49  50  51  52  53  54  55  56  58  59  60  61  62  63  64  65
  66  67  68  70  71  72  73  74  75  76  77  78  82  83  84  85  86  88
  89  90  91  92  93  96  97  99 100 101 102 103 104 105 108 109 110 111
 112] TEST: [  0   3  16  20  21  26  35  41  43  44  47  57  69  79  80  81  87  94
  95  98 106 107]
TRAIN: [  0   1   2   3   4   5   6   9  10  11  14  15  16  17  18  20  21  22
  24  25  26  27  28  29  30  32  33  35  36  37  38  39  40  41  42  43
  44  45  47  49  50  51  52  53  54  57  58  59  60  61  62  63  65  66
  67  68  69  70  71  72  74  75  76  77  79  80  81  82  85  86  87  88
  89  91  92  93  94  95  96  98  99 100 102 103 104 106 107 108 109 110
 112] TEST: [  7   8  12  13  19  23  31  34  46  48  55  56  64  73  78  83  84  90
  97 101 105 111]
#Blocking Clusters: 23, #Distinct Nodes: 116, #Blocking Cluster Percent: 20
Total #PosPairs=10, #NegPairs=103, True Positive % = 66.66666666666667, False Negative % = 33.33333333333333, negToPosRatio = 10.3
