on cpu
Total #Pairs=17, #Unfound Pairs=2
Done with clustering!
Done with nodeToClusterMap creation!
In ClusterID: 0
Done with totalPairs creation!
len(posPairs)=15, len(commPosPairs)=30
len(posPairs)=12, len(commPosPairs)=24
TRAIN: [  0   1   2   3   4   5   7   8  11  12  13  15  18  20  21  22  23  25
  27  28  30  31  32  33  35  36  37  38  40  41  42  43  45  47  48  49
  50  51  52  54  55  57  58  60  61  62  64  65  66  67  68  69  70  71
  73  74  75  76  78  79  80  81  83  85  88  89  90  91  92  93  94  95
  96  97  98  99 100 101 102 105 107 108 109 111 112 114 116 117 118 119
 120 121 122 123 125 126 127 128 130 132 133 134 135 137 138 139 141 143
 146 147 148 150 151 152 153 154 155 156 157 158 159 160 161 162 164 165
 166 167 168 169 170 171 172 173 174 175 177 179 180 183 185 186 187 188
 189 190 191 193 195 197 198 199 200 201 202 203 204 205 206 208 209 210
 211 214 215 217 218 219 220 221 222 223 224 225 226 227 228 229 231 232
 233 234 235 236 237 238 240 241 242 243 244 245 246 247 248 249 250 252
 253 254 255 256 257 258 259 260 262 263 264 265 266 267 268 269 270 271
 272 273 274 276 277 279 280 281 282 283 284 285 286 287 288 290 292 293
 294 295 296 297 298 299 300 301] TEST: [  6   9  10  14  16  17  19  24  26  29  34  39  44  46  53  56  59  63
  72  77  82  84  86  87 103 104 106 110 113 115 124 129 131 136 140 142
 144 145 149 163 176 178 181 182 184 192 194 196 207 212 213 216 230 239
 251 261 275 278 289 291 302]
TRAIN: [  1   2   3   4   6   7   9  10  11  13  14  15  16  17  18  19  20  21
  22  23  24  26  27  28  29  30  31  32  33  34  35  36  39  40  41  42
  43  44  45  46  47  49  52  53  54  55  56  57  58  59  60  62  63  64
  66  68  69  70  71  72  73  74  75  76  77  78  79  80  81  82  83  84
  85  86  87  88  90  91  93  94  95  96  97  98  99 100 101 102 103 104
 105 106 107 109 110 111 112 113 114 115 116 118 120 122 123 124 125 126
 128 129 131 132 134 135 136 139 140 142 143 144 145 146 148 149 150 151
 152 153 156 157 158 160 161 162 163 164 166 167 169 170 171 172 173 174
 175 176 177 178 180 181 182 184 185 186 187 189 191 192 194 195 196 197
 199 200 201 202 203 204 205 206 207 208 209 210 211 212 213 214 215 216
 217 219 222 223 224 227 228 229 230 232 234 236 237 238 239 241 244 245
 246 248 249 250 251 252 254 255 256 261 262 263 264 265 266 267 270 271
 272 273 275 276 278 279 280 281 282 283 285 286 288 289 290 291 292 293
 294 295 296 297 298 300 301 302] TEST: [  0   5   8  12  25  37  38  48  50  51  61  65  67  89  92 108 117 119
 121 127 130 133 137 138 141 147 154 155 159 165 168 179 183 188 190 193
 198 218 220 221 225 226 231 233 235 240 242 243 247 253 257 258 259 260
 268 269 274 277 284 287 299]
TRAIN: [  0   1   2   3   5   6   8   9  10  11  12  13  14  15  16  17  18  19
  20  23  24  25  26  29  31  34  35  36  37  38  39  41  42  43  44  45
  46  48  49  50  51  53  55  56  57  59  61  62  63  64  65  67  68  69
  70  71  72  73  74  75  76  77  78  80  81  82  83  84  86  87  88  89
  90  91  92  93  94  95  97  98  99 100 102 103 104 105 106 107 108 110
 111 112 113 114 115 116 117 119 120 121 122 123 124 125 126 127 128 129
 130 131 132 133 134 136 137 138 139 140 141 142 143 144 145 146 147 148
 149 150 152 154 155 156 157 159 160 162 163 164 165 166 167 168 175 176
 178 179 181 182 183 184 186 188 189 190 191 192 193 194 196 197 198 199
 200 201 204 205 207 208 209 210 211 212 213 214 215 216 217 218 219 220
 221 223 224 225 226 227 228 230 231 232 233 235 237 238 239 240 241 242
 243 244 245 246 247 249 251 253 254 255 257 258 259 260 261 262 265 266
 268 269 270 271 272 273 274 275 276 277 278 279 282 284 286 287 288 289
 290 291 295 296 298 299 301 302] TEST: [  4   7  21  22  27  28  30  32  33  40  47  52  54  58  60  66  79  85
  96 101 109 118 135 151 153 158 161 169 170 171 172 173 174 177 180 185
 187 195 202 203 206 222 229 234 236 248 250 252 256 263 264 267 280 281
 283 285 292 293 294 297 300]
TRAIN: [  0   2   3   4   5   6   7   8   9  10  12  13  14  15  16  17  18  19
  20  21  22  24  25  26  27  28  29  30  31  32  33  34  36  37  38  39
  40  43  44  46  47  48  50  51  52  53  54  55  56  57  58  59  60  61
  62  63  64  65  66  67  72  73  75  76  77  78  79  82  83  84  85  86
  87  89  91  92  96  97 100 101 102 103 104 105 106 107 108 109 110 112
 113 114 115 117 118 119 120 121 122 123 124 125 127 129 130 131 133 134
 135 136 137 138 140 141 142 144 145 147 148 149 151 152 153 154 155 156
 157 158 159 161 163 164 165 167 168 169 170 171 172 173 174 175 176 177
 178 179 180 181 182 183 184 185 186 187 188 190 191 192 193 194 195 196
 198 199 200 201 202 203 206 207 209 211 212 213 216 218 220 221 222 224
 225 226 227 229 230 231 233 234 235 236 239 240 242 243 245 246 247 248
 249 250 251 252 253 255 256 257 258 259 260 261 262 263 264 266 267 268
 269 272 273 274 275 277 278 280 281 283 284 285 286 287 289 290 291 292
 293 294 295 297 298 299 300 301 302] TEST: [  1  11  23  35  41  42  45  49  68  69  70  71  74  80  81  88  90  93
  94  95  98  99 111 116 126 128 132 139 143 146 150 160 162 166 189 197
 204 205 208 210 214 215 217 219 223 228 232 237 238 241 244 254 265 270
 271 276 279 282 288 296]
TRAIN: [  0   1   4   5   6   7   8   9  10  11  12  14  16  17  19  21  22  23
  24  25  26  27  28  29  30  32  33  34  35  37  38  39  40  41  42  44
  45  46  47  48  49  50  51  52  53  54  56  58  59  60  61  63  65  66
  67  68  69  70  71  72  74  77  79  80  81  82  84  85  86  87  88  89
  90  92  93  94  95  96  98  99 101 103 104 106 108 109 110 111 113 115
 116 117 118 119 121 124 126 127 128 129 130 131 132 133 135 136 137 138
 139 140 141 142 143 144 145 146 147 149 150 151 153 154 155 158 159 160
 161 162 163 165 166 168 169 170 171 172 173 174 176 177 178 179 180 181
 182 183 184 185 187 188 189 190 192 193 194 195 196 197 198 202 203 204
 205 206 207 208 210 212 213 214 215 216 217 218 219 220 221 222 223 225
 226 228 229 230 231 232 233 234 235 236 237 238 239 240 241 242 243 244
 247 248 250 251 252 253 254 256 257 258 259 260 261 263 264 265 267 268
 269 270 271 274 275 276 277 278 279 280 281 282 283 284 285 287 288 289
 291 292 293 294 296 297 299 300 302] TEST: [  2   3  13  15  18  20  31  36  43  55  57  62  64  73  75  76  78  83
  91  97 100 102 105 107 112 114 120 122 123 125 134 148 152 156 157 164
 167 175 186 191 199 200 201 209 211 224 227 245 246 249 255 262 266 272
 273 286 290 295 298 301]
#Blocking Clusters: 11, #Distinct Nodes: 116, #Blocking Cluster Percent: 10
Total #PosPairs=12, #NegPairs=291, True Positive % = 80.0, False Negative % = 20.0, negToPosRatio = 24.25
