on cpu
Total #Pairs=17, #Unfound Pairs=2
Done with clustering!
Done with nodeToClusterMap creation!
In ClusterID: 0
Done with totalPairs creation!
len(posPairs)=15, len(commPosPairs)=30
len(posPairs)=15, len(commPosPairs)=30
TRAIN: [   2    3    4 ... 2999 3000 3002] TEST: [   0    1    8   19   31   37   44   45   46   50   58   59   61   62
   64   69   74   76   81   86   90   94  100  107  112  116  125  127
  130  137  139  140  142  144  146  148  152  154  157  162  163  164
  172  179  187  188  194  197  200  204  212  218  230  235  236  237
  239  247  248  249  253  275  285  288  293  298  305  309  315  321
  324  330  343  349  352  353  354  361  367  373  375  378  386  388
  391  400  421  422  424  425  434  435  457  460  462  464  479  480
  481  486  492  504  511  528  531  532  536  543  545  549  551  553
  559  562  572  575  580  592  605  612  618  628  630  632  637  645
  646  647  649  658  660  661  669  670  677  683  685  689  692  704
  705  709  719  722  742  743  746  751  762  768  772  774  776  783
  784  788  789  791  793  797  801  806  826  830  836  842  844  856
  858  860  861  864  866  870  871  873  880  884  886  890  895  897
  919  923  926  932  933  941  945  950  955  958  960  961  967  968
  972  974  979  980  981  984  988  992  997  998 1002 1013 1014 1030
 1031 1033 1034 1044 1047 1048 1049 1055 1056 1059 1060 1061 1064 1077
 1079 1085 1093 1094 1115 1117 1128 1131 1132 1138 1140 1142 1145 1146
 1154 1157 1166 1168 1169 1171 1172 1174 1175 1177 1179 1180 1196 1197
 1207 1212 1219 1220 1222 1226 1227 1230 1260 1272 1273 1277 1282 1283
 1284 1287 1294 1299 1303 1311 1312 1314 1335 1341 1342 1345 1348 1351
 1358 1368 1379 1380 1384 1385 1387 1392 1393 1395 1397 1399 1407 1409
 1412 1416 1418 1426 1428 1438 1441 1443 1447 1448 1453 1461 1464 1470
 1472 1475 1477 1481 1484 1487 1513 1514 1518 1524 1528 1535 1537 1545
 1550 1556 1558 1563 1567 1568 1571 1573 1578 1579 1581 1583 1591 1594
 1595 1604 1607 1613 1618 1621 1631 1634 1638 1644 1647 1652 1656 1657
 1660 1661 1668 1672 1682 1688 1689 1695 1699 1701 1704 1705 1708 1716
 1718 1724 1726 1730 1736 1740 1745 1752 1756 1767 1769 1773 1774 1780
 1784 1786 1789 1793 1797 1798 1804 1805 1814 1818 1819 1821 1829 1833
 1837 1840 1843 1850 1868 1874 1879 1888 1889 1895 1907 1913 1915 1937
 1938 1951 1957 1962 1978 1981 1986 1995 1996 1997 2005 2007 2009 2011
 2012 2022 2024 2039 2041 2042 2044 2046 2048 2052 2053 2054 2068 2073
 2074 2075 2084 2087 2091 2093 2098 2099 2103 2106 2107 2114 2127 2128
 2140 2146 2148 2152 2154 2155 2164 2170 2173 2175 2182 2194 2195 2196
 2207 2208 2210 2214 2222 2223 2230 2233 2235 2239 2246 2266 2269 2270
 2272 2278 2283 2287 2305 2311 2313 2316 2321 2350 2355 2361 2362 2365
 2368 2378 2379 2381 2399 2401 2417 2441 2445 2447 2458 2460 2464 2465
 2467 2475 2477 2478 2483 2495 2505 2509 2527 2528 2531 2540 2542 2549
 2550 2558 2559 2584 2589 2592 2597 2602 2612 2613 2619 2624 2630 2638
 2649 2657 2658 2662 2664 2670 2671 2672 2673 2678 2681 2685 2689 2697
 2700 2701 2703 2710 2714 2715 2722 2735 2741 2745 2746 2749 2753 2760
 2772 2773 2775 2786 2795 2796 2808 2809 2827 2841 2844 2854 2855 2856
 2869 2870 2871 2881 2882 2884 2886 2889 2894 2896 2904 2918 2934 2935
 2936 2960 2964 2971 2972 2976 2979 2980 2986 2988 2993 2996 3001]
TRAIN: [   0    1    2 ... 3000 3001 3002] TEST: [   6   12   13   16   22   26   27   29   36   41   42   47   48   53
   63   65   67   70   75   77   80   85   89   96  101  113  117  133
  136  147  155  165  167  168  173  182  189  193  198  203  207  209
  213  217  220  223  224  229  231  232  238  240  243  246  251  268
  272  273  280  281  294  295  303  308  311  312  317  319  323  325
  342  345  346  347  357  364  370  380  381  382  385  390  393  402
  403  406  412  413  414  418  419  423  427  429  439  440  441  445
  446  449  452  455  469  476  496  502  507  510  514  519  529  530
  533  538  539  546  558  565  567  573  574  581  584  585  586  598
  602  603  604  609  610  615  622  629  638  640  641  644  648  650
  657  663  665  667  668  686  693  695  697  698  707  710  727  731
  732  748  750  753  761  763  770  775  777  781  782  785  790  799
  800  803  805  808  810  813  818  822  828  832  838  849  865  868
  878  881  883  891  905  906  907  909  912  913  914  920  921  924
  925  927  937  938  942  946  953  954  956  957  959  962  963  965
  971  973  975  991  993  994 1012 1017 1020 1023 1025 1028 1035 1036
 1037 1041 1043 1051 1052 1058 1062 1067 1071 1073 1074 1076 1086 1104
 1110 1111 1118 1120 1127 1134 1136 1139 1144 1147 1152 1156 1159 1161
 1164 1167 1170 1181 1182 1185 1187 1191 1204 1208 1210 1211 1214 1217
 1225 1228 1231 1233 1241 1242 1254 1263 1266 1269 1270 1290 1300 1301
 1317 1320 1324 1328 1331 1332 1334 1343 1344 1352 1375 1378 1382 1390
 1394 1401 1411 1419 1445 1450 1458 1463 1474 1490 1498 1504 1507 1508
 1512 1521 1522 1525 1529 1530 1542 1543 1548 1565 1566 1569 1576 1580
 1582 1586 1590 1600 1603 1606 1616 1623 1626 1629 1639 1655 1659 1674
 1680 1684 1687 1697 1711 1713 1728 1734 1746 1754 1760 1763 1764 1766
 1772 1775 1779 1782 1783 1787 1796 1799 1820 1823 1826 1827 1828 1830
 1832 1846 1849 1851 1853 1854 1856 1862 1869 1873 1880 1883 1891 1898
 1902 1903 1904 1905 1912 1919 1925 1927 1935 1939 1943 1945 1946 1947
 1956 1964 1967 1971 1972 1973 1974 1990 1992 1998 2006 2016 2020 2021
 2043 2049 2055 2056 2064 2070 2077 2078 2079 2081 2082 2097 2101 2109
 2116 2117 2120 2144 2151 2157 2158 2159 2161 2162 2163 2167 2168 2169
 2172 2180 2185 2189 2191 2193 2197 2199 2209 2212 2218 2220 2228 2232
 2250 2260 2261 2262 2271 2276 2277 2280 2285 2288 2293 2298 2308 2309
 2310 2312 2322 2325 2327 2331 2332 2335 2337 2364 2367 2369 2374 2386
 2388 2389 2392 2398 2405 2410 2411 2412 2420 2423 2429 2433 2439 2449
 2450 2455 2457 2463 2468 2481 2491 2493 2497 2498 2500 2503 2515 2518
 2522 2525 2526 2530 2533 2536 2537 2538 2539 2543 2545 2553 2557 2564
 2572 2573 2581 2583 2594 2598 2599 2609 2616 2617 2621 2625 2626 2637
 2643 2646 2651 2652 2653 2656 2659 2675 2683 2686 2702 2704 2707 2709
 2719 2720 2724 2729 2736 2738 2747 2756 2758 2759 2766 2777 2780 2790
 2794 2812 2817 2818 2819 2822 2826 2832 2833 2845 2847 2857 2862 2872
 2873 2879 2890 2897 2903 2912 2914 2919 2920 2921 2922 2932 2944 2945
 2946 2948 2950 2953 2954 2955 2974 2977 2981 2983 2987 2995 2999]
TRAIN: [   0    1    4 ... 2999 3001 3002] TEST: [   2    3   11   18   24   30   32   39   40   43   54   60   79   82
   83   87   88   93   97   99  102  104  114  115  119  122  126  131
  132  134  135  138  141  145  149  151  153  156  166  180  183  186
  192  201  206  210  211  214  219  244  252  255  256  259  271  279
  287  291  301  302  310  318  320  327  329  331  338  372  374  383
  384  387  399  407  415  416  428  432  437  438  442  453  458  467
  474  477  482  488  490  498  516  521  522  525  541  542  547  552
  556  557  560  566  569  577  579  582  595  596  601  614  616  617
  619  623  631  636  651  656  659  666  673  674  676  680  690  700
  701  706  713  715  718  723  726  730  736  741  747  749  752  754
  755  757  758  759  765  766  767  773  779  787  792  795  796  798
  815  820  823  827  840  852  869  872  877  879  885  892  898  902
  904  908  911  915  918  928  929  939  944  948  951  976  977  978
  982  987 1003 1006 1011 1022 1024 1027 1042 1050 1054 1069 1075 1080
 1081 1087 1090 1091 1095 1099 1101 1102 1105 1107 1112 1114 1122 1124
 1125 1133 1135 1137 1143 1148 1149 1150 1151 1158 1163 1165 1173 1184
 1188 1189 1201 1203 1213 1215 1216 1224 1229 1239 1240 1243 1251 1258
 1261 1267 1271 1274 1275 1276 1285 1289 1292 1309 1310 1313 1323 1325
 1329 1333 1336 1339 1340 1346 1355 1356 1362 1364 1366 1367 1369 1370
 1372 1376 1383 1396 1402 1403 1414 1421 1422 1423 1427 1432 1433 1435
 1437 1452 1454 1455 1459 1476 1478 1480 1486 1493 1496 1501 1509 1511
 1517 1523 1527 1532 1533 1534 1539 1546 1553 1570 1572 1574 1584 1592
 1596 1597 1598 1599 1602 1610 1611 1624 1628 1632 1633 1635 1640 1641
 1645 1649 1653 1658 1665 1675 1676 1683 1686 1691 1693 1696 1700 1702
 1709 1712 1714 1717 1723 1727 1731 1733 1751 1753 1755 1759 1761 1770
 1802 1808 1809 1811 1812 1816 1835 1841 1859 1860 1861 1871 1872 1877
 1878 1881 1885 1894 1897 1900 1910 1911 1917 1926 1930 1936 1940 1942
 1959 1961 1963 1968 1969 1975 1976 1980 1983 1985 1987 1994 2000 2002
 2008 2013 2015 2025 2028 2030 2032 2033 2037 2040 2051 2059 2069 2071
 2088 2089 2090 2092 2094 2104 2110 2112 2115 2125 2130 2132 2133 2136
 2138 2139 2141 2143 2171 2177 2178 2181 2186 2188 2192 2198 2201 2203
 2204 2206 2215 2221 2224 2231 2243 2249 2256 2267 2268 2274 2275 2279
 2281 2284 2294 2303 2304 2314 2323 2324 2326 2328 2333 2339 2341 2342
 2349 2351 2354 2358 2359 2360 2363 2370 2371 2387 2393 2396 2397 2402
 2403 2406 2407 2409 2415 2418 2422 2427 2428 2437 2440 2470 2471 2472
 2484 2485 2486 2489 2490 2492 2499 2504 2506 2511 2514 2516 2519 2523
 2535 2548 2551 2554 2555 2556 2562 2566 2568 2569 2574 2576 2578 2580
 2585 2587 2595 2600 2601 2605 2627 2629 2631 2645 2648 2654 2655 2665
 2668 2677 2679 2680 2688 2690 2691 2692 2693 2705 2712 2717 2718 2725
 2730 2731 2732 2734 2739 2740 2751 2761 2762 2764 2771 2776 2779 2782
 2783 2785 2791 2793 2799 2806 2811 2813 2814 2820 2828 2840 2848 2850
 2863 2864 2868 2875 2877 2878 2887 2891 2895 2898 2907 2909 2910 2911
 2913 2916 2928 2933 2941 2959 2962 2969 2975 2982 2994 2998 3000]
TRAIN: [   0    1    2 ... 2999 3000 3001] TEST: [   4   10   14   20   23   25   28   34   38   52   55   66   71   78
   84   91   92   98  103  105  108  109  110  118  121  123  158  160
  161  176  181  184  196  199  205  215  216  221  225  226  228  241
  242  254  257  260  262  264  265  274  276  278  282  284  289  296
  299  300  306  316  322  326  328  333  335  348  351  356  359  360
  362  363  366  368  369  371  376  377  395  396  398  405  408  409
  417  426  430  431  448  459  461  465  470  483  487  491  493  495
  497  506  509  512  513  515  517  520  535  537  540  544  550  554
  555  568  570  583  591  593  597  599  620  625  627  633  634  635
  652  664  678  679  684  688  702  712  716  725  728  735  737  739
  740  744  745  780  786  802  804  807  811  812  814  819  821  829
  831  833  837  853  854  855  857  859  863  867  875  882  887  893
  894  896  900  901  922  930  934  935  936  943  947  949  966  970
  983  989  990  995  996  999 1001 1004 1009 1026 1032 1040 1053 1063
 1066 1068 1072 1083 1084 1088 1092 1103 1108 1116 1121 1123 1126 1129
 1155 1160 1176 1190 1193 1194 1199 1205 1206 1209 1218 1221 1234 1237
 1245 1246 1247 1248 1249 1255 1256 1259 1268 1278 1288 1295 1302 1305
 1306 1308 1316 1318 1319 1338 1349 1353 1354 1357 1359 1360 1363 1365
 1373 1386 1388 1389 1391 1400 1404 1405 1408 1413 1415 1417 1420 1424
 1436 1440 1444 1446 1449 1451 1460 1462 1465 1468 1469 1473 1479 1483
 1485 1488 1491 1492 1495 1506 1510 1526 1531 1536 1540 1541 1554 1555
 1557 1564 1575 1577 1585 1588 1601 1605 1608 1609 1612 1614 1615 1617
 1627 1630 1637 1642 1646 1650 1651 1654 1662 1663 1664 1667 1669 1673
 1678 1679 1690 1692 1694 1698 1707 1710 1721 1722 1729 1735 1738 1739
 1743 1749 1750 1757 1762 1768 1776 1781 1785 1788 1791 1792 1803 1810
 1815 1831 1834 1839 1842 1847 1848 1855 1857 1865 1870 1886 1890 1893
 1901 1906 1908 1916 1918 1921 1923 1928 1929 1948 1950 1953 1958 1960
 1965 1966 1970 1977 1979 1982 1984 1988 1989 1993 2004 2010 2017 2023
 2026 2029 2031 2034 2036 2038 2050 2057 2058 2063 2067 2076 2083 2085
 2086 2095 2102 2105 2108 2113 2118 2123 2124 2129 2135 2153 2160 2166
 2176 2179 2183 2187 2190 2200 2202 2205 2213 2216 2226 2227 2234 2236
 2238 2240 2241 2244 2245 2247 2248 2251 2253 2257 2263 2264 2265 2273
 2286 2289 2297 2301 2307 2315 2317 2318 2329 2336 2338 2340 2343 2345
 2346 2348 2352 2356 2366 2373 2376 2377 2382 2383 2394 2395 2400 2404
 2408 2414 2416 2421 2424 2426 2430 2431 2432 2434 2436 2443 2444 2446
 2448 2456 2459 2461 2462 2473 2476 2480 2482 2494 2502 2507 2513 2524
 2529 2544 2547 2552 2561 2563 2567 2570 2571 2582 2586 2588 2590 2591
 2603 2604 2607 2610 2618 2620 2622 2623 2632 2633 2636 2642 2644 2647
 2663 2666 2676 2682 2684 2696 2699 2711 2716 2721 2726 2733 2742 2743
 2744 2752 2754 2755 2765 2768 2769 2781 2789 2792 2801 2807 2815 2823
 2824 2831 2834 2835 2836 2837 2838 2842 2851 2852 2859 2860 2861 2874
 2880 2888 2899 2900 2901 2902 2906 2917 2923 2924 2925 2929 2930 2937
 2938 2947 2957 2961 2963 2973 2978 2985 2989 2991 2997 3002]
TRAIN: [   0    1    2 ... 3000 3001 3002] TEST: [   5    7    9   15   17   21   33   35   49   51   56   57   68   72
   73   95  106  111  120  124  128  129  143  150  159  169  170  171
  174  175  177  178  185  190  191  195  202  208  222  227  233  234
  245  250  258  261  263  266  267  269  270  277  283  286  290  292
  297  304  307  313  314  332  334  336  337  339  340  341  344  350
  355  358  365  379  389  392  394  397  401  404  410  411  420  433
  436  443  444  447  450  451  454  456  463  466  468  471  472  473
  475  478  484  485  489  494  499  500  501  503  505  508  518  523
  524  526  527  534  548  561  563  564  571  576  578  587  588  589
  590  594  600  606  607  608  611  613  621  624  626  639  642  643
  653  654  655  662  671  672  675  681  682  687  691  694  696  699
  703  708  711  714  717  720  721  724  729  733  734  738  756  760
  764  769  771  778  794  809  816  817  824  825  834  835  839  841
  843  845  846  847  848  850  851  862  874  876  888  889  899  903
  910  916  917  931  940  952  964  969  985  986 1000 1005 1007 1008
 1010 1015 1016 1018 1019 1021 1029 1038 1039 1045 1046 1057 1065 1070
 1078 1082 1089 1096 1097 1098 1100 1106 1109 1113 1119 1130 1141 1153
 1162 1178 1183 1186 1192 1195 1198 1200 1202 1223 1232 1235 1236 1238
 1244 1250 1252 1253 1257 1262 1264 1265 1279 1280 1281 1286 1291 1293
 1296 1297 1298 1304 1307 1315 1321 1322 1326 1327 1330 1337 1347 1350
 1361 1371 1374 1377 1381 1398 1406 1410 1425 1429 1430 1431 1434 1439
 1442 1456 1457 1466 1467 1471 1482 1489 1494 1497 1499 1500 1502 1503
 1505 1515 1516 1519 1520 1538 1544 1547 1549 1551 1552 1559 1560 1561
 1562 1587 1589 1593 1619 1620 1622 1625 1636 1643 1648 1666 1670 1671
 1677 1681 1685 1703 1706 1715 1719 1720 1725 1732 1737 1741 1742 1744
 1747 1748 1758 1765 1771 1777 1778 1790 1794 1795 1800 1801 1806 1807
 1813 1817 1822 1824 1825 1836 1838 1844 1845 1852 1858 1863 1864 1866
 1867 1875 1876 1882 1884 1887 1892 1896 1899 1909 1914 1920 1922 1924
 1931 1932 1933 1934 1941 1944 1949 1952 1954 1955 1991 1999 2001 2003
 2014 2018 2019 2027 2035 2045 2047 2060 2061 2062 2065 2066 2072 2080
 2096 2100 2111 2119 2121 2122 2126 2131 2134 2137 2142 2145 2147 2149
 2150 2156 2165 2174 2184 2211 2217 2219 2225 2229 2237 2242 2252 2254
 2255 2258 2259 2282 2290 2291 2292 2295 2296 2299 2300 2302 2306 2319
 2320 2330 2334 2344 2347 2353 2357 2372 2375 2380 2384 2385 2390 2391
 2413 2419 2425 2435 2438 2442 2451 2452 2453 2454 2466 2469 2474 2479
 2487 2488 2496 2501 2508 2510 2512 2517 2520 2521 2532 2534 2541 2546
 2560 2565 2575 2577 2579 2593 2596 2606 2608 2611 2614 2615 2628 2634
 2635 2639 2640 2641 2650 2660 2661 2667 2669 2674 2687 2694 2695 2698
 2706 2708 2713 2723 2727 2728 2737 2748 2750 2757 2763 2767 2770 2774
 2778 2784 2787 2788 2797 2798 2800 2802 2803 2804 2805 2810 2816 2821
 2825 2829 2830 2839 2843 2846 2849 2853 2858 2865 2866 2867 2876 2883
 2885 2892 2893 2905 2908 2915 2926 2927 2931 2939 2940 2942 2943 2949
 2951 2952 2956 2958 2965 2966 2967 2968 2970 2984 2990 2992]
#Blocking Clusters: 1, #Distinct Nodes: 116, #Blocking Cluster Percent: 1.0
Total #PosPairs=15, #NegPairs=2988, True Positive % = 100.0, False Negative % = 0.0, negToPosRatio = 199.2
