on cpu
Total #Pairs=17, #Unfound Pairs=2
Done with clustering!
Done with nodeToClusterMap creation!
In ClusterID: 0
Done with totalPairs creation!
len(posPairs)=15, len(commPosPairs)=30
len(posPairs)=11, len(commPosPairs)=22
TRAIN: [ 0  2  4  5  6  8  9 10 12 14 16 17 18 19 20 21 22 23 24 25 26 27 28 29
 30] TEST: [ 1  3  7 11 13 15 31]
TRAIN: [ 1  2  3  4  5  7  8  9 10 11 13 15 17 18 19 20 21 22 23 24 25 26 28 29
 31] TEST: [ 0  6 12 14 16 27 30]
TRAIN: [ 0  1  2  3  5  6  7  8  9 11 12 13 14 15 16 17 18 21 22 24 25 27 28 29
 30 31] TEST: [ 4 10 19 20 23 26]
TRAIN: [ 0  1  3  4  6  7  8  9 10 11 12 13 14 15 16 17 18 19 20 23 26 27 28 29
 30 31] TEST: [ 2  5 21 22 24 25]
TRAIN: [ 0  1  2  3  4  5  6  7 10 11 12 13 14 15 16 19 20 21 22 23 24 25 26 27
 30 31] TEST: [ 8  9 17 18 28 29]
#Blocking Clusters: 69, #Distinct Nodes: 116, #Blocking Cluster Percent: 60
Total #PosPairs=11, #NegPairs=21, True Positive % = 73.33333333333333, False Negative % = 26.66666666666667, negToPosRatio = 1.9090909090909092
