on cpu
Total #Pairs=17, #Unfound Pairs=2
Done with clustering!
Done with nodeToClusterMap creation!
In ClusterID: 0
Done with totalPairs creation!
len(posPairs)=15, len(commPosPairs)=30
len(posPairs)=12, len(commPosPairs)=24
TRAIN: [ 0  1  3  4  5  6  9 10 11 12 14 15 17 18 21 22 24 25 26 27 28 29 31 32
 33 34 35 36 38 39 40 41 42 43 44 45 46 47 48 49 50 51 52] TEST: [ 2  7  8 13 16 19 20 23 30 37 53]
TRAIN: [ 1  2  3  4  5  7  8  9 10 12 13 14 16 17 18 19 20 21 22 23 24 25 26 27
 28 30 32 33 34 35 36 37 38 39 40 42 44 45 46 49 50 52 53] TEST: [ 0  6 11 15 29 31 41 43 47 48 51]
TRAIN: [ 0  2  3  4  5  6  7  8 10 11 13 15 16 17 19 20 21 22 23 24 27 28 29 30
 31 32 33 34 35 36 37 38 39 40 41 42 43 46 47 48 50 51 53] TEST: [ 1  9 12 14 18 25 26 44 45 49 52]
TRAIN: [ 0  1  2  3  5  6  7  8  9 11 12 13 14 15 16 18 19 20 21 23 24 25 26 27
 28 29 30 31 33 34 37 40 41 43 44 45 46 47 48 49 51 52 53] TEST: [ 4 10 17 22 32 35 36 38 39 42 50]
TRAIN: [ 0  1  2  4  6  7  8  9 10 11 12 13 14 15 16 17 18 19 20 22 23 25 26 29
 30 31 32 35 36 37 38 39 41 42 43 44 45 47 48 49 50 51 52 53] TEST: [ 3  5 21 24 27 28 33 34 40 46]
#Blocking Clusters: 46, #Distinct Nodes: 116, #Blocking Cluster Percent: 40
Total #PosPairs=12, #NegPairs=42, True Positive % = 80.0, False Negative % = 20.0, negToPosRatio = 3.5
